<?xml version="1.0" encoding="UTF-8"?>
<TestRun id="526c549b-ce08-47eb-8d1b-179b76f8422c" name="Svetlio@SVETLIO-PC 2012-07-09 20:07:19" runUser="Svetlio-PC\Svetlio" xmlns="http://microsoft.com/schemas/VisualStudio/TeamTest/2010">
  <TestSettings name="Local" id="0c38ce2e-d144-41c6-92b6-74c9f9895c29">
    <Description>These are default test settings for a local test run.</Description>
    <Deployment runDeploymentRoot="Svetlio_SVETLIO-PC 2012-07-09 20_07_19">
      <DeploymentItem filename="D:\Work\Courses\HQ Code\Homework\07 - Final Project - Labyrinth\Project\Labyrinth - Refactored\LabyrinthGame\bin\Debug\LabyrinthGame.exe" />
    </Deployment>
    <Execution>
      <TestTypeSpecific>
        <UnitTestRunConfig testTypeId="13cdc9d9-ddb5-4fa4-a97d-d965ccfc6d4b">
          <AssemblyResolution>
            <TestDirectory useLoadContext="true" />
          </AssemblyResolution>
        </UnitTestRunConfig>
        <WebTestRunConfiguration testTypeId="4e7599fa-5ecb-43e9-a887-cd63cf72d207">
          <Browser name="Internet Explorer 7.0">
            <Headers>
              <Header name="User-Agent" value="Mozilla/4.0 (compatible; MSIE 7.0; Windows NT 5.1)" />
              <Header name="Accept" value="*/*" />
              <Header name="Accept-Language" value="{{$IEAcceptLanguage}}" />
              <Header name="Accept-Encoding" value="GZIP" />
            </Headers>
          </Browser>
        </WebTestRunConfiguration>
      </TestTypeSpecific>
      <AgentRule name="LocalMachineDefaultRole">
        <DataCollectors>
          <DataCollector uri="datacollector://microsoft/CodeCoverage/1.0" assemblyQualifiedName="Microsoft.VisualStudio.TestTools.CodeCoverage.CoveragePlugIn, Microsoft.VisualStudio.QualityTools.Plugins.CodeCoverage, Version=10.0.0.0, Culture=neutral, PublicKeyToken=b03f5f7f11d50a3a" friendlyName="Code Coverage">
            <Configuration>
              <CodeCoverage xmlns="">
                <Regular>
                  <CodeCoverageItem binaryFile="d:\work\courses\hq code\homework\07 - final project - labyrinth\project\labyrinth - refactored\labyrinthgametests\bin\debug\LabyrinthGame.exe" pdbFile="d:\work\courses\hq code\homework\07 - final project - labyrinth\project\labyrinth - refactored\labyrinthgametests\bin\debug\LabyrinthGame.instr.pdb" instrumentInPlace="true" />
                </Regular>
              </CodeCoverage>
            </Configuration>
          </DataCollector>
        </DataCollectors>
      </AgentRule>
    </Execution>
  </TestSettings>
  <Times creation="2012-07-09T20:07:19.3343929+03:00" queuing="2012-07-09T20:07:20.2401945+03:00" start="2012-07-09T20:07:20.3805948+03:00" finish="2012-07-09T20:07:25.2010032+03:00" />
  <ResultSummary outcome="Completed">
    <Counters total="68" executed="68" passed="68" error="0" failed="0" timeout="0" aborted="0" inconclusive="0" passedButRunAborted="0" notRunnable="0" notExecuted="0" disconnected="0" warning="0" completed="0" inProgress="0" pending="0" />
    <ResultFiles>
      <ResultFile path="SVETLIO-PC\data.coverage" />
    </ResultFiles>
  </ResultSummary>
  <TestDefinitions>
    <UnitTest name="TestInitializeLabyrinthMap_CreateGame0x7_ArgumnetExceptionThrown" storage="d:\work\courses\hq code\homework\07 - final project - labyrinth\project\labyrinth - refactored\labyrinthgametests\bin\debug\labyrinthgametests.dll" id="ed5d8d77-c5e9-1de2-8093-76d5b9840371">
      <DeploymentItems>
        <DeploymentItem filename="LabyrinthGame.exe" />
      </DeploymentItems>
      <Execution id="ee485bcd-221a-4e01-bfea-0615b91830ea" />
      <TestMethod codeBase="D:/Work/Courses/HQ Code/Homework/07 - Final Project - Labyrinth/Project/Labyrinth - Refactored/LabyrinthGameTests/bin/Debug/LabyrinthGameTests.DLL" adapterTypeName="Microsoft.VisualStudio.TestTools.TestTypes.Unit.UnitTestAdapter, Microsoft.VisualStudio.QualityTools.Tips.UnitTest.Adapter, Version=10.0.0.0, Culture=neutral, PublicKeyToken=b03f5f7f11d50a3a" className="LabyrinthGameTests.GameTests.LabyrinthTest, LabyrinthGameTests, Version=1.0.0.0, Culture=neutral, PublicKeyToken=null" name="TestInitializeLabyrinthMap_CreateGame0x7_ArgumnetExceptionThrown" />
    </UnitTest>
    <UnitTest name="TestInitializeLabyrinthMap_PlayerPositionColumnOutOfRange_ArgumnetExceptionThrown" storage="d:\work\courses\hq code\homework\07 - final project - labyrinth\project\labyrinth - refactored\labyrinthgametests\bin\debug\labyrinthgametests.dll" id="b7cc83bd-7d8b-0de1-e188-083382990dd7">
      <DeploymentItems>
        <DeploymentItem filename="LabyrinthGame.exe" />
      </DeploymentItems>
      <Execution id="faf5ee01-2a2b-47b3-8d53-9dfcad5b340b" />
      <TestMethod codeBase="D:/Work/Courses/HQ Code/Homework/07 - Final Project - Labyrinth/Project/Labyrinth - Refactored/LabyrinthGameTests/bin/Debug/LabyrinthGameTests.DLL" adapterTypeName="Microsoft.VisualStudio.TestTools.TestTypes.Unit.UnitTestAdapter, Microsoft.VisualStudio.QualityTools.Tips.UnitTest.Adapter, Version=10.0.0.0, Culture=neutral, PublicKeyToken=b03f5f7f11d50a3a" className="LabyrinthGameTests.GameTests.LabyrinthTest, LabyrinthGameTests, Version=1.0.0.0, Culture=neutral, PublicKeyToken=null" name="TestInitializeLabyrinthMap_PlayerPositionColumnOutOfRange_ArgumnetExceptionThrown" />
    </UnitTest>
    <UnitTest name="TestPlay_MoveLeftBigLetter_PayerPositionMoved" storage="d:\work\courses\hq code\homework\07 - final project - labyrinth\project\labyrinth - refactored\labyrinthgametests\bin\debug\labyrinthgametests.dll" id="966d9dd0-4f82-7bc2-0df0-7ab39e7e8329">
      <DeploymentItems>
        <DeploymentItem filename="LabyrinthGame.exe" />
      </DeploymentItems>
      <Execution id="74ee5a95-592f-4dac-9835-5e2bd9d88629" />
      <TestMethod codeBase="D:/Work/Courses/HQ Code/Homework/07 - Final Project - Labyrinth/Project/Labyrinth - Refactored/LabyrinthGameTests/bin/Debug/LabyrinthGameTests.DLL" adapterTypeName="Microsoft.VisualStudio.TestTools.TestTypes.Unit.UnitTestAdapter, Microsoft.VisualStudio.QualityTools.Tips.UnitTest.Adapter, Version=10.0.0.0, Culture=neutral, PublicKeyToken=b03f5f7f11d50a3a" className="LabyrinthGameTests.GameTests.LabyrinthTest, LabyrinthGameTests, Version=1.0.0.0, Culture=neutral, PublicKeyToken=null" name="TestPlay_MoveLeftBigLetter_PayerPositionMoved" />
    </UnitTest>
    <UnitTest name="TestScoreRecordConstructor_CreateInvalidRecord_ExpectedExcetion" storage="d:\work\courses\hq code\homework\07 - final project - labyrinth\project\labyrinth - refactored\labyrinthgametests\bin\debug\labyrinthgametests.dll" id="92e921a1-7413-b8fd-1053-474e571c6556">
      <Execution id="72b465ca-48e1-408f-bb3c-8351ad72a1d9" />
      <TestMethod codeBase="D:/Work/Courses/HQ Code/Homework/07 - Final Project - Labyrinth/Project/Labyrinth - Refactored/LabyrinthGameTests/bin/Debug/LabyrinthGameTests.DLL" adapterTypeName="Microsoft.VisualStudio.TestTools.TestTypes.Unit.UnitTestAdapter, Microsoft.VisualStudio.QualityTools.Tips.UnitTest.Adapter, Version=10.0.0.0, Culture=neutral, PublicKeyToken=b03f5f7f11d50a3a" className="LabyrinthGameTests.UtilitiesTests.ScoreRecordTest, LabyrinthGameTests, Version=1.0.0.0, Culture=neutral, PublicKeyToken=null" name="TestScoreRecordConstructor_CreateInvalidRecord_ExpectedExcetion" />
    </UnitTest>
    <UnitTest name="TestPlay_MoveRightBigLetter_PayerPositionMoved" storage="d:\work\courses\hq code\homework\07 - final project - labyrinth\project\labyrinth - refactored\labyrinthgametests\bin\debug\labyrinthgametests.dll" id="8528c068-c927-8fcd-3fda-5720146fa10e">
      <DeploymentItems>
        <DeploymentItem filename="LabyrinthGame.exe" />
      </DeploymentItems>
      <Execution id="50871f5f-b97f-4bbc-9b7c-a0369441a2f5" />
      <TestMethod codeBase="D:/Work/Courses/HQ Code/Homework/07 - Final Project - Labyrinth/Project/Labyrinth - Refactored/LabyrinthGameTests/bin/Debug/LabyrinthGameTests.DLL" adapterTypeName="Microsoft.VisualStudio.TestTools.TestTypes.Unit.UnitTestAdapter, Microsoft.VisualStudio.QualityTools.Tips.UnitTest.Adapter, Version=10.0.0.0, Culture=neutral, PublicKeyToken=b03f5f7f11d50a3a" className="LabyrinthGameTests.GameTests.LabyrinthTest, LabyrinthGameTests, Version=1.0.0.0, Culture=neutral, PublicKeyToken=null" name="TestPlay_MoveRightBigLetter_PayerPositionMoved" />
    </UnitTest>
    <UnitTest name="TestCheckLabyrinthMapValidity_InvalidLabyrinthMapObject_ThrownException" storage="d:\work\courses\hq code\homework\07 - final project - labyrinth\project\labyrinth - refactored\labyrinthgametests\bin\debug\labyrinthgametests.dll" id="38af1b83-75c4-e3d1-f2a9-b8a273fc1f22">
      <Execution id="37820090-814b-4073-859c-600cb329e205" />
      <TestMethod codeBase="D:/Work/Courses/HQ Code/Homework/07 - Final Project - Labyrinth/Project/Labyrinth - Refactored/LabyrinthGameTests/bin/Debug/LabyrinthGameTests.DLL" adapterTypeName="Microsoft.VisualStudio.TestTools.TestTypes.Unit.UnitTestAdapter, Microsoft.VisualStudio.QualityTools.Tips.UnitTest.Adapter, Version=10.0.0.0, Culture=neutral, PublicKeyToken=b03f5f7f11d50a3a" className="LabyrinthGameTests.UtilitiesTests.GameUtilitiesTest, LabyrinthGameTests, Version=1.0.0.0, Culture=neutral, PublicKeyToken=null" name="TestCheckLabyrinthMapValidity_InvalidLabyrinthMapObject_ThrownException" />
    </UnitTest>
    <UnitTest name="TestIsHightScore_StoredRecordIs2MaxRecords5_5IsNewHighScore" storage="d:\work\courses\hq code\homework\07 - final project - labyrinth\project\labyrinth - refactored\labyrinthgametests\bin\debug\labyrinthgametests.dll" id="721ec0ac-a8d8-43f2-8a8a-bbcc23886663">
      <DeploymentItems>
        <DeploymentItem filename="LabyrinthGame.exe" />
      </DeploymentItems>
      <Execution id="ebbecce0-0263-4bd0-82e2-a13b49098b65" />
      <TestMethod codeBase="D:/Work/Courses/HQ Code/Homework/07 - Final Project - Labyrinth/Project/Labyrinth - Refactored/LabyrinthGameTests/bin/Debug/LabyrinthGameTests.DLL" adapterTypeName="Microsoft.VisualStudio.TestTools.TestTypes.Unit.UnitTestAdapter, Microsoft.VisualStudio.QualityTools.Tips.UnitTest.Adapter, Version=10.0.0.0, Culture=neutral, PublicKeyToken=b03f5f7f11d50a3a" className="LabyrinthGameTests.UtilitiesTests.ScoreboardTest, LabyrinthGameTests, Version=1.0.0.0, Culture=neutral, PublicKeyToken=null" name="TestIsHightScore_StoredRecordIs2MaxRecords5_5IsNewHighScore" />
    </UnitTest>
    <UnitTest name="TestInitializeLabyrinthMap_CreateGameInvalidColumnsCount_ArgumnetExceptionThrown" storage="d:\work\courses\hq code\homework\07 - final project - labyrinth\project\labyrinth - refactored\labyrinthgametests\bin\debug\labyrinthgametests.dll" id="064f0193-c1d8-2e8b-b130-79f0caf49c6e">
      <DeploymentItems>
        <DeploymentItem filename="LabyrinthGame.exe" />
      </DeploymentItems>
      <Execution id="240e2eb2-e28e-4367-880b-159654e33c60" />
      <TestMethod codeBase="D:/Work/Courses/HQ Code/Homework/07 - Final Project - Labyrinth/Project/Labyrinth - Refactored/LabyrinthGameTests/bin/Debug/LabyrinthGameTests.DLL" adapterTypeName="Microsoft.VisualStudio.TestTools.TestTypes.Unit.UnitTestAdapter, Microsoft.VisualStudio.QualityTools.Tips.UnitTest.Adapter, Version=10.0.0.0, Culture=neutral, PublicKeyToken=b03f5f7f11d50a3a" className="LabyrinthGameTests.GameTests.LabyrinthTest, LabyrinthGameTests, Version=1.0.0.0, Culture=neutral, PublicKeyToken=null" name="TestInitializeLabyrinthMap_CreateGameInvalidColumnsCount_ArgumnetExceptionThrown" />
    </UnitTest>
    <UnitTest name="TestInitializeLabyrinthMap_CreateGame7x7_LabyrinthSizeIs7Columns" storage="d:\work\courses\hq code\homework\07 - final project - labyrinth\project\labyrinth - refactored\labyrinthgametests\bin\debug\labyrinthgametests.dll" id="3992ca63-7130-c847-b7ae-3b5960738672">
      <DeploymentItems>
        <DeploymentItem filename="LabyrinthGame.exe" />
      </DeploymentItems>
      <Execution id="2534d07e-6c8c-4bae-9c11-565dc69f8869" />
      <TestMethod codeBase="D:/Work/Courses/HQ Code/Homework/07 - Final Project - Labyrinth/Project/Labyrinth - Refactored/LabyrinthGameTests/bin/Debug/LabyrinthGameTests.DLL" adapterTypeName="Microsoft.VisualStudio.TestTools.TestTypes.Unit.UnitTestAdapter, Microsoft.VisualStudio.QualityTools.Tips.UnitTest.Adapter, Version=10.0.0.0, Culture=neutral, PublicKeyToken=b03f5f7f11d50a3a" className="LabyrinthGameTests.GameTests.LabyrinthTest, LabyrinthGameTests, Version=1.0.0.0, Culture=neutral, PublicKeyToken=null" name="TestInitializeLabyrinthMap_CreateGame7x7_LabyrinthSizeIs7Columns" />
    </UnitTest>
    <UnitTest name="TestCompareTo_CompareNullObject_ExpectedExcetion" storage="d:\work\courses\hq code\homework\07 - final project - labyrinth\project\labyrinth - refactored\labyrinthgametests\bin\debug\labyrinthgametests.dll" id="d2c408e5-b397-bc11-f07c-053ca0d03e3a">
      <Execution id="1582c2ef-5c3f-4927-a580-083d0cbaaac6" />
      <TestMethod codeBase="D:/Work/Courses/HQ Code/Homework/07 - Final Project - Labyrinth/Project/Labyrinth - Refactored/LabyrinthGameTests/bin/Debug/LabyrinthGameTests.DLL" adapterTypeName="Microsoft.VisualStudio.TestTools.TestTypes.Unit.UnitTestAdapter, Microsoft.VisualStudio.QualityTools.Tips.UnitTest.Adapter, Version=10.0.0.0, Culture=neutral, PublicKeyToken=b03f5f7f11d50a3a" className="LabyrinthGameTests.UtilitiesTests.ScoreRecordTest, LabyrinthGameTests, Version=1.0.0.0, Culture=neutral, PublicKeyToken=null" name="TestCompareTo_CompareNullObject_ExpectedExcetion" />
    </UnitTest>
    <UnitTest name="TestCompareTo_Compare10to9_FirstIsHigher" storage="d:\work\courses\hq code\homework\07 - final project - labyrinth\project\labyrinth - refactored\labyrinthgametests\bin\debug\labyrinthgametests.dll" id="602cdad9-a0a6-ef94-4303-f62a00bdf1df">
      <Execution id="41cafa7e-81b1-4314-a097-87bcff6833b7" />
      <TestMethod codeBase="D:/Work/Courses/HQ Code/Homework/07 - Final Project - Labyrinth/Project/Labyrinth - Refactored/LabyrinthGameTests/bin/Debug/LabyrinthGameTests.DLL" adapterTypeName="Microsoft.VisualStudio.TestTools.TestTypes.Unit.UnitTestAdapter, Microsoft.VisualStudio.QualityTools.Tips.UnitTest.Adapter, Version=10.0.0.0, Culture=neutral, PublicKeyToken=b03f5f7f11d50a3a" className="LabyrinthGameTests.UtilitiesTests.ScoreRecordTest, LabyrinthGameTests, Version=1.0.0.0, Culture=neutral, PublicKeyToken=null" name="TestCompareTo_Compare10to9_FirstIsHigher" />
    </UnitTest>
    <UnitTest name="TestPrintLabyrinth_CreateGame7x7_DisplayLabyrinthMap" storage="d:\work\courses\hq code\homework\07 - final project - labyrinth\project\labyrinth - refactored\labyrinthgametests\bin\debug\labyrinthgametests.dll" id="5f1ada45-18a8-d38f-7cb1-bf4f0651b576">
      <DeploymentItems>
        <DeploymentItem filename="LabyrinthGame.exe" />
      </DeploymentItems>
      <Execution id="1bce53b9-b71e-4574-9613-eb1b100a757c" />
      <TestMethod codeBase="D:/Work/Courses/HQ Code/Homework/07 - Final Project - Labyrinth/Project/Labyrinth - Refactored/LabyrinthGameTests/bin/Debug/LabyrinthGameTests.DLL" adapterTypeName="Microsoft.VisualStudio.TestTools.TestTypes.Unit.UnitTestAdapter, Microsoft.VisualStudio.QualityTools.Tips.UnitTest.Adapter, Version=10.0.0.0, Culture=neutral, PublicKeyToken=b03f5f7f11d50a3a" className="LabyrinthGameTests.GameTests.LabyrinthTest, LabyrinthGameTests, Version=1.0.0.0, Culture=neutral, PublicKeyToken=null" name="TestPrintLabyrinth_CreateGame7x7_DisplayLabyrinthMap" />
    </UnitTest>
    <UnitTest name="TestPrintScoreboard_Store1Record_1LinePrinted" storage="d:\work\courses\hq code\homework\07 - final project - labyrinth\project\labyrinth - refactored\labyrinthgametests\bin\debug\labyrinthgametests.dll" id="e0db3463-627c-8ea7-e859-145dd1cf9ba0">
      <DeploymentItems>
        <DeploymentItem filename="LabyrinthGame.exe" />
      </DeploymentItems>
      <Execution id="75206968-3635-4176-8c9a-77d0a76d35e3" />
      <TestMethod codeBase="D:/Work/Courses/HQ Code/Homework/07 - Final Project - Labyrinth/Project/Labyrinth - Refactored/LabyrinthGameTests/bin/Debug/LabyrinthGameTests.DLL" adapterTypeName="Microsoft.VisualStudio.TestTools.TestTypes.Unit.UnitTestAdapter, Microsoft.VisualStudio.QualityTools.Tips.UnitTest.Adapter, Version=10.0.0.0, Culture=neutral, PublicKeyToken=b03f5f7f11d50a3a" className="LabyrinthGameTests.UtilitiesTests.ScoreboardTest, LabyrinthGameTests, Version=1.0.0.0, Culture=neutral, PublicKeyToken=null" name="TestPrintScoreboard_Store1Record_1LinePrinted" />
    </UnitTest>
    <UnitTest name="TestScoreboardConstructor_InvalidCound_ThrowException" storage="d:\work\courses\hq code\homework\07 - final project - labyrinth\project\labyrinth - refactored\labyrinthgametests\bin\debug\labyrinthgametests.dll" id="baf3de5e-87bd-fb43-3072-3eb4c32230b2">
      <DeploymentItems>
        <DeploymentItem filename="LabyrinthGame.exe" />
      </DeploymentItems>
      <Execution id="28386882-a0ab-4317-8402-43c42c58d4c4" />
      <TestMethod codeBase="D:/Work/Courses/HQ Code/Homework/07 - Final Project - Labyrinth/Project/Labyrinth - Refactored/LabyrinthGameTests/bin/Debug/LabyrinthGameTests.DLL" adapterTypeName="Microsoft.VisualStudio.TestTools.TestTypes.Unit.UnitTestAdapter, Microsoft.VisualStudio.QualityTools.Tips.UnitTest.Adapter, Version=10.0.0.0, Culture=neutral, PublicKeyToken=b03f5f7f11d50a3a" className="LabyrinthGameTests.UtilitiesTests.ScoreboardTest, LabyrinthGameTests, Version=1.0.0.0, Culture=neutral, PublicKeyToken=null" name="TestScoreboardConstructor_InvalidCound_ThrowException" />
    </UnitTest>
    <UnitTest name="TestScoreboardConstructor_SetMaximumRecords5_ScoreRecordsCountIs5" storage="d:\work\courses\hq code\homework\07 - final project - labyrinth\project\labyrinth - refactored\labyrinthgametests\bin\debug\labyrinthgametests.dll" id="ff5c0ab6-c317-decd-6cbf-441a801dab6f">
      <DeploymentItems>
        <DeploymentItem filename="LabyrinthGame.exe" />
      </DeploymentItems>
      <Execution id="d2ef8328-8645-4122-8c30-9ba0d173b0c0" />
      <TestMethod codeBase="D:/Work/Courses/HQ Code/Homework/07 - Final Project - Labyrinth/Project/Labyrinth - Refactored/LabyrinthGameTests/bin/Debug/LabyrinthGameTests.DLL" adapterTypeName="Microsoft.VisualStudio.TestTools.TestTypes.Unit.UnitTestAdapter, Microsoft.VisualStudio.QualityTools.Tips.UnitTest.Adapter, Version=10.0.0.0, Culture=neutral, PublicKeyToken=b03f5f7f11d50a3a" className="LabyrinthGameTests.UtilitiesTests.ScoreboardTest, LabyrinthGameTests, Version=1.0.0.0, Culture=neutral, PublicKeyToken=null" name="TestScoreboardConstructor_SetMaximumRecords5_ScoreRecordsCountIs5" />
    </UnitTest>
    <UnitTest name="TestPlay_MoveLeftToBlockedCell_InvalidMoveMEssagePrinted" storage="d:\work\courses\hq code\homework\07 - final project - labyrinth\project\labyrinth - refactored\labyrinthgametests\bin\debug\labyrinthgametests.dll" id="e6ac9817-db14-9457-ce43-eb9adaf9a694">
      <DeploymentItems>
        <DeploymentItem filename="LabyrinthGame.exe" />
      </DeploymentItems>
      <Execution id="510065bb-06fe-4d11-8444-a0ab422fd3db" />
      <TestMethod codeBase="D:/Work/Courses/HQ Code/Homework/07 - Final Project - Labyrinth/Project/Labyrinth - Refactored/LabyrinthGameTests/bin/Debug/LabyrinthGameTests.DLL" adapterTypeName="Microsoft.VisualStudio.TestTools.TestTypes.Unit.UnitTestAdapter, Microsoft.VisualStudio.QualityTools.Tips.UnitTest.Adapter, Version=10.0.0.0, Culture=neutral, PublicKeyToken=b03f5f7f11d50a3a" className="LabyrinthGameTests.GameTests.LabyrinthTest, LabyrinthGameTests, Version=1.0.0.0, Culture=neutral, PublicKeyToken=null" name="TestPlay_MoveLeftToBlockedCell_InvalidMoveMEssagePrinted" />
    </UnitTest>
    <UnitTest name="TestPlay_MoveUpSmallLetter_PayerPositionMoved" storage="d:\work\courses\hq code\homework\07 - final project - labyrinth\project\labyrinth - refactored\labyrinthgametests\bin\debug\labyrinthgametests.dll" id="3838e69d-00fd-0ea4-fd73-6bfd1af3afea">
      <DeploymentItems>
        <DeploymentItem filename="LabyrinthGame.exe" />
      </DeploymentItems>
      <Execution id="a4be21b5-af01-4ecc-9ef6-d3ebdbe91056" />
      <TestMethod codeBase="D:/Work/Courses/HQ Code/Homework/07 - Final Project - Labyrinth/Project/Labyrinth - Refactored/LabyrinthGameTests/bin/Debug/LabyrinthGameTests.DLL" adapterTypeName="Microsoft.VisualStudio.TestTools.TestTypes.Unit.UnitTestAdapter, Microsoft.VisualStudio.QualityTools.Tips.UnitTest.Adapter, Version=10.0.0.0, Culture=neutral, PublicKeyToken=b03f5f7f11d50a3a" className="LabyrinthGameTests.GameTests.LabyrinthTest, LabyrinthGameTests, Version=1.0.0.0, Culture=neutral, PublicKeyToken=null" name="TestPlay_MoveUpSmallLetter_PayerPositionMoved" />
    </UnitTest>
    <UnitTest name="TestIsPlayerPositionAtLabyrintBorder_PlayerPositionAtLeftBorder_ReturnsTrue" storage="d:\work\courses\hq code\homework\07 - final project - labyrinth\project\labyrinth - refactored\labyrinthgametests\bin\debug\labyrinthgametests.dll" id="46104fa5-2c46-cc7c-6a2e-bd156e922eb2">
      <Execution id="5f7c4634-f272-49e9-9e00-465140de5aa6" />
      <TestMethod codeBase="D:/Work/Courses/HQ Code/Homework/07 - Final Project - Labyrinth/Project/Labyrinth - Refactored/LabyrinthGameTests/bin/Debug/LabyrinthGameTests.DLL" adapterTypeName="Microsoft.VisualStudio.TestTools.TestTypes.Unit.UnitTestAdapter, Microsoft.VisualStudio.QualityTools.Tips.UnitTest.Adapter, Version=10.0.0.0, Culture=neutral, PublicKeyToken=b03f5f7f11d50a3a" className="LabyrinthGameTests.UtilitiesTests.GameUtilitiesTest, LabyrinthGameTests, Version=1.0.0.0, Culture=neutral, PublicKeyToken=null" name="TestIsPlayerPositionAtLabyrintBorder_PlayerPositionAtLeftBorder_ReturnsTrue" />
    </UnitTest>
    <UnitTest name="TestPlay_SolveTheGameOneMove_ScoreRecordedScoreboeadPrinted" storage="d:\work\courses\hq code\homework\07 - final project - labyrinth\project\labyrinth - refactored\labyrinthgametests\bin\debug\labyrinthgametests.dll" id="ddf84eeb-6e95-7732-7ac8-25baf1256761">
      <DeploymentItems>
        <DeploymentItem filename="LabyrinthGame.exe" />
      </DeploymentItems>
      <Execution id="6e058883-fc3a-4eba-963c-f57065c5c9ab" />
      <TestMethod codeBase="D:/Work/Courses/HQ Code/Homework/07 - Final Project - Labyrinth/Project/Labyrinth - Refactored/LabyrinthGameTests/bin/Debug/LabyrinthGameTests.DLL" adapterTypeName="Microsoft.VisualStudio.TestTools.TestTypes.Unit.UnitTestAdapter, Microsoft.VisualStudio.QualityTools.Tips.UnitTest.Adapter, Version=10.0.0.0, Culture=neutral, PublicKeyToken=b03f5f7f11d50a3a" className="LabyrinthGameTests.GameTests.LabyrinthTest, LabyrinthGameTests, Version=1.0.0.0, Culture=neutral, PublicKeyToken=null" name="TestPlay_SolveTheGameOneMove_ScoreRecordedScoreboeadPrinted" />
    </UnitTest>
    <UnitTest name="TestIsPlayerPositionInLabyrinthRange_PlayerPositionAtLeftBorder_ReturnsTrue" storage="d:\work\courses\hq code\homework\07 - final project - labyrinth\project\labyrinth - refactored\labyrinthgametests\bin\debug\labyrinthgametests.dll" id="b302e319-930b-d780-f9c5-e92823bcd7b4">
      <Execution id="65f6f10f-1e32-413a-8f36-b9686b5da49a" />
      <TestMethod codeBase="D:/Work/Courses/HQ Code/Homework/07 - Final Project - Labyrinth/Project/Labyrinth - Refactored/LabyrinthGameTests/bin/Debug/LabyrinthGameTests.DLL" adapterTypeName="Microsoft.VisualStudio.TestTools.TestTypes.Unit.UnitTestAdapter, Microsoft.VisualStudio.QualityTools.Tips.UnitTest.Adapter, Version=10.0.0.0, Culture=neutral, PublicKeyToken=b03f5f7f11d50a3a" className="LabyrinthGameTests.UtilitiesTests.GameUtilitiesTest, LabyrinthGameTests, Version=1.0.0.0, Culture=neutral, PublicKeyToken=null" name="TestIsPlayerPositionInLabyrinthRange_PlayerPositionAtLeftBorder_ReturnsTrue" />
    </UnitTest>
    <UnitTest name="TestPlay_MoveRightSmallLetter_PayerPositionMoved" storage="d:\work\courses\hq code\homework\07 - final project - labyrinth\project\labyrinth - refactored\labyrinthgametests\bin\debug\labyrinthgametests.dll" id="1e67ba9b-2562-4cf1-1e55-50e120511ade">
      <DeploymentItems>
        <DeploymentItem filename="LabyrinthGame.exe" />
      </DeploymentItems>
      <Execution id="f1e27a2a-e820-49a6-87cb-a944145d5029" />
      <TestMethod codeBase="D:/Work/Courses/HQ Code/Homework/07 - Final Project - Labyrinth/Project/Labyrinth - Refactored/LabyrinthGameTests/bin/Debug/LabyrinthGameTests.DLL" adapterTypeName="Microsoft.VisualStudio.TestTools.TestTypes.Unit.UnitTestAdapter, Microsoft.VisualStudio.QualityTools.Tips.UnitTest.Adapter, Version=10.0.0.0, Culture=neutral, PublicKeyToken=b03f5f7f11d50a3a" className="LabyrinthGameTests.GameTests.LabyrinthTest, LabyrinthGameTests, Version=1.0.0.0, Culture=neutral, PublicKeyToken=null" name="TestPlay_MoveRightSmallLetter_PayerPositionMoved" />
    </UnitTest>
    <UnitTest name="TestInitializeLabyrinthMap_PlayerPositionRowInvalid_ArgumnetExceptionThrown" storage="d:\work\courses\hq code\homework\07 - final project - labyrinth\project\labyrinth - refactored\labyrinthgametests\bin\debug\labyrinthgametests.dll" id="8e3f5a43-bfe8-046c-4082-39ae6c4c9a1e">
      <DeploymentItems>
        <DeploymentItem filename="LabyrinthGame.exe" />
      </DeploymentItems>
      <Execution id="bb2e858a-d6c6-4f50-b6f6-09bfc6e91a5b" />
      <TestMethod codeBase="D:/Work/Courses/HQ Code/Homework/07 - Final Project - Labyrinth/Project/Labyrinth - Refactored/LabyrinthGameTests/bin/Debug/LabyrinthGameTests.DLL" adapterTypeName="Microsoft.VisualStudio.TestTools.TestTypes.Unit.UnitTestAdapter, Microsoft.VisualStudio.QualityTools.Tips.UnitTest.Adapter, Version=10.0.0.0, Culture=neutral, PublicKeyToken=b03f5f7f11d50a3a" className="LabyrinthGameTests.GameTests.LabyrinthTest, LabyrinthGameTests, Version=1.0.0.0, Culture=neutral, PublicKeyToken=null" name="TestInitializeLabyrinthMap_PlayerPositionRowInvalid_ArgumnetExceptionThrown" />
    </UnitTest>
    <UnitTest name="TestInitializeLabyrinthMapInitial_CreateGame7x7_LabyrinthIsSolvable" storage="d:\work\courses\hq code\homework\07 - final project - labyrinth\project\labyrinth - refactored\labyrinthgametests\bin\debug\labyrinthgametests.dll" id="f8fa6a08-ce3d-ce5f-703b-e05dd9cc971a">
      <DeploymentItems>
        <DeploymentItem filename="LabyrinthGame.exe" />
      </DeploymentItems>
      <Execution id="141003b5-b153-4a00-8269-a73f598432b7" />
      <TestMethod codeBase="D:/Work/Courses/HQ Code/Homework/07 - Final Project - Labyrinth/Project/Labyrinth - Refactored/LabyrinthGameTests/bin/Debug/LabyrinthGameTests.DLL" adapterTypeName="Microsoft.VisualStudio.TestTools.TestTypes.Unit.UnitTestAdapter, Microsoft.VisualStudio.QualityTools.Tips.UnitTest.Adapter, Version=10.0.0.0, Culture=neutral, PublicKeyToken=b03f5f7f11d50a3a" className="LabyrinthGameTests.GameTests.LabyrinthTest, LabyrinthGameTests, Version=1.0.0.0, Culture=neutral, PublicKeyToken=null" name="TestInitializeLabyrinthMapInitial_CreateGame7x7_LabyrinthIsSolvable" />
    </UnitTest>
    <UnitTest name="TestCompareTo_CompareWrongObject_ExpectedExcetion" storage="d:\work\courses\hq code\homework\07 - final project - labyrinth\project\labyrinth - refactored\labyrinthgametests\bin\debug\labyrinthgametests.dll" id="49468e04-4e1f-fa29-efc0-2ae57ca03016">
      <Execution id="c4bc3935-1ac4-45a5-8623-bb2729a59998" />
      <TestMethod codeBase="D:/Work/Courses/HQ Code/Homework/07 - Final Project - Labyrinth/Project/Labyrinth - Refactored/LabyrinthGameTests/bin/Debug/LabyrinthGameTests.DLL" adapterTypeName="Microsoft.VisualStudio.TestTools.TestTypes.Unit.UnitTestAdapter, Microsoft.VisualStudio.QualityTools.Tips.UnitTest.Adapter, Version=10.0.0.0, Culture=neutral, PublicKeyToken=b03f5f7f11d50a3a" className="LabyrinthGameTests.UtilitiesTests.ScoreRecordTest, LabyrinthGameTests, Version=1.0.0.0, Culture=neutral, PublicKeyToken=null" name="TestCompareTo_CompareWrongObject_ExpectedExcetion" />
    </UnitTest>
    <UnitTest name="TestIsLabyrinthSolvable_LabitynthWithManyExits_ReturnsTrue" storage="d:\work\courses\hq code\homework\07 - final project - labyrinth\project\labyrinth - refactored\labyrinthgametests\bin\debug\labyrinthgametests.dll" id="90e9871f-9d88-a960-bbfa-8030c3138bc6">
      <Execution id="3c5ff5fd-809b-4cef-831f-d98c2d771654" />
      <TestMethod codeBase="D:/Work/Courses/HQ Code/Homework/07 - Final Project - Labyrinth/Project/Labyrinth - Refactored/LabyrinthGameTests/bin/Debug/LabyrinthGameTests.DLL" adapterTypeName="Microsoft.VisualStudio.TestTools.TestTypes.Unit.UnitTestAdapter, Microsoft.VisualStudio.QualityTools.Tips.UnitTest.Adapter, Version=10.0.0.0, Culture=neutral, PublicKeyToken=b03f5f7f11d50a3a" className="LabyrinthGameTests.UtilitiesTests.GameUtilitiesTest, LabyrinthGameTests, Version=1.0.0.0, Culture=neutral, PublicKeyToken=null" name="TestIsLabyrinthSolvable_LabitynthWithManyExits_ReturnsTrue" />
    </UnitTest>
    <UnitTest name="TestInitializeLabyrinthMap_CreateGame7x7_LabyrinthSizeIs7Rows" storage="d:\work\courses\hq code\homework\07 - final project - labyrinth\project\labyrinth - refactored\labyrinthgametests\bin\debug\labyrinthgametests.dll" id="1b5e868f-3fea-98ce-3e7a-e41f41680cf4">
      <DeploymentItems>
        <DeploymentItem filename="LabyrinthGame.exe" />
      </DeploymentItems>
      <Execution id="57731474-3d6c-4eed-a642-f05d6ddf39bd" />
      <TestMethod codeBase="D:/Work/Courses/HQ Code/Homework/07 - Final Project - Labyrinth/Project/Labyrinth - Refactored/LabyrinthGameTests/bin/Debug/LabyrinthGameTests.DLL" adapterTypeName="Microsoft.VisualStudio.TestTools.TestTypes.Unit.UnitTestAdapter, Microsoft.VisualStudio.QualityTools.Tips.UnitTest.Adapter, Version=10.0.0.0, Culture=neutral, PublicKeyToken=b03f5f7f11d50a3a" className="LabyrinthGameTests.GameTests.LabyrinthTest, LabyrinthGameTests, Version=1.0.0.0, Culture=neutral, PublicKeyToken=null" name="TestInitializeLabyrinthMap_CreateGame7x7_LabyrinthSizeIs7Rows" />
    </UnitTest>
    <UnitTest name="TestIsPlayerPositionInLabyrinthRange_PlayerPositionOutRange_ReturnsFalse" storage="d:\work\courses\hq code\homework\07 - final project - labyrinth\project\labyrinth - refactored\labyrinthgametests\bin\debug\labyrinthgametests.dll" id="ab9469e7-e138-e0e3-4eaf-6e2e5c2ae4e7">
      <Execution id="97efb553-d1f0-4d1e-9e23-05972b6096ce" />
      <TestMethod codeBase="D:/Work/Courses/HQ Code/Homework/07 - Final Project - Labyrinth/Project/Labyrinth - Refactored/LabyrinthGameTests/bin/Debug/LabyrinthGameTests.DLL" adapterTypeName="Microsoft.VisualStudio.TestTools.TestTypes.Unit.UnitTestAdapter, Microsoft.VisualStudio.QualityTools.Tips.UnitTest.Adapter, Version=10.0.0.0, Culture=neutral, PublicKeyToken=b03f5f7f11d50a3a" className="LabyrinthGameTests.UtilitiesTests.GameUtilitiesTest, LabyrinthGameTests, Version=1.0.0.0, Culture=neutral, PublicKeyToken=null" name="TestIsPlayerPositionInLabyrinthRange_PlayerPositionOutRange_ReturnsFalse" />
    </UnitTest>
    <UnitTest name="TestAddScore_3Record_NumberOfStoredREcordsIs3" storage="d:\work\courses\hq code\homework\07 - final project - labyrinth\project\labyrinth - refactored\labyrinthgametests\bin\debug\labyrinthgametests.dll" id="c23de7cf-f106-1f98-a5a7-8301c63e027b">
      <DeploymentItems>
        <DeploymentItem filename="LabyrinthGame.exe" />
      </DeploymentItems>
      <Execution id="8c81b7e5-0489-4978-874c-f45fc5571343" />
      <TestMethod codeBase="D:/Work/Courses/HQ Code/Homework/07 - Final Project - Labyrinth/Project/Labyrinth - Refactored/LabyrinthGameTests/bin/Debug/LabyrinthGameTests.DLL" adapterTypeName="Microsoft.VisualStudio.TestTools.TestTypes.Unit.UnitTestAdapter, Microsoft.VisualStudio.QualityTools.Tips.UnitTest.Adapter, Version=10.0.0.0, Culture=neutral, PublicKeyToken=b03f5f7f11d50a3a" className="LabyrinthGameTests.UtilitiesTests.ScoreboardTest, LabyrinthGameTests, Version=1.0.0.0, Culture=neutral, PublicKeyToken=null" name="TestAddScore_3Record_NumberOfStoredREcordsIs3" />
    </UnitTest>
    <UnitTest name="TestPlay_MoveUpToBlockedCell_InvalidMoveMEssagePrinted" storage="d:\work\courses\hq code\homework\07 - final project - labyrinth\project\labyrinth - refactored\labyrinthgametests\bin\debug\labyrinthgametests.dll" id="22e6bd7c-3b55-4448-1199-9cac5a3b0180">
      <DeploymentItems>
        <DeploymentItem filename="LabyrinthGame.exe" />
      </DeploymentItems>
      <Execution id="eedee7d2-ea36-40f9-9738-af035aa30ecf" />
      <TestMethod codeBase="D:/Work/Courses/HQ Code/Homework/07 - Final Project - Labyrinth/Project/Labyrinth - Refactored/LabyrinthGameTests/bin/Debug/LabyrinthGameTests.DLL" adapterTypeName="Microsoft.VisualStudio.TestTools.TestTypes.Unit.UnitTestAdapter, Microsoft.VisualStudio.QualityTools.Tips.UnitTest.Adapter, Version=10.0.0.0, Culture=neutral, PublicKeyToken=b03f5f7f11d50a3a" className="LabyrinthGameTests.GameTests.LabyrinthTest, LabyrinthGameTests, Version=1.0.0.0, Culture=neutral, PublicKeyToken=null" name="TestPlay_MoveUpToBlockedCell_InvalidMoveMEssagePrinted" />
    </UnitTest>
    <UnitTest name="TestIsLabyrinthSolvable_LabitynthWithOneExit_ReturnsTrue" storage="d:\work\courses\hq code\homework\07 - final project - labyrinth\project\labyrinth - refactored\labyrinthgametests\bin\debug\labyrinthgametests.dll" id="913d29b6-05df-d113-ab41-2d9218eac454">
      <Execution id="922d32c5-5247-464e-85e7-205879591852" />
      <TestMethod codeBase="D:/Work/Courses/HQ Code/Homework/07 - Final Project - Labyrinth/Project/Labyrinth - Refactored/LabyrinthGameTests/bin/Debug/LabyrinthGameTests.DLL" adapterTypeName="Microsoft.VisualStudio.TestTools.TestTypes.Unit.UnitTestAdapter, Microsoft.VisualStudio.QualityTools.Tips.UnitTest.Adapter, Version=10.0.0.0, Culture=neutral, PublicKeyToken=b03f5f7f11d50a3a" className="LabyrinthGameTests.UtilitiesTests.GameUtilitiesTest, LabyrinthGameTests, Version=1.0.0.0, Culture=neutral, PublicKeyToken=null" name="TestIsLabyrinthSolvable_LabitynthWithOneExit_ReturnsTrue" />
    </UnitTest>
    <UnitTest name="TestGetResourceValue_ReadValidResource_ThrownException" storage="d:\work\courses\hq code\homework\07 - final project - labyrinth\project\labyrinth - refactored\labyrinthgametests\bin\debug\labyrinthgametests.dll" id="eccffd02-9604-343d-9995-6c981b22e840">
      <Execution id="451360ec-226e-4e74-9a11-a09f4d1918e7" />
      <TestMethod codeBase="D:/Work/Courses/HQ Code/Homework/07 - Final Project - Labyrinth/Project/Labyrinth - Refactored/LabyrinthGameTests/bin/Debug/LabyrinthGameTests.DLL" adapterTypeName="Microsoft.VisualStudio.TestTools.TestTypes.Unit.UnitTestAdapter, Microsoft.VisualStudio.QualityTools.Tips.UnitTest.Adapter, Version=10.0.0.0, Culture=neutral, PublicKeyToken=b03f5f7f11d50a3a" className="LabyrinthGameTests.UtilitiesTests.GameResourcesCollectionTest, LabyrinthGameTests, Version=1.0.0.0, Culture=neutral, PublicKeyToken=null" name="TestGetResourceValue_ReadValidResource_ThrownException" />
    </UnitTest>
    <UnitTest name="TestCompareTo_Compare10to9_SecondIsHigher" storage="d:\work\courses\hq code\homework\07 - final project - labyrinth\project\labyrinth - refactored\labyrinthgametests\bin\debug\labyrinthgametests.dll" id="5c706ee3-0f90-4e95-151d-c3fe84b27731">
      <Execution id="f4a88f83-d3b2-4cbc-a561-5275f2da4d60" />
      <TestMethod codeBase="D:/Work/Courses/HQ Code/Homework/07 - Final Project - Labyrinth/Project/Labyrinth - Refactored/LabyrinthGameTests/bin/Debug/LabyrinthGameTests.DLL" adapterTypeName="Microsoft.VisualStudio.TestTools.TestTypes.Unit.UnitTestAdapter, Microsoft.VisualStudio.QualityTools.Tips.UnitTest.Adapter, Version=10.0.0.0, Culture=neutral, PublicKeyToken=b03f5f7f11d50a3a" className="LabyrinthGameTests.UtilitiesTests.ScoreRecordTest, LabyrinthGameTests, Version=1.0.0.0, Culture=neutral, PublicKeyToken=null" name="TestCompareTo_Compare10to9_SecondIsHigher" />
    </UnitTest>
    <UnitTest name="TestIsPlayerPositionInLabyrinthRange_PlayerPositionAtBottomBorder_ReturnsTrue" storage="d:\work\courses\hq code\homework\07 - final project - labyrinth\project\labyrinth - refactored\labyrinthgametests\bin\debug\labyrinthgametests.dll" id="d95cc6e9-2b09-0d04-e7ba-8c61df679392">
      <Execution id="b3715113-e982-41f4-a34f-caf9eb215cb1" />
      <TestMethod codeBase="D:/Work/Courses/HQ Code/Homework/07 - Final Project - Labyrinth/Project/Labyrinth - Refactored/LabyrinthGameTests/bin/Debug/LabyrinthGameTests.DLL" adapterTypeName="Microsoft.VisualStudio.TestTools.TestTypes.Unit.UnitTestAdapter, Microsoft.VisualStudio.QualityTools.Tips.UnitTest.Adapter, Version=10.0.0.0, Culture=neutral, PublicKeyToken=b03f5f7f11d50a3a" className="LabyrinthGameTests.UtilitiesTests.GameUtilitiesTest, LabyrinthGameTests, Version=1.0.0.0, Culture=neutral, PublicKeyToken=null" name="TestIsPlayerPositionInLabyrinthRange_PlayerPositionAtBottomBorder_ReturnsTrue" />
    </UnitTest>
    <UnitTest name="TestCheckLabyrinthMapValidity_InvalidLabyrinthMapSize_ThrownException" storage="d:\work\courses\hq code\homework\07 - final project - labyrinth\project\labyrinth - refactored\labyrinthgametests\bin\debug\labyrinthgametests.dll" id="fead4f5b-fc2a-7f9e-fcf8-dbb28f04f839">
      <Execution id="4a99aaa3-284f-444f-9b00-3162876349d4" />
      <TestMethod codeBase="D:/Work/Courses/HQ Code/Homework/07 - Final Project - Labyrinth/Project/Labyrinth - Refactored/LabyrinthGameTests/bin/Debug/LabyrinthGameTests.DLL" adapterTypeName="Microsoft.VisualStudio.TestTools.TestTypes.Unit.UnitTestAdapter, Microsoft.VisualStudio.QualityTools.Tips.UnitTest.Adapter, Version=10.0.0.0, Culture=neutral, PublicKeyToken=b03f5f7f11d50a3a" className="LabyrinthGameTests.UtilitiesTests.GameUtilitiesTest, LabyrinthGameTests, Version=1.0.0.0, Culture=neutral, PublicKeyToken=null" name="TestCheckLabyrinthMapValidity_InvalidLabyrinthMapSize_ThrownException" />
    </UnitTest>
    <UnitTest name="TestIsLabyrinthSolvable_LabitynthIsNotSolvable_ReturnsFalse" storage="d:\work\courses\hq code\homework\07 - final project - labyrinth\project\labyrinth - refactored\labyrinthgametests\bin\debug\labyrinthgametests.dll" id="00bd6a54-0c67-50ad-3aa8-0ca50676d62e">
      <Execution id="1bd79a21-1f5a-4ecd-b3a0-7d4792127a3e" />
      <TestMethod codeBase="D:/Work/Courses/HQ Code/Homework/07 - Final Project - Labyrinth/Project/Labyrinth - Refactored/LabyrinthGameTests/bin/Debug/LabyrinthGameTests.DLL" adapterTypeName="Microsoft.VisualStudio.TestTools.TestTypes.Unit.UnitTestAdapter, Microsoft.VisualStudio.QualityTools.Tips.UnitTest.Adapter, Version=10.0.0.0, Culture=neutral, PublicKeyToken=b03f5f7f11d50a3a" className="LabyrinthGameTests.UtilitiesTests.GameUtilitiesTest, LabyrinthGameTests, Version=1.0.0.0, Culture=neutral, PublicKeyToken=null" name="TestIsLabyrinthSolvable_LabitynthIsNotSolvable_ReturnsFalse" />
    </UnitTest>
    <UnitTest name="TestIsPlayerPositionAtLabyrintBorder_PlayerPositionAtTopBorder_ReturnsTrue" storage="d:\work\courses\hq code\homework\07 - final project - labyrinth\project\labyrinth - refactored\labyrinthgametests\bin\debug\labyrinthgametests.dll" id="41052ae3-bffd-1771-c8af-1d3cf4791f6d">
      <Execution id="e3efa3d7-29ff-48e0-a56b-be1eb60e5b2e" />
      <TestMethod codeBase="D:/Work/Courses/HQ Code/Homework/07 - Final Project - Labyrinth/Project/Labyrinth - Refactored/LabyrinthGameTests/bin/Debug/LabyrinthGameTests.DLL" adapterTypeName="Microsoft.VisualStudio.TestTools.TestTypes.Unit.UnitTestAdapter, Microsoft.VisualStudio.QualityTools.Tips.UnitTest.Adapter, Version=10.0.0.0, Culture=neutral, PublicKeyToken=b03f5f7f11d50a3a" className="LabyrinthGameTests.UtilitiesTests.GameUtilitiesTest, LabyrinthGameTests, Version=1.0.0.0, Culture=neutral, PublicKeyToken=null" name="TestIsPlayerPositionAtLabyrintBorder_PlayerPositionAtTopBorder_ReturnsTrue" />
    </UnitTest>
    <UnitTest name="TestIsPlayerPositionInLabyrinthRange_PlayerPositionAtRightBorder_ReturnsTrue" storage="d:\work\courses\hq code\homework\07 - final project - labyrinth\project\labyrinth - refactored\labyrinthgametests\bin\debug\labyrinthgametests.dll" id="eb63cee3-8d56-4837-8866-0932734f8d54">
      <Execution id="daa444f2-32a6-4aa4-8f7a-01a36734c862" />
      <TestMethod codeBase="D:/Work/Courses/HQ Code/Homework/07 - Final Project - Labyrinth/Project/Labyrinth - Refactored/LabyrinthGameTests/bin/Debug/LabyrinthGameTests.DLL" adapterTypeName="Microsoft.VisualStudio.TestTools.TestTypes.Unit.UnitTestAdapter, Microsoft.VisualStudio.QualityTools.Tips.UnitTest.Adapter, Version=10.0.0.0, Culture=neutral, PublicKeyToken=b03f5f7f11d50a3a" className="LabyrinthGameTests.UtilitiesTests.GameUtilitiesTest, LabyrinthGameTests, Version=1.0.0.0, Culture=neutral, PublicKeyToken=null" name="TestIsPlayerPositionInLabyrinthRange_PlayerPositionAtRightBorder_ReturnsTrue" />
    </UnitTest>
    <UnitTest name="TestMain_StartNewGame_WelcomeMessagePrinted" storage="d:\work\courses\hq code\homework\07 - final project - labyrinth\project\labyrinth - refactored\labyrinthgametests\bin\debug\labyrinthgametests.dll" id="c97585c0-8f71-f85d-3b53-0549e1f574eb">
      <Execution id="5898bd74-cb9e-4004-b8c9-62e4db592e3e" />
      <TestMethod codeBase="D:/Work/Courses/HQ Code/Homework/07 - Final Project - Labyrinth/Project/Labyrinth - Refactored/LabyrinthGameTests/bin/Debug/LabyrinthGameTests.DLL" adapterTypeName="Microsoft.VisualStudio.TestTools.TestTypes.Unit.UnitTestAdapter, Microsoft.VisualStudio.QualityTools.Tips.UnitTest.Adapter, Version=10.0.0.0, Culture=neutral, PublicKeyToken=b03f5f7f11d50a3a" className="LabyrinthGameTests.GameTests.GameTest, LabyrinthGameTests, Version=1.0.0.0, Culture=neutral, PublicKeyToken=null" name="TestMain_StartNewGame_WelcomeMessagePrinted" />
    </UnitTest>
    <UnitTest name="TestIsPlayerPositionAtLabyrintBorder_PlayerPositionAtBottomBorder_ReturnsTrue" storage="d:\work\courses\hq code\homework\07 - final project - labyrinth\project\labyrinth - refactored\labyrinthgametests\bin\debug\labyrinthgametests.dll" id="2b2dfcb2-51e3-58fb-dca8-89ce5a6eaef6">
      <Execution id="db1fa894-fdf5-400e-9e5b-4e3a2b9531f9" />
      <TestMethod codeBase="D:/Work/Courses/HQ Code/Homework/07 - Final Project - Labyrinth/Project/Labyrinth - Refactored/LabyrinthGameTests/bin/Debug/LabyrinthGameTests.DLL" adapterTypeName="Microsoft.VisualStudio.TestTools.TestTypes.Unit.UnitTestAdapter, Microsoft.VisualStudio.QualityTools.Tips.UnitTest.Adapter, Version=10.0.0.0, Culture=neutral, PublicKeyToken=b03f5f7f11d50a3a" className="LabyrinthGameTests.UtilitiesTests.GameUtilitiesTest, LabyrinthGameTests, Version=1.0.0.0, Culture=neutral, PublicKeyToken=null" name="TestIsPlayerPositionAtLabyrintBorder_PlayerPositionAtBottomBorder_ReturnsTrue" />
    </UnitTest>
    <UnitTest name="TestCopyTo_DestinationObjectNotValid_TrownException" storage="d:\work\courses\hq code\homework\07 - final project - labyrinth\project\labyrinth - refactored\labyrinthgametests\bin\debug\labyrinthgametests.dll" id="d710b5f1-5300-ca8a-5050-32c29ea2c7d1">
      <Execution id="86e03905-e4f9-40aa-9e0e-85690007bd35" />
      <TestMethod codeBase="D:/Work/Courses/HQ Code/Homework/07 - Final Project - Labyrinth/Project/Labyrinth - Refactored/LabyrinthGameTests/bin/Debug/LabyrinthGameTests.DLL" adapterTypeName="Microsoft.VisualStudio.TestTools.TestTypes.Unit.UnitTestAdapter, Microsoft.VisualStudio.QualityTools.Tips.UnitTest.Adapter, Version=10.0.0.0, Culture=neutral, PublicKeyToken=b03f5f7f11d50a3a" className="LabyrinthGameTests.UtilitiesTests.PlayerPositionTest, LabyrinthGameTests, Version=1.0.0.0, Culture=neutral, PublicKeyToken=null" name="TestCopyTo_DestinationObjectNotValid_TrownException" />
    </UnitTest>
    <UnitTest name="TestInitializeLabyrinthMap_PlayerPositionRowOutOfRange_ArgumnetExceptionThrown" storage="d:\work\courses\hq code\homework\07 - final project - labyrinth\project\labyrinth - refactored\labyrinthgametests\bin\debug\labyrinthgametests.dll" id="1a026f35-fc1c-7df8-925b-44c2c1828454">
      <DeploymentItems>
        <DeploymentItem filename="LabyrinthGame.exe" />
      </DeploymentItems>
      <Execution id="353215d9-3dc3-4b5f-9e94-d5bc02265988" />
      <TestMethod codeBase="D:/Work/Courses/HQ Code/Homework/07 - Final Project - Labyrinth/Project/Labyrinth - Refactored/LabyrinthGameTests/bin/Debug/LabyrinthGameTests.DLL" adapterTypeName="Microsoft.VisualStudio.TestTools.TestTypes.Unit.UnitTestAdapter, Microsoft.VisualStudio.QualityTools.Tips.UnitTest.Adapter, Version=10.0.0.0, Culture=neutral, PublicKeyToken=b03f5f7f11d50a3a" className="LabyrinthGameTests.GameTests.LabyrinthTest, LabyrinthGameTests, Version=1.0.0.0, Culture=neutral, PublicKeyToken=null" name="TestInitializeLabyrinthMap_PlayerPositionRowOutOfRange_ArgumnetExceptionThrown" />
    </UnitTest>
    <UnitTest name="TestCheckPlayerPositionValidityInLabyrinthMap_InvalidPlayerPositionObject_ThrownException" storage="d:\work\courses\hq code\homework\07 - final project - labyrinth\project\labyrinth - refactored\labyrinthgametests\bin\debug\labyrinthgametests.dll" id="5a2d4e63-b2f8-1e5d-0e55-70225364168d">
      <Execution id="e5c512f5-83ef-43db-b31b-e0a5df7fa3c7" />
      <TestMethod codeBase="D:/Work/Courses/HQ Code/Homework/07 - Final Project - Labyrinth/Project/Labyrinth - Refactored/LabyrinthGameTests/bin/Debug/LabyrinthGameTests.DLL" adapterTypeName="Microsoft.VisualStudio.TestTools.TestTypes.Unit.UnitTestAdapter, Microsoft.VisualStudio.QualityTools.Tips.UnitTest.Adapter, Version=10.0.0.0, Culture=neutral, PublicKeyToken=b03f5f7f11d50a3a" className="LabyrinthGameTests.UtilitiesTests.GameUtilitiesTest, LabyrinthGameTests, Version=1.0.0.0, Culture=neutral, PublicKeyToken=null" name="TestCheckPlayerPositionValidityInLabyrinthMap_InvalidPlayerPositionObject_ThrownException" />
    </UnitTest>
    <UnitTest name="TestPrintScoreboard_EmptyList_EmptyScoreboardPrinted" storage="d:\work\courses\hq code\homework\07 - final project - labyrinth\project\labyrinth - refactored\labyrinthgametests\bin\debug\labyrinthgametests.dll" id="954a9507-71f0-1157-5fe6-92b68099bc6a">
      <DeploymentItems>
        <DeploymentItem filename="LabyrinthGame.exe" />
      </DeploymentItems>
      <Execution id="990bbd90-7a89-45a3-90f0-5fe16df805b0" />
      <TestMethod codeBase="D:/Work/Courses/HQ Code/Homework/07 - Final Project - Labyrinth/Project/Labyrinth - Refactored/LabyrinthGameTests/bin/Debug/LabyrinthGameTests.DLL" adapterTypeName="Microsoft.VisualStudio.TestTools.TestTypes.Unit.UnitTestAdapter, Microsoft.VisualStudio.QualityTools.Tips.UnitTest.Adapter, Version=10.0.0.0, Culture=neutral, PublicKeyToken=b03f5f7f11d50a3a" className="LabyrinthGameTests.UtilitiesTests.ScoreboardTest, LabyrinthGameTests, Version=1.0.0.0, Culture=neutral, PublicKeyToken=null" name="TestPrintScoreboard_EmptyList_EmptyScoreboardPrinted" />
    </UnitTest>
    <UnitTest name="TestAddScore_1Record_NumberOfStoredREcordsIs1" storage="d:\work\courses\hq code\homework\07 - final project - labyrinth\project\labyrinth - refactored\labyrinthgametests\bin\debug\labyrinthgametests.dll" id="c9b26c2e-297c-e8a8-a0e5-1696f280362f">
      <DeploymentItems>
        <DeploymentItem filename="LabyrinthGame.exe" />
      </DeploymentItems>
      <Execution id="d17f92f4-25c7-4d34-9a8d-b584f777daa2" />
      <TestMethod codeBase="D:/Work/Courses/HQ Code/Homework/07 - Final Project - Labyrinth/Project/Labyrinth - Refactored/LabyrinthGameTests/bin/Debug/LabyrinthGameTests.DLL" adapterTypeName="Microsoft.VisualStudio.TestTools.TestTypes.Unit.UnitTestAdapter, Microsoft.VisualStudio.QualityTools.Tips.UnitTest.Adapter, Version=10.0.0.0, Culture=neutral, PublicKeyToken=b03f5f7f11d50a3a" className="LabyrinthGameTests.UtilitiesTests.ScoreboardTest, LabyrinthGameTests, Version=1.0.0.0, Culture=neutral, PublicKeyToken=null" name="TestAddScore_1Record_NumberOfStoredREcordsIs1" />
    </UnitTest>
    <UnitTest name="TestPlay_MoveUpBigLetter_PayerPositionMoved" storage="d:\work\courses\hq code\homework\07 - final project - labyrinth\project\labyrinth - refactored\labyrinthgametests\bin\debug\labyrinthgametests.dll" id="cae6fde2-188b-3999-9c92-fb92695dfff5">
      <DeploymentItems>
        <DeploymentItem filename="LabyrinthGame.exe" />
      </DeploymentItems>
      <Execution id="0187c0b8-e572-4ac5-b923-6d3ac82c7c3a" />
      <TestMethod codeBase="D:/Work/Courses/HQ Code/Homework/07 - Final Project - Labyrinth/Project/Labyrinth - Refactored/LabyrinthGameTests/bin/Debug/LabyrinthGameTests.DLL" adapterTypeName="Microsoft.VisualStudio.TestTools.TestTypes.Unit.UnitTestAdapter, Microsoft.VisualStudio.QualityTools.Tips.UnitTest.Adapter, Version=10.0.0.0, Culture=neutral, PublicKeyToken=b03f5f7f11d50a3a" className="LabyrinthGameTests.GameTests.LabyrinthTest, LabyrinthGameTests, Version=1.0.0.0, Culture=neutral, PublicKeyToken=null" name="TestPlay_MoveUpBigLetter_PayerPositionMoved" />
    </UnitTest>
    <UnitTest name="TestGetResourceValue_ReadValidResource_ResourceValueReturned" storage="d:\work\courses\hq code\homework\07 - final project - labyrinth\project\labyrinth - refactored\labyrinthgametests\bin\debug\labyrinthgametests.dll" id="5be0be29-c1eb-c1b7-0e66-de3c28db121d">
      <Execution id="e02f8abd-bc7b-4391-94ef-b48516a664d5" />
      <TestMethod codeBase="D:/Work/Courses/HQ Code/Homework/07 - Final Project - Labyrinth/Project/Labyrinth - Refactored/LabyrinthGameTests/bin/Debug/LabyrinthGameTests.DLL" adapterTypeName="Microsoft.VisualStudio.TestTools.TestTypes.Unit.UnitTestAdapter, Microsoft.VisualStudio.QualityTools.Tips.UnitTest.Adapter, Version=10.0.0.0, Culture=neutral, PublicKeyToken=b03f5f7f11d50a3a" className="LabyrinthGameTests.UtilitiesTests.GameResourcesCollectionTest, LabyrinthGameTests, Version=1.0.0.0, Culture=neutral, PublicKeyToken=null" name="TestGetResourceValue_ReadValidResource_ResourceValueReturned" />
    </UnitTest>
    <UnitTest name="TestPlay_MoveDownToBlockedCell_InvalidMoveMEssagePrinted" storage="d:\work\courses\hq code\homework\07 - final project - labyrinth\project\labyrinth - refactored\labyrinthgametests\bin\debug\labyrinthgametests.dll" id="45b63241-e670-5726-7da5-4fb968c126f9">
      <DeploymentItems>
        <DeploymentItem filename="LabyrinthGame.exe" />
      </DeploymentItems>
      <Execution id="cb2fa8a5-5752-48bf-98fd-7a9ce60adbcc" />
      <TestMethod codeBase="D:/Work/Courses/HQ Code/Homework/07 - Final Project - Labyrinth/Project/Labyrinth - Refactored/LabyrinthGameTests/bin/Debug/LabyrinthGameTests.DLL" adapterTypeName="Microsoft.VisualStudio.TestTools.TestTypes.Unit.UnitTestAdapter, Microsoft.VisualStudio.QualityTools.Tips.UnitTest.Adapter, Version=10.0.0.0, Culture=neutral, PublicKeyToken=b03f5f7f11d50a3a" className="LabyrinthGameTests.GameTests.LabyrinthTest, LabyrinthGameTests, Version=1.0.0.0, Culture=neutral, PublicKeyToken=null" name="TestPlay_MoveDownToBlockedCell_InvalidMoveMEssagePrinted" />
    </UnitTest>
    <UnitTest name="TestCheckPlayerPositionValidityInLabyrinthMap_PlayerPositionOutOfRange_ThrownException" storage="d:\work\courses\hq code\homework\07 - final project - labyrinth\project\labyrinth - refactored\labyrinthgametests\bin\debug\labyrinthgametests.dll" id="a9d92305-d679-5d67-6ce0-01309c8ee541">
      <Execution id="e8a0fbb8-e847-43d7-92e6-2c133f781c26" />
      <TestMethod codeBase="D:/Work/Courses/HQ Code/Homework/07 - Final Project - Labyrinth/Project/Labyrinth - Refactored/LabyrinthGameTests/bin/Debug/LabyrinthGameTests.DLL" adapterTypeName="Microsoft.VisualStudio.TestTools.TestTypes.Unit.UnitTestAdapter, Microsoft.VisualStudio.QualityTools.Tips.UnitTest.Adapter, Version=10.0.0.0, Culture=neutral, PublicKeyToken=b03f5f7f11d50a3a" className="LabyrinthGameTests.UtilitiesTests.GameUtilitiesTest, LabyrinthGameTests, Version=1.0.0.0, Culture=neutral, PublicKeyToken=null" name="TestCheckPlayerPositionValidityInLabyrinthMap_PlayerPositionOutOfRange_ThrownException" />
    </UnitTest>
    <UnitTest name="TestPlay_MoveLeftSmallLetter_PayerPositionMoved" storage="d:\work\courses\hq code\homework\07 - final project - labyrinth\project\labyrinth - refactored\labyrinthgametests\bin\debug\labyrinthgametests.dll" id="6aad3772-bac8-73c5-bfcf-1ee6dbdf9735">
      <DeploymentItems>
        <DeploymentItem filename="LabyrinthGame.exe" />
      </DeploymentItems>
      <Execution id="4718ead1-787f-466a-9e58-e02656f99744" />
      <TestMethod codeBase="D:/Work/Courses/HQ Code/Homework/07 - Final Project - Labyrinth/Project/Labyrinth - Refactored/LabyrinthGameTests/bin/Debug/LabyrinthGameTests.DLL" adapterTypeName="Microsoft.VisualStudio.TestTools.TestTypes.Unit.UnitTestAdapter, Microsoft.VisualStudio.QualityTools.Tips.UnitTest.Adapter, Version=10.0.0.0, Culture=neutral, PublicKeyToken=b03f5f7f11d50a3a" className="LabyrinthGameTests.GameTests.LabyrinthTest, LabyrinthGameTests, Version=1.0.0.0, Culture=neutral, PublicKeyToken=null" name="TestPlay_MoveLeftSmallLetter_PayerPositionMoved" />
    </UnitTest>
    <UnitTest name="TestAddScore_StoreRecords10and5and15_LowestRecordIs15" storage="d:\work\courses\hq code\homework\07 - final project - labyrinth\project\labyrinth - refactored\labyrinthgametests\bin\debug\labyrinthgametests.dll" id="db909cf8-1248-5bd3-9f5e-220316039a9a">
      <DeploymentItems>
        <DeploymentItem filename="LabyrinthGame.exe" />
      </DeploymentItems>
      <Execution id="967cf58c-3084-4f52-b3b6-e94bce7ac3dd" />
      <TestMethod codeBase="D:/Work/Courses/HQ Code/Homework/07 - Final Project - Labyrinth/Project/Labyrinth - Refactored/LabyrinthGameTests/bin/Debug/LabyrinthGameTests.DLL" adapterTypeName="Microsoft.VisualStudio.TestTools.TestTypes.Unit.UnitTestAdapter, Microsoft.VisualStudio.QualityTools.Tips.UnitTest.Adapter, Version=10.0.0.0, Culture=neutral, PublicKeyToken=b03f5f7f11d50a3a" className="LabyrinthGameTests.UtilitiesTests.ScoreboardTest, LabyrinthGameTests, Version=1.0.0.0, Culture=neutral, PublicKeyToken=null" name="TestAddScore_StoreRecords10and5and15_LowestRecordIs15" />
    </UnitTest>
    <UnitTest name="TestIsPlayerPositionAtLabyrintBorder_PlayerPositionAtRightBorder_ReturnsTrue" storage="d:\work\courses\hq code\homework\07 - final project - labyrinth\project\labyrinth - refactored\labyrinthgametests\bin\debug\labyrinthgametests.dll" id="65ee67f2-dd58-4060-142c-c0be749d9b16">
      <Execution id="ab234c8d-e04f-4d3d-a84b-b4579fb7cb21" />
      <TestMethod codeBase="D:/Work/Courses/HQ Code/Homework/07 - Final Project - Labyrinth/Project/Labyrinth - Refactored/LabyrinthGameTests/bin/Debug/LabyrinthGameTests.DLL" adapterTypeName="Microsoft.VisualStudio.TestTools.TestTypes.Unit.UnitTestAdapter, Microsoft.VisualStudio.QualityTools.Tips.UnitTest.Adapter, Version=10.0.0.0, Culture=neutral, PublicKeyToken=b03f5f7f11d50a3a" className="LabyrinthGameTests.UtilitiesTests.GameUtilitiesTest, LabyrinthGameTests, Version=1.0.0.0, Culture=neutral, PublicKeyToken=null" name="TestIsPlayerPositionAtLabyrintBorder_PlayerPositionAtRightBorder_ReturnsTrue" />
    </UnitTest>
    <UnitTest name="TestInitializeLabyrinthMap_CreateGameInvalidRowsCount_ArgumnetExceptionThrown" storage="d:\work\courses\hq code\homework\07 - final project - labyrinth\project\labyrinth - refactored\labyrinthgametests\bin\debug\labyrinthgametests.dll" id="0b667cbd-7239-05d6-1b37-50841bc3cd9f">
      <DeploymentItems>
        <DeploymentItem filename="LabyrinthGame.exe" />
      </DeploymentItems>
      <Execution id="8ae9dbb1-7de7-4363-9d61-ba1fd0ec3476" />
      <TestMethod codeBase="D:/Work/Courses/HQ Code/Homework/07 - Final Project - Labyrinth/Project/Labyrinth - Refactored/LabyrinthGameTests/bin/Debug/LabyrinthGameTests.DLL" adapterTypeName="Microsoft.VisualStudio.TestTools.TestTypes.Unit.UnitTestAdapter, Microsoft.VisualStudio.QualityTools.Tips.UnitTest.Adapter, Version=10.0.0.0, Culture=neutral, PublicKeyToken=b03f5f7f11d50a3a" className="LabyrinthGameTests.GameTests.LabyrinthTest, LabyrinthGameTests, Version=1.0.0.0, Culture=neutral, PublicKeyToken=null" name="TestInitializeLabyrinthMap_CreateGameInvalidRowsCount_ArgumnetExceptionThrown" />
    </UnitTest>
    <UnitTest name="TestIsPlayerPositionInLabyrinthRange_PlayerPositionAtTopBorder_ReturnsTrue" storage="d:\work\courses\hq code\homework\07 - final project - labyrinth\project\labyrinth - refactored\labyrinthgametests\bin\debug\labyrinthgametests.dll" id="50512e4a-ed0e-d15e-0591-0c76b418b206">
      <Execution id="e5c80911-1b05-4f6e-a921-bc5f9b5c73a6" />
      <TestMethod codeBase="D:/Work/Courses/HQ Code/Homework/07 - Final Project - Labyrinth/Project/Labyrinth - Refactored/LabyrinthGameTests/bin/Debug/LabyrinthGameTests.DLL" adapterTypeName="Microsoft.VisualStudio.TestTools.TestTypes.Unit.UnitTestAdapter, Microsoft.VisualStudio.QualityTools.Tips.UnitTest.Adapter, Version=10.0.0.0, Culture=neutral, PublicKeyToken=b03f5f7f11d50a3a" className="LabyrinthGameTests.UtilitiesTests.GameUtilitiesTest, LabyrinthGameTests, Version=1.0.0.0, Culture=neutral, PublicKeyToken=null" name="TestIsPlayerPositionInLabyrinthRange_PlayerPositionAtTopBorder_ReturnsTrue" />
    </UnitTest>
    <UnitTest name="TestPlay_SolveTheGameFiveMoves_ScoreRecordedScoreboeadPrinted" storage="d:\work\courses\hq code\homework\07 - final project - labyrinth\project\labyrinth - refactored\labyrinthgametests\bin\debug\labyrinthgametests.dll" id="d1808c95-76b5-27c8-3321-e375fedeaaa9">
      <DeploymentItems>
        <DeploymentItem filename="LabyrinthGame.exe" />
      </DeploymentItems>
      <Execution id="798e8886-158b-46fa-a96f-68bbbe90d061" />
      <TestMethod codeBase="D:/Work/Courses/HQ Code/Homework/07 - Final Project - Labyrinth/Project/Labyrinth - Refactored/LabyrinthGameTests/bin/Debug/LabyrinthGameTests.DLL" adapterTypeName="Microsoft.VisualStudio.TestTools.TestTypes.Unit.UnitTestAdapter, Microsoft.VisualStudio.QualityTools.Tips.UnitTest.Adapter, Version=10.0.0.0, Culture=neutral, PublicKeyToken=b03f5f7f11d50a3a" className="LabyrinthGameTests.GameTests.LabyrinthTest, LabyrinthGameTests, Version=1.0.0.0, Culture=neutral, PublicKeyToken=null" name="TestPlay_SolveTheGameFiveMoves_ScoreRecordedScoreboeadPrinted" />
    </UnitTest>
    <UnitTest name="TestIsHightScore_StoredRecordIs10MaxRecords1_15IsNotNewHighScore" storage="d:\work\courses\hq code\homework\07 - final project - labyrinth\project\labyrinth - refactored\labyrinthgametests\bin\debug\labyrinthgametests.dll" id="41c5269a-914a-486a-861a-7b2ef5cbc794">
      <DeploymentItems>
        <DeploymentItem filename="LabyrinthGame.exe" />
      </DeploymentItems>
      <Execution id="04e192da-6d27-4f72-b7f0-484d32153c26" />
      <TestMethod codeBase="D:/Work/Courses/HQ Code/Homework/07 - Final Project - Labyrinth/Project/Labyrinth - Refactored/LabyrinthGameTests/bin/Debug/LabyrinthGameTests.DLL" adapterTypeName="Microsoft.VisualStudio.TestTools.TestTypes.Unit.UnitTestAdapter, Microsoft.VisualStudio.QualityTools.Tips.UnitTest.Adapter, Version=10.0.0.0, Culture=neutral, PublicKeyToken=b03f5f7f11d50a3a" className="LabyrinthGameTests.UtilitiesTests.ScoreboardTest, LabyrinthGameTests, Version=1.0.0.0, Culture=neutral, PublicKeyToken=null" name="TestIsHightScore_StoredRecordIs10MaxRecords1_15IsNotNewHighScore" />
    </UnitTest>
    <UnitTest name="TestPlay_MoveRightToBlockedCell_InvalidMoveMEssagePrinted" storage="d:\work\courses\hq code\homework\07 - final project - labyrinth\project\labyrinth - refactored\labyrinthgametests\bin\debug\labyrinthgametests.dll" id="8f4ee49a-65f2-5f91-2221-6d2060b3ff56">
      <DeploymentItems>
        <DeploymentItem filename="LabyrinthGame.exe" />
      </DeploymentItems>
      <Execution id="52cb6c3a-8881-4c4f-8ab0-5b230ba9e1f1" />
      <TestMethod codeBase="D:/Work/Courses/HQ Code/Homework/07 - Final Project - Labyrinth/Project/Labyrinth - Refactored/LabyrinthGameTests/bin/Debug/LabyrinthGameTests.DLL" adapterTypeName="Microsoft.VisualStudio.TestTools.TestTypes.Unit.UnitTestAdapter, Microsoft.VisualStudio.QualityTools.Tips.UnitTest.Adapter, Version=10.0.0.0, Culture=neutral, PublicKeyToken=b03f5f7f11d50a3a" className="LabyrinthGameTests.GameTests.LabyrinthTest, LabyrinthGameTests, Version=1.0.0.0, Culture=neutral, PublicKeyToken=null" name="TestPlay_MoveRightToBlockedCell_InvalidMoveMEssagePrinted" />
    </UnitTest>
    <UnitTest name="TestCompareTo_Compare9to10_AreEqual" storage="d:\work\courses\hq code\homework\07 - final project - labyrinth\project\labyrinth - refactored\labyrinthgametests\bin\debug\labyrinthgametests.dll" id="6715a518-e19f-1202-bfcf-9b3ed2c7764c">
      <Execution id="97d063e4-7260-4553-a8ed-a7453fb9260f" />
      <TestMethod codeBase="D:/Work/Courses/HQ Code/Homework/07 - Final Project - Labyrinth/Project/Labyrinth - Refactored/LabyrinthGameTests/bin/Debug/LabyrinthGameTests.DLL" adapterTypeName="Microsoft.VisualStudio.TestTools.TestTypes.Unit.UnitTestAdapter, Microsoft.VisualStudio.QualityTools.Tips.UnitTest.Adapter, Version=10.0.0.0, Culture=neutral, PublicKeyToken=b03f5f7f11d50a3a" className="LabyrinthGameTests.UtilitiesTests.ScoreRecordTest, LabyrinthGameTests, Version=1.0.0.0, Culture=neutral, PublicKeyToken=null" name="TestCompareTo_Compare9to10_AreEqual" />
    </UnitTest>
    <UnitTest name="TestIsPlayerPositionInLabyrinthRange_PlayerPositionInRange_ReturnsTrue" storage="d:\work\courses\hq code\homework\07 - final project - labyrinth\project\labyrinth - refactored\labyrinthgametests\bin\debug\labyrinthgametests.dll" id="713c0b70-0cfd-93d0-3ea7-5f2214f3234c">
      <Execution id="506a72c8-9f01-4bb8-8f19-10031d6cd709" />
      <TestMethod codeBase="D:/Work/Courses/HQ Code/Homework/07 - Final Project - Labyrinth/Project/Labyrinth - Refactored/LabyrinthGameTests/bin/Debug/LabyrinthGameTests.DLL" adapterTypeName="Microsoft.VisualStudio.TestTools.TestTypes.Unit.UnitTestAdapter, Microsoft.VisualStudio.QualityTools.Tips.UnitTest.Adapter, Version=10.0.0.0, Culture=neutral, PublicKeyToken=b03f5f7f11d50a3a" className="LabyrinthGameTests.UtilitiesTests.GameUtilitiesTest, LabyrinthGameTests, Version=1.0.0.0, Culture=neutral, PublicKeyToken=null" name="TestIsPlayerPositionInLabyrinthRange_PlayerPositionInRange_ReturnsTrue" />
    </UnitTest>
    <UnitTest name="TestPlay_MoveDownBigLetter_PayerPositionMoved" storage="d:\work\courses\hq code\homework\07 - final project - labyrinth\project\labyrinth - refactored\labyrinthgametests\bin\debug\labyrinthgametests.dll" id="4c9dc7f2-a279-06b2-af66-246e213a7d9e">
      <DeploymentItems>
        <DeploymentItem filename="LabyrinthGame.exe" />
      </DeploymentItems>
      <Execution id="358820fe-f1c9-4cfa-83e3-dc945e60f019" />
      <TestMethod codeBase="D:/Work/Courses/HQ Code/Homework/07 - Final Project - Labyrinth/Project/Labyrinth - Refactored/LabyrinthGameTests/bin/Debug/LabyrinthGameTests.DLL" adapterTypeName="Microsoft.VisualStudio.TestTools.TestTypes.Unit.UnitTestAdapter, Microsoft.VisualStudio.QualityTools.Tips.UnitTest.Adapter, Version=10.0.0.0, Culture=neutral, PublicKeyToken=b03f5f7f11d50a3a" className="LabyrinthGameTests.GameTests.LabyrinthTest, LabyrinthGameTests, Version=1.0.0.0, Culture=neutral, PublicKeyToken=null" name="TestPlay_MoveDownBigLetter_PayerPositionMoved" />
    </UnitTest>
    <UnitTest name="TestPlay_EnterShowScoreboadCommand_MessageScoreBoardIsEmpty" storage="d:\work\courses\hq code\homework\07 - final project - labyrinth\project\labyrinth - refactored\labyrinthgametests\bin\debug\labyrinthgametests.dll" id="dace1836-b1d4-fe0f-9298-ebe2c84c7f98">
      <DeploymentItems>
        <DeploymentItem filename="LabyrinthGame.exe" />
      </DeploymentItems>
      <Execution id="03bad39b-cc53-4e66-99e9-a01f445bf45f" />
      <TestMethod codeBase="D:/Work/Courses/HQ Code/Homework/07 - Final Project - Labyrinth/Project/Labyrinth - Refactored/LabyrinthGameTests/bin/Debug/LabyrinthGameTests.DLL" adapterTypeName="Microsoft.VisualStudio.TestTools.TestTypes.Unit.UnitTestAdapter, Microsoft.VisualStudio.QualityTools.Tips.UnitTest.Adapter, Version=10.0.0.0, Culture=neutral, PublicKeyToken=b03f5f7f11d50a3a" className="LabyrinthGameTests.GameTests.LabyrinthTest, LabyrinthGameTests, Version=1.0.0.0, Culture=neutral, PublicKeyToken=null" name="TestPlay_EnterShowScoreboadCommand_MessageScoreBoardIsEmpty" />
    </UnitTest>
    <UnitTest name="TestInitializeLabyrinthMapInitial_CreateGame7x7_PlayerPositionIsAt3x3" storage="d:\work\courses\hq code\homework\07 - final project - labyrinth\project\labyrinth - refactored\labyrinthgametests\bin\debug\labyrinthgametests.dll" id="7b13643f-7b3e-fa2b-b615-a889ea0f11c0">
      <DeploymentItems>
        <DeploymentItem filename="LabyrinthGame.exe" />
      </DeploymentItems>
      <Execution id="82258da1-85d9-4274-849c-dde35bfea2ca" />
      <TestMethod codeBase="D:/Work/Courses/HQ Code/Homework/07 - Final Project - Labyrinth/Project/Labyrinth - Refactored/LabyrinthGameTests/bin/Debug/LabyrinthGameTests.DLL" adapterTypeName="Microsoft.VisualStudio.TestTools.TestTypes.Unit.UnitTestAdapter, Microsoft.VisualStudio.QualityTools.Tips.UnitTest.Adapter, Version=10.0.0.0, Culture=neutral, PublicKeyToken=b03f5f7f11d50a3a" className="LabyrinthGameTests.GameTests.LabyrinthTest, LabyrinthGameTests, Version=1.0.0.0, Culture=neutral, PublicKeyToken=null" name="TestInitializeLabyrinthMapInitial_CreateGame7x7_PlayerPositionIsAt3x3" />
    </UnitTest>
    <UnitTest name="TestIsHightScore_StoredRecordIs20MaxRecords1_15IsNewHighScore" storage="d:\work\courses\hq code\homework\07 - final project - labyrinth\project\labyrinth - refactored\labyrinthgametests\bin\debug\labyrinthgametests.dll" id="9fa44a34-8ea2-08ba-581a-954033668b64">
      <DeploymentItems>
        <DeploymentItem filename="LabyrinthGame.exe" />
      </DeploymentItems>
      <Execution id="2137c2c4-bbb3-4989-9bc5-4e0987e760c9" />
      <TestMethod codeBase="D:/Work/Courses/HQ Code/Homework/07 - Final Project - Labyrinth/Project/Labyrinth - Refactored/LabyrinthGameTests/bin/Debug/LabyrinthGameTests.DLL" adapterTypeName="Microsoft.VisualStudio.TestTools.TestTypes.Unit.UnitTestAdapter, Microsoft.VisualStudio.QualityTools.Tips.UnitTest.Adapter, Version=10.0.0.0, Culture=neutral, PublicKeyToken=b03f5f7f11d50a3a" className="LabyrinthGameTests.UtilitiesTests.ScoreboardTest, LabyrinthGameTests, Version=1.0.0.0, Culture=neutral, PublicKeyToken=null" name="TestIsHightScore_StoredRecordIs20MaxRecords1_15IsNewHighScore" />
    </UnitTest>
    <UnitTest name="TestAddScore_Store3Rrecords_RecordsSortedAscending" storage="d:\work\courses\hq code\homework\07 - final project - labyrinth\project\labyrinth - refactored\labyrinthgametests\bin\debug\labyrinthgametests.dll" id="7499c3f7-c48f-22d3-cca5-f3e3b40a8316">
      <Execution id="153e856b-ddde-4b89-af75-9e702cbcfd44" />
      <TestMethod codeBase="D:/Work/Courses/HQ Code/Homework/07 - Final Project - Labyrinth/Project/Labyrinth - Refactored/LabyrinthGameTests/bin/Debug/LabyrinthGameTests.DLL" adapterTypeName="Microsoft.VisualStudio.TestTools.TestTypes.Unit.UnitTestAdapter, Microsoft.VisualStudio.QualityTools.Tips.UnitTest.Adapter, Version=10.0.0.0, Culture=neutral, PublicKeyToken=b03f5f7f11d50a3a" className="LabyrinthGameTests.UtilitiesTests.ScoreboardTest, LabyrinthGameTests, Version=1.0.0.0, Culture=neutral, PublicKeyToken=null" name="TestAddScore_Store3Rrecords_RecordsSortedAscending" />
    </UnitTest>
    <UnitTest name="TestIsPlayerPositionAtLabyrintBorder_PlayerPositionNotAtBorder_ReturnsFalse" storage="d:\work\courses\hq code\homework\07 - final project - labyrinth\project\labyrinth - refactored\labyrinthgametests\bin\debug\labyrinthgametests.dll" id="76066b81-f82d-1d12-397c-496e6f1d8345">
      <Execution id="50df99b1-ed25-4875-8705-0dc182f01b40" />
      <TestMethod codeBase="D:/Work/Courses/HQ Code/Homework/07 - Final Project - Labyrinth/Project/Labyrinth - Refactored/LabyrinthGameTests/bin/Debug/LabyrinthGameTests.DLL" adapterTypeName="Microsoft.VisualStudio.TestTools.TestTypes.Unit.UnitTestAdapter, Microsoft.VisualStudio.QualityTools.Tips.UnitTest.Adapter, Version=10.0.0.0, Culture=neutral, PublicKeyToken=b03f5f7f11d50a3a" className="LabyrinthGameTests.UtilitiesTests.GameUtilitiesTest, LabyrinthGameTests, Version=1.0.0.0, Culture=neutral, PublicKeyToken=null" name="TestIsPlayerPositionAtLabyrintBorder_PlayerPositionNotAtBorder_ReturnsFalse" />
    </UnitTest>
    <UnitTest name="TestPlay_EnterInvalidCommand_InvalidMoveMessagePrinted" storage="d:\work\courses\hq code\homework\07 - final project - labyrinth\project\labyrinth - refactored\labyrinthgametests\bin\debug\labyrinthgametests.dll" id="f1ec6272-3070-b419-512b-a1e4a8fe4e2d">
      <DeploymentItems>
        <DeploymentItem filename="LabyrinthGame.exe" />
      </DeploymentItems>
      <Execution id="04d1fba3-808f-40e0-83f7-49223ecea662" />
      <TestMethod codeBase="D:/Work/Courses/HQ Code/Homework/07 - Final Project - Labyrinth/Project/Labyrinth - Refactored/LabyrinthGameTests/bin/Debug/LabyrinthGameTests.DLL" adapterTypeName="Microsoft.VisualStudio.TestTools.TestTypes.Unit.UnitTestAdapter, Microsoft.VisualStudio.QualityTools.Tips.UnitTest.Adapter, Version=10.0.0.0, Culture=neutral, PublicKeyToken=b03f5f7f11d50a3a" className="LabyrinthGameTests.GameTests.LabyrinthTest, LabyrinthGameTests, Version=1.0.0.0, Culture=neutral, PublicKeyToken=null" name="TestPlay_EnterInvalidCommand_InvalidMoveMessagePrinted" />
    </UnitTest>
    <UnitTest name="TestPlay_MoveDownSmallLetter_PayerPositionMoved" storage="d:\work\courses\hq code\homework\07 - final project - labyrinth\project\labyrinth - refactored\labyrinthgametests\bin\debug\labyrinthgametests.dll" id="6e039a8b-4981-3cf9-2aa0-81d781c42dcc">
      <DeploymentItems>
        <DeploymentItem filename="LabyrinthGame.exe" />
      </DeploymentItems>
      <Execution id="da6ca880-fb89-4d7c-b432-c504234f6a8f" />
      <TestMethod codeBase="D:/Work/Courses/HQ Code/Homework/07 - Final Project - Labyrinth/Project/Labyrinth - Refactored/LabyrinthGameTests/bin/Debug/LabyrinthGameTests.DLL" adapterTypeName="Microsoft.VisualStudio.TestTools.TestTypes.Unit.UnitTestAdapter, Microsoft.VisualStudio.QualityTools.Tips.UnitTest.Adapter, Version=10.0.0.0, Culture=neutral, PublicKeyToken=b03f5f7f11d50a3a" className="LabyrinthGameTests.GameTests.LabyrinthTest, LabyrinthGameTests, Version=1.0.0.0, Culture=neutral, PublicKeyToken=null" name="TestPlay_MoveDownSmallLetter_PayerPositionMoved" />
    </UnitTest>
    <UnitTest name="TestPlay_EnterExitCommand_ExitMessagePrinted" storage="d:\work\courses\hq code\homework\07 - final project - labyrinth\project\labyrinth - refactored\labyrinthgametests\bin\debug\labyrinthgametests.dll" id="214b1927-d52b-e8ac-841d-c1e6bd4ae076">
      <DeploymentItems>
        <DeploymentItem filename="LabyrinthGame.exe" />
      </DeploymentItems>
      <Execution id="a9808727-3ecf-44b0-beef-77e6fad69543" />
      <TestMethod codeBase="D:/Work/Courses/HQ Code/Homework/07 - Final Project - Labyrinth/Project/Labyrinth - Refactored/LabyrinthGameTests/bin/Debug/LabyrinthGameTests.DLL" adapterTypeName="Microsoft.VisualStudio.TestTools.TestTypes.Unit.UnitTestAdapter, Microsoft.VisualStudio.QualityTools.Tips.UnitTest.Adapter, Version=10.0.0.0, Culture=neutral, PublicKeyToken=b03f5f7f11d50a3a" className="LabyrinthGameTests.GameTests.LabyrinthTest, LabyrinthGameTests, Version=1.0.0.0, Culture=neutral, PublicKeyToken=null" name="TestPlay_EnterExitCommand_ExitMessagePrinted" />
    </UnitTest>
    <UnitTest name="TestInitializeLabyrinthMap_PlayerPositionColumnInvalid_ArgumnetExceptionThrown" storage="d:\work\courses\hq code\homework\07 - final project - labyrinth\project\labyrinth - refactored\labyrinthgametests\bin\debug\labyrinthgametests.dll" id="4333c246-846f-87ec-8f79-1aea6138bf74">
      <DeploymentItems>
        <DeploymentItem filename="LabyrinthGame.exe" />
      </DeploymentItems>
      <Execution id="c4d9ae5b-3c33-4dfd-95e4-9391c5c2dab4" />
      <TestMethod codeBase="D:/Work/Courses/HQ Code/Homework/07 - Final Project - Labyrinth/Project/Labyrinth - Refactored/LabyrinthGameTests/bin/Debug/LabyrinthGameTests.DLL" adapterTypeName="Microsoft.VisualStudio.TestTools.TestTypes.Unit.UnitTestAdapter, Microsoft.VisualStudio.QualityTools.Tips.UnitTest.Adapter, Version=10.0.0.0, Culture=neutral, PublicKeyToken=b03f5f7f11d50a3a" className="LabyrinthGameTests.GameTests.LabyrinthTest, LabyrinthGameTests, Version=1.0.0.0, Culture=neutral, PublicKeyToken=null" name="TestInitializeLabyrinthMap_PlayerPositionColumnInvalid_ArgumnetExceptionThrown" />
    </UnitTest>
  </TestDefinitions>
  <TestLists>
    <TestList name="Results Not in a List" id="8c84fa94-04c1-424b-9868-57a2d4851a1d" />
    <TestList name="All Loaded Results" id="19431567-8539-422a-85d7-44ee4e166bda" />
  </TestLists>
  <TestEntries>
    <TestEntry testId="00bd6a54-0c67-50ad-3aa8-0ca50676d62e" executionId="1bd79a21-1f5a-4ecd-b3a0-7d4792127a3e" testListId="8c84fa94-04c1-424b-9868-57a2d4851a1d" />
    <TestEntry testId="064f0193-c1d8-2e8b-b130-79f0caf49c6e" executionId="240e2eb2-e28e-4367-880b-159654e33c60" testListId="8c84fa94-04c1-424b-9868-57a2d4851a1d" />
    <TestEntry testId="0b667cbd-7239-05d6-1b37-50841bc3cd9f" executionId="8ae9dbb1-7de7-4363-9d61-ba1fd0ec3476" testListId="8c84fa94-04c1-424b-9868-57a2d4851a1d" />
    <TestEntry testId="1a026f35-fc1c-7df8-925b-44c2c1828454" executionId="353215d9-3dc3-4b5f-9e94-d5bc02265988" testListId="8c84fa94-04c1-424b-9868-57a2d4851a1d" />
    <TestEntry testId="1b5e868f-3fea-98ce-3e7a-e41f41680cf4" executionId="57731474-3d6c-4eed-a642-f05d6ddf39bd" testListId="8c84fa94-04c1-424b-9868-57a2d4851a1d" />
    <TestEntry testId="1e67ba9b-2562-4cf1-1e55-50e120511ade" executionId="f1e27a2a-e820-49a6-87cb-a944145d5029" testListId="8c84fa94-04c1-424b-9868-57a2d4851a1d" />
    <TestEntry testId="214b1927-d52b-e8ac-841d-c1e6bd4ae076" executionId="a9808727-3ecf-44b0-beef-77e6fad69543" testListId="8c84fa94-04c1-424b-9868-57a2d4851a1d" />
    <TestEntry testId="22e6bd7c-3b55-4448-1199-9cac5a3b0180" executionId="eedee7d2-ea36-40f9-9738-af035aa30ecf" testListId="8c84fa94-04c1-424b-9868-57a2d4851a1d" />
    <TestEntry testId="2b2dfcb2-51e3-58fb-dca8-89ce5a6eaef6" executionId="db1fa894-fdf5-400e-9e5b-4e3a2b9531f9" testListId="8c84fa94-04c1-424b-9868-57a2d4851a1d" />
    <TestEntry testId="3838e69d-00fd-0ea4-fd73-6bfd1af3afea" executionId="a4be21b5-af01-4ecc-9ef6-d3ebdbe91056" testListId="8c84fa94-04c1-424b-9868-57a2d4851a1d" />
    <TestEntry testId="38af1b83-75c4-e3d1-f2a9-b8a273fc1f22" executionId="37820090-814b-4073-859c-600cb329e205" testListId="8c84fa94-04c1-424b-9868-57a2d4851a1d" />
    <TestEntry testId="3992ca63-7130-c847-b7ae-3b5960738672" executionId="2534d07e-6c8c-4bae-9c11-565dc69f8869" testListId="8c84fa94-04c1-424b-9868-57a2d4851a1d" />
    <TestEntry testId="41052ae3-bffd-1771-c8af-1d3cf4791f6d" executionId="e3efa3d7-29ff-48e0-a56b-be1eb60e5b2e" testListId="8c84fa94-04c1-424b-9868-57a2d4851a1d" />
    <TestEntry testId="41c5269a-914a-486a-861a-7b2ef5cbc794" executionId="04e192da-6d27-4f72-b7f0-484d32153c26" testListId="8c84fa94-04c1-424b-9868-57a2d4851a1d" />
    <TestEntry testId="4333c246-846f-87ec-8f79-1aea6138bf74" executionId="c4d9ae5b-3c33-4dfd-95e4-9391c5c2dab4" testListId="8c84fa94-04c1-424b-9868-57a2d4851a1d" />
    <TestEntry testId="45b63241-e670-5726-7da5-4fb968c126f9" executionId="cb2fa8a5-5752-48bf-98fd-7a9ce60adbcc" testListId="8c84fa94-04c1-424b-9868-57a2d4851a1d" />
    <TestEntry testId="46104fa5-2c46-cc7c-6a2e-bd156e922eb2" executionId="5f7c4634-f272-49e9-9e00-465140de5aa6" testListId="8c84fa94-04c1-424b-9868-57a2d4851a1d" />
    <TestEntry testId="49468e04-4e1f-fa29-efc0-2ae57ca03016" executionId="c4bc3935-1ac4-45a5-8623-bb2729a59998" testListId="8c84fa94-04c1-424b-9868-57a2d4851a1d" />
    <TestEntry testId="4c9dc7f2-a279-06b2-af66-246e213a7d9e" executionId="358820fe-f1c9-4cfa-83e3-dc945e60f019" testListId="8c84fa94-04c1-424b-9868-57a2d4851a1d" />
    <TestEntry testId="50512e4a-ed0e-d15e-0591-0c76b418b206" executionId="e5c80911-1b05-4f6e-a921-bc5f9b5c73a6" testListId="8c84fa94-04c1-424b-9868-57a2d4851a1d" />
    <TestEntry testId="5a2d4e63-b2f8-1e5d-0e55-70225364168d" executionId="e5c512f5-83ef-43db-b31b-e0a5df7fa3c7" testListId="8c84fa94-04c1-424b-9868-57a2d4851a1d" />
    <TestEntry testId="5be0be29-c1eb-c1b7-0e66-de3c28db121d" executionId="e02f8abd-bc7b-4391-94ef-b48516a664d5" testListId="8c84fa94-04c1-424b-9868-57a2d4851a1d" />
    <TestEntry testId="5c706ee3-0f90-4e95-151d-c3fe84b27731" executionId="f4a88f83-d3b2-4cbc-a561-5275f2da4d60" testListId="8c84fa94-04c1-424b-9868-57a2d4851a1d" />
    <TestEntry testId="5f1ada45-18a8-d38f-7cb1-bf4f0651b576" executionId="1bce53b9-b71e-4574-9613-eb1b100a757c" testListId="8c84fa94-04c1-424b-9868-57a2d4851a1d" />
    <TestEntry testId="602cdad9-a0a6-ef94-4303-f62a00bdf1df" executionId="41cafa7e-81b1-4314-a097-87bcff6833b7" testListId="8c84fa94-04c1-424b-9868-57a2d4851a1d" />
    <TestEntry testId="65ee67f2-dd58-4060-142c-c0be749d9b16" executionId="ab234c8d-e04f-4d3d-a84b-b4579fb7cb21" testListId="8c84fa94-04c1-424b-9868-57a2d4851a1d" />
    <TestEntry testId="6715a518-e19f-1202-bfcf-9b3ed2c7764c" executionId="97d063e4-7260-4553-a8ed-a7453fb9260f" testListId="8c84fa94-04c1-424b-9868-57a2d4851a1d" />
    <TestEntry testId="6aad3772-bac8-73c5-bfcf-1ee6dbdf9735" executionId="4718ead1-787f-466a-9e58-e02656f99744" testListId="8c84fa94-04c1-424b-9868-57a2d4851a1d" />
    <TestEntry testId="6e039a8b-4981-3cf9-2aa0-81d781c42dcc" executionId="da6ca880-fb89-4d7c-b432-c504234f6a8f" testListId="8c84fa94-04c1-424b-9868-57a2d4851a1d" />
    <TestEntry testId="713c0b70-0cfd-93d0-3ea7-5f2214f3234c" executionId="506a72c8-9f01-4bb8-8f19-10031d6cd709" testListId="8c84fa94-04c1-424b-9868-57a2d4851a1d" />
    <TestEntry testId="721ec0ac-a8d8-43f2-8a8a-bbcc23886663" executionId="ebbecce0-0263-4bd0-82e2-a13b49098b65" testListId="8c84fa94-04c1-424b-9868-57a2d4851a1d" />
    <TestEntry testId="7499c3f7-c48f-22d3-cca5-f3e3b40a8316" executionId="153e856b-ddde-4b89-af75-9e702cbcfd44" testListId="8c84fa94-04c1-424b-9868-57a2d4851a1d" />
    <TestEntry testId="76066b81-f82d-1d12-397c-496e6f1d8345" executionId="50df99b1-ed25-4875-8705-0dc182f01b40" testListId="8c84fa94-04c1-424b-9868-57a2d4851a1d" />
    <TestEntry testId="7b13643f-7b3e-fa2b-b615-a889ea0f11c0" executionId="82258da1-85d9-4274-849c-dde35bfea2ca" testListId="8c84fa94-04c1-424b-9868-57a2d4851a1d" />
    <TestEntry testId="8528c068-c927-8fcd-3fda-5720146fa10e" executionId="50871f5f-b97f-4bbc-9b7c-a0369441a2f5" testListId="8c84fa94-04c1-424b-9868-57a2d4851a1d" />
    <TestEntry testId="8e3f5a43-bfe8-046c-4082-39ae6c4c9a1e" executionId="bb2e858a-d6c6-4f50-b6f6-09bfc6e91a5b" testListId="8c84fa94-04c1-424b-9868-57a2d4851a1d" />
    <TestEntry testId="8f4ee49a-65f2-5f91-2221-6d2060b3ff56" executionId="52cb6c3a-8881-4c4f-8ab0-5b230ba9e1f1" testListId="8c84fa94-04c1-424b-9868-57a2d4851a1d" />
    <TestEntry testId="90e9871f-9d88-a960-bbfa-8030c3138bc6" executionId="3c5ff5fd-809b-4cef-831f-d98c2d771654" testListId="8c84fa94-04c1-424b-9868-57a2d4851a1d" />
    <TestEntry testId="913d29b6-05df-d113-ab41-2d9218eac454" executionId="922d32c5-5247-464e-85e7-205879591852" testListId="8c84fa94-04c1-424b-9868-57a2d4851a1d" />
    <TestEntry testId="92e921a1-7413-b8fd-1053-474e571c6556" executionId="72b465ca-48e1-408f-bb3c-8351ad72a1d9" testListId="8c84fa94-04c1-424b-9868-57a2d4851a1d" />
    <TestEntry testId="954a9507-71f0-1157-5fe6-92b68099bc6a" executionId="990bbd90-7a89-45a3-90f0-5fe16df805b0" testListId="8c84fa94-04c1-424b-9868-57a2d4851a1d" />
    <TestEntry testId="966d9dd0-4f82-7bc2-0df0-7ab39e7e8329" executionId="74ee5a95-592f-4dac-9835-5e2bd9d88629" testListId="8c84fa94-04c1-424b-9868-57a2d4851a1d" />
    <TestEntry testId="9fa44a34-8ea2-08ba-581a-954033668b64" executionId="2137c2c4-bbb3-4989-9bc5-4e0987e760c9" testListId="8c84fa94-04c1-424b-9868-57a2d4851a1d" />
    <TestEntry testId="a9d92305-d679-5d67-6ce0-01309c8ee541" executionId="e8a0fbb8-e847-43d7-92e6-2c133f781c26" testListId="8c84fa94-04c1-424b-9868-57a2d4851a1d" />
    <TestEntry testId="ab9469e7-e138-e0e3-4eaf-6e2e5c2ae4e7" executionId="97efb553-d1f0-4d1e-9e23-05972b6096ce" testListId="8c84fa94-04c1-424b-9868-57a2d4851a1d" />
    <TestEntry testId="b302e319-930b-d780-f9c5-e92823bcd7b4" executionId="65f6f10f-1e32-413a-8f36-b9686b5da49a" testListId="8c84fa94-04c1-424b-9868-57a2d4851a1d" />
    <TestEntry testId="b7cc83bd-7d8b-0de1-e188-083382990dd7" executionId="faf5ee01-2a2b-47b3-8d53-9dfcad5b340b" testListId="8c84fa94-04c1-424b-9868-57a2d4851a1d" />
    <TestEntry testId="baf3de5e-87bd-fb43-3072-3eb4c32230b2" executionId="28386882-a0ab-4317-8402-43c42c58d4c4" testListId="8c84fa94-04c1-424b-9868-57a2d4851a1d" />
    <TestEntry testId="c23de7cf-f106-1f98-a5a7-8301c63e027b" executionId="8c81b7e5-0489-4978-874c-f45fc5571343" testListId="8c84fa94-04c1-424b-9868-57a2d4851a1d" />
    <TestEntry testId="c97585c0-8f71-f85d-3b53-0549e1f574eb" executionId="5898bd74-cb9e-4004-b8c9-62e4db592e3e" testListId="8c84fa94-04c1-424b-9868-57a2d4851a1d" />
    <TestEntry testId="c9b26c2e-297c-e8a8-a0e5-1696f280362f" executionId="d17f92f4-25c7-4d34-9a8d-b584f777daa2" testListId="8c84fa94-04c1-424b-9868-57a2d4851a1d" />
    <TestEntry testId="cae6fde2-188b-3999-9c92-fb92695dfff5" executionId="0187c0b8-e572-4ac5-b923-6d3ac82c7c3a" testListId="8c84fa94-04c1-424b-9868-57a2d4851a1d" />
    <TestEntry testId="d1808c95-76b5-27c8-3321-e375fedeaaa9" executionId="798e8886-158b-46fa-a96f-68bbbe90d061" testListId="8c84fa94-04c1-424b-9868-57a2d4851a1d" />
    <TestEntry testId="d2c408e5-b397-bc11-f07c-053ca0d03e3a" executionId="1582c2ef-5c3f-4927-a580-083d0cbaaac6" testListId="8c84fa94-04c1-424b-9868-57a2d4851a1d" />
    <TestEntry testId="d710b5f1-5300-ca8a-5050-32c29ea2c7d1" executionId="86e03905-e4f9-40aa-9e0e-85690007bd35" testListId="8c84fa94-04c1-424b-9868-57a2d4851a1d" />
    <TestEntry testId="d95cc6e9-2b09-0d04-e7ba-8c61df679392" executionId="b3715113-e982-41f4-a34f-caf9eb215cb1" testListId="8c84fa94-04c1-424b-9868-57a2d4851a1d" />
    <TestEntry testId="dace1836-b1d4-fe0f-9298-ebe2c84c7f98" executionId="03bad39b-cc53-4e66-99e9-a01f445bf45f" testListId="8c84fa94-04c1-424b-9868-57a2d4851a1d" />
    <TestEntry testId="db909cf8-1248-5bd3-9f5e-220316039a9a" executionId="967cf58c-3084-4f52-b3b6-e94bce7ac3dd" testListId="8c84fa94-04c1-424b-9868-57a2d4851a1d" />
    <TestEntry testId="ddf84eeb-6e95-7732-7ac8-25baf1256761" executionId="6e058883-fc3a-4eba-963c-f57065c5c9ab" testListId="8c84fa94-04c1-424b-9868-57a2d4851a1d" />
    <TestEntry testId="e0db3463-627c-8ea7-e859-145dd1cf9ba0" executionId="75206968-3635-4176-8c9a-77d0a76d35e3" testListId="8c84fa94-04c1-424b-9868-57a2d4851a1d" />
    <TestEntry testId="e6ac9817-db14-9457-ce43-eb9adaf9a694" executionId="510065bb-06fe-4d11-8444-a0ab422fd3db" testListId="8c84fa94-04c1-424b-9868-57a2d4851a1d" />
    <TestEntry testId="eb63cee3-8d56-4837-8866-0932734f8d54" executionId="daa444f2-32a6-4aa4-8f7a-01a36734c862" testListId="8c84fa94-04c1-424b-9868-57a2d4851a1d" />
    <TestEntry testId="eccffd02-9604-343d-9995-6c981b22e840" executionId="451360ec-226e-4e74-9a11-a09f4d1918e7" testListId="8c84fa94-04c1-424b-9868-57a2d4851a1d" />
    <TestEntry testId="ed5d8d77-c5e9-1de2-8093-76d5b9840371" executionId="ee485bcd-221a-4e01-bfea-0615b91830ea" testListId="8c84fa94-04c1-424b-9868-57a2d4851a1d" />
    <TestEntry testId="f1ec6272-3070-b419-512b-a1e4a8fe4e2d" executionId="04d1fba3-808f-40e0-83f7-49223ecea662" testListId="8c84fa94-04c1-424b-9868-57a2d4851a1d" />
    <TestEntry testId="f8fa6a08-ce3d-ce5f-703b-e05dd9cc971a" executionId="141003b5-b153-4a00-8269-a73f598432b7" testListId="8c84fa94-04c1-424b-9868-57a2d4851a1d" />
    <TestEntry testId="fead4f5b-fc2a-7f9e-fcf8-dbb28f04f839" executionId="4a99aaa3-284f-444f-9b00-3162876349d4" testListId="8c84fa94-04c1-424b-9868-57a2d4851a1d" />
    <TestEntry testId="ff5c0ab6-c317-decd-6cbf-441a801dab6f" executionId="d2ef8328-8645-4122-8c30-9ba0d173b0c0" testListId="8c84fa94-04c1-424b-9868-57a2d4851a1d" />
  </TestEntries>
  <Results>
    <UnitTestResult executionId="1bd79a21-1f5a-4ecd-b3a0-7d4792127a3e" testId="00bd6a54-0c67-50ad-3aa8-0ca50676d62e" testName="TestIsLabyrinthSolvable_LabitynthIsNotSolvable_ReturnsFalse" computerName="SVETLIO-PC" duration="00:00:00.0477178" startTime="2012-07-09T20:07:21.5973969+03:00" endTime="2012-07-09T20:07:22.0965978+03:00" testType="13cdc9d9-ddb5-4fa4-a97d-d965ccfc6d4b" outcome="Passed" testListId="8c84fa94-04c1-424b-9868-57a2d4851a1d" relativeResultsDirectory="1bd79a21-1f5a-4ecd-b3a0-7d4792127a3e">
    </UnitTestResult>
    <UnitTestResult executionId="240e2eb2-e28e-4367-880b-159654e33c60" testId="064f0193-c1d8-2e8b-b130-79f0caf49c6e" testName="TestInitializeLabyrinthMap_CreateGameInvalidColumnsCount_ArgumnetExceptionThrown" computerName="SVETLIO-PC" duration="00:00:00.0340211" startTime="2012-07-09T20:07:22.1121978+03:00" endTime="2012-07-09T20:07:22.1433979+03:00" testType="13cdc9d9-ddb5-4fa4-a97d-d965ccfc6d4b" outcome="Passed" testListId="8c84fa94-04c1-424b-9868-57a2d4851a1d" relativeResultsDirectory="240e2eb2-e28e-4367-880b-159654e33c60">
    </UnitTestResult>
    <UnitTestResult executionId="8ae9dbb1-7de7-4363-9d61-ba1fd0ec3476" testId="0b667cbd-7239-05d6-1b37-50841bc3cd9f" testName="TestInitializeLabyrinthMap_CreateGameInvalidRowsCount_ArgumnetExceptionThrown" computerName="SVETLIO-PC" duration="00:00:00.0027036" startTime="2012-07-09T20:07:22.1589979+03:00" endTime="2012-07-09T20:07:22.1589979+03:00" testType="13cdc9d9-ddb5-4fa4-a97d-d965ccfc6d4b" outcome="Passed" testListId="8c84fa94-04c1-424b-9868-57a2d4851a1d" relativeResultsDirectory="8ae9dbb1-7de7-4363-9d61-ba1fd0ec3476">
    </UnitTestResult>
    <UnitTestResult executionId="353215d9-3dc3-4b5f-9e94-d5bc02265988" testId="1a026f35-fc1c-7df8-925b-44c2c1828454" testName="TestInitializeLabyrinthMap_PlayerPositionRowOutOfRange_ArgumnetExceptionThrown" computerName="SVETLIO-PC" duration="00:00:00.0035685" startTime="2012-07-09T20:07:22.1745979+03:00" endTime="2012-07-09T20:07:22.1901979+03:00" testType="13cdc9d9-ddb5-4fa4-a97d-d965ccfc6d4b" outcome="Passed" testListId="8c84fa94-04c1-424b-9868-57a2d4851a1d" relativeResultsDirectory="353215d9-3dc3-4b5f-9e94-d5bc02265988">
    </UnitTestResult>
    <UnitTestResult executionId="57731474-3d6c-4eed-a642-f05d6ddf39bd" testId="1b5e868f-3fea-98ce-3e7a-e41f41680cf4" testName="TestInitializeLabyrinthMap_CreateGame7x7_LabyrinthSizeIs7Rows" computerName="SVETLIO-PC" duration="00:00:00.0361379" startTime="2012-07-09T20:07:22.1901979+03:00" endTime="2012-07-09T20:07:22.2369980+03:00" testType="13cdc9d9-ddb5-4fa4-a97d-d965ccfc6d4b" outcome="Passed" testListId="8c84fa94-04c1-424b-9868-57a2d4851a1d" relativeResultsDirectory="57731474-3d6c-4eed-a642-f05d6ddf39bd">
      <Output>
        <StdOut>Welcome to “Labirinth” game. Please try to escape. Use 'top' to view the top scoreboard, 'restart' to start a new game and 'exit' to quit the game.
- - - X X X - 
X X - - - - - 
- - - X - - - 
- - X * - - - 
X - X X X - X 
- - - X X X X 
- X X - - X -</StdOut>
      </Output>
    </UnitTestResult>
    <UnitTestResult executionId="f1e27a2a-e820-49a6-87cb-a944145d5029" testId="1e67ba9b-2562-4cf1-1e55-50e120511ade" testName="TestPlay_MoveRightSmallLetter_PayerPositionMoved" computerName="SVETLIO-PC" duration="00:00:00.0248399" startTime="2012-07-09T20:07:22.2369980+03:00" endTime="2012-07-09T20:07:22.2681981+03:00" testType="13cdc9d9-ddb5-4fa4-a97d-d965ccfc6d4b" outcome="Passed" testListId="8c84fa94-04c1-424b-9868-57a2d4851a1d" relativeResultsDirectory="f1e27a2a-e820-49a6-87cb-a944145d5029">
      <Output>
        <StdOut>Welcome to “Labirinth” game. Please try to escape. Use 'top' to view the top scoreboard, 'restart' to start a new game and 'exit' to quit the game.
- - - - X - - 
- X X X - X - 
X X - - - - - 
- - X * - X - 
- - - X - - - 
X - - X - - - 
- - - - X - -</StdOut>
      </Output>
    </UnitTestResult>
    <UnitTestResult executionId="a9808727-3ecf-44b0-beef-77e6fad69543" testId="214b1927-d52b-e8ac-841d-c1e6bd4ae076" testName="TestPlay_EnterExitCommand_ExitMessagePrinted" computerName="SVETLIO-PC" duration="00:00:00.0007647" startTime="2012-07-09T20:07:22.2681981+03:00" endTime="2012-07-09T20:07:22.2837981+03:00" testType="13cdc9d9-ddb5-4fa4-a97d-d965ccfc6d4b" outcome="Passed" testListId="8c84fa94-04c1-424b-9868-57a2d4851a1d" relativeResultsDirectory="a9808727-3ecf-44b0-beef-77e6fad69543">
      <Output>
        <StdOut>Welcome to “Labirinth” game. Please try to escape. Use 'top' to view the top scoreboard, 'restart' to start a new game and 'exit' to quit the game.
X - - X - - - 
- X X X X X X 
- X - - X X - 
- X - * X - - 
X X - X X - X 
- - - X X X X 
- X X - - - X</StdOut>
      </Output>
    </UnitTestResult>
    <UnitTestResult executionId="eedee7d2-ea36-40f9-9738-af035aa30ecf" testId="22e6bd7c-3b55-4448-1199-9cac5a3b0180" testName="TestPlay_MoveUpToBlockedCell_InvalidMoveMEssagePrinted" computerName="SVETLIO-PC" duration="00:00:00.0023756" startTime="2012-07-09T20:07:22.2837981+03:00" endTime="2012-07-09T20:07:22.2993981+03:00" testType="13cdc9d9-ddb5-4fa4-a97d-d965ccfc6d4b" outcome="Passed" testListId="8c84fa94-04c1-424b-9868-57a2d4851a1d" relativeResultsDirectory="eedee7d2-ea36-40f9-9738-af035aa30ecf">
      <Output>
        <StdOut>Welcome to “Labirinth” game. Please try to escape. Use 'top' to view the top scoreboard, 'restart' to start a new game and 'exit' to quit the game.
X X X X X - X 
X - - X - - X 
X X - - - - - 
X - X * - - - 
- - X X X X - 
- X - - - - X 
X X X X - X -</StdOut>
      </Output>
    </UnitTestResult>
    <UnitTestResult executionId="db1fa894-fdf5-400e-9e5b-4e3a2b9531f9" testId="2b2dfcb2-51e3-58fb-dca8-89ce5a6eaef6" testName="TestIsPlayerPositionAtLabyrintBorder_PlayerPositionAtBottomBorder_ReturnsTrue" computerName="SVETLIO-PC" duration="00:00:00.0004221" startTime="2012-07-09T20:07:22.2993981+03:00" endTime="2012-07-09T20:07:22.3149982+03:00" testType="13cdc9d9-ddb5-4fa4-a97d-d965ccfc6d4b" outcome="Passed" testListId="8c84fa94-04c1-424b-9868-57a2d4851a1d" relativeResultsDirectory="db1fa894-fdf5-400e-9e5b-4e3a2b9531f9">
    </UnitTestResult>
    <UnitTestResult executionId="a4be21b5-af01-4ecc-9ef6-d3ebdbe91056" testId="3838e69d-00fd-0ea4-fd73-6bfd1af3afea" testName="TestPlay_MoveUpSmallLetter_PayerPositionMoved" computerName="SVETLIO-PC" duration="00:00:00.0010064" startTime="2012-07-09T20:07:22.3149982+03:00" endTime="2012-07-09T20:07:22.3149982+03:00" testType="13cdc9d9-ddb5-4fa4-a97d-d965ccfc6d4b" outcome="Passed" testListId="8c84fa94-04c1-424b-9868-57a2d4851a1d" relativeResultsDirectory="a4be21b5-af01-4ecc-9ef6-d3ebdbe91056">
      <Output>
        <StdOut>Welcome to “Labirinth” game. Please try to escape. Use 'top' to view the top scoreboard, 'restart' to start a new game and 'exit' to quit the game.
X - X - - - - 
X - - X X - X 
X X - - X X - 
X - - * X - - 
- X X - - - X 
X X - - - X - 
X - - X X X X</StdOut>
      </Output>
    </UnitTestResult>
    <UnitTestResult executionId="37820090-814b-4073-859c-600cb329e205" testId="38af1b83-75c4-e3d1-f2a9-b8a273fc1f22" testName="TestCheckLabyrinthMapValidity_InvalidLabyrinthMapObject_ThrownException" computerName="SVETLIO-PC" duration="00:00:00.0032229" startTime="2012-07-09T20:07:22.3305982+03:00" endTime="2012-07-09T20:07:22.3305982+03:00" testType="13cdc9d9-ddb5-4fa4-a97d-d965ccfc6d4b" outcome="Passed" testListId="8c84fa94-04c1-424b-9868-57a2d4851a1d" relativeResultsDirectory="37820090-814b-4073-859c-600cb329e205">
    </UnitTestResult>
    <UnitTestResult executionId="2534d07e-6c8c-4bae-9c11-565dc69f8869" testId="3992ca63-7130-c847-b7ae-3b5960738672" testName="TestInitializeLabyrinthMap_CreateGame7x7_LabyrinthSizeIs7Columns" computerName="SVETLIO-PC" duration="00:00:00.0012044" startTime="2012-07-09T20:07:22.3461982+03:00" endTime="2012-07-09T20:07:22.3461982+03:00" testType="13cdc9d9-ddb5-4fa4-a97d-d965ccfc6d4b" outcome="Passed" testListId="8c84fa94-04c1-424b-9868-57a2d4851a1d" relativeResultsDirectory="2534d07e-6c8c-4bae-9c11-565dc69f8869">
      <Output>
        <StdOut>Welcome to “Labirinth” game. Please try to escape. Use 'top' to view the top scoreboard, 'restart' to start a new game and 'exit' to quit the game.
- - X X - - - 
- - X - - - X 
X - - X - X X 
- - - * - X X 
- X - - - X X 
- X - - X - X 
X X - - - - -</StdOut>
      </Output>
    </UnitTestResult>
    <UnitTestResult executionId="e3efa3d7-29ff-48e0-a56b-be1eb60e5b2e" testId="41052ae3-bffd-1771-c8af-1d3cf4791f6d" testName="TestIsPlayerPositionAtLabyrintBorder_PlayerPositionAtTopBorder_ReturnsTrue" computerName="SVETLIO-PC" duration="00:00:00.0004071" startTime="2012-07-09T20:07:22.3617982+03:00" endTime="2012-07-09T20:07:22.3617982+03:00" testType="13cdc9d9-ddb5-4fa4-a97d-d965ccfc6d4b" outcome="Passed" testListId="8c84fa94-04c1-424b-9868-57a2d4851a1d" relativeResultsDirectory="e3efa3d7-29ff-48e0-a56b-be1eb60e5b2e">
    </UnitTestResult>
    <UnitTestResult executionId="04e192da-6d27-4f72-b7f0-484d32153c26" testId="41c5269a-914a-486a-861a-7b2ef5cbc794" testName="TestIsHightScore_StoredRecordIs10MaxRecords1_15IsNotNewHighScore" computerName="SVETLIO-PC" duration="00:00:00.0061199" startTime="2012-07-09T20:07:22.3617982+03:00" endTime="2012-07-09T20:07:22.3773983+03:00" testType="13cdc9d9-ddb5-4fa4-a97d-d965ccfc6d4b" outcome="Passed" testListId="8c84fa94-04c1-424b-9868-57a2d4851a1d" relativeResultsDirectory="04e192da-6d27-4f72-b7f0-484d32153c26">
    </UnitTestResult>
    <UnitTestResult executionId="c4d9ae5b-3c33-4dfd-95e4-9391c5c2dab4" testId="4333c246-846f-87ec-8f79-1aea6138bf74" testName="TestInitializeLabyrinthMap_PlayerPositionColumnInvalid_ArgumnetExceptionThrown" computerName="SVETLIO-PC" duration="00:00:00.0038653" startTime="2012-07-09T20:07:22.3773983+03:00" endTime="2012-07-09T20:07:22.3929983+03:00" testType="13cdc9d9-ddb5-4fa4-a97d-d965ccfc6d4b" outcome="Passed" testListId="8c84fa94-04c1-424b-9868-57a2d4851a1d" relativeResultsDirectory="c4d9ae5b-3c33-4dfd-95e4-9391c5c2dab4">
    </UnitTestResult>
    <UnitTestResult executionId="cb2fa8a5-5752-48bf-98fd-7a9ce60adbcc" testId="45b63241-e670-5726-7da5-4fb968c126f9" testName="TestPlay_MoveDownToBlockedCell_InvalidMoveMEssagePrinted" computerName="SVETLIO-PC" duration="00:00:00.0021300" startTime="2012-07-09T20:07:22.3929983+03:00" endTime="2012-07-09T20:07:22.4085983+03:00" testType="13cdc9d9-ddb5-4fa4-a97d-d965ccfc6d4b" outcome="Passed" testListId="8c84fa94-04c1-424b-9868-57a2d4851a1d" relativeResultsDirectory="cb2fa8a5-5752-48bf-98fd-7a9ce60adbcc">
      <Output>
        <StdOut>Welcome to “Labirinth” game. Please try to escape. Use 'top' to view the top scoreboard, 'restart' to start a new game and 'exit' to quit the game.
X X X - - - X 
- X - - X X - 
X - - X - X X 
- X X * - - - 
- X - X - X - 
X - X X X X - 
- X - X - - -</StdOut>
      </Output>
    </UnitTestResult>
    <UnitTestResult executionId="5f7c4634-f272-49e9-9e00-465140de5aa6" testId="46104fa5-2c46-cc7c-6a2e-bd156e922eb2" testName="TestIsPlayerPositionAtLabyrintBorder_PlayerPositionAtLeftBorder_ReturnsTrue" computerName="SVETLIO-PC" duration="00:00:00.0006933" startTime="2012-07-09T20:07:22.4085983+03:00" endTime="2012-07-09T20:07:22.4085983+03:00" testType="13cdc9d9-ddb5-4fa4-a97d-d965ccfc6d4b" outcome="Passed" testListId="8c84fa94-04c1-424b-9868-57a2d4851a1d" relativeResultsDirectory="5f7c4634-f272-49e9-9e00-465140de5aa6">
    </UnitTestResult>
    <UnitTestResult executionId="c4bc3935-1ac4-45a5-8623-bb2729a59998" testId="49468e04-4e1f-fa29-efc0-2ae57ca03016" testName="TestCompareTo_CompareWrongObject_ExpectedExcetion" computerName="SVETLIO-PC" duration="00:00:00.0022143" startTime="2012-07-09T20:07:22.4241983+03:00" endTime="2012-07-09T20:07:22.4241983+03:00" testType="13cdc9d9-ddb5-4fa4-a97d-d965ccfc6d4b" outcome="Passed" testListId="8c84fa94-04c1-424b-9868-57a2d4851a1d" relativeResultsDirectory="c4bc3935-1ac4-45a5-8623-bb2729a59998">
    </UnitTestResult>
    <UnitTestResult executionId="358820fe-f1c9-4cfa-83e3-dc945e60f019" testId="4c9dc7f2-a279-06b2-af66-246e213a7d9e" testName="TestPlay_MoveDownBigLetter_PayerPositionMoved" computerName="SVETLIO-PC" duration="00:00:00.0011189" startTime="2012-07-09T20:07:22.4397984+03:00" endTime="2012-07-09T20:07:22.4397984+03:00" testType="13cdc9d9-ddb5-4fa4-a97d-d965ccfc6d4b" outcome="Passed" testListId="8c84fa94-04c1-424b-9868-57a2d4851a1d" relativeResultsDirectory="358820fe-f1c9-4cfa-83e3-dc945e60f019">
      <Output>
        <StdOut>Welcome to “Labirinth” game. Please try to escape. Use 'top' to view the top scoreboard, 'restart' to start a new game and 'exit' to quit the game.
- X - X X - - 
- X - X X X X 
- - X X X X - 
- - X * X X X 
X X X - - - - 
- X - - - - - 
- - X X - X -</StdOut>
      </Output>
    </UnitTestResult>
    <UnitTestResult executionId="e5c80911-1b05-4f6e-a921-bc5f9b5c73a6" testId="50512e4a-ed0e-d15e-0591-0c76b418b206" testName="TestIsPlayerPositionInLabyrinthRange_PlayerPositionAtTopBorder_ReturnsTrue" computerName="SVETLIO-PC" duration="00:00:00.0004572" startTime="2012-07-09T20:07:22.4397984+03:00" endTime="2012-07-09T20:07:22.4553984+03:00" testType="13cdc9d9-ddb5-4fa4-a97d-d965ccfc6d4b" outcome="Passed" testListId="8c84fa94-04c1-424b-9868-57a2d4851a1d" relativeResultsDirectory="e5c80911-1b05-4f6e-a921-bc5f9b5c73a6">
    </UnitTestResult>
    <UnitTestResult executionId="e5c512f5-83ef-43db-b31b-e0a5df7fa3c7" testId="5a2d4e63-b2f8-1e5d-0e55-70225364168d" testName="TestCheckPlayerPositionValidityInLabyrinthMap_InvalidPlayerPositionObject_ThrownException" computerName="SVETLIO-PC" duration="00:00:00.0033106" startTime="2012-07-09T20:07:22.4553984+03:00" endTime="2012-07-09T20:07:22.4709984+03:00" testType="13cdc9d9-ddb5-4fa4-a97d-d965ccfc6d4b" outcome="Passed" testListId="8c84fa94-04c1-424b-9868-57a2d4851a1d" relativeResultsDirectory="e5c512f5-83ef-43db-b31b-e0a5df7fa3c7">
    </UnitTestResult>
    <UnitTestResult executionId="e02f8abd-bc7b-4391-94ef-b48516a664d5" testId="5be0be29-c1eb-c1b7-0e66-de3c28db121d" testName="TestGetResourceValue_ReadValidResource_ResourceValueReturned" computerName="SVETLIO-PC" duration="00:00:00.0005688" startTime="2012-07-09T20:07:22.4709984+03:00" endTime="2012-07-09T20:07:22.4709984+03:00" testType="13cdc9d9-ddb5-4fa4-a97d-d965ccfc6d4b" outcome="Passed" testListId="8c84fa94-04c1-424b-9868-57a2d4851a1d" relativeResultsDirectory="e02f8abd-bc7b-4391-94ef-b48516a664d5">
    </UnitTestResult>
    <UnitTestResult executionId="f4a88f83-d3b2-4cbc-a561-5275f2da4d60" testId="5c706ee3-0f90-4e95-151d-c3fe84b27731" testName="TestCompareTo_Compare10to9_SecondIsHigher" computerName="SVETLIO-PC" duration="00:00:00.0004576" startTime="2012-07-09T20:07:22.4865985+03:00" endTime="2012-07-09T20:07:22.4865985+03:00" testType="13cdc9d9-ddb5-4fa4-a97d-d965ccfc6d4b" outcome="Passed" testListId="8c84fa94-04c1-424b-9868-57a2d4851a1d" relativeResultsDirectory="f4a88f83-d3b2-4cbc-a561-5275f2da4d60">
    </UnitTestResult>
    <UnitTestResult executionId="1bce53b9-b71e-4574-9613-eb1b100a757c" testId="5f1ada45-18a8-d38f-7cb1-bf4f0651b576" testName="TestPrintLabyrinth_CreateGame7x7_DisplayLabyrinthMap" computerName="SVETLIO-PC" duration="00:00:00.0016848" startTime="2012-07-09T20:07:22.4865985+03:00" endTime="2012-07-09T20:07:22.5021985+03:00" testType="13cdc9d9-ddb5-4fa4-a97d-d965ccfc6d4b" outcome="Passed" testListId="8c84fa94-04c1-424b-9868-57a2d4851a1d" relativeResultsDirectory="1bce53b9-b71e-4574-9613-eb1b100a757c">
      <Output>
        <StdOut>Welcome to “Labirinth” game. Please try to escape. Use 'top' to view the top scoreboard, 'restart' to start a new game and 'exit' to quit the game.
X - X - X X X 
- X - - X X - 
X X X - X - - 
X X X * X X - 
- X X - - X - 
X X X - - - - 
X X X - - X -</StdOut>
      </Output>
    </UnitTestResult>
    <UnitTestResult executionId="41cafa7e-81b1-4314-a097-87bcff6833b7" testId="602cdad9-a0a6-ef94-4303-f62a00bdf1df" testName="TestCompareTo_Compare10to9_FirstIsHigher" computerName="SVETLIO-PC" duration="00:00:00.0004273" startTime="2012-07-09T20:07:22.5021985+03:00" endTime="2012-07-09T20:07:22.5177985+03:00" testType="13cdc9d9-ddb5-4fa4-a97d-d965ccfc6d4b" outcome="Passed" testListId="8c84fa94-04c1-424b-9868-57a2d4851a1d" relativeResultsDirectory="41cafa7e-81b1-4314-a097-87bcff6833b7">
    </UnitTestResult>
    <UnitTestResult executionId="ab234c8d-e04f-4d3d-a84b-b4579fb7cb21" testId="65ee67f2-dd58-4060-142c-c0be749d9b16" testName="TestIsPlayerPositionAtLabyrintBorder_PlayerPositionAtRightBorder_ReturnsTrue" computerName="SVETLIO-PC" duration="00:00:00.0006279" startTime="2012-07-09T20:07:22.5177985+03:00" endTime="2012-07-09T20:07:22.5177985+03:00" testType="13cdc9d9-ddb5-4fa4-a97d-d965ccfc6d4b" outcome="Passed" testListId="8c84fa94-04c1-424b-9868-57a2d4851a1d" relativeResultsDirectory="ab234c8d-e04f-4d3d-a84b-b4579fb7cb21">
    </UnitTestResult>
    <UnitTestResult executionId="97d063e4-7260-4553-a8ed-a7453fb9260f" testId="6715a518-e19f-1202-bfcf-9b3ed2c7764c" testName="TestCompareTo_Compare9to10_AreEqual" computerName="SVETLIO-PC" duration="00:00:00.0004238" startTime="2012-07-09T20:07:22.5177985+03:00" endTime="2012-07-09T20:07:22.5333985+03:00" testType="13cdc9d9-ddb5-4fa4-a97d-d965ccfc6d4b" outcome="Passed" testListId="8c84fa94-04c1-424b-9868-57a2d4851a1d" relativeResultsDirectory="97d063e4-7260-4553-a8ed-a7453fb9260f">
    </UnitTestResult>
    <UnitTestResult executionId="4718ead1-787f-466a-9e58-e02656f99744" testId="6aad3772-bac8-73c5-bfcf-1ee6dbdf9735" testName="TestPlay_MoveLeftSmallLetter_PayerPositionMoved" computerName="SVETLIO-PC" duration="00:00:00.0017968" startTime="2012-07-09T20:07:22.5333985+03:00" endTime="2012-07-09T20:07:22.5489986+03:00" testType="13cdc9d9-ddb5-4fa4-a97d-d965ccfc6d4b" outcome="Passed" testListId="8c84fa94-04c1-424b-9868-57a2d4851a1d" relativeResultsDirectory="4718ead1-787f-466a-9e58-e02656f99744">
      <Output>
        <StdOut>Welcome to “Labirinth” game. Please try to escape. Use 'top' to view the top scoreboard, 'restart' to start a new game and 'exit' to quit the game.
- X X - X X X 
- - - X X X X 
X - - - X - X 
- X X * - - - 
- - - X - - - 
X X X - X - - 
X X - X - X X</StdOut>
      </Output>
    </UnitTestResult>
    <UnitTestResult executionId="da6ca880-fb89-4d7c-b432-c504234f6a8f" testId="6e039a8b-4981-3cf9-2aa0-81d781c42dcc" testName="TestPlay_MoveDownSmallLetter_PayerPositionMoved" computerName="SVETLIO-PC" duration="00:00:00.0014743" startTime="2012-07-09T20:07:22.5489986+03:00" endTime="2012-07-09T20:07:22.5645986+03:00" testType="13cdc9d9-ddb5-4fa4-a97d-d965ccfc6d4b" outcome="Passed" testListId="8c84fa94-04c1-424b-9868-57a2d4851a1d" relativeResultsDirectory="da6ca880-fb89-4d7c-b432-c504234f6a8f">
      <Output>
        <StdOut>Welcome to “Labirinth” game. Please try to escape. Use 'top' to view the top scoreboard, 'restart' to start a new game and 'exit' to quit the game.
- X X - X X X 
- - - X X X X 
X - - - X - X 
- X X * - - - 
- - - X - - - 
X X X - X - - 
X X - X - X X</StdOut>
      </Output>
    </UnitTestResult>
    <UnitTestResult executionId="506a72c8-9f01-4bb8-8f19-10031d6cd709" testId="713c0b70-0cfd-93d0-3ea7-5f2214f3234c" testName="TestIsPlayerPositionInLabyrinthRange_PlayerPositionInRange_ReturnsTrue" computerName="SVETLIO-PC" duration="00:00:00.0005359" startTime="2012-07-09T20:07:22.5645986+03:00" endTime="2012-07-09T20:07:22.5645986+03:00" testType="13cdc9d9-ddb5-4fa4-a97d-d965ccfc6d4b" outcome="Passed" testListId="8c84fa94-04c1-424b-9868-57a2d4851a1d" relativeResultsDirectory="506a72c8-9f01-4bb8-8f19-10031d6cd709">
    </UnitTestResult>
    <UnitTestResult executionId="ebbecce0-0263-4bd0-82e2-a13b49098b65" testId="721ec0ac-a8d8-43f2-8a8a-bbcc23886663" testName="TestIsHightScore_StoredRecordIs2MaxRecords5_5IsNewHighScore" computerName="SVETLIO-PC" duration="00:00:00.0005611" startTime="2012-07-09T20:07:22.5801986+03:00" endTime="2012-07-09T20:07:22.5801986+03:00" testType="13cdc9d9-ddb5-4fa4-a97d-d965ccfc6d4b" outcome="Passed" testListId="8c84fa94-04c1-424b-9868-57a2d4851a1d" relativeResultsDirectory="ebbecce0-0263-4bd0-82e2-a13b49098b65">
    </UnitTestResult>
    <UnitTestResult executionId="153e856b-ddde-4b89-af75-9e702cbcfd44" testId="7499c3f7-c48f-22d3-cca5-f3e3b40a8316" testName="TestAddScore_Store3Rrecords_RecordsSortedAscending" computerName="SVETLIO-PC" duration="00:00:00.0023375" startTime="2012-07-09T20:07:22.5801986+03:00" endTime="2012-07-09T20:07:22.5957986+03:00" testType="13cdc9d9-ddb5-4fa4-a97d-d965ccfc6d4b" outcome="Passed" testListId="8c84fa94-04c1-424b-9868-57a2d4851a1d" relativeResultsDirectory="153e856b-ddde-4b89-af75-9e702cbcfd44">
    </UnitTestResult>
    <UnitTestResult executionId="50df99b1-ed25-4875-8705-0dc182f01b40" testId="76066b81-f82d-1d12-397c-496e6f1d8345" testName="TestIsPlayerPositionAtLabyrintBorder_PlayerPositionNotAtBorder_ReturnsFalse" computerName="SVETLIO-PC" duration="00:00:00.0004080" startTime="2012-07-09T20:07:22.5957986+03:00" endTime="2012-07-09T20:07:22.5957986+03:00" testType="13cdc9d9-ddb5-4fa4-a97d-d965ccfc6d4b" outcome="Passed" testListId="8c84fa94-04c1-424b-9868-57a2d4851a1d" relativeResultsDirectory="50df99b1-ed25-4875-8705-0dc182f01b40">
    </UnitTestResult>
    <UnitTestResult executionId="82258da1-85d9-4274-849c-dde35bfea2ca" testId="7b13643f-7b3e-fa2b-b615-a889ea0f11c0" testName="TestInitializeLabyrinthMapInitial_CreateGame7x7_PlayerPositionIsAt3x3" computerName="SVETLIO-PC" duration="00:00:00.0008306" startTime="2012-07-09T20:07:22.6113987+03:00" endTime="2012-07-09T20:07:22.6113987+03:00" testType="13cdc9d9-ddb5-4fa4-a97d-d965ccfc6d4b" outcome="Passed" testListId="8c84fa94-04c1-424b-9868-57a2d4851a1d" relativeResultsDirectory="82258da1-85d9-4274-849c-dde35bfea2ca">
      <Output>
        <StdOut>Welcome to “Labirinth” game. Please try to escape. Use 'top' to view the top scoreboard, 'restart' to start a new game and 'exit' to quit the game.
X - X - X X X 
- - - X - X X 
- X X X X - X 
- - X * X X X 
- - - - - X - 
X - - X - X X 
- X - - - X X</StdOut>
      </Output>
    </UnitTestResult>
    <UnitTestResult executionId="50871f5f-b97f-4bbc-9b7c-a0369441a2f5" testId="8528c068-c927-8fcd-3fda-5720146fa10e" testName="TestPlay_MoveRightBigLetter_PayerPositionMoved" computerName="SVETLIO-PC" duration="00:00:00.0016612" startTime="2012-07-09T20:07:22.6113987+03:00" endTime="2012-07-09T20:07:22.6269987+03:00" testType="13cdc9d9-ddb5-4fa4-a97d-d965ccfc6d4b" outcome="Passed" testListId="8c84fa94-04c1-424b-9868-57a2d4851a1d" relativeResultsDirectory="50871f5f-b97f-4bbc-9b7c-a0369441a2f5">
      <Output>
        <StdOut>Welcome to “Labirinth” game. Please try to escape. Use 'top' to view the top scoreboard, 'restart' to start a new game and 'exit' to quit the game.
X X - X - X X 
- - - - - X - 
- X - X X - X 
- X - * - - X 
X - X - - - X 
- - X - - - - 
- X X X X X -</StdOut>
      </Output>
    </UnitTestResult>
    <UnitTestResult executionId="bb2e858a-d6c6-4f50-b6f6-09bfc6e91a5b" testId="8e3f5a43-bfe8-046c-4082-39ae6c4c9a1e" testName="TestInitializeLabyrinthMap_PlayerPositionRowInvalid_ArgumnetExceptionThrown" computerName="SVETLIO-PC" duration="00:00:00.0028764" startTime="2012-07-09T20:07:22.6269987+03:00" endTime="2012-07-09T20:07:22.6425987+03:00" testType="13cdc9d9-ddb5-4fa4-a97d-d965ccfc6d4b" outcome="Passed" testListId="8c84fa94-04c1-424b-9868-57a2d4851a1d" relativeResultsDirectory="bb2e858a-d6c6-4f50-b6f6-09bfc6e91a5b">
    </UnitTestResult>
    <UnitTestResult executionId="52cb6c3a-8881-4c4f-8ab0-5b230ba9e1f1" testId="8f4ee49a-65f2-5f91-2221-6d2060b3ff56" testName="TestPlay_MoveRightToBlockedCell_InvalidMoveMEssagePrinted" computerName="SVETLIO-PC" duration="00:00:00.0012729" startTime="2012-07-09T20:07:22.6425987+03:00" endTime="2012-07-09T20:07:22.6425987+03:00" testType="13cdc9d9-ddb5-4fa4-a97d-d965ccfc6d4b" outcome="Passed" testListId="8c84fa94-04c1-424b-9868-57a2d4851a1d" relativeResultsDirectory="52cb6c3a-8881-4c4f-8ab0-5b230ba9e1f1">
      <Output>
        <StdOut>Welcome to “Labirinth” game. Please try to escape. Use 'top' to view the top scoreboard, 'restart' to start a new game and 'exit' to quit the game.
X - X - X X X 
X X X X - X X 
X - X - - - X 
X - - * X - - 
X - - - X - X 
X X - - X X - 
- - - X X X X</StdOut>
      </Output>
    </UnitTestResult>
    <UnitTestResult executionId="3c5ff5fd-809b-4cef-831f-d98c2d771654" testId="90e9871f-9d88-a960-bbfa-8030c3138bc6" testName="TestIsLabyrinthSolvable_LabitynthWithManyExits_ReturnsTrue" computerName="SVETLIO-PC" duration="00:00:00.0006484" startTime="2012-07-09T20:07:22.6581988+03:00" endTime="2012-07-09T20:07:22.6581988+03:00" testType="13cdc9d9-ddb5-4fa4-a97d-d965ccfc6d4b" outcome="Passed" testListId="8c84fa94-04c1-424b-9868-57a2d4851a1d" relativeResultsDirectory="3c5ff5fd-809b-4cef-831f-d98c2d771654">
    </UnitTestResult>
    <UnitTestResult executionId="922d32c5-5247-464e-85e7-205879591852" testId="913d29b6-05df-d113-ab41-2d9218eac454" testName="TestIsLabyrinthSolvable_LabitynthWithOneExit_ReturnsTrue" computerName="SVETLIO-PC" duration="00:00:00.0005051" startTime="2012-07-09T20:07:22.6581988+03:00" endTime="2012-07-09T20:07:22.6737988+03:00" testType="13cdc9d9-ddb5-4fa4-a97d-d965ccfc6d4b" outcome="Passed" testListId="8c84fa94-04c1-424b-9868-57a2d4851a1d" relativeResultsDirectory="922d32c5-5247-464e-85e7-205879591852">
    </UnitTestResult>
    <UnitTestResult executionId="72b465ca-48e1-408f-bb3c-8351ad72a1d9" testId="92e921a1-7413-b8fd-1053-474e571c6556" testName="TestScoreRecordConstructor_CreateInvalidRecord_ExpectedExcetion" computerName="SVETLIO-PC" duration="00:00:00.0009448" startTime="2012-07-09T20:07:22.6737988+03:00" endTime="2012-07-09T20:07:22.6893988+03:00" testType="13cdc9d9-ddb5-4fa4-a97d-d965ccfc6d4b" outcome="Passed" testListId="8c84fa94-04c1-424b-9868-57a2d4851a1d" relativeResultsDirectory="72b465ca-48e1-408f-bb3c-8351ad72a1d9">
    </UnitTestResult>
    <UnitTestResult executionId="990bbd90-7a89-45a3-90f0-5fe16df805b0" testId="954a9507-71f0-1157-5fe6-92b68099bc6a" testName="TestPrintScoreboard_EmptyList_EmptyScoreboardPrinted" computerName="SVETLIO-PC" duration="00:00:00.0033829" startTime="2012-07-09T20:07:22.6893988+03:00" endTime="2012-07-09T20:07:22.7049988+03:00" testType="13cdc9d9-ddb5-4fa4-a97d-d965ccfc6d4b" outcome="Passed" testListId="8c84fa94-04c1-424b-9868-57a2d4851a1d" relativeResultsDirectory="990bbd90-7a89-45a3-90f0-5fe16df805b0">
    </UnitTestResult>
    <UnitTestResult executionId="74ee5a95-592f-4dac-9835-5e2bd9d88629" testId="966d9dd0-4f82-7bc2-0df0-7ab39e7e8329" testName="TestPlay_MoveLeftBigLetter_PayerPositionMoved" computerName="SVETLIO-PC" duration="00:00:00.0011424" startTime="2012-07-09T20:07:22.7049988+03:00" endTime="2012-07-09T20:07:22.7049988+03:00" testType="13cdc9d9-ddb5-4fa4-a97d-d965ccfc6d4b" outcome="Passed" testListId="8c84fa94-04c1-424b-9868-57a2d4851a1d" relativeResultsDirectory="74ee5a95-592f-4dac-9835-5e2bd9d88629">
      <Output>
        <StdOut>Welcome to “Labirinth” game. Please try to escape. Use 'top' to view the top scoreboard, 'restart' to start a new game and 'exit' to quit the game.
X X X - - X X 
- X X X - - X 
X X - - - X - 
- - - * - - - 
- - X X X X X 
X - - X X X X 
- - X - - X -</StdOut>
      </Output>
    </UnitTestResult>
    <UnitTestResult executionId="2137c2c4-bbb3-4989-9bc5-4e0987e760c9" testId="9fa44a34-8ea2-08ba-581a-954033668b64" testName="TestIsHightScore_StoredRecordIs20MaxRecords1_15IsNewHighScore" computerName="SVETLIO-PC" duration="00:00:00.0005483" startTime="2012-07-09T20:07:22.7205989+03:00" endTime="2012-07-09T20:07:22.7205989+03:00" testType="13cdc9d9-ddb5-4fa4-a97d-d965ccfc6d4b" outcome="Passed" testListId="8c84fa94-04c1-424b-9868-57a2d4851a1d" relativeResultsDirectory="2137c2c4-bbb3-4989-9bc5-4e0987e760c9">
    </UnitTestResult>
    <UnitTestResult executionId="e8a0fbb8-e847-43d7-92e6-2c133f781c26" testId="a9d92305-d679-5d67-6ce0-01309c8ee541" testName="TestCheckPlayerPositionValidityInLabyrinthMap_PlayerPositionOutOfRange_ThrownException" computerName="SVETLIO-PC" duration="00:00:00.0027451" startTime="2012-07-09T20:07:22.7205989+03:00" endTime="2012-07-09T20:07:22.7361989+03:00" testType="13cdc9d9-ddb5-4fa4-a97d-d965ccfc6d4b" outcome="Passed" testListId="8c84fa94-04c1-424b-9868-57a2d4851a1d" relativeResultsDirectory="e8a0fbb8-e847-43d7-92e6-2c133f781c26">
    </UnitTestResult>
    <UnitTestResult executionId="97efb553-d1f0-4d1e-9e23-05972b6096ce" testId="ab9469e7-e138-e0e3-4eaf-6e2e5c2ae4e7" testName="TestIsPlayerPositionInLabyrinthRange_PlayerPositionOutRange_ReturnsFalse" computerName="SVETLIO-PC" duration="00:00:00.0006527" startTime="2012-07-09T20:07:22.7361989+03:00" endTime="2012-07-09T20:07:22.7517989+03:00" testType="13cdc9d9-ddb5-4fa4-a97d-d965ccfc6d4b" outcome="Passed" testListId="8c84fa94-04c1-424b-9868-57a2d4851a1d" relativeResultsDirectory="97efb553-d1f0-4d1e-9e23-05972b6096ce">
    </UnitTestResult>
    <UnitTestResult executionId="65f6f10f-1e32-413a-8f36-b9686b5da49a" testId="b302e319-930b-d780-f9c5-e92823bcd7b4" testName="TestIsPlayerPositionInLabyrinthRange_PlayerPositionAtLeftBorder_ReturnsTrue" computerName="SVETLIO-PC" duration="00:00:00.0006291" startTime="2012-07-09T20:07:22.7517989+03:00" endTime="2012-07-09T20:07:22.7517989+03:00" testType="13cdc9d9-ddb5-4fa4-a97d-d965ccfc6d4b" outcome="Passed" testListId="8c84fa94-04c1-424b-9868-57a2d4851a1d" relativeResultsDirectory="65f6f10f-1e32-413a-8f36-b9686b5da49a">
    </UnitTestResult>
    <UnitTestResult executionId="faf5ee01-2a2b-47b3-8d53-9dfcad5b340b" testId="b7cc83bd-7d8b-0de1-e188-083382990dd7" testName="TestInitializeLabyrinthMap_PlayerPositionColumnOutOfRange_ArgumnetExceptionThrown" computerName="SVETLIO-PC" duration="00:00:00.0027922" startTime="2012-07-09T20:07:22.7673990+03:00" endTime="2012-07-09T20:07:22.7673990+03:00" testType="13cdc9d9-ddb5-4fa4-a97d-d965ccfc6d4b" outcome="Passed" testListId="8c84fa94-04c1-424b-9868-57a2d4851a1d" relativeResultsDirectory="faf5ee01-2a2b-47b3-8d53-9dfcad5b340b">
    </UnitTestResult>
    <UnitTestResult executionId="28386882-a0ab-4317-8402-43c42c58d4c4" testId="baf3de5e-87bd-fb43-3072-3eb4c32230b2" testName="TestScoreboardConstructor_InvalidCound_ThrowException" computerName="SVETLIO-PC" duration="00:00:00.0010440" startTime="2012-07-09T20:07:22.7673990+03:00" endTime="2012-07-09T20:07:22.7829990+03:00" testType="13cdc9d9-ddb5-4fa4-a97d-d965ccfc6d4b" outcome="Passed" testListId="8c84fa94-04c1-424b-9868-57a2d4851a1d" relativeResultsDirectory="28386882-a0ab-4317-8402-43c42c58d4c4">
    </UnitTestResult>
    <UnitTestResult executionId="8c81b7e5-0489-4978-874c-f45fc5571343" testId="c23de7cf-f106-1f98-a5a7-8301c63e027b" testName="TestAddScore_3Record_NumberOfStoredREcordsIs3" computerName="SVETLIO-PC" duration="00:00:00.0009615" startTime="2012-07-09T20:07:22.7829990+03:00" endTime="2012-07-09T20:07:22.7985990+03:00" testType="13cdc9d9-ddb5-4fa4-a97d-d965ccfc6d4b" outcome="Passed" testListId="8c84fa94-04c1-424b-9868-57a2d4851a1d" relativeResultsDirectory="8c81b7e5-0489-4978-874c-f45fc5571343">
    </UnitTestResult>
    <UnitTestResult executionId="5898bd74-cb9e-4004-b8c9-62e4db592e3e" testId="c97585c0-8f71-f85d-3b53-0549e1f574eb" testName="TestMain_StartNewGame_WelcomeMessagePrinted" computerName="SVETLIO-PC" duration="00:00:00.0022857" startTime="2012-07-09T20:07:22.7985990+03:00" endTime="2012-07-09T20:07:22.8141990+03:00" testType="13cdc9d9-ddb5-4fa4-a97d-d965ccfc6d4b" outcome="Passed" testListId="8c84fa94-04c1-424b-9868-57a2d4851a1d" relativeResultsDirectory="5898bd74-cb9e-4004-b8c9-62e4db592e3e">
    </UnitTestResult>
    <UnitTestResult executionId="d17f92f4-25c7-4d34-9a8d-b584f777daa2" testId="c9b26c2e-297c-e8a8-a0e5-1696f280362f" testName="TestAddScore_1Record_NumberOfStoredREcordsIs1" computerName="SVETLIO-PC" duration="00:00:00.0006894" startTime="2012-07-09T20:07:22.8141990+03:00" endTime="2012-07-09T20:07:22.8141990+03:00" testType="13cdc9d9-ddb5-4fa4-a97d-d965ccfc6d4b" outcome="Passed" testListId="8c84fa94-04c1-424b-9868-57a2d4851a1d" relativeResultsDirectory="d17f92f4-25c7-4d34-9a8d-b584f777daa2">
    </UnitTestResult>
    <UnitTestResult executionId="0187c0b8-e572-4ac5-b923-6d3ac82c7c3a" testId="cae6fde2-188b-3999-9c92-fb92695dfff5" testName="TestPlay_MoveUpBigLetter_PayerPositionMoved" computerName="SVETLIO-PC" duration="00:00:00.0094754" startTime="2012-07-09T20:07:22.8297991+03:00" endTime="2012-07-09T20:07:22.8453991+03:00" testType="13cdc9d9-ddb5-4fa4-a97d-d965ccfc6d4b" outcome="Passed" testListId="8c84fa94-04c1-424b-9868-57a2d4851a1d" relativeResultsDirectory="0187c0b8-e572-4ac5-b923-6d3ac82c7c3a">
      <Output>
        <StdOut>Welcome to “Labirinth” game. Please try to escape. Use 'top' to view the top scoreboard, 'restart' to start a new game and 'exit' to quit the game.
X X - - - - X 
X X X - X - X 
X X X X X X X 
X X - * - X X 
X X - X - - X 
X - - X - - X 
- - - X X - X</StdOut>
      </Output>
    </UnitTestResult>
    <UnitTestResult executionId="798e8886-158b-46fa-a96f-68bbbe90d061" testId="d1808c95-76b5-27c8-3321-e375fedeaaa9" testName="TestPlay_SolveTheGameFiveMoves_ScoreRecordedScoreboeadPrinted" computerName="SVETLIO-PC" duration="00:00:00.0030569" startTime="2012-07-09T20:07:22.8453991+03:00" endTime="2012-07-09T20:07:22.8453991+03:00" testType="13cdc9d9-ddb5-4fa4-a97d-d965ccfc6d4b" outcome="Passed" testListId="8c84fa94-04c1-424b-9868-57a2d4851a1d" relativeResultsDirectory="798e8886-158b-46fa-a96f-68bbbe90d061">
      <Output>
        <StdOut>Welcome to “Labirinth” game. Please try to escape. Use 'top' to view the top scoreboard, 'restart' to start a new game and 'exit' to quit the game.
X X - - - - X 
X X X - X - X 
X X X X X X X 
X X - * - X X 
X X - X - - X 
X - - X - - X 
- - - X X - X</StdOut>
      </Output>
    </UnitTestResult>
    <UnitTestResult executionId="1582c2ef-5c3f-4927-a580-083d0cbaaac6" testId="d2c408e5-b397-bc11-f07c-053ca0d03e3a" testName="TestCompareTo_CompareNullObject_ExpectedExcetion" computerName="SVETLIO-PC" duration="00:00:00.0008853" startTime="2012-07-09T20:07:22.8609991+03:00" endTime="2012-07-09T20:07:22.8609991+03:00" testType="13cdc9d9-ddb5-4fa4-a97d-d965ccfc6d4b" outcome="Passed" testListId="8c84fa94-04c1-424b-9868-57a2d4851a1d" relativeResultsDirectory="1582c2ef-5c3f-4927-a580-083d0cbaaac6">
    </UnitTestResult>
    <UnitTestResult executionId="86e03905-e4f9-40aa-9e0e-85690007bd35" testId="d710b5f1-5300-ca8a-5050-32c29ea2c7d1" testName="TestCopyTo_DestinationObjectNotValid_TrownException" computerName="SVETLIO-PC" duration="00:00:00.0010055" startTime="2012-07-09T20:07:22.8609991+03:00" endTime="2012-07-09T20:07:22.8765991+03:00" testType="13cdc9d9-ddb5-4fa4-a97d-d965ccfc6d4b" outcome="Passed" testListId="8c84fa94-04c1-424b-9868-57a2d4851a1d" relativeResultsDirectory="86e03905-e4f9-40aa-9e0e-85690007bd35">
    </UnitTestResult>
    <UnitTestResult executionId="b3715113-e982-41f4-a34f-caf9eb215cb1" testId="d95cc6e9-2b09-0d04-e7ba-8c61df679392" testName="TestIsPlayerPositionInLabyrinthRange_PlayerPositionAtBottomBorder_ReturnsTrue" computerName="SVETLIO-PC" duration="00:00:00.0005834" startTime="2012-07-09T20:07:22.8765991+03:00" endTime="2012-07-09T20:07:22.8921992+03:00" testType="13cdc9d9-ddb5-4fa4-a97d-d965ccfc6d4b" outcome="Passed" testListId="8c84fa94-04c1-424b-9868-57a2d4851a1d" relativeResultsDirectory="b3715113-e982-41f4-a34f-caf9eb215cb1">
    </UnitTestResult>
    <UnitTestResult executionId="03bad39b-cc53-4e66-99e9-a01f445bf45f" testId="dace1836-b1d4-fe0f-9298-ebe2c84c7f98" testName="TestPlay_EnterShowScoreboadCommand_MessageScoreBoardIsEmpty" computerName="SVETLIO-PC" duration="00:00:00.0014855" startTime="2012-07-09T20:07:22.8921992+03:00" endTime="2012-07-09T20:07:22.9233992+03:00" testType="13cdc9d9-ddb5-4fa4-a97d-d965ccfc6d4b" outcome="Passed" testListId="8c84fa94-04c1-424b-9868-57a2d4851a1d" relativeResultsDirectory="03bad39b-cc53-4e66-99e9-a01f445bf45f">
      <Output>
        <StdOut>Welcome to “Labirinth” game. Please try to escape. Use 'top' to view the top scoreboard, 'restart' to start a new game and 'exit' to quit the game.
X X X X X - X 
X X - X X - - 
- X X - X - - 
X X X * X X - 
- X - - - - - 
- X X - - - - 
X - X - X - -</StdOut>
      </Output>
    </UnitTestResult>
    <UnitTestResult executionId="967cf58c-3084-4f52-b3b6-e94bce7ac3dd" testId="db909cf8-1248-5bd3-9f5e-220316039a9a" testName="TestAddScore_StoreRecords10and5and15_LowestRecordIs15" computerName="SVETLIO-PC" duration="00:00:00.0018670" startTime="2012-07-09T20:07:22.9233992+03:00" endTime="2012-07-09T20:07:22.9389993+03:00" testType="13cdc9d9-ddb5-4fa4-a97d-d965ccfc6d4b" outcome="Passed" testListId="8c84fa94-04c1-424b-9868-57a2d4851a1d" relativeResultsDirectory="967cf58c-3084-4f52-b3b6-e94bce7ac3dd">
    </UnitTestResult>
    <UnitTestResult executionId="6e058883-fc3a-4eba-963c-f57065c5c9ab" testId="ddf84eeb-6e95-7732-7ac8-25baf1256761" testName="TestPlay_SolveTheGameOneMove_ScoreRecordedScoreboeadPrinted" computerName="SVETLIO-PC" duration="00:00:00.0459577" startTime="2012-07-09T20:07:22.9389993+03:00" endTime="2012-07-09T20:07:23.0013994+03:00" testType="13cdc9d9-ddb5-4fa4-a97d-d965ccfc6d4b" outcome="Passed" testListId="8c84fa94-04c1-424b-9868-57a2d4851a1d" relativeResultsDirectory="6e058883-fc3a-4eba-963c-f57065c5c9ab">
      <Output>
        <StdOut>Welcome to “Labirinth” game. Please try to escape. Use 'top' to view the top scoreboard, 'restart' to start a new game and 'exit' to quit the game.
- - - X X X X 
X - - X - * X 
- - - X - - X 
X - X - X X - 
X - - X X - - 
X - X - X - X 
- X X X - X X</StdOut>
      </Output>
    </UnitTestResult>
    <UnitTestResult executionId="75206968-3635-4176-8c9a-77d0a76d35e3" testId="e0db3463-627c-8ea7-e859-145dd1cf9ba0" testName="TestPrintScoreboard_Store1Record_1LinePrinted" computerName="SVETLIO-PC" duration="00:00:00.0007147" startTime="2012-07-09T20:07:23.0013994+03:00" endTime="2012-07-09T20:07:23.0013994+03:00" testType="13cdc9d9-ddb5-4fa4-a97d-d965ccfc6d4b" outcome="Passed" testListId="8c84fa94-04c1-424b-9868-57a2d4851a1d" relativeResultsDirectory="75206968-3635-4176-8c9a-77d0a76d35e3">
    </UnitTestResult>
    <UnitTestResult executionId="510065bb-06fe-4d11-8444-a0ab422fd3db" testId="e6ac9817-db14-9457-ce43-eb9adaf9a694" testName="TestPlay_MoveLeftToBlockedCell_InvalidMoveMEssagePrinted" computerName="SVETLIO-PC" duration="00:00:00.0010663" startTime="2012-07-09T20:07:23.0169994+03:00" endTime="2012-07-09T20:07:23.0169994+03:00" testType="13cdc9d9-ddb5-4fa4-a97d-d965ccfc6d4b" outcome="Passed" testListId="8c84fa94-04c1-424b-9868-57a2d4851a1d" relativeResultsDirectory="510065bb-06fe-4d11-8444-a0ab422fd3db">
      <Output>
        <StdOut>Welcome to “Labirinth” game. Please try to escape. Use 'top' to view the top scoreboard, 'restart' to start a new game and 'exit' to quit the game.
X - X - - X X 
X - X X X X - 
- - - X X - X 
X X - * - X - 
- - X - - X X 
- - X - X - - 
X X - X - X X</StdOut>
      </Output>
    </UnitTestResult>
    <UnitTestResult executionId="daa444f2-32a6-4aa4-8f7a-01a36734c862" testId="eb63cee3-8d56-4837-8866-0932734f8d54" testName="TestIsPlayerPositionInLabyrinthRange_PlayerPositionAtRightBorder_ReturnsTrue" computerName="SVETLIO-PC" duration="00:00:00.0005646" startTime="2012-07-09T20:07:23.0169994+03:00" endTime="2012-07-09T20:07:23.0325994+03:00" testType="13cdc9d9-ddb5-4fa4-a97d-d965ccfc6d4b" outcome="Passed" testListId="8c84fa94-04c1-424b-9868-57a2d4851a1d" relativeResultsDirectory="daa444f2-32a6-4aa4-8f7a-01a36734c862">
    </UnitTestResult>
    <UnitTestResult executionId="451360ec-226e-4e74-9a11-a09f4d1918e7" testId="eccffd02-9604-343d-9995-6c981b22e840" testName="TestGetResourceValue_ReadValidResource_ThrownException" computerName="SVETLIO-PC" duration="00:00:00.0012297" startTime="2012-07-09T20:07:23.0325994+03:00" endTime="2012-07-09T20:07:23.0481994+03:00" testType="13cdc9d9-ddb5-4fa4-a97d-d965ccfc6d4b" outcome="Passed" testListId="8c84fa94-04c1-424b-9868-57a2d4851a1d" relativeResultsDirectory="451360ec-226e-4e74-9a11-a09f4d1918e7">
    </UnitTestResult>
    <UnitTestResult executionId="ee485bcd-221a-4e01-bfea-0615b91830ea" testId="ed5d8d77-c5e9-1de2-8093-76d5b9840371" testName="TestInitializeLabyrinthMap_CreateGame0x7_ArgumnetExceptionThrown" computerName="SVETLIO-PC" duration="00:00:00.0042067" startTime="2012-07-09T20:07:23.0481994+03:00" endTime="2012-07-09T20:07:23.0481994+03:00" testType="13cdc9d9-ddb5-4fa4-a97d-d965ccfc6d4b" outcome="Passed" testListId="8c84fa94-04c1-424b-9868-57a2d4851a1d" relativeResultsDirectory="ee485bcd-221a-4e01-bfea-0615b91830ea">
    </UnitTestResult>
    <UnitTestResult executionId="04d1fba3-808f-40e0-83f7-49223ecea662" testId="f1ec6272-3070-b419-512b-a1e4a8fe4e2d" testName="TestPlay_EnterInvalidCommand_InvalidMoveMessagePrinted" computerName="SVETLIO-PC" duration="00:00:00.0009405" startTime="2012-07-09T20:07:23.0637995+03:00" endTime="2012-07-09T20:07:23.0637995+03:00" testType="13cdc9d9-ddb5-4fa4-a97d-d965ccfc6d4b" outcome="Passed" testListId="8c84fa94-04c1-424b-9868-57a2d4851a1d" relativeResultsDirectory="04d1fba3-808f-40e0-83f7-49223ecea662">
      <Output>
        <StdOut>Welcome to “Labirinth” game. Please try to escape. Use 'top' to view the top scoreboard, 'restart' to start a new game and 'exit' to quit the game.
- X X - - X X 
- - - - X X X 
- X X X X X X 
- X X * - - - 
- - - - - X - 
- - X - - X - 
X - X - - X -</StdOut>
      </Output>
    </UnitTestResult>
    <UnitTestResult executionId="141003b5-b153-4a00-8269-a73f598432b7" testId="f8fa6a08-ce3d-ce5f-703b-e05dd9cc971a" testName="TestInitializeLabyrinthMapInitial_CreateGame7x7_LabyrinthIsSolvable" computerName="SVETLIO-PC" duration="00:00:00.0017720" startTime="2012-07-09T20:07:23.0637995+03:00" endTime="2012-07-09T20:07:23.0793995+03:00" testType="13cdc9d9-ddb5-4fa4-a97d-d965ccfc6d4b" outcome="Passed" testListId="8c84fa94-04c1-424b-9868-57a2d4851a1d" relativeResultsDirectory="141003b5-b153-4a00-8269-a73f598432b7">
      <Output>
        <StdOut>Welcome to “Labirinth” game. Please try to escape. Use 'top' to view the top scoreboard, 'restart' to start a new game and 'exit' to quit the game.
- - X - - X - 
X X X - - - - 
X - - X - - X 
- - - * X X X 
- - X - - - X 
X X X X X - X 
- X X X X X X</StdOut>
      </Output>
    </UnitTestResult>
    <UnitTestResult executionId="4a99aaa3-284f-444f-9b00-3162876349d4" testId="fead4f5b-fc2a-7f9e-fcf8-dbb28f04f839" testName="TestCheckLabyrinthMapValidity_InvalidLabyrinthMapSize_ThrownException" computerName="SVETLIO-PC" duration="00:00:00.0025394" startTime="2012-07-09T20:07:23.0793995+03:00" endTime="2012-07-09T20:07:23.0949995+03:00" testType="13cdc9d9-ddb5-4fa4-a97d-d965ccfc6d4b" outcome="Passed" testListId="8c84fa94-04c1-424b-9868-57a2d4851a1d" relativeResultsDirectory="4a99aaa3-284f-444f-9b00-3162876349d4">
    </UnitTestResult>
    <UnitTestResult executionId="d2ef8328-8645-4122-8c30-9ba0d173b0c0" testId="ff5c0ab6-c317-decd-6cbf-441a801dab6f" testName="TestScoreboardConstructor_SetMaximumRecords5_ScoreRecordsCountIs5" computerName="SVETLIO-PC" duration="00:00:00.0007759" startTime="2012-07-09T20:07:23.0949995+03:00" endTime="2012-07-09T20:07:23.0949995+03:00" testType="13cdc9d9-ddb5-4fa4-a97d-d965ccfc6d4b" outcome="Passed" testListId="8c84fa94-04c1-424b-9868-57a2d4851a1d" relativeResultsDirectory="d2ef8328-8645-4122-8c30-9ba0d173b0c0">
    </UnitTestResult>
  </Results>
</TestRun>