<?xml version="1.0" encoding="UTF-8"?>
<TestRun id="ea9c4d0b-92fd-42c2-b144-5a4c370f7d53" name="Svetlio@SVETLIO-PC 2012-07-08 18:42:03" runUser="Svetlio-PC\Svetlio" xmlns="http://microsoft.com/schemas/VisualStudio/TeamTest/2010">
  <TestSettings name="Local" id="0c38ce2e-d144-41c6-92b6-74c9f9895c29">
    <Description>These are default test settings for a local test run.</Description>
    <Deployment runDeploymentRoot="Svetlio_SVETLIO-PC 2012-07-08 18_42_03">
      <DeploymentItem filename="D:\Work\Courses\HQ Code\Homework\07 - Final Project - Labyrinth\Project\Labyrinth - Refactored\Labyrinth\bin\Debug\LabyrinthGame.exe" />
    </Deployment>
    <Execution>
      <TestTypeSpecific>
        <UnitTestRunConfig testTypeId="13cdc9d9-ddb5-4fa4-a97d-d965ccfc6d4b">
          <AssemblyResolution>
            <TestDirectory useLoadContext="true" />
          </AssemblyResolution>
        </UnitTestRunConfig>
        <WebTestRunConfiguration testTypeId="4e7599fa-5ecb-43e9-a887-cd63cf72d207">
          <Browser name="Internet Explorer 7.0">
            <Headers>
              <Header name="User-Agent" value="Mozilla/4.0 (compatible; MSIE 7.0; Windows NT 5.1)" />
              <Header name="Accept" value="*/*" />
              <Header name="Accept-Language" value="{{$IEAcceptLanguage}}" />
              <Header name="Accept-Encoding" value="GZIP" />
            </Headers>
          </Browser>
        </WebTestRunConfiguration>
      </TestTypeSpecific>
      <AgentRule name="LocalMachineDefaultRole">
        <DataCollectors>
          <DataCollector uri="datacollector://microsoft/CodeCoverage/1.0" assemblyQualifiedName="Microsoft.VisualStudio.TestTools.CodeCoverage.CoveragePlugIn, Microsoft.VisualStudio.QualityTools.Plugins.CodeCoverage, Version=10.0.0.0, Culture=neutral, PublicKeyToken=b03f5f7f11d50a3a" friendlyName="Code Coverage">
            <Configuration>
              <CodeCoverage xmlns="">
                <Regular>
                  <CodeCoverageItem binaryFile="D:\Work\Courses\HQ Code\Homework\07 - Final Project - Labyrinth\Project\Labyrinth - Refactored\Labyrinth\bin\Debug\LabyrinthGame.exe" pdbFile="D:\Work\Courses\HQ Code\Homework\07 - Final Project - Labyrinth\Project\Labyrinth - Refactored\Labyrinth\bin\Debug\LabyrinthGame.instr.pdb" instrumentInPlace="true" />
                </Regular>
              </CodeCoverage>
            </Configuration>
          </DataCollector>
        </DataCollectors>
      </AgentRule>
    </Execution>
  </TestSettings>
  <Times creation="2012-07-08T18:42:03.8327477+03:00" queuing="2012-07-08T18:42:04.3165641+03:00" start="2012-07-08T18:42:04.3945642+03:00" finish="2012-07-08T18:42:07.0153688+03:00" />
  <ResultSummary outcome="Completed">
    <Counters total="69" executed="69" passed="69" error="0" failed="0" timeout="0" aborted="0" inconclusive="0" passedButRunAborted="0" notRunnable="0" notExecuted="0" disconnected="0" warning="0" completed="0" inProgress="0" pending="0" />
    <ResultFiles>
      <ResultFile path="SVETLIO-PC\data.coverage" />
    </ResultFiles>
  </ResultSummary>
  <TestDefinitions>
    <UnitTest name="TestInitializeLabyrinthMap_CreateGame0x7_ArgumnetExceptionThrown" storage="d:\work\courses\hq code\homework\07 - final project - labyrinth\project\labyrinth - refactored\labyrinthgametests\bin\debug\labyrinthgametests.dll" id="ed5d8d77-c5e9-1de2-8093-76d5b9840371">
      <DeploymentItems>
        <DeploymentItem filename="LabyrinthGame.exe" />
      </DeploymentItems>
      <Execution id="b41ebcff-5e39-4393-9459-8fd826d357d6" />
      <TestMethod codeBase="D:/Work/Courses/HQ Code/Homework/07 - Final Project - Labyrinth/Project/Labyrinth - Refactored/LabyrinthGameTests/bin/Debug/LabyrinthGameTests.DLL" adapterTypeName="Microsoft.VisualStudio.TestTools.TestTypes.Unit.UnitTestAdapter, Microsoft.VisualStudio.QualityTools.Tips.UnitTest.Adapter, Version=10.0.0.0, Culture=neutral, PublicKeyToken=b03f5f7f11d50a3a" className="LabyrinthGameTests.GameTests.LabyrinthTest, LabyrinthGameTests, Version=1.0.0.0, Culture=neutral, PublicKeyToken=null" name="TestInitializeLabyrinthMap_CreateGame0x7_ArgumnetExceptionThrown" />
    </UnitTest>
    <UnitTest name="TestInitializeLabyrinthMap_PlayerPositionColumnOutOfRange_ArgumnetExceptionThrown" storage="d:\work\courses\hq code\homework\07 - final project - labyrinth\project\labyrinth - refactored\labyrinthgametests\bin\debug\labyrinthgametests.dll" id="b7cc83bd-7d8b-0de1-e188-083382990dd7">
      <DeploymentItems>
        <DeploymentItem filename="LabyrinthGame.exe" />
      </DeploymentItems>
      <Execution id="5770ef16-e348-491d-b26e-8cba72c002f5" />
      <TestMethod codeBase="D:/Work/Courses/HQ Code/Homework/07 - Final Project - Labyrinth/Project/Labyrinth - Refactored/LabyrinthGameTests/bin/Debug/LabyrinthGameTests.DLL" adapterTypeName="Microsoft.VisualStudio.TestTools.TestTypes.Unit.UnitTestAdapter, Microsoft.VisualStudio.QualityTools.Tips.UnitTest.Adapter, Version=10.0.0.0, Culture=neutral, PublicKeyToken=b03f5f7f11d50a3a" className="LabyrinthGameTests.GameTests.LabyrinthTest, LabyrinthGameTests, Version=1.0.0.0, Culture=neutral, PublicKeyToken=null" name="TestInitializeLabyrinthMap_PlayerPositionColumnOutOfRange_ArgumnetExceptionThrown" />
    </UnitTest>
    <UnitTest name="TestPlay_MoveLeftBigLetter_PayerPositionMoved" storage="d:\work\courses\hq code\homework\07 - final project - labyrinth\project\labyrinth - refactored\labyrinthgametests\bin\debug\labyrinthgametests.dll" id="966d9dd0-4f82-7bc2-0df0-7ab39e7e8329">
      <DeploymentItems>
        <DeploymentItem filename="LabyrinthGame.exe" />
      </DeploymentItems>
      <Execution id="e1073402-61e9-41fa-991e-e87258e43c8a" />
      <TestMethod codeBase="D:/Work/Courses/HQ Code/Homework/07 - Final Project - Labyrinth/Project/Labyrinth - Refactored/LabyrinthGameTests/bin/Debug/LabyrinthGameTests.DLL" adapterTypeName="Microsoft.VisualStudio.TestTools.TestTypes.Unit.UnitTestAdapter, Microsoft.VisualStudio.QualityTools.Tips.UnitTest.Adapter, Version=10.0.0.0, Culture=neutral, PublicKeyToken=b03f5f7f11d50a3a" className="LabyrinthGameTests.GameTests.LabyrinthTest, LabyrinthGameTests, Version=1.0.0.0, Culture=neutral, PublicKeyToken=null" name="TestPlay_MoveLeftBigLetter_PayerPositionMoved" />
    </UnitTest>
    <UnitTest name="TestScoreRecordConstructor_CreateInvalidRecord_ExpectedExcetion" storage="d:\work\courses\hq code\homework\07 - final project - labyrinth\project\labyrinth - refactored\labyrinthgametests\bin\debug\labyrinthgametests.dll" id="92e921a1-7413-b8fd-1053-474e571c6556">
      <Execution id="20f3e85b-e0f7-4e16-9cd2-f3ac2f7b07ed" />
      <TestMethod codeBase="D:/Work/Courses/HQ Code/Homework/07 - Final Project - Labyrinth/Project/Labyrinth - Refactored/LabyrinthGameTests/bin/Debug/LabyrinthGameTests.DLL" adapterTypeName="Microsoft.VisualStudio.TestTools.TestTypes.Unit.UnitTestAdapter, Microsoft.VisualStudio.QualityTools.Tips.UnitTest.Adapter, Version=10.0.0.0, Culture=neutral, PublicKeyToken=b03f5f7f11d50a3a" className="LabyrinthGameTests.UtilitiesTests.ScoreRecordTest, LabyrinthGameTests, Version=1.0.0.0, Culture=neutral, PublicKeyToken=null" name="TestScoreRecordConstructor_CreateInvalidRecord_ExpectedExcetion" />
    </UnitTest>
    <UnitTest name="TestPlay_MoveRightBigLetter_PayerPositionMoved" storage="d:\work\courses\hq code\homework\07 - final project - labyrinth\project\labyrinth - refactored\labyrinthgametests\bin\debug\labyrinthgametests.dll" id="8528c068-c927-8fcd-3fda-5720146fa10e">
      <DeploymentItems>
        <DeploymentItem filename="LabyrinthGame.exe" />
      </DeploymentItems>
      <Execution id="01e7799b-a662-4e4e-88e3-53ab61874959" />
      <TestMethod codeBase="D:/Work/Courses/HQ Code/Homework/07 - Final Project - Labyrinth/Project/Labyrinth - Refactored/LabyrinthGameTests/bin/Debug/LabyrinthGameTests.DLL" adapterTypeName="Microsoft.VisualStudio.TestTools.TestTypes.Unit.UnitTestAdapter, Microsoft.VisualStudio.QualityTools.Tips.UnitTest.Adapter, Version=10.0.0.0, Culture=neutral, PublicKeyToken=b03f5f7f11d50a3a" className="LabyrinthGameTests.GameTests.LabyrinthTest, LabyrinthGameTests, Version=1.0.0.0, Culture=neutral, PublicKeyToken=null" name="TestPlay_MoveRightBigLetter_PayerPositionMoved" />
    </UnitTest>
    <UnitTest name="TestCheckLabyrinthMapValidity_InvalidLabyrinthMapObject_ThrownException" storage="d:\work\courses\hq code\homework\07 - final project - labyrinth\project\labyrinth - refactored\labyrinthgametests\bin\debug\labyrinthgametests.dll" id="38af1b83-75c4-e3d1-f2a9-b8a273fc1f22">
      <Execution id="69bb6393-d808-4858-909a-cc8fd970bf8f" />
      <TestMethod codeBase="D:/Work/Courses/HQ Code/Homework/07 - Final Project - Labyrinth/Project/Labyrinth - Refactored/LabyrinthGameTests/bin/Debug/LabyrinthGameTests.DLL" adapterTypeName="Microsoft.VisualStudio.TestTools.TestTypes.Unit.UnitTestAdapter, Microsoft.VisualStudio.QualityTools.Tips.UnitTest.Adapter, Version=10.0.0.0, Culture=neutral, PublicKeyToken=b03f5f7f11d50a3a" className="LabyrinthGameTests.UtilitiesTests.GameUtilitiesTest, LabyrinthGameTests, Version=1.0.0.0, Culture=neutral, PublicKeyToken=null" name="TestCheckLabyrinthMapValidity_InvalidLabyrinthMapObject_ThrownException" />
    </UnitTest>
    <UnitTest name="TestIsHightScore_StoredRecordIs2MaxRecords5_5IsNewHighScore" storage="d:\work\courses\hq code\homework\07 - final project - labyrinth\project\labyrinth - refactored\labyrinthgametests\bin\debug\labyrinthgametests.dll" id="721ec0ac-a8d8-43f2-8a8a-bbcc23886663">
      <DeploymentItems>
        <DeploymentItem filename="LabyrinthGame.exe" />
      </DeploymentItems>
      <Execution id="0cf773ab-6b2d-4b7b-917d-725b8441f1d4" />
      <TestMethod codeBase="D:/Work/Courses/HQ Code/Homework/07 - Final Project - Labyrinth/Project/Labyrinth - Refactored/LabyrinthGameTests/bin/Debug/LabyrinthGameTests.DLL" adapterTypeName="Microsoft.VisualStudio.TestTools.TestTypes.Unit.UnitTestAdapter, Microsoft.VisualStudio.QualityTools.Tips.UnitTest.Adapter, Version=10.0.0.0, Culture=neutral, PublicKeyToken=b03f5f7f11d50a3a" className="LabyrinthGameTests.UtilitiesTests.ScoreboardTest, LabyrinthGameTests, Version=1.0.0.0, Culture=neutral, PublicKeyToken=null" name="TestIsHightScore_StoredRecordIs2MaxRecords5_5IsNewHighScore" />
    </UnitTest>
    <UnitTest name="TestInitializeLabyrinthMap_CreateGameInvalidColumnsCount_ArgumnetExceptionThrown" storage="d:\work\courses\hq code\homework\07 - final project - labyrinth\project\labyrinth - refactored\labyrinthgametests\bin\debug\labyrinthgametests.dll" id="064f0193-c1d8-2e8b-b130-79f0caf49c6e">
      <DeploymentItems>
        <DeploymentItem filename="LabyrinthGame.exe" />
      </DeploymentItems>
      <Execution id="ebde70e6-2d5b-4b80-bcca-b74c81b225c5" />
      <TestMethod codeBase="D:/Work/Courses/HQ Code/Homework/07 - Final Project - Labyrinth/Project/Labyrinth - Refactored/LabyrinthGameTests/bin/Debug/LabyrinthGameTests.DLL" adapterTypeName="Microsoft.VisualStudio.TestTools.TestTypes.Unit.UnitTestAdapter, Microsoft.VisualStudio.QualityTools.Tips.UnitTest.Adapter, Version=10.0.0.0, Culture=neutral, PublicKeyToken=b03f5f7f11d50a3a" className="LabyrinthGameTests.GameTests.LabyrinthTest, LabyrinthGameTests, Version=1.0.0.0, Culture=neutral, PublicKeyToken=null" name="TestInitializeLabyrinthMap_CreateGameInvalidColumnsCount_ArgumnetExceptionThrown" />
    </UnitTest>
    <UnitTest name="TestInitializeLabyrinthMap_CreateGame7x7_LabyrinthSizeIs7Columns" storage="d:\work\courses\hq code\homework\07 - final project - labyrinth\project\labyrinth - refactored\labyrinthgametests\bin\debug\labyrinthgametests.dll" id="3992ca63-7130-c847-b7ae-3b5960738672">
      <DeploymentItems>
        <DeploymentItem filename="LabyrinthGame.exe" />
      </DeploymentItems>
      <Execution id="a764d285-6c30-44cc-965d-c334d4370806" />
      <TestMethod codeBase="D:/Work/Courses/HQ Code/Homework/07 - Final Project - Labyrinth/Project/Labyrinth - Refactored/LabyrinthGameTests/bin/Debug/LabyrinthGameTests.DLL" adapterTypeName="Microsoft.VisualStudio.TestTools.TestTypes.Unit.UnitTestAdapter, Microsoft.VisualStudio.QualityTools.Tips.UnitTest.Adapter, Version=10.0.0.0, Culture=neutral, PublicKeyToken=b03f5f7f11d50a3a" className="LabyrinthGameTests.GameTests.LabyrinthTest, LabyrinthGameTests, Version=1.0.0.0, Culture=neutral, PublicKeyToken=null" name="TestInitializeLabyrinthMap_CreateGame7x7_LabyrinthSizeIs7Columns" />
    </UnitTest>
    <UnitTest name="TestCompareTo_CompareNullObject_ExpectedExcetion" storage="d:\work\courses\hq code\homework\07 - final project - labyrinth\project\labyrinth - refactored\labyrinthgametests\bin\debug\labyrinthgametests.dll" id="d2c408e5-b397-bc11-f07c-053ca0d03e3a">
      <Execution id="7fdccaba-9058-4220-b411-01a14f488c2a" />
      <TestMethod codeBase="D:/Work/Courses/HQ Code/Homework/07 - Final Project - Labyrinth/Project/Labyrinth - Refactored/LabyrinthGameTests/bin/Debug/LabyrinthGameTests.DLL" adapterTypeName="Microsoft.VisualStudio.TestTools.TestTypes.Unit.UnitTestAdapter, Microsoft.VisualStudio.QualityTools.Tips.UnitTest.Adapter, Version=10.0.0.0, Culture=neutral, PublicKeyToken=b03f5f7f11d50a3a" className="LabyrinthGameTests.UtilitiesTests.ScoreRecordTest, LabyrinthGameTests, Version=1.0.0.0, Culture=neutral, PublicKeyToken=null" name="TestCompareTo_CompareNullObject_ExpectedExcetion" />
    </UnitTest>
    <UnitTest name="TestCompareTo_Compare10to9_FirstIsHigher" storage="d:\work\courses\hq code\homework\07 - final project - labyrinth\project\labyrinth - refactored\labyrinthgametests\bin\debug\labyrinthgametests.dll" id="602cdad9-a0a6-ef94-4303-f62a00bdf1df">
      <Execution id="1abcbc89-0617-4aff-be1c-a2bab26f2344" />
      <TestMethod codeBase="D:/Work/Courses/HQ Code/Homework/07 - Final Project - Labyrinth/Project/Labyrinth - Refactored/LabyrinthGameTests/bin/Debug/LabyrinthGameTests.DLL" adapterTypeName="Microsoft.VisualStudio.TestTools.TestTypes.Unit.UnitTestAdapter, Microsoft.VisualStudio.QualityTools.Tips.UnitTest.Adapter, Version=10.0.0.0, Culture=neutral, PublicKeyToken=b03f5f7f11d50a3a" className="LabyrinthGameTests.UtilitiesTests.ScoreRecordTest, LabyrinthGameTests, Version=1.0.0.0, Culture=neutral, PublicKeyToken=null" name="TestCompareTo_Compare10to9_FirstIsHigher" />
    </UnitTest>
    <UnitTest name="TestPrintLabyrinth_CreateGame7x7_DisplayLabyrinthMap" storage="d:\work\courses\hq code\homework\07 - final project - labyrinth\project\labyrinth - refactored\labyrinthgametests\bin\debug\labyrinthgametests.dll" id="5f1ada45-18a8-d38f-7cb1-bf4f0651b576">
      <DeploymentItems>
        <DeploymentItem filename="LabyrinthGame.exe" />
      </DeploymentItems>
      <Execution id="d2a027b1-271a-4efb-a7d1-e91b8b11412a" />
      <TestMethod codeBase="D:/Work/Courses/HQ Code/Homework/07 - Final Project - Labyrinth/Project/Labyrinth - Refactored/LabyrinthGameTests/bin/Debug/LabyrinthGameTests.DLL" adapterTypeName="Microsoft.VisualStudio.TestTools.TestTypes.Unit.UnitTestAdapter, Microsoft.VisualStudio.QualityTools.Tips.UnitTest.Adapter, Version=10.0.0.0, Culture=neutral, PublicKeyToken=b03f5f7f11d50a3a" className="LabyrinthGameTests.GameTests.LabyrinthTest, LabyrinthGameTests, Version=1.0.0.0, Culture=neutral, PublicKeyToken=null" name="TestPrintLabyrinth_CreateGame7x7_DisplayLabyrinthMap" />
    </UnitTest>
    <UnitTest name="TestPrintScoreboard_Store1Record_1LinePrinted" storage="d:\work\courses\hq code\homework\07 - final project - labyrinth\project\labyrinth - refactored\labyrinthgametests\bin\debug\labyrinthgametests.dll" id="e0db3463-627c-8ea7-e859-145dd1cf9ba0">
      <DeploymentItems>
        <DeploymentItem filename="LabyrinthGame.exe" />
      </DeploymentItems>
      <Execution id="b02556a4-e2dd-4547-ae87-564a1d3acd78" />
      <TestMethod codeBase="D:/Work/Courses/HQ Code/Homework/07 - Final Project - Labyrinth/Project/Labyrinth - Refactored/LabyrinthGameTests/bin/Debug/LabyrinthGameTests.DLL" adapterTypeName="Microsoft.VisualStudio.TestTools.TestTypes.Unit.UnitTestAdapter, Microsoft.VisualStudio.QualityTools.Tips.UnitTest.Adapter, Version=10.0.0.0, Culture=neutral, PublicKeyToken=b03f5f7f11d50a3a" className="LabyrinthGameTests.UtilitiesTests.ScoreboardTest, LabyrinthGameTests, Version=1.0.0.0, Culture=neutral, PublicKeyToken=null" name="TestPrintScoreboard_Store1Record_1LinePrinted" />
    </UnitTest>
    <UnitTest name="TestScoreboardConstructor_InvalidCound_ThrowException" storage="d:\work\courses\hq code\homework\07 - final project - labyrinth\project\labyrinth - refactored\labyrinthgametests\bin\debug\labyrinthgametests.dll" id="baf3de5e-87bd-fb43-3072-3eb4c32230b2">
      <DeploymentItems>
        <DeploymentItem filename="LabyrinthGame.exe" />
      </DeploymentItems>
      <Execution id="6efa2363-3571-4c68-af0b-71b8354a9296" />
      <TestMethod codeBase="D:/Work/Courses/HQ Code/Homework/07 - Final Project - Labyrinth/Project/Labyrinth - Refactored/LabyrinthGameTests/bin/Debug/LabyrinthGameTests.DLL" adapterTypeName="Microsoft.VisualStudio.TestTools.TestTypes.Unit.UnitTestAdapter, Microsoft.VisualStudio.QualityTools.Tips.UnitTest.Adapter, Version=10.0.0.0, Culture=neutral, PublicKeyToken=b03f5f7f11d50a3a" className="LabyrinthGameTests.UtilitiesTests.ScoreboardTest, LabyrinthGameTests, Version=1.0.0.0, Culture=neutral, PublicKeyToken=null" name="TestScoreboardConstructor_InvalidCound_ThrowException" />
    </UnitTest>
    <UnitTest name="TestGetLowestScore_InvalidListPassed_ThrownException" storage="d:\work\courses\hq code\homework\07 - final project - labyrinth\project\labyrinth - refactored\labyrinthgametests\bin\debug\labyrinthgametests.dll" id="70f41788-cb88-e265-0243-3d7ee945f00f">
      <DeploymentItems>
        <DeploymentItem filename="LabyrinthGame.exe" />
      </DeploymentItems>
      <Execution id="d7a95898-c713-48e4-be3c-bc1eba4ae4bb" />
      <TestMethod codeBase="D:/Work/Courses/HQ Code/Homework/07 - Final Project - Labyrinth/Project/Labyrinth - Refactored/LabyrinthGameTests/bin/Debug/LabyrinthGameTests.DLL" adapterTypeName="Microsoft.VisualStudio.TestTools.TestTypes.Unit.UnitTestAdapter, Microsoft.VisualStudio.QualityTools.Tips.UnitTest.Adapter, Version=10.0.0.0, Culture=neutral, PublicKeyToken=b03f5f7f11d50a3a" className="LabyrinthGameTests.UtilitiesTests.ScoreboardTest, LabyrinthGameTests, Version=1.0.0.0, Culture=neutral, PublicKeyToken=null" name="TestGetLowestScore_InvalidListPassed_ThrownException" />
    </UnitTest>
    <UnitTest name="TestPlay_MoveLeftToBlockedCell_InvalidMoveMEssagePrinted" storage="d:\work\courses\hq code\homework\07 - final project - labyrinth\project\labyrinth - refactored\labyrinthgametests\bin\debug\labyrinthgametests.dll" id="e6ac9817-db14-9457-ce43-eb9adaf9a694">
      <DeploymentItems>
        <DeploymentItem filename="LabyrinthGame.exe" />
      </DeploymentItems>
      <Execution id="ba05be56-c78f-47b3-9d27-2fd919e48b48" />
      <TestMethod codeBase="D:/Work/Courses/HQ Code/Homework/07 - Final Project - Labyrinth/Project/Labyrinth - Refactored/LabyrinthGameTests/bin/Debug/LabyrinthGameTests.DLL" adapterTypeName="Microsoft.VisualStudio.TestTools.TestTypes.Unit.UnitTestAdapter, Microsoft.VisualStudio.QualityTools.Tips.UnitTest.Adapter, Version=10.0.0.0, Culture=neutral, PublicKeyToken=b03f5f7f11d50a3a" className="LabyrinthGameTests.GameTests.LabyrinthTest, LabyrinthGameTests, Version=1.0.0.0, Culture=neutral, PublicKeyToken=null" name="TestPlay_MoveLeftToBlockedCell_InvalidMoveMEssagePrinted" />
    </UnitTest>
    <UnitTest name="TestPlay_MoveUpSmallLetter_PayerPositionMoved" storage="d:\work\courses\hq code\homework\07 - final project - labyrinth\project\labyrinth - refactored\labyrinthgametests\bin\debug\labyrinthgametests.dll" id="3838e69d-00fd-0ea4-fd73-6bfd1af3afea">
      <DeploymentItems>
        <DeploymentItem filename="LabyrinthGame.exe" />
      </DeploymentItems>
      <Execution id="94bd0aa5-0689-4357-8304-ccfd6ef90037" />
      <TestMethod codeBase="D:/Work/Courses/HQ Code/Homework/07 - Final Project - Labyrinth/Project/Labyrinth - Refactored/LabyrinthGameTests/bin/Debug/LabyrinthGameTests.DLL" adapterTypeName="Microsoft.VisualStudio.TestTools.TestTypes.Unit.UnitTestAdapter, Microsoft.VisualStudio.QualityTools.Tips.UnitTest.Adapter, Version=10.0.0.0, Culture=neutral, PublicKeyToken=b03f5f7f11d50a3a" className="LabyrinthGameTests.GameTests.LabyrinthTest, LabyrinthGameTests, Version=1.0.0.0, Culture=neutral, PublicKeyToken=null" name="TestPlay_MoveUpSmallLetter_PayerPositionMoved" />
    </UnitTest>
    <UnitTest name="TestScoreboardConstructor_SetMaximumRecords5_ScoreRecordsCountIs5" storage="d:\work\courses\hq code\homework\07 - final project - labyrinth\project\labyrinth - refactored\labyrinthgametests\bin\debug\labyrinthgametests.dll" id="ff5c0ab6-c317-decd-6cbf-441a801dab6f">
      <DeploymentItems>
        <DeploymentItem filename="LabyrinthGame.exe" />
      </DeploymentItems>
      <Execution id="2e3b0608-4f96-45e6-90f9-02185d68fc6f" />
      <TestMethod codeBase="D:/Work/Courses/HQ Code/Homework/07 - Final Project - Labyrinth/Project/Labyrinth - Refactored/LabyrinthGameTests/bin/Debug/LabyrinthGameTests.DLL" adapterTypeName="Microsoft.VisualStudio.TestTools.TestTypes.Unit.UnitTestAdapter, Microsoft.VisualStudio.QualityTools.Tips.UnitTest.Adapter, Version=10.0.0.0, Culture=neutral, PublicKeyToken=b03f5f7f11d50a3a" className="LabyrinthGameTests.UtilitiesTests.ScoreboardTest, LabyrinthGameTests, Version=1.0.0.0, Culture=neutral, PublicKeyToken=null" name="TestScoreboardConstructor_SetMaximumRecords5_ScoreRecordsCountIs5" />
    </UnitTest>
    <UnitTest name="TestIsPlayerPositionAtLabyrintBorder_PlayerPositionAtLeftBorder_ReturnsTrue" storage="d:\work\courses\hq code\homework\07 - final project - labyrinth\project\labyrinth - refactored\labyrinthgametests\bin\debug\labyrinthgametests.dll" id="46104fa5-2c46-cc7c-6a2e-bd156e922eb2">
      <Execution id="6a340d81-2415-431d-823d-ab6c33aa973a" />
      <TestMethod codeBase="D:/Work/Courses/HQ Code/Homework/07 - Final Project - Labyrinth/Project/Labyrinth - Refactored/LabyrinthGameTests/bin/Debug/LabyrinthGameTests.DLL" adapterTypeName="Microsoft.VisualStudio.TestTools.TestTypes.Unit.UnitTestAdapter, Microsoft.VisualStudio.QualityTools.Tips.UnitTest.Adapter, Version=10.0.0.0, Culture=neutral, PublicKeyToken=b03f5f7f11d50a3a" className="LabyrinthGameTests.UtilitiesTests.GameUtilitiesTest, LabyrinthGameTests, Version=1.0.0.0, Culture=neutral, PublicKeyToken=null" name="TestIsPlayerPositionAtLabyrintBorder_PlayerPositionAtLeftBorder_ReturnsTrue" />
    </UnitTest>
    <UnitTest name="TestPlay_SolveTheGameOneMove_ScoreRecordedScoreboeadPrinted" storage="d:\work\courses\hq code\homework\07 - final project - labyrinth\project\labyrinth - refactored\labyrinthgametests\bin\debug\labyrinthgametests.dll" id="ddf84eeb-6e95-7732-7ac8-25baf1256761">
      <DeploymentItems>
        <DeploymentItem filename="LabyrinthGame.exe" />
      </DeploymentItems>
      <Execution id="1319296e-d2a3-4059-bda6-44c9351b9d7b" />
      <TestMethod codeBase="D:/Work/Courses/HQ Code/Homework/07 - Final Project - Labyrinth/Project/Labyrinth - Refactored/LabyrinthGameTests/bin/Debug/LabyrinthGameTests.DLL" adapterTypeName="Microsoft.VisualStudio.TestTools.TestTypes.Unit.UnitTestAdapter, Microsoft.VisualStudio.QualityTools.Tips.UnitTest.Adapter, Version=10.0.0.0, Culture=neutral, PublicKeyToken=b03f5f7f11d50a3a" className="LabyrinthGameTests.GameTests.LabyrinthTest, LabyrinthGameTests, Version=1.0.0.0, Culture=neutral, PublicKeyToken=null" name="TestPlay_SolveTheGameOneMove_ScoreRecordedScoreboeadPrinted" />
    </UnitTest>
    <UnitTest name="TestIsPlayerPositionInLabyrinthRange_PlayerPositionAtLeftBorder_ReturnsTrue" storage="d:\work\courses\hq code\homework\07 - final project - labyrinth\project\labyrinth - refactored\labyrinthgametests\bin\debug\labyrinthgametests.dll" id="b302e319-930b-d780-f9c5-e92823bcd7b4">
      <Execution id="66003952-cef7-4c62-b601-4865ef99498b" />
      <TestMethod codeBase="D:/Work/Courses/HQ Code/Homework/07 - Final Project - Labyrinth/Project/Labyrinth - Refactored/LabyrinthGameTests/bin/Debug/LabyrinthGameTests.DLL" adapterTypeName="Microsoft.VisualStudio.TestTools.TestTypes.Unit.UnitTestAdapter, Microsoft.VisualStudio.QualityTools.Tips.UnitTest.Adapter, Version=10.0.0.0, Culture=neutral, PublicKeyToken=b03f5f7f11d50a3a" className="LabyrinthGameTests.UtilitiesTests.GameUtilitiesTest, LabyrinthGameTests, Version=1.0.0.0, Culture=neutral, PublicKeyToken=null" name="TestIsPlayerPositionInLabyrinthRange_PlayerPositionAtLeftBorder_ReturnsTrue" />
    </UnitTest>
    <UnitTest name="TestPlay_MoveRightSmallLetter_PayerPositionMoved" storage="d:\work\courses\hq code\homework\07 - final project - labyrinth\project\labyrinth - refactored\labyrinthgametests\bin\debug\labyrinthgametests.dll" id="1e67ba9b-2562-4cf1-1e55-50e120511ade">
      <DeploymentItems>
        <DeploymentItem filename="LabyrinthGame.exe" />
      </DeploymentItems>
      <Execution id="38e32897-aad8-41ac-9201-c097a1bce4a1" />
      <TestMethod codeBase="D:/Work/Courses/HQ Code/Homework/07 - Final Project - Labyrinth/Project/Labyrinth - Refactored/LabyrinthGameTests/bin/Debug/LabyrinthGameTests.DLL" adapterTypeName="Microsoft.VisualStudio.TestTools.TestTypes.Unit.UnitTestAdapter, Microsoft.VisualStudio.QualityTools.Tips.UnitTest.Adapter, Version=10.0.0.0, Culture=neutral, PublicKeyToken=b03f5f7f11d50a3a" className="LabyrinthGameTests.GameTests.LabyrinthTest, LabyrinthGameTests, Version=1.0.0.0, Culture=neutral, PublicKeyToken=null" name="TestPlay_MoveRightSmallLetter_PayerPositionMoved" />
    </UnitTest>
    <UnitTest name="TestInitializeLabyrinthMap_PlayerPositionRowInvalid_ArgumnetExceptionThrown" storage="d:\work\courses\hq code\homework\07 - final project - labyrinth\project\labyrinth - refactored\labyrinthgametests\bin\debug\labyrinthgametests.dll" id="8e3f5a43-bfe8-046c-4082-39ae6c4c9a1e">
      <DeploymentItems>
        <DeploymentItem filename="LabyrinthGame.exe" />
      </DeploymentItems>
      <Execution id="2b76609c-a5cb-4587-b067-08b639a6a875" />
      <TestMethod codeBase="D:/Work/Courses/HQ Code/Homework/07 - Final Project - Labyrinth/Project/Labyrinth - Refactored/LabyrinthGameTests/bin/Debug/LabyrinthGameTests.DLL" adapterTypeName="Microsoft.VisualStudio.TestTools.TestTypes.Unit.UnitTestAdapter, Microsoft.VisualStudio.QualityTools.Tips.UnitTest.Adapter, Version=10.0.0.0, Culture=neutral, PublicKeyToken=b03f5f7f11d50a3a" className="LabyrinthGameTests.GameTests.LabyrinthTest, LabyrinthGameTests, Version=1.0.0.0, Culture=neutral, PublicKeyToken=null" name="TestInitializeLabyrinthMap_PlayerPositionRowInvalid_ArgumnetExceptionThrown" />
    </UnitTest>
    <UnitTest name="TestInitializeLabyrinthMapInitial_CreateGame7x7_LabyrinthIsSolvable" storage="d:\work\courses\hq code\homework\07 - final project - labyrinth\project\labyrinth - refactored\labyrinthgametests\bin\debug\labyrinthgametests.dll" id="f8fa6a08-ce3d-ce5f-703b-e05dd9cc971a">
      <DeploymentItems>
        <DeploymentItem filename="LabyrinthGame.exe" />
      </DeploymentItems>
      <Execution id="dd5a6e77-3142-4c19-b12e-3214c351a84a" />
      <TestMethod codeBase="D:/Work/Courses/HQ Code/Homework/07 - Final Project - Labyrinth/Project/Labyrinth - Refactored/LabyrinthGameTests/bin/Debug/LabyrinthGameTests.DLL" adapterTypeName="Microsoft.VisualStudio.TestTools.TestTypes.Unit.UnitTestAdapter, Microsoft.VisualStudio.QualityTools.Tips.UnitTest.Adapter, Version=10.0.0.0, Culture=neutral, PublicKeyToken=b03f5f7f11d50a3a" className="LabyrinthGameTests.GameTests.LabyrinthTest, LabyrinthGameTests, Version=1.0.0.0, Culture=neutral, PublicKeyToken=null" name="TestInitializeLabyrinthMapInitial_CreateGame7x7_LabyrinthIsSolvable" />
    </UnitTest>
    <UnitTest name="TestCompareTo_CompareWrongObject_ExpectedExcetion" storage="d:\work\courses\hq code\homework\07 - final project - labyrinth\project\labyrinth - refactored\labyrinthgametests\bin\debug\labyrinthgametests.dll" id="49468e04-4e1f-fa29-efc0-2ae57ca03016">
      <Execution id="841322f9-76c4-402b-9fd4-174f9a5d6a19" />
      <TestMethod codeBase="D:/Work/Courses/HQ Code/Homework/07 - Final Project - Labyrinth/Project/Labyrinth - Refactored/LabyrinthGameTests/bin/Debug/LabyrinthGameTests.DLL" adapterTypeName="Microsoft.VisualStudio.TestTools.TestTypes.Unit.UnitTestAdapter, Microsoft.VisualStudio.QualityTools.Tips.UnitTest.Adapter, Version=10.0.0.0, Culture=neutral, PublicKeyToken=b03f5f7f11d50a3a" className="LabyrinthGameTests.UtilitiesTests.ScoreRecordTest, LabyrinthGameTests, Version=1.0.0.0, Culture=neutral, PublicKeyToken=null" name="TestCompareTo_CompareWrongObject_ExpectedExcetion" />
    </UnitTest>
    <UnitTest name="TestIsLabyrinthSolvable_LabitynthWithManyExits_ReturnsTrue" storage="d:\work\courses\hq code\homework\07 - final project - labyrinth\project\labyrinth - refactored\labyrinthgametests\bin\debug\labyrinthgametests.dll" id="90e9871f-9d88-a960-bbfa-8030c3138bc6">
      <Execution id="29086174-60ae-422c-ad3b-1470360f3361" />
      <TestMethod codeBase="D:/Work/Courses/HQ Code/Homework/07 - Final Project - Labyrinth/Project/Labyrinth - Refactored/LabyrinthGameTests/bin/Debug/LabyrinthGameTests.DLL" adapterTypeName="Microsoft.VisualStudio.TestTools.TestTypes.Unit.UnitTestAdapter, Microsoft.VisualStudio.QualityTools.Tips.UnitTest.Adapter, Version=10.0.0.0, Culture=neutral, PublicKeyToken=b03f5f7f11d50a3a" className="LabyrinthGameTests.UtilitiesTests.GameUtilitiesTest, LabyrinthGameTests, Version=1.0.0.0, Culture=neutral, PublicKeyToken=null" name="TestIsLabyrinthSolvable_LabitynthWithManyExits_ReturnsTrue" />
    </UnitTest>
    <UnitTest name="TestInitializeLabyrinthMap_CreateGame7x7_LabyrinthSizeIs7Rows" storage="d:\work\courses\hq code\homework\07 - final project - labyrinth\project\labyrinth - refactored\labyrinthgametests\bin\debug\labyrinthgametests.dll" id="1b5e868f-3fea-98ce-3e7a-e41f41680cf4">
      <DeploymentItems>
        <DeploymentItem filename="LabyrinthGame.exe" />
      </DeploymentItems>
      <Execution id="2738ab7a-4138-42aa-92c1-d64983399cf5" />
      <TestMethod codeBase="D:/Work/Courses/HQ Code/Homework/07 - Final Project - Labyrinth/Project/Labyrinth - Refactored/LabyrinthGameTests/bin/Debug/LabyrinthGameTests.DLL" adapterTypeName="Microsoft.VisualStudio.TestTools.TestTypes.Unit.UnitTestAdapter, Microsoft.VisualStudio.QualityTools.Tips.UnitTest.Adapter, Version=10.0.0.0, Culture=neutral, PublicKeyToken=b03f5f7f11d50a3a" className="LabyrinthGameTests.GameTests.LabyrinthTest, LabyrinthGameTests, Version=1.0.0.0, Culture=neutral, PublicKeyToken=null" name="TestInitializeLabyrinthMap_CreateGame7x7_LabyrinthSizeIs7Rows" />
    </UnitTest>
    <UnitTest name="TestIsPlayerPositionInLabyrinthRange_PlayerPositionOutRange_ReturnsFalse" storage="d:\work\courses\hq code\homework\07 - final project - labyrinth\project\labyrinth - refactored\labyrinthgametests\bin\debug\labyrinthgametests.dll" id="ab9469e7-e138-e0e3-4eaf-6e2e5c2ae4e7">
      <Execution id="c482ea2c-5883-40f0-86ba-49e39a1f4c2d" />
      <TestMethod codeBase="D:/Work/Courses/HQ Code/Homework/07 - Final Project - Labyrinth/Project/Labyrinth - Refactored/LabyrinthGameTests/bin/Debug/LabyrinthGameTests.DLL" adapterTypeName="Microsoft.VisualStudio.TestTools.TestTypes.Unit.UnitTestAdapter, Microsoft.VisualStudio.QualityTools.Tips.UnitTest.Adapter, Version=10.0.0.0, Culture=neutral, PublicKeyToken=b03f5f7f11d50a3a" className="LabyrinthGameTests.UtilitiesTests.GameUtilitiesTest, LabyrinthGameTests, Version=1.0.0.0, Culture=neutral, PublicKeyToken=null" name="TestIsPlayerPositionInLabyrinthRange_PlayerPositionOutRange_ReturnsFalse" />
    </UnitTest>
    <UnitTest name="TestAddScore_3Record_NumberOfStoredREcordsIs3" storage="d:\work\courses\hq code\homework\07 - final project - labyrinth\project\labyrinth - refactored\labyrinthgametests\bin\debug\labyrinthgametests.dll" id="c23de7cf-f106-1f98-a5a7-8301c63e027b">
      <DeploymentItems>
        <DeploymentItem filename="LabyrinthGame.exe" />
      </DeploymentItems>
      <Execution id="adab66d9-fc24-4519-82d1-b2b77adf4d73" />
      <TestMethod codeBase="D:/Work/Courses/HQ Code/Homework/07 - Final Project - Labyrinth/Project/Labyrinth - Refactored/LabyrinthGameTests/bin/Debug/LabyrinthGameTests.DLL" adapterTypeName="Microsoft.VisualStudio.TestTools.TestTypes.Unit.UnitTestAdapter, Microsoft.VisualStudio.QualityTools.Tips.UnitTest.Adapter, Version=10.0.0.0, Culture=neutral, PublicKeyToken=b03f5f7f11d50a3a" className="LabyrinthGameTests.UtilitiesTests.ScoreboardTest, LabyrinthGameTests, Version=1.0.0.0, Culture=neutral, PublicKeyToken=null" name="TestAddScore_3Record_NumberOfStoredREcordsIs3" />
    </UnitTest>
    <UnitTest name="TestPlay_MoveUpToBlockedCell_InvalidMoveMEssagePrinted" storage="d:\work\courses\hq code\homework\07 - final project - labyrinth\project\labyrinth - refactored\labyrinthgametests\bin\debug\labyrinthgametests.dll" id="22e6bd7c-3b55-4448-1199-9cac5a3b0180">
      <DeploymentItems>
        <DeploymentItem filename="LabyrinthGame.exe" />
      </DeploymentItems>
      <Execution id="f9f0978f-9df3-4655-ac4d-2753c966c560" />
      <TestMethod codeBase="D:/Work/Courses/HQ Code/Homework/07 - Final Project - Labyrinth/Project/Labyrinth - Refactored/LabyrinthGameTests/bin/Debug/LabyrinthGameTests.DLL" adapterTypeName="Microsoft.VisualStudio.TestTools.TestTypes.Unit.UnitTestAdapter, Microsoft.VisualStudio.QualityTools.Tips.UnitTest.Adapter, Version=10.0.0.0, Culture=neutral, PublicKeyToken=b03f5f7f11d50a3a" className="LabyrinthGameTests.GameTests.LabyrinthTest, LabyrinthGameTests, Version=1.0.0.0, Culture=neutral, PublicKeyToken=null" name="TestPlay_MoveUpToBlockedCell_InvalidMoveMEssagePrinted" />
    </UnitTest>
    <UnitTest name="TestIsLabyrinthSolvable_LabitynthWithOneExit_ReturnsTrue" storage="d:\work\courses\hq code\homework\07 - final project - labyrinth\project\labyrinth - refactored\labyrinthgametests\bin\debug\labyrinthgametests.dll" id="913d29b6-05df-d113-ab41-2d9218eac454">
      <Execution id="22116ba5-e9c2-4716-86ac-39dc8a5a6eef" />
      <TestMethod codeBase="D:/Work/Courses/HQ Code/Homework/07 - Final Project - Labyrinth/Project/Labyrinth - Refactored/LabyrinthGameTests/bin/Debug/LabyrinthGameTests.DLL" adapterTypeName="Microsoft.VisualStudio.TestTools.TestTypes.Unit.UnitTestAdapter, Microsoft.VisualStudio.QualityTools.Tips.UnitTest.Adapter, Version=10.0.0.0, Culture=neutral, PublicKeyToken=b03f5f7f11d50a3a" className="LabyrinthGameTests.UtilitiesTests.GameUtilitiesTest, LabyrinthGameTests, Version=1.0.0.0, Culture=neutral, PublicKeyToken=null" name="TestIsLabyrinthSolvable_LabitynthWithOneExit_ReturnsTrue" />
    </UnitTest>
    <UnitTest name="TestGetResourceValue_ReadValidResource_ThrownException" storage="d:\work\courses\hq code\homework\07 - final project - labyrinth\project\labyrinth - refactored\labyrinthgametests\bin\debug\labyrinthgametests.dll" id="eccffd02-9604-343d-9995-6c981b22e840">
      <Execution id="af7a33db-2637-465d-8fb5-64669694035c" />
      <TestMethod codeBase="D:/Work/Courses/HQ Code/Homework/07 - Final Project - Labyrinth/Project/Labyrinth - Refactored/LabyrinthGameTests/bin/Debug/LabyrinthGameTests.DLL" adapterTypeName="Microsoft.VisualStudio.TestTools.TestTypes.Unit.UnitTestAdapter, Microsoft.VisualStudio.QualityTools.Tips.UnitTest.Adapter, Version=10.0.0.0, Culture=neutral, PublicKeyToken=b03f5f7f11d50a3a" className="LabyrinthGameTests.UtilitiesTests.GameResourcesCollectionTest, LabyrinthGameTests, Version=1.0.0.0, Culture=neutral, PublicKeyToken=null" name="TestGetResourceValue_ReadValidResource_ThrownException" />
    </UnitTest>
    <UnitTest name="TestCompareTo_Compare10to9_SecondIsHigher" storage="d:\work\courses\hq code\homework\07 - final project - labyrinth\project\labyrinth - refactored\labyrinthgametests\bin\debug\labyrinthgametests.dll" id="5c706ee3-0f90-4e95-151d-c3fe84b27731">
      <Execution id="4bcb7e8f-a37f-43ba-8557-6f465c180033" />
      <TestMethod codeBase="D:/Work/Courses/HQ Code/Homework/07 - Final Project - Labyrinth/Project/Labyrinth - Refactored/LabyrinthGameTests/bin/Debug/LabyrinthGameTests.DLL" adapterTypeName="Microsoft.VisualStudio.TestTools.TestTypes.Unit.UnitTestAdapter, Microsoft.VisualStudio.QualityTools.Tips.UnitTest.Adapter, Version=10.0.0.0, Culture=neutral, PublicKeyToken=b03f5f7f11d50a3a" className="LabyrinthGameTests.UtilitiesTests.ScoreRecordTest, LabyrinthGameTests, Version=1.0.0.0, Culture=neutral, PublicKeyToken=null" name="TestCompareTo_Compare10to9_SecondIsHigher" />
    </UnitTest>
    <UnitTest name="TestIsPlayerPositionInLabyrinthRange_PlayerPositionAtBottomBorder_ReturnsTrue" storage="d:\work\courses\hq code\homework\07 - final project - labyrinth\project\labyrinth - refactored\labyrinthgametests\bin\debug\labyrinthgametests.dll" id="d95cc6e9-2b09-0d04-e7ba-8c61df679392">
      <Execution id="c8f028e8-b2e9-4102-8cff-c710023daf1b" />
      <TestMethod codeBase="D:/Work/Courses/HQ Code/Homework/07 - Final Project - Labyrinth/Project/Labyrinth - Refactored/LabyrinthGameTests/bin/Debug/LabyrinthGameTests.DLL" adapterTypeName="Microsoft.VisualStudio.TestTools.TestTypes.Unit.UnitTestAdapter, Microsoft.VisualStudio.QualityTools.Tips.UnitTest.Adapter, Version=10.0.0.0, Culture=neutral, PublicKeyToken=b03f5f7f11d50a3a" className="LabyrinthGameTests.UtilitiesTests.GameUtilitiesTest, LabyrinthGameTests, Version=1.0.0.0, Culture=neutral, PublicKeyToken=null" name="TestIsPlayerPositionInLabyrinthRange_PlayerPositionAtBottomBorder_ReturnsTrue" />
    </UnitTest>
    <UnitTest name="TestCheckLabyrinthMapValidity_InvalidLabyrinthMapSize_ThrownException" storage="d:\work\courses\hq code\homework\07 - final project - labyrinth\project\labyrinth - refactored\labyrinthgametests\bin\debug\labyrinthgametests.dll" id="fead4f5b-fc2a-7f9e-fcf8-dbb28f04f839">
      <Execution id="32450763-4918-4e47-a6d7-c9805ba05e33" />
      <TestMethod codeBase="D:/Work/Courses/HQ Code/Homework/07 - Final Project - Labyrinth/Project/Labyrinth - Refactored/LabyrinthGameTests/bin/Debug/LabyrinthGameTests.DLL" adapterTypeName="Microsoft.VisualStudio.TestTools.TestTypes.Unit.UnitTestAdapter, Microsoft.VisualStudio.QualityTools.Tips.UnitTest.Adapter, Version=10.0.0.0, Culture=neutral, PublicKeyToken=b03f5f7f11d50a3a" className="LabyrinthGameTests.UtilitiesTests.GameUtilitiesTest, LabyrinthGameTests, Version=1.0.0.0, Culture=neutral, PublicKeyToken=null" name="TestCheckLabyrinthMapValidity_InvalidLabyrinthMapSize_ThrownException" />
    </UnitTest>
    <UnitTest name="TestIsLabyrinthSolvable_LabitynthIsNotSolvable_ReturnsFalse" storage="d:\work\courses\hq code\homework\07 - final project - labyrinth\project\labyrinth - refactored\labyrinthgametests\bin\debug\labyrinthgametests.dll" id="00bd6a54-0c67-50ad-3aa8-0ca50676d62e">
      <Execution id="6f283ba7-6c37-4b8a-9f6b-e5d72ae13619" />
      <TestMethod codeBase="D:/Work/Courses/HQ Code/Homework/07 - Final Project - Labyrinth/Project/Labyrinth - Refactored/LabyrinthGameTests/bin/Debug/LabyrinthGameTests.DLL" adapterTypeName="Microsoft.VisualStudio.TestTools.TestTypes.Unit.UnitTestAdapter, Microsoft.VisualStudio.QualityTools.Tips.UnitTest.Adapter, Version=10.0.0.0, Culture=neutral, PublicKeyToken=b03f5f7f11d50a3a" className="LabyrinthGameTests.UtilitiesTests.GameUtilitiesTest, LabyrinthGameTests, Version=1.0.0.0, Culture=neutral, PublicKeyToken=null" name="TestIsLabyrinthSolvable_LabitynthIsNotSolvable_ReturnsFalse" />
    </UnitTest>
    <UnitTest name="TestIsPlayerPositionAtLabyrintBorder_PlayerPositionAtTopBorder_ReturnsTrue" storage="d:\work\courses\hq code\homework\07 - final project - labyrinth\project\labyrinth - refactored\labyrinthgametests\bin\debug\labyrinthgametests.dll" id="41052ae3-bffd-1771-c8af-1d3cf4791f6d">
      <Execution id="771a04e8-da28-4a9a-877d-973af5d54ab1" />
      <TestMethod codeBase="D:/Work/Courses/HQ Code/Homework/07 - Final Project - Labyrinth/Project/Labyrinth - Refactored/LabyrinthGameTests/bin/Debug/LabyrinthGameTests.DLL" adapterTypeName="Microsoft.VisualStudio.TestTools.TestTypes.Unit.UnitTestAdapter, Microsoft.VisualStudio.QualityTools.Tips.UnitTest.Adapter, Version=10.0.0.0, Culture=neutral, PublicKeyToken=b03f5f7f11d50a3a" className="LabyrinthGameTests.UtilitiesTests.GameUtilitiesTest, LabyrinthGameTests, Version=1.0.0.0, Culture=neutral, PublicKeyToken=null" name="TestIsPlayerPositionAtLabyrintBorder_PlayerPositionAtTopBorder_ReturnsTrue" />
    </UnitTest>
    <UnitTest name="CopyToTest" storage="d:\work\courses\hq code\homework\07 - final project - labyrinth\project\labyrinth - refactored\labyrinthgametests\bin\debug\labyrinthgametests.dll" id="bff97ae2-eee3-ba3f-ec4d-63d8822cb76d">
      <Execution id="4ca5ebfa-8772-408e-92b5-a633021c94cc" />
      <TestMethod codeBase="D:/Work/Courses/HQ Code/Homework/07 - Final Project - Labyrinth/Project/Labyrinth - Refactored/LabyrinthGameTests/bin/Debug/LabyrinthGameTests.DLL" adapterTypeName="Microsoft.VisualStudio.TestTools.TestTypes.Unit.UnitTestAdapter, Microsoft.VisualStudio.QualityTools.Tips.UnitTest.Adapter, Version=10.0.0.0, Culture=neutral, PublicKeyToken=b03f5f7f11d50a3a" className="LabyrinthGameTests.UtilitiesTests.PlayerPositionTest, LabyrinthGameTests, Version=1.0.0.0, Culture=neutral, PublicKeyToken=null" name="CopyToTest" />
    </UnitTest>
    <UnitTest name="TestIsPlayerPositionInLabyrinthRange_PlayerPositionAtRightBorder_ReturnsTrue" storage="d:\work\courses\hq code\homework\07 - final project - labyrinth\project\labyrinth - refactored\labyrinthgametests\bin\debug\labyrinthgametests.dll" id="eb63cee3-8d56-4837-8866-0932734f8d54">
      <Execution id="745f7cc0-3626-4103-a276-cf6109371eb9" />
      <TestMethod codeBase="D:/Work/Courses/HQ Code/Homework/07 - Final Project - Labyrinth/Project/Labyrinth - Refactored/LabyrinthGameTests/bin/Debug/LabyrinthGameTests.DLL" adapterTypeName="Microsoft.VisualStudio.TestTools.TestTypes.Unit.UnitTestAdapter, Microsoft.VisualStudio.QualityTools.Tips.UnitTest.Adapter, Version=10.0.0.0, Culture=neutral, PublicKeyToken=b03f5f7f11d50a3a" className="LabyrinthGameTests.UtilitiesTests.GameUtilitiesTest, LabyrinthGameTests, Version=1.0.0.0, Culture=neutral, PublicKeyToken=null" name="TestIsPlayerPositionInLabyrinthRange_PlayerPositionAtRightBorder_ReturnsTrue" />
    </UnitTest>
    <UnitTest name="TestMain_StartNewGame_WelcomeMessagePrinted" storage="d:\work\courses\hq code\homework\07 - final project - labyrinth\project\labyrinth - refactored\labyrinthgametests\bin\debug\labyrinthgametests.dll" id="c97585c0-8f71-f85d-3b53-0549e1f574eb">
      <Execution id="d7a8ecc1-b7ef-41e5-a02d-bf9b130d9275" />
      <TestMethod codeBase="D:/Work/Courses/HQ Code/Homework/07 - Final Project - Labyrinth/Project/Labyrinth - Refactored/LabyrinthGameTests/bin/Debug/LabyrinthGameTests.DLL" adapterTypeName="Microsoft.VisualStudio.TestTools.TestTypes.Unit.UnitTestAdapter, Microsoft.VisualStudio.QualityTools.Tips.UnitTest.Adapter, Version=10.0.0.0, Culture=neutral, PublicKeyToken=b03f5f7f11d50a3a" className="LabyrinthGameTests.GameTests.GameTest, LabyrinthGameTests, Version=1.0.0.0, Culture=neutral, PublicKeyToken=null" name="TestMain_StartNewGame_WelcomeMessagePrinted" />
    </UnitTest>
    <UnitTest name="TestIsPlayerPositionAtLabyrintBorder_PlayerPositionAtBottomBorder_ReturnsTrue" storage="d:\work\courses\hq code\homework\07 - final project - labyrinth\project\labyrinth - refactored\labyrinthgametests\bin\debug\labyrinthgametests.dll" id="2b2dfcb2-51e3-58fb-dca8-89ce5a6eaef6">
      <Execution id="eff93a8b-72c3-4801-bf47-4e440f47a144" />
      <TestMethod codeBase="D:/Work/Courses/HQ Code/Homework/07 - Final Project - Labyrinth/Project/Labyrinth - Refactored/LabyrinthGameTests/bin/Debug/LabyrinthGameTests.DLL" adapterTypeName="Microsoft.VisualStudio.TestTools.TestTypes.Unit.UnitTestAdapter, Microsoft.VisualStudio.QualityTools.Tips.UnitTest.Adapter, Version=10.0.0.0, Culture=neutral, PublicKeyToken=b03f5f7f11d50a3a" className="LabyrinthGameTests.UtilitiesTests.GameUtilitiesTest, LabyrinthGameTests, Version=1.0.0.0, Culture=neutral, PublicKeyToken=null" name="TestIsPlayerPositionAtLabyrintBorder_PlayerPositionAtBottomBorder_ReturnsTrue" />
    </UnitTest>
    <UnitTest name="TestInitializeLabyrinthMap_PlayerPositionRowOutOfRange_ArgumnetExceptionThrown" storage="d:\work\courses\hq code\homework\07 - final project - labyrinth\project\labyrinth - refactored\labyrinthgametests\bin\debug\labyrinthgametests.dll" id="1a026f35-fc1c-7df8-925b-44c2c1828454">
      <DeploymentItems>
        <DeploymentItem filename="LabyrinthGame.exe" />
      </DeploymentItems>
      <Execution id="cf9d27fb-8626-4e96-a03c-fae27275f621" />
      <TestMethod codeBase="D:/Work/Courses/HQ Code/Homework/07 - Final Project - Labyrinth/Project/Labyrinth - Refactored/LabyrinthGameTests/bin/Debug/LabyrinthGameTests.DLL" adapterTypeName="Microsoft.VisualStudio.TestTools.TestTypes.Unit.UnitTestAdapter, Microsoft.VisualStudio.QualityTools.Tips.UnitTest.Adapter, Version=10.0.0.0, Culture=neutral, PublicKeyToken=b03f5f7f11d50a3a" className="LabyrinthGameTests.GameTests.LabyrinthTest, LabyrinthGameTests, Version=1.0.0.0, Culture=neutral, PublicKeyToken=null" name="TestInitializeLabyrinthMap_PlayerPositionRowOutOfRange_ArgumnetExceptionThrown" />
    </UnitTest>
    <UnitTest name="TestCheckPlayerPositionValidityInLabyrinthMap_InvalidPlayerPositionObject_ThrownException" storage="d:\work\courses\hq code\homework\07 - final project - labyrinth\project\labyrinth - refactored\labyrinthgametests\bin\debug\labyrinthgametests.dll" id="5a2d4e63-b2f8-1e5d-0e55-70225364168d">
      <Execution id="a05b51be-7ddc-4f95-b0c7-9fdc425132e0" />
      <TestMethod codeBase="D:/Work/Courses/HQ Code/Homework/07 - Final Project - Labyrinth/Project/Labyrinth - Refactored/LabyrinthGameTests/bin/Debug/LabyrinthGameTests.DLL" adapterTypeName="Microsoft.VisualStudio.TestTools.TestTypes.Unit.UnitTestAdapter, Microsoft.VisualStudio.QualityTools.Tips.UnitTest.Adapter, Version=10.0.0.0, Culture=neutral, PublicKeyToken=b03f5f7f11d50a3a" className="LabyrinthGameTests.UtilitiesTests.GameUtilitiesTest, LabyrinthGameTests, Version=1.0.0.0, Culture=neutral, PublicKeyToken=null" name="TestCheckPlayerPositionValidityInLabyrinthMap_InvalidPlayerPositionObject_ThrownException" />
    </UnitTest>
    <UnitTest name="TestPrintScoreboard_EmptyList_EmptyScoreboardPrinted" storage="d:\work\courses\hq code\homework\07 - final project - labyrinth\project\labyrinth - refactored\labyrinthgametests\bin\debug\labyrinthgametests.dll" id="954a9507-71f0-1157-5fe6-92b68099bc6a">
      <DeploymentItems>
        <DeploymentItem filename="LabyrinthGame.exe" />
      </DeploymentItems>
      <Execution id="00e38a64-aa31-4b35-830c-f04d49d265f5" />
      <TestMethod codeBase="D:/Work/Courses/HQ Code/Homework/07 - Final Project - Labyrinth/Project/Labyrinth - Refactored/LabyrinthGameTests/bin/Debug/LabyrinthGameTests.DLL" adapterTypeName="Microsoft.VisualStudio.TestTools.TestTypes.Unit.UnitTestAdapter, Microsoft.VisualStudio.QualityTools.Tips.UnitTest.Adapter, Version=10.0.0.0, Culture=neutral, PublicKeyToken=b03f5f7f11d50a3a" className="LabyrinthGameTests.UtilitiesTests.ScoreboardTest, LabyrinthGameTests, Version=1.0.0.0, Culture=neutral, PublicKeyToken=null" name="TestPrintScoreboard_EmptyList_EmptyScoreboardPrinted" />
    </UnitTest>
    <UnitTest name="TestAddScore_1Record_NumberOfStoredREcordsIs1" storage="d:\work\courses\hq code\homework\07 - final project - labyrinth\project\labyrinth - refactored\labyrinthgametests\bin\debug\labyrinthgametests.dll" id="c9b26c2e-297c-e8a8-a0e5-1696f280362f">
      <DeploymentItems>
        <DeploymentItem filename="LabyrinthGame.exe" />
      </DeploymentItems>
      <Execution id="fbaff3a0-f9a2-4b64-bc93-ff04f3e6a579" />
      <TestMethod codeBase="D:/Work/Courses/HQ Code/Homework/07 - Final Project - Labyrinth/Project/Labyrinth - Refactored/LabyrinthGameTests/bin/Debug/LabyrinthGameTests.DLL" adapterTypeName="Microsoft.VisualStudio.TestTools.TestTypes.Unit.UnitTestAdapter, Microsoft.VisualStudio.QualityTools.Tips.UnitTest.Adapter, Version=10.0.0.0, Culture=neutral, PublicKeyToken=b03f5f7f11d50a3a" className="LabyrinthGameTests.UtilitiesTests.ScoreboardTest, LabyrinthGameTests, Version=1.0.0.0, Culture=neutral, PublicKeyToken=null" name="TestAddScore_1Record_NumberOfStoredREcordsIs1" />
    </UnitTest>
    <UnitTest name="TestPlay_MoveUpBigLetter_PayerPositionMoved" storage="d:\work\courses\hq code\homework\07 - final project - labyrinth\project\labyrinth - refactored\labyrinthgametests\bin\debug\labyrinthgametests.dll" id="cae6fde2-188b-3999-9c92-fb92695dfff5">
      <DeploymentItems>
        <DeploymentItem filename="LabyrinthGame.exe" />
      </DeploymentItems>
      <Execution id="9b40018d-d46c-4393-b946-8dff9bbfc355" />
      <TestMethod codeBase="D:/Work/Courses/HQ Code/Homework/07 - Final Project - Labyrinth/Project/Labyrinth - Refactored/LabyrinthGameTests/bin/Debug/LabyrinthGameTests.DLL" adapterTypeName="Microsoft.VisualStudio.TestTools.TestTypes.Unit.UnitTestAdapter, Microsoft.VisualStudio.QualityTools.Tips.UnitTest.Adapter, Version=10.0.0.0, Culture=neutral, PublicKeyToken=b03f5f7f11d50a3a" className="LabyrinthGameTests.GameTests.LabyrinthTest, LabyrinthGameTests, Version=1.0.0.0, Culture=neutral, PublicKeyToken=null" name="TestPlay_MoveUpBigLetter_PayerPositionMoved" />
    </UnitTest>
    <UnitTest name="TestGetResourceValue_ReadValidResource_ResourceValueReturned" storage="d:\work\courses\hq code\homework\07 - final project - labyrinth\project\labyrinth - refactored\labyrinthgametests\bin\debug\labyrinthgametests.dll" id="5be0be29-c1eb-c1b7-0e66-de3c28db121d">
      <Execution id="d2fb0ff0-badd-4ab2-b24a-52251c655ca4" />
      <TestMethod codeBase="D:/Work/Courses/HQ Code/Homework/07 - Final Project - Labyrinth/Project/Labyrinth - Refactored/LabyrinthGameTests/bin/Debug/LabyrinthGameTests.DLL" adapterTypeName="Microsoft.VisualStudio.TestTools.TestTypes.Unit.UnitTestAdapter, Microsoft.VisualStudio.QualityTools.Tips.UnitTest.Adapter, Version=10.0.0.0, Culture=neutral, PublicKeyToken=b03f5f7f11d50a3a" className="LabyrinthGameTests.UtilitiesTests.GameResourcesCollectionTest, LabyrinthGameTests, Version=1.0.0.0, Culture=neutral, PublicKeyToken=null" name="TestGetResourceValue_ReadValidResource_ResourceValueReturned" />
    </UnitTest>
    <UnitTest name="TestPlay_MoveDownToBlockedCell_InvalidMoveMEssagePrinted" storage="d:\work\courses\hq code\homework\07 - final project - labyrinth\project\labyrinth - refactored\labyrinthgametests\bin\debug\labyrinthgametests.dll" id="45b63241-e670-5726-7da5-4fb968c126f9">
      <DeploymentItems>
        <DeploymentItem filename="LabyrinthGame.exe" />
      </DeploymentItems>
      <Execution id="7cc14efd-464a-4cac-939b-68879754c4d6" />
      <TestMethod codeBase="D:/Work/Courses/HQ Code/Homework/07 - Final Project - Labyrinth/Project/Labyrinth - Refactored/LabyrinthGameTests/bin/Debug/LabyrinthGameTests.DLL" adapterTypeName="Microsoft.VisualStudio.TestTools.TestTypes.Unit.UnitTestAdapter, Microsoft.VisualStudio.QualityTools.Tips.UnitTest.Adapter, Version=10.0.0.0, Culture=neutral, PublicKeyToken=b03f5f7f11d50a3a" className="LabyrinthGameTests.GameTests.LabyrinthTest, LabyrinthGameTests, Version=1.0.0.0, Culture=neutral, PublicKeyToken=null" name="TestPlay_MoveDownToBlockedCell_InvalidMoveMEssagePrinted" />
    </UnitTest>
    <UnitTest name="TestCheckPlayerPositionValidityInLabyrinthMap_PlayerPositionOutOfRange_ThrownException" storage="d:\work\courses\hq code\homework\07 - final project - labyrinth\project\labyrinth - refactored\labyrinthgametests\bin\debug\labyrinthgametests.dll" id="a9d92305-d679-5d67-6ce0-01309c8ee541">
      <Execution id="2dd7df59-32cd-4305-85b9-adafa6d09870" />
      <TestMethod codeBase="D:/Work/Courses/HQ Code/Homework/07 - Final Project - Labyrinth/Project/Labyrinth - Refactored/LabyrinthGameTests/bin/Debug/LabyrinthGameTests.DLL" adapterTypeName="Microsoft.VisualStudio.TestTools.TestTypes.Unit.UnitTestAdapter, Microsoft.VisualStudio.QualityTools.Tips.UnitTest.Adapter, Version=10.0.0.0, Culture=neutral, PublicKeyToken=b03f5f7f11d50a3a" className="LabyrinthGameTests.UtilitiesTests.GameUtilitiesTest, LabyrinthGameTests, Version=1.0.0.0, Culture=neutral, PublicKeyToken=null" name="TestCheckPlayerPositionValidityInLabyrinthMap_PlayerPositionOutOfRange_ThrownException" />
    </UnitTest>
    <UnitTest name="TestPlay_MoveLeftSmallLetter_PayerPositionMoved" storage="d:\work\courses\hq code\homework\07 - final project - labyrinth\project\labyrinth - refactored\labyrinthgametests\bin\debug\labyrinthgametests.dll" id="6aad3772-bac8-73c5-bfcf-1ee6dbdf9735">
      <DeploymentItems>
        <DeploymentItem filename="LabyrinthGame.exe" />
      </DeploymentItems>
      <Execution id="e5396cec-a0a2-474c-adbd-68a72bdbe175" />
      <TestMethod codeBase="D:/Work/Courses/HQ Code/Homework/07 - Final Project - Labyrinth/Project/Labyrinth - Refactored/LabyrinthGameTests/bin/Debug/LabyrinthGameTests.DLL" adapterTypeName="Microsoft.VisualStudio.TestTools.TestTypes.Unit.UnitTestAdapter, Microsoft.VisualStudio.QualityTools.Tips.UnitTest.Adapter, Version=10.0.0.0, Culture=neutral, PublicKeyToken=b03f5f7f11d50a3a" className="LabyrinthGameTests.GameTests.LabyrinthTest, LabyrinthGameTests, Version=1.0.0.0, Culture=neutral, PublicKeyToken=null" name="TestPlay_MoveLeftSmallLetter_PayerPositionMoved" />
    </UnitTest>
    <UnitTest name="TestAddScore_StoreRecords10and5and15_LowestRecordIs15" storage="d:\work\courses\hq code\homework\07 - final project - labyrinth\project\labyrinth - refactored\labyrinthgametests\bin\debug\labyrinthgametests.dll" id="db909cf8-1248-5bd3-9f5e-220316039a9a">
      <DeploymentItems>
        <DeploymentItem filename="LabyrinthGame.exe" />
      </DeploymentItems>
      <Execution id="ca871217-b322-4a4b-87fd-6123ed62ed71" />
      <TestMethod codeBase="D:/Work/Courses/HQ Code/Homework/07 - Final Project - Labyrinth/Project/Labyrinth - Refactored/LabyrinthGameTests/bin/Debug/LabyrinthGameTests.DLL" adapterTypeName="Microsoft.VisualStudio.TestTools.TestTypes.Unit.UnitTestAdapter, Microsoft.VisualStudio.QualityTools.Tips.UnitTest.Adapter, Version=10.0.0.0, Culture=neutral, PublicKeyToken=b03f5f7f11d50a3a" className="LabyrinthGameTests.UtilitiesTests.ScoreboardTest, LabyrinthGameTests, Version=1.0.0.0, Culture=neutral, PublicKeyToken=null" name="TestAddScore_StoreRecords10and5and15_LowestRecordIs15" />
    </UnitTest>
    <UnitTest name="TestIsPlayerPositionAtLabyrintBorder_PlayerPositionAtRightBorder_ReturnsTrue" storage="d:\work\courses\hq code\homework\07 - final project - labyrinth\project\labyrinth - refactored\labyrinthgametests\bin\debug\labyrinthgametests.dll" id="65ee67f2-dd58-4060-142c-c0be749d9b16">
      <Execution id="9fcc845b-ed53-4093-922a-829ecdf25f11" />
      <TestMethod codeBase="D:/Work/Courses/HQ Code/Homework/07 - Final Project - Labyrinth/Project/Labyrinth - Refactored/LabyrinthGameTests/bin/Debug/LabyrinthGameTests.DLL" adapterTypeName="Microsoft.VisualStudio.TestTools.TestTypes.Unit.UnitTestAdapter, Microsoft.VisualStudio.QualityTools.Tips.UnitTest.Adapter, Version=10.0.0.0, Culture=neutral, PublicKeyToken=b03f5f7f11d50a3a" className="LabyrinthGameTests.UtilitiesTests.GameUtilitiesTest, LabyrinthGameTests, Version=1.0.0.0, Culture=neutral, PublicKeyToken=null" name="TestIsPlayerPositionAtLabyrintBorder_PlayerPositionAtRightBorder_ReturnsTrue" />
    </UnitTest>
    <UnitTest name="TestInitializeLabyrinthMap_CreateGameInvalidRowsCount_ArgumnetExceptionThrown" storage="d:\work\courses\hq code\homework\07 - final project - labyrinth\project\labyrinth - refactored\labyrinthgametests\bin\debug\labyrinthgametests.dll" id="0b667cbd-7239-05d6-1b37-50841bc3cd9f">
      <DeploymentItems>
        <DeploymentItem filename="LabyrinthGame.exe" />
      </DeploymentItems>
      <Execution id="eb2edd0c-46a1-427e-8c60-69427fb7da31" />
      <TestMethod codeBase="D:/Work/Courses/HQ Code/Homework/07 - Final Project - Labyrinth/Project/Labyrinth - Refactored/LabyrinthGameTests/bin/Debug/LabyrinthGameTests.DLL" adapterTypeName="Microsoft.VisualStudio.TestTools.TestTypes.Unit.UnitTestAdapter, Microsoft.VisualStudio.QualityTools.Tips.UnitTest.Adapter, Version=10.0.0.0, Culture=neutral, PublicKeyToken=b03f5f7f11d50a3a" className="LabyrinthGameTests.GameTests.LabyrinthTest, LabyrinthGameTests, Version=1.0.0.0, Culture=neutral, PublicKeyToken=null" name="TestInitializeLabyrinthMap_CreateGameInvalidRowsCount_ArgumnetExceptionThrown" />
    </UnitTest>
    <UnitTest name="TestIsPlayerPositionInLabyrinthRange_PlayerPositionAtTopBorder_ReturnsTrue" storage="d:\work\courses\hq code\homework\07 - final project - labyrinth\project\labyrinth - refactored\labyrinthgametests\bin\debug\labyrinthgametests.dll" id="50512e4a-ed0e-d15e-0591-0c76b418b206">
      <Execution id="a41471c6-379d-4025-ae73-ea4c26d9b8c2" />
      <TestMethod codeBase="D:/Work/Courses/HQ Code/Homework/07 - Final Project - Labyrinth/Project/Labyrinth - Refactored/LabyrinthGameTests/bin/Debug/LabyrinthGameTests.DLL" adapterTypeName="Microsoft.VisualStudio.TestTools.TestTypes.Unit.UnitTestAdapter, Microsoft.VisualStudio.QualityTools.Tips.UnitTest.Adapter, Version=10.0.0.0, Culture=neutral, PublicKeyToken=b03f5f7f11d50a3a" className="LabyrinthGameTests.UtilitiesTests.GameUtilitiesTest, LabyrinthGameTests, Version=1.0.0.0, Culture=neutral, PublicKeyToken=null" name="TestIsPlayerPositionInLabyrinthRange_PlayerPositionAtTopBorder_ReturnsTrue" />
    </UnitTest>
    <UnitTest name="TestPlay_SolveTheGameFiveMoves_ScoreRecordedScoreboeadPrinted" storage="d:\work\courses\hq code\homework\07 - final project - labyrinth\project\labyrinth - refactored\labyrinthgametests\bin\debug\labyrinthgametests.dll" id="d1808c95-76b5-27c8-3321-e375fedeaaa9">
      <DeploymentItems>
        <DeploymentItem filename="LabyrinthGame.exe" />
      </DeploymentItems>
      <Execution id="b56cb6e2-0131-46b9-b2b8-786ca6cc07dd" />
      <TestMethod codeBase="D:/Work/Courses/HQ Code/Homework/07 - Final Project - Labyrinth/Project/Labyrinth - Refactored/LabyrinthGameTests/bin/Debug/LabyrinthGameTests.DLL" adapterTypeName="Microsoft.VisualStudio.TestTools.TestTypes.Unit.UnitTestAdapter, Microsoft.VisualStudio.QualityTools.Tips.UnitTest.Adapter, Version=10.0.0.0, Culture=neutral, PublicKeyToken=b03f5f7f11d50a3a" className="LabyrinthGameTests.GameTests.LabyrinthTest, LabyrinthGameTests, Version=1.0.0.0, Culture=neutral, PublicKeyToken=null" name="TestPlay_SolveTheGameFiveMoves_ScoreRecordedScoreboeadPrinted" />
    </UnitTest>
    <UnitTest name="TestIsHightScore_StoredRecordIs10MaxRecords1_15IsNotNewHighScore" storage="d:\work\courses\hq code\homework\07 - final project - labyrinth\project\labyrinth - refactored\labyrinthgametests\bin\debug\labyrinthgametests.dll" id="41c5269a-914a-486a-861a-7b2ef5cbc794">
      <DeploymentItems>
        <DeploymentItem filename="LabyrinthGame.exe" />
      </DeploymentItems>
      <Execution id="60f9044d-274f-4108-ad70-944a842b0bf0" />
      <TestMethod codeBase="D:/Work/Courses/HQ Code/Homework/07 - Final Project - Labyrinth/Project/Labyrinth - Refactored/LabyrinthGameTests/bin/Debug/LabyrinthGameTests.DLL" adapterTypeName="Microsoft.VisualStudio.TestTools.TestTypes.Unit.UnitTestAdapter, Microsoft.VisualStudio.QualityTools.Tips.UnitTest.Adapter, Version=10.0.0.0, Culture=neutral, PublicKeyToken=b03f5f7f11d50a3a" className="LabyrinthGameTests.UtilitiesTests.ScoreboardTest, LabyrinthGameTests, Version=1.0.0.0, Culture=neutral, PublicKeyToken=null" name="TestIsHightScore_StoredRecordIs10MaxRecords1_15IsNotNewHighScore" />
    </UnitTest>
    <UnitTest name="TestPlay_MoveRightToBlockedCell_InvalidMoveMEssagePrinted" storage="d:\work\courses\hq code\homework\07 - final project - labyrinth\project\labyrinth - refactored\labyrinthgametests\bin\debug\labyrinthgametests.dll" id="8f4ee49a-65f2-5f91-2221-6d2060b3ff56">
      <DeploymentItems>
        <DeploymentItem filename="LabyrinthGame.exe" />
      </DeploymentItems>
      <Execution id="60b6e0cc-2e44-4bc0-8c9d-efe3ad5f9c75" />
      <TestMethod codeBase="D:/Work/Courses/HQ Code/Homework/07 - Final Project - Labyrinth/Project/Labyrinth - Refactored/LabyrinthGameTests/bin/Debug/LabyrinthGameTests.DLL" adapterTypeName="Microsoft.VisualStudio.TestTools.TestTypes.Unit.UnitTestAdapter, Microsoft.VisualStudio.QualityTools.Tips.UnitTest.Adapter, Version=10.0.0.0, Culture=neutral, PublicKeyToken=b03f5f7f11d50a3a" className="LabyrinthGameTests.GameTests.LabyrinthTest, LabyrinthGameTests, Version=1.0.0.0, Culture=neutral, PublicKeyToken=null" name="TestPlay_MoveRightToBlockedCell_InvalidMoveMEssagePrinted" />
    </UnitTest>
    <UnitTest name="TestCompareTo_Compare9to10_AreEqual" storage="d:\work\courses\hq code\homework\07 - final project - labyrinth\project\labyrinth - refactored\labyrinthgametests\bin\debug\labyrinthgametests.dll" id="6715a518-e19f-1202-bfcf-9b3ed2c7764c">
      <Execution id="d841d861-6ff6-4563-8886-2dad7b854e1d" />
      <TestMethod codeBase="D:/Work/Courses/HQ Code/Homework/07 - Final Project - Labyrinth/Project/Labyrinth - Refactored/LabyrinthGameTests/bin/Debug/LabyrinthGameTests.DLL" adapterTypeName="Microsoft.VisualStudio.TestTools.TestTypes.Unit.UnitTestAdapter, Microsoft.VisualStudio.QualityTools.Tips.UnitTest.Adapter, Version=10.0.0.0, Culture=neutral, PublicKeyToken=b03f5f7f11d50a3a" className="LabyrinthGameTests.UtilitiesTests.ScoreRecordTest, LabyrinthGameTests, Version=1.0.0.0, Culture=neutral, PublicKeyToken=null" name="TestCompareTo_Compare9to10_AreEqual" />
    </UnitTest>
    <UnitTest name="TestIsPlayerPositionInLabyrinthRange_PlayerPositionInRange_ReturnsTrue" storage="d:\work\courses\hq code\homework\07 - final project - labyrinth\project\labyrinth - refactored\labyrinthgametests\bin\debug\labyrinthgametests.dll" id="713c0b70-0cfd-93d0-3ea7-5f2214f3234c">
      <Execution id="82fe8bb0-ad4d-4405-a569-17723d8e62fc" />
      <TestMethod codeBase="D:/Work/Courses/HQ Code/Homework/07 - Final Project - Labyrinth/Project/Labyrinth - Refactored/LabyrinthGameTests/bin/Debug/LabyrinthGameTests.DLL" adapterTypeName="Microsoft.VisualStudio.TestTools.TestTypes.Unit.UnitTestAdapter, Microsoft.VisualStudio.QualityTools.Tips.UnitTest.Adapter, Version=10.0.0.0, Culture=neutral, PublicKeyToken=b03f5f7f11d50a3a" className="LabyrinthGameTests.UtilitiesTests.GameUtilitiesTest, LabyrinthGameTests, Version=1.0.0.0, Culture=neutral, PublicKeyToken=null" name="TestIsPlayerPositionInLabyrinthRange_PlayerPositionInRange_ReturnsTrue" />
    </UnitTest>
    <UnitTest name="TestPlay_MoveDownBigLetter_PayerPositionMoved" storage="d:\work\courses\hq code\homework\07 - final project - labyrinth\project\labyrinth - refactored\labyrinthgametests\bin\debug\labyrinthgametests.dll" id="4c9dc7f2-a279-06b2-af66-246e213a7d9e">
      <DeploymentItems>
        <DeploymentItem filename="LabyrinthGame.exe" />
      </DeploymentItems>
      <Execution id="69ec1c3f-c210-4160-8f1f-5ed8bd3eee6a" />
      <TestMethod codeBase="D:/Work/Courses/HQ Code/Homework/07 - Final Project - Labyrinth/Project/Labyrinth - Refactored/LabyrinthGameTests/bin/Debug/LabyrinthGameTests.DLL" adapterTypeName="Microsoft.VisualStudio.TestTools.TestTypes.Unit.UnitTestAdapter, Microsoft.VisualStudio.QualityTools.Tips.UnitTest.Adapter, Version=10.0.0.0, Culture=neutral, PublicKeyToken=b03f5f7f11d50a3a" className="LabyrinthGameTests.GameTests.LabyrinthTest, LabyrinthGameTests, Version=1.0.0.0, Culture=neutral, PublicKeyToken=null" name="TestPlay_MoveDownBigLetter_PayerPositionMoved" />
    </UnitTest>
    <UnitTest name="TestPlay_EnterShowScoreboadCommand_MessageScoreBoardIsEmpty" storage="d:\work\courses\hq code\homework\07 - final project - labyrinth\project\labyrinth - refactored\labyrinthgametests\bin\debug\labyrinthgametests.dll" id="dace1836-b1d4-fe0f-9298-ebe2c84c7f98">
      <DeploymentItems>
        <DeploymentItem filename="LabyrinthGame.exe" />
      </DeploymentItems>
      <Execution id="09bd5ec5-fc39-49ad-bf13-0291889b3193" />
      <TestMethod codeBase="D:/Work/Courses/HQ Code/Homework/07 - Final Project - Labyrinth/Project/Labyrinth - Refactored/LabyrinthGameTests/bin/Debug/LabyrinthGameTests.DLL" adapterTypeName="Microsoft.VisualStudio.TestTools.TestTypes.Unit.UnitTestAdapter, Microsoft.VisualStudio.QualityTools.Tips.UnitTest.Adapter, Version=10.0.0.0, Culture=neutral, PublicKeyToken=b03f5f7f11d50a3a" className="LabyrinthGameTests.GameTests.LabyrinthTest, LabyrinthGameTests, Version=1.0.0.0, Culture=neutral, PublicKeyToken=null" name="TestPlay_EnterShowScoreboadCommand_MessageScoreBoardIsEmpty" />
    </UnitTest>
    <UnitTest name="TestInitializeLabyrinthMapInitial_CreateGame7x7_PlayerPositionIsAt3x3" storage="d:\work\courses\hq code\homework\07 - final project - labyrinth\project\labyrinth - refactored\labyrinthgametests\bin\debug\labyrinthgametests.dll" id="7b13643f-7b3e-fa2b-b615-a889ea0f11c0">
      <DeploymentItems>
        <DeploymentItem filename="LabyrinthGame.exe" />
      </DeploymentItems>
      <Execution id="f82e0fe6-f8be-4597-a037-ffc5e1a9af93" />
      <TestMethod codeBase="D:/Work/Courses/HQ Code/Homework/07 - Final Project - Labyrinth/Project/Labyrinth - Refactored/LabyrinthGameTests/bin/Debug/LabyrinthGameTests.DLL" adapterTypeName="Microsoft.VisualStudio.TestTools.TestTypes.Unit.UnitTestAdapter, Microsoft.VisualStudio.QualityTools.Tips.UnitTest.Adapter, Version=10.0.0.0, Culture=neutral, PublicKeyToken=b03f5f7f11d50a3a" className="LabyrinthGameTests.GameTests.LabyrinthTest, LabyrinthGameTests, Version=1.0.0.0, Culture=neutral, PublicKeyToken=null" name="TestInitializeLabyrinthMapInitial_CreateGame7x7_PlayerPositionIsAt3x3" />
    </UnitTest>
    <UnitTest name="TestIsHightScore_StoredRecordIs20MaxRecords1_15IsNewHighScore" storage="d:\work\courses\hq code\homework\07 - final project - labyrinth\project\labyrinth - refactored\labyrinthgametests\bin\debug\labyrinthgametests.dll" id="9fa44a34-8ea2-08ba-581a-954033668b64">
      <DeploymentItems>
        <DeploymentItem filename="LabyrinthGame.exe" />
      </DeploymentItems>
      <Execution id="db5356d3-41f2-46e8-bd29-72942ff855b5" />
      <TestMethod codeBase="D:/Work/Courses/HQ Code/Homework/07 - Final Project - Labyrinth/Project/Labyrinth - Refactored/LabyrinthGameTests/bin/Debug/LabyrinthGameTests.DLL" adapterTypeName="Microsoft.VisualStudio.TestTools.TestTypes.Unit.UnitTestAdapter, Microsoft.VisualStudio.QualityTools.Tips.UnitTest.Adapter, Version=10.0.0.0, Culture=neutral, PublicKeyToken=b03f5f7f11d50a3a" className="LabyrinthGameTests.UtilitiesTests.ScoreboardTest, LabyrinthGameTests, Version=1.0.0.0, Culture=neutral, PublicKeyToken=null" name="TestIsHightScore_StoredRecordIs20MaxRecords1_15IsNewHighScore" />
    </UnitTest>
    <UnitTest name="TestAddScore_Store3Rrecords_RecordsSortedAscending" storage="d:\work\courses\hq code\homework\07 - final project - labyrinth\project\labyrinth - refactored\labyrinthgametests\bin\debug\labyrinthgametests.dll" id="7499c3f7-c48f-22d3-cca5-f3e3b40a8316">
      <Execution id="8ce1f34e-7f93-40bc-aa6c-99725115506f" />
      <TestMethod codeBase="D:/Work/Courses/HQ Code/Homework/07 - Final Project - Labyrinth/Project/Labyrinth - Refactored/LabyrinthGameTests/bin/Debug/LabyrinthGameTests.DLL" adapterTypeName="Microsoft.VisualStudio.TestTools.TestTypes.Unit.UnitTestAdapter, Microsoft.VisualStudio.QualityTools.Tips.UnitTest.Adapter, Version=10.0.0.0, Culture=neutral, PublicKeyToken=b03f5f7f11d50a3a" className="LabyrinthGameTests.UtilitiesTests.ScoreboardTest, LabyrinthGameTests, Version=1.0.0.0, Culture=neutral, PublicKeyToken=null" name="TestAddScore_Store3Rrecords_RecordsSortedAscending" />
    </UnitTest>
    <UnitTest name="TestIsPlayerPositionAtLabyrintBorder_PlayerPositionNotAtBorder_ReturnsFalse" storage="d:\work\courses\hq code\homework\07 - final project - labyrinth\project\labyrinth - refactored\labyrinthgametests\bin\debug\labyrinthgametests.dll" id="76066b81-f82d-1d12-397c-496e6f1d8345">
      <Execution id="99efdbc6-570e-42d2-9c28-b9b7e4b35e94" />
      <TestMethod codeBase="D:/Work/Courses/HQ Code/Homework/07 - Final Project - Labyrinth/Project/Labyrinth - Refactored/LabyrinthGameTests/bin/Debug/LabyrinthGameTests.DLL" adapterTypeName="Microsoft.VisualStudio.TestTools.TestTypes.Unit.UnitTestAdapter, Microsoft.VisualStudio.QualityTools.Tips.UnitTest.Adapter, Version=10.0.0.0, Culture=neutral, PublicKeyToken=b03f5f7f11d50a3a" className="LabyrinthGameTests.UtilitiesTests.GameUtilitiesTest, LabyrinthGameTests, Version=1.0.0.0, Culture=neutral, PublicKeyToken=null" name="TestIsPlayerPositionAtLabyrintBorder_PlayerPositionNotAtBorder_ReturnsFalse" />
    </UnitTest>
    <UnitTest name="TestPlay_EnterInvalidCommand_InvalidMoveMessagePrinted" storage="d:\work\courses\hq code\homework\07 - final project - labyrinth\project\labyrinth - refactored\labyrinthgametests\bin\debug\labyrinthgametests.dll" id="f1ec6272-3070-b419-512b-a1e4a8fe4e2d">
      <DeploymentItems>
        <DeploymentItem filename="LabyrinthGame.exe" />
      </DeploymentItems>
      <Execution id="3dbdf19a-706b-4df6-9bf9-2c5045263a98" />
      <TestMethod codeBase="D:/Work/Courses/HQ Code/Homework/07 - Final Project - Labyrinth/Project/Labyrinth - Refactored/LabyrinthGameTests/bin/Debug/LabyrinthGameTests.DLL" adapterTypeName="Microsoft.VisualStudio.TestTools.TestTypes.Unit.UnitTestAdapter, Microsoft.VisualStudio.QualityTools.Tips.UnitTest.Adapter, Version=10.0.0.0, Culture=neutral, PublicKeyToken=b03f5f7f11d50a3a" className="LabyrinthGameTests.GameTests.LabyrinthTest, LabyrinthGameTests, Version=1.0.0.0, Culture=neutral, PublicKeyToken=null" name="TestPlay_EnterInvalidCommand_InvalidMoveMessagePrinted" />
    </UnitTest>
    <UnitTest name="TestPlay_MoveDownSmallLetter_PayerPositionMoved" storage="d:\work\courses\hq code\homework\07 - final project - labyrinth\project\labyrinth - refactored\labyrinthgametests\bin\debug\labyrinthgametests.dll" id="6e039a8b-4981-3cf9-2aa0-81d781c42dcc">
      <DeploymentItems>
        <DeploymentItem filename="LabyrinthGame.exe" />
      </DeploymentItems>
      <Execution id="1f26ab2f-2b8c-4995-9c35-bfd122cad787" />
      <TestMethod codeBase="D:/Work/Courses/HQ Code/Homework/07 - Final Project - Labyrinth/Project/Labyrinth - Refactored/LabyrinthGameTests/bin/Debug/LabyrinthGameTests.DLL" adapterTypeName="Microsoft.VisualStudio.TestTools.TestTypes.Unit.UnitTestAdapter, Microsoft.VisualStudio.QualityTools.Tips.UnitTest.Adapter, Version=10.0.0.0, Culture=neutral, PublicKeyToken=b03f5f7f11d50a3a" className="LabyrinthGameTests.GameTests.LabyrinthTest, LabyrinthGameTests, Version=1.0.0.0, Culture=neutral, PublicKeyToken=null" name="TestPlay_MoveDownSmallLetter_PayerPositionMoved" />
    </UnitTest>
    <UnitTest name="TestPlay_EnterExitCommand_ExitMessagePrinted" storage="d:\work\courses\hq code\homework\07 - final project - labyrinth\project\labyrinth - refactored\labyrinthgametests\bin\debug\labyrinthgametests.dll" id="214b1927-d52b-e8ac-841d-c1e6bd4ae076">
      <DeploymentItems>
        <DeploymentItem filename="LabyrinthGame.exe" />
      </DeploymentItems>
      <Execution id="1dac09b3-a337-4ef1-bdbe-b8923135abde" />
      <TestMethod codeBase="D:/Work/Courses/HQ Code/Homework/07 - Final Project - Labyrinth/Project/Labyrinth - Refactored/LabyrinthGameTests/bin/Debug/LabyrinthGameTests.DLL" adapterTypeName="Microsoft.VisualStudio.TestTools.TestTypes.Unit.UnitTestAdapter, Microsoft.VisualStudio.QualityTools.Tips.UnitTest.Adapter, Version=10.0.0.0, Culture=neutral, PublicKeyToken=b03f5f7f11d50a3a" className="LabyrinthGameTests.GameTests.LabyrinthTest, LabyrinthGameTests, Version=1.0.0.0, Culture=neutral, PublicKeyToken=null" name="TestPlay_EnterExitCommand_ExitMessagePrinted" />
    </UnitTest>
    <UnitTest name="TestInitializeLabyrinthMap_PlayerPositionColumnInvalid_ArgumnetExceptionThrown" storage="d:\work\courses\hq code\homework\07 - final project - labyrinth\project\labyrinth - refactored\labyrinthgametests\bin\debug\labyrinthgametests.dll" id="4333c246-846f-87ec-8f79-1aea6138bf74">
      <DeploymentItems>
        <DeploymentItem filename="LabyrinthGame.exe" />
      </DeploymentItems>
      <Execution id="0e3cc2b3-9a4a-4406-af90-5ddb3523c1fb" />
      <TestMethod codeBase="D:/Work/Courses/HQ Code/Homework/07 - Final Project - Labyrinth/Project/Labyrinth - Refactored/LabyrinthGameTests/bin/Debug/LabyrinthGameTests.DLL" adapterTypeName="Microsoft.VisualStudio.TestTools.TestTypes.Unit.UnitTestAdapter, Microsoft.VisualStudio.QualityTools.Tips.UnitTest.Adapter, Version=10.0.0.0, Culture=neutral, PublicKeyToken=b03f5f7f11d50a3a" className="LabyrinthGameTests.GameTests.LabyrinthTest, LabyrinthGameTests, Version=1.0.0.0, Culture=neutral, PublicKeyToken=null" name="TestInitializeLabyrinthMap_PlayerPositionColumnInvalid_ArgumnetExceptionThrown" />
    </UnitTest>
  </TestDefinitions>
  <TestLists>
    <TestList name="Results Not in a List" id="8c84fa94-04c1-424b-9868-57a2d4851a1d" />
    <TestList name="All Loaded Results" id="19431567-8539-422a-85d7-44ee4e166bda" />
  </TestLists>
  <TestEntries>
    <TestEntry testId="00bd6a54-0c67-50ad-3aa8-0ca50676d62e" executionId="6f283ba7-6c37-4b8a-9f6b-e5d72ae13619" testListId="8c84fa94-04c1-424b-9868-57a2d4851a1d" />
    <TestEntry testId="064f0193-c1d8-2e8b-b130-79f0caf49c6e" executionId="ebde70e6-2d5b-4b80-bcca-b74c81b225c5" testListId="8c84fa94-04c1-424b-9868-57a2d4851a1d" />
    <TestEntry testId="0b667cbd-7239-05d6-1b37-50841bc3cd9f" executionId="eb2edd0c-46a1-427e-8c60-69427fb7da31" testListId="8c84fa94-04c1-424b-9868-57a2d4851a1d" />
    <TestEntry testId="1a026f35-fc1c-7df8-925b-44c2c1828454" executionId="cf9d27fb-8626-4e96-a03c-fae27275f621" testListId="8c84fa94-04c1-424b-9868-57a2d4851a1d" />
    <TestEntry testId="1b5e868f-3fea-98ce-3e7a-e41f41680cf4" executionId="2738ab7a-4138-42aa-92c1-d64983399cf5" testListId="8c84fa94-04c1-424b-9868-57a2d4851a1d" />
    <TestEntry testId="1e67ba9b-2562-4cf1-1e55-50e120511ade" executionId="38e32897-aad8-41ac-9201-c097a1bce4a1" testListId="8c84fa94-04c1-424b-9868-57a2d4851a1d" />
    <TestEntry testId="214b1927-d52b-e8ac-841d-c1e6bd4ae076" executionId="1dac09b3-a337-4ef1-bdbe-b8923135abde" testListId="8c84fa94-04c1-424b-9868-57a2d4851a1d" />
    <TestEntry testId="22e6bd7c-3b55-4448-1199-9cac5a3b0180" executionId="f9f0978f-9df3-4655-ac4d-2753c966c560" testListId="8c84fa94-04c1-424b-9868-57a2d4851a1d" />
    <TestEntry testId="2b2dfcb2-51e3-58fb-dca8-89ce5a6eaef6" executionId="eff93a8b-72c3-4801-bf47-4e440f47a144" testListId="8c84fa94-04c1-424b-9868-57a2d4851a1d" />
    <TestEntry testId="3838e69d-00fd-0ea4-fd73-6bfd1af3afea" executionId="94bd0aa5-0689-4357-8304-ccfd6ef90037" testListId="8c84fa94-04c1-424b-9868-57a2d4851a1d" />
    <TestEntry testId="38af1b83-75c4-e3d1-f2a9-b8a273fc1f22" executionId="69bb6393-d808-4858-909a-cc8fd970bf8f" testListId="8c84fa94-04c1-424b-9868-57a2d4851a1d" />
    <TestEntry testId="3992ca63-7130-c847-b7ae-3b5960738672" executionId="a764d285-6c30-44cc-965d-c334d4370806" testListId="8c84fa94-04c1-424b-9868-57a2d4851a1d" />
    <TestEntry testId="41052ae3-bffd-1771-c8af-1d3cf4791f6d" executionId="771a04e8-da28-4a9a-877d-973af5d54ab1" testListId="8c84fa94-04c1-424b-9868-57a2d4851a1d" />
    <TestEntry testId="41c5269a-914a-486a-861a-7b2ef5cbc794" executionId="60f9044d-274f-4108-ad70-944a842b0bf0" testListId="8c84fa94-04c1-424b-9868-57a2d4851a1d" />
    <TestEntry testId="4333c246-846f-87ec-8f79-1aea6138bf74" executionId="0e3cc2b3-9a4a-4406-af90-5ddb3523c1fb" testListId="8c84fa94-04c1-424b-9868-57a2d4851a1d" />
    <TestEntry testId="45b63241-e670-5726-7da5-4fb968c126f9" executionId="7cc14efd-464a-4cac-939b-68879754c4d6" testListId="8c84fa94-04c1-424b-9868-57a2d4851a1d" />
    <TestEntry testId="46104fa5-2c46-cc7c-6a2e-bd156e922eb2" executionId="6a340d81-2415-431d-823d-ab6c33aa973a" testListId="8c84fa94-04c1-424b-9868-57a2d4851a1d" />
    <TestEntry testId="49468e04-4e1f-fa29-efc0-2ae57ca03016" executionId="841322f9-76c4-402b-9fd4-174f9a5d6a19" testListId="8c84fa94-04c1-424b-9868-57a2d4851a1d" />
    <TestEntry testId="4c9dc7f2-a279-06b2-af66-246e213a7d9e" executionId="69ec1c3f-c210-4160-8f1f-5ed8bd3eee6a" testListId="8c84fa94-04c1-424b-9868-57a2d4851a1d" />
    <TestEntry testId="50512e4a-ed0e-d15e-0591-0c76b418b206" executionId="a41471c6-379d-4025-ae73-ea4c26d9b8c2" testListId="8c84fa94-04c1-424b-9868-57a2d4851a1d" />
    <TestEntry testId="5a2d4e63-b2f8-1e5d-0e55-70225364168d" executionId="a05b51be-7ddc-4f95-b0c7-9fdc425132e0" testListId="8c84fa94-04c1-424b-9868-57a2d4851a1d" />
    <TestEntry testId="5be0be29-c1eb-c1b7-0e66-de3c28db121d" executionId="d2fb0ff0-badd-4ab2-b24a-52251c655ca4" testListId="8c84fa94-04c1-424b-9868-57a2d4851a1d" />
    <TestEntry testId="5c706ee3-0f90-4e95-151d-c3fe84b27731" executionId="4bcb7e8f-a37f-43ba-8557-6f465c180033" testListId="8c84fa94-04c1-424b-9868-57a2d4851a1d" />
    <TestEntry testId="5f1ada45-18a8-d38f-7cb1-bf4f0651b576" executionId="d2a027b1-271a-4efb-a7d1-e91b8b11412a" testListId="8c84fa94-04c1-424b-9868-57a2d4851a1d" />
    <TestEntry testId="602cdad9-a0a6-ef94-4303-f62a00bdf1df" executionId="1abcbc89-0617-4aff-be1c-a2bab26f2344" testListId="8c84fa94-04c1-424b-9868-57a2d4851a1d" />
    <TestEntry testId="65ee67f2-dd58-4060-142c-c0be749d9b16" executionId="9fcc845b-ed53-4093-922a-829ecdf25f11" testListId="8c84fa94-04c1-424b-9868-57a2d4851a1d" />
    <TestEntry testId="6715a518-e19f-1202-bfcf-9b3ed2c7764c" executionId="d841d861-6ff6-4563-8886-2dad7b854e1d" testListId="8c84fa94-04c1-424b-9868-57a2d4851a1d" />
    <TestEntry testId="6aad3772-bac8-73c5-bfcf-1ee6dbdf9735" executionId="e5396cec-a0a2-474c-adbd-68a72bdbe175" testListId="8c84fa94-04c1-424b-9868-57a2d4851a1d" />
    <TestEntry testId="6e039a8b-4981-3cf9-2aa0-81d781c42dcc" executionId="1f26ab2f-2b8c-4995-9c35-bfd122cad787" testListId="8c84fa94-04c1-424b-9868-57a2d4851a1d" />
    <TestEntry testId="70f41788-cb88-e265-0243-3d7ee945f00f" executionId="d7a95898-c713-48e4-be3c-bc1eba4ae4bb" testListId="8c84fa94-04c1-424b-9868-57a2d4851a1d" />
    <TestEntry testId="713c0b70-0cfd-93d0-3ea7-5f2214f3234c" executionId="82fe8bb0-ad4d-4405-a569-17723d8e62fc" testListId="8c84fa94-04c1-424b-9868-57a2d4851a1d" />
    <TestEntry testId="721ec0ac-a8d8-43f2-8a8a-bbcc23886663" executionId="0cf773ab-6b2d-4b7b-917d-725b8441f1d4" testListId="8c84fa94-04c1-424b-9868-57a2d4851a1d" />
    <TestEntry testId="7499c3f7-c48f-22d3-cca5-f3e3b40a8316" executionId="8ce1f34e-7f93-40bc-aa6c-99725115506f" testListId="8c84fa94-04c1-424b-9868-57a2d4851a1d" />
    <TestEntry testId="76066b81-f82d-1d12-397c-496e6f1d8345" executionId="99efdbc6-570e-42d2-9c28-b9b7e4b35e94" testListId="8c84fa94-04c1-424b-9868-57a2d4851a1d" />
    <TestEntry testId="7b13643f-7b3e-fa2b-b615-a889ea0f11c0" executionId="f82e0fe6-f8be-4597-a037-ffc5e1a9af93" testListId="8c84fa94-04c1-424b-9868-57a2d4851a1d" />
    <TestEntry testId="8528c068-c927-8fcd-3fda-5720146fa10e" executionId="01e7799b-a662-4e4e-88e3-53ab61874959" testListId="8c84fa94-04c1-424b-9868-57a2d4851a1d" />
    <TestEntry testId="8e3f5a43-bfe8-046c-4082-39ae6c4c9a1e" executionId="2b76609c-a5cb-4587-b067-08b639a6a875" testListId="8c84fa94-04c1-424b-9868-57a2d4851a1d" />
    <TestEntry testId="8f4ee49a-65f2-5f91-2221-6d2060b3ff56" executionId="60b6e0cc-2e44-4bc0-8c9d-efe3ad5f9c75" testListId="8c84fa94-04c1-424b-9868-57a2d4851a1d" />
    <TestEntry testId="90e9871f-9d88-a960-bbfa-8030c3138bc6" executionId="29086174-60ae-422c-ad3b-1470360f3361" testListId="8c84fa94-04c1-424b-9868-57a2d4851a1d" />
    <TestEntry testId="913d29b6-05df-d113-ab41-2d9218eac454" executionId="22116ba5-e9c2-4716-86ac-39dc8a5a6eef" testListId="8c84fa94-04c1-424b-9868-57a2d4851a1d" />
    <TestEntry testId="92e921a1-7413-b8fd-1053-474e571c6556" executionId="20f3e85b-e0f7-4e16-9cd2-f3ac2f7b07ed" testListId="8c84fa94-04c1-424b-9868-57a2d4851a1d" />
    <TestEntry testId="954a9507-71f0-1157-5fe6-92b68099bc6a" executionId="00e38a64-aa31-4b35-830c-f04d49d265f5" testListId="8c84fa94-04c1-424b-9868-57a2d4851a1d" />
    <TestEntry testId="966d9dd0-4f82-7bc2-0df0-7ab39e7e8329" executionId="e1073402-61e9-41fa-991e-e87258e43c8a" testListId="8c84fa94-04c1-424b-9868-57a2d4851a1d" />
    <TestEntry testId="9fa44a34-8ea2-08ba-581a-954033668b64" executionId="db5356d3-41f2-46e8-bd29-72942ff855b5" testListId="8c84fa94-04c1-424b-9868-57a2d4851a1d" />
    <TestEntry testId="a9d92305-d679-5d67-6ce0-01309c8ee541" executionId="2dd7df59-32cd-4305-85b9-adafa6d09870" testListId="8c84fa94-04c1-424b-9868-57a2d4851a1d" />
    <TestEntry testId="ab9469e7-e138-e0e3-4eaf-6e2e5c2ae4e7" executionId="c482ea2c-5883-40f0-86ba-49e39a1f4c2d" testListId="8c84fa94-04c1-424b-9868-57a2d4851a1d" />
    <TestEntry testId="b302e319-930b-d780-f9c5-e92823bcd7b4" executionId="66003952-cef7-4c62-b601-4865ef99498b" testListId="8c84fa94-04c1-424b-9868-57a2d4851a1d" />
    <TestEntry testId="b7cc83bd-7d8b-0de1-e188-083382990dd7" executionId="5770ef16-e348-491d-b26e-8cba72c002f5" testListId="8c84fa94-04c1-424b-9868-57a2d4851a1d" />
    <TestEntry testId="baf3de5e-87bd-fb43-3072-3eb4c32230b2" executionId="6efa2363-3571-4c68-af0b-71b8354a9296" testListId="8c84fa94-04c1-424b-9868-57a2d4851a1d" />
    <TestEntry testId="bff97ae2-eee3-ba3f-ec4d-63d8822cb76d" executionId="4ca5ebfa-8772-408e-92b5-a633021c94cc" testListId="8c84fa94-04c1-424b-9868-57a2d4851a1d" />
    <TestEntry testId="c23de7cf-f106-1f98-a5a7-8301c63e027b" executionId="adab66d9-fc24-4519-82d1-b2b77adf4d73" testListId="8c84fa94-04c1-424b-9868-57a2d4851a1d" />
    <TestEntry testId="c97585c0-8f71-f85d-3b53-0549e1f574eb" executionId="d7a8ecc1-b7ef-41e5-a02d-bf9b130d9275" testListId="8c84fa94-04c1-424b-9868-57a2d4851a1d" />
    <TestEntry testId="c9b26c2e-297c-e8a8-a0e5-1696f280362f" executionId="fbaff3a0-f9a2-4b64-bc93-ff04f3e6a579" testListId="8c84fa94-04c1-424b-9868-57a2d4851a1d" />
    <TestEntry testId="cae6fde2-188b-3999-9c92-fb92695dfff5" executionId="9b40018d-d46c-4393-b946-8dff9bbfc355" testListId="8c84fa94-04c1-424b-9868-57a2d4851a1d" />
    <TestEntry testId="d1808c95-76b5-27c8-3321-e375fedeaaa9" executionId="b56cb6e2-0131-46b9-b2b8-786ca6cc07dd" testListId="8c84fa94-04c1-424b-9868-57a2d4851a1d" />
    <TestEntry testId="d2c408e5-b397-bc11-f07c-053ca0d03e3a" executionId="7fdccaba-9058-4220-b411-01a14f488c2a" testListId="8c84fa94-04c1-424b-9868-57a2d4851a1d" />
    <TestEntry testId="d95cc6e9-2b09-0d04-e7ba-8c61df679392" executionId="c8f028e8-b2e9-4102-8cff-c710023daf1b" testListId="8c84fa94-04c1-424b-9868-57a2d4851a1d" />
    <TestEntry testId="dace1836-b1d4-fe0f-9298-ebe2c84c7f98" executionId="09bd5ec5-fc39-49ad-bf13-0291889b3193" testListId="8c84fa94-04c1-424b-9868-57a2d4851a1d" />
    <TestEntry testId="db909cf8-1248-5bd3-9f5e-220316039a9a" executionId="ca871217-b322-4a4b-87fd-6123ed62ed71" testListId="8c84fa94-04c1-424b-9868-57a2d4851a1d" />
    <TestEntry testId="ddf84eeb-6e95-7732-7ac8-25baf1256761" executionId="1319296e-d2a3-4059-bda6-44c9351b9d7b" testListId="8c84fa94-04c1-424b-9868-57a2d4851a1d" />
    <TestEntry testId="e0db3463-627c-8ea7-e859-145dd1cf9ba0" executionId="b02556a4-e2dd-4547-ae87-564a1d3acd78" testListId="8c84fa94-04c1-424b-9868-57a2d4851a1d" />
    <TestEntry testId="e6ac9817-db14-9457-ce43-eb9adaf9a694" executionId="ba05be56-c78f-47b3-9d27-2fd919e48b48" testListId="8c84fa94-04c1-424b-9868-57a2d4851a1d" />
    <TestEntry testId="eb63cee3-8d56-4837-8866-0932734f8d54" executionId="745f7cc0-3626-4103-a276-cf6109371eb9" testListId="8c84fa94-04c1-424b-9868-57a2d4851a1d" />
    <TestEntry testId="eccffd02-9604-343d-9995-6c981b22e840" executionId="af7a33db-2637-465d-8fb5-64669694035c" testListId="8c84fa94-04c1-424b-9868-57a2d4851a1d" />
    <TestEntry testId="ed5d8d77-c5e9-1de2-8093-76d5b9840371" executionId="b41ebcff-5e39-4393-9459-8fd826d357d6" testListId="8c84fa94-04c1-424b-9868-57a2d4851a1d" />
    <TestEntry testId="f1ec6272-3070-b419-512b-a1e4a8fe4e2d" executionId="3dbdf19a-706b-4df6-9bf9-2c5045263a98" testListId="8c84fa94-04c1-424b-9868-57a2d4851a1d" />
    <TestEntry testId="f8fa6a08-ce3d-ce5f-703b-e05dd9cc971a" executionId="dd5a6e77-3142-4c19-b12e-3214c351a84a" testListId="8c84fa94-04c1-424b-9868-57a2d4851a1d" />
    <TestEntry testId="fead4f5b-fc2a-7f9e-fcf8-dbb28f04f839" executionId="32450763-4918-4e47-a6d7-c9805ba05e33" testListId="8c84fa94-04c1-424b-9868-57a2d4851a1d" />
    <TestEntry testId="ff5c0ab6-c317-decd-6cbf-441a801dab6f" executionId="2e3b0608-4f96-45e6-90f9-02185d68fc6f" testListId="8c84fa94-04c1-424b-9868-57a2d4851a1d" />
  </TestEntries>
  <Results>
    <UnitTestResult executionId="6f283ba7-6c37-4b8a-9f6b-e5d72ae13619" testId="00bd6a54-0c67-50ad-3aa8-0ca50676d62e" testName="TestIsLabyrinthSolvable_LabitynthIsNotSolvable_ReturnsFalse" computerName="SVETLIO-PC" duration="00:00:00.0227964" startTime="2012-07-08T18:42:05.0653654+03:00" endTime="2012-07-08T18:42:05.2993658+03:00" testType="13cdc9d9-ddb5-4fa4-a97d-d965ccfc6d4b" outcome="Passed" testListId="8c84fa94-04c1-424b-9868-57a2d4851a1d" relativeResultsDirectory="6f283ba7-6c37-4b8a-9f6b-e5d72ae13619">
    </UnitTestResult>
    <UnitTestResult executionId="ebde70e6-2d5b-4b80-bcca-b74c81b225c5" testId="064f0193-c1d8-2e8b-b130-79f0caf49c6e" testName="TestInitializeLabyrinthMap_CreateGameInvalidColumnsCount_ArgumnetExceptionThrown" computerName="SVETLIO-PC" duration="00:00:00.0123691" startTime="2012-07-08T18:42:05.2993658+03:00" endTime="2012-07-08T18:42:05.3149658+03:00" testType="13cdc9d9-ddb5-4fa4-a97d-d965ccfc6d4b" outcome="Passed" testListId="8c84fa94-04c1-424b-9868-57a2d4851a1d" relativeResultsDirectory="ebde70e6-2d5b-4b80-bcca-b74c81b225c5">
    </UnitTestResult>
    <UnitTestResult executionId="eb2edd0c-46a1-427e-8c60-69427fb7da31" testId="0b667cbd-7239-05d6-1b37-50841bc3cd9f" testName="TestInitializeLabyrinthMap_CreateGameInvalidRowsCount_ArgumnetExceptionThrown" computerName="SVETLIO-PC" duration="00:00:00.0012532" startTime="2012-07-08T18:42:05.3149658+03:00" endTime="2012-07-08T18:42:05.3149658+03:00" testType="13cdc9d9-ddb5-4fa4-a97d-d965ccfc6d4b" outcome="Passed" testListId="8c84fa94-04c1-424b-9868-57a2d4851a1d" relativeResultsDirectory="eb2edd0c-46a1-427e-8c60-69427fb7da31">
    </UnitTestResult>
    <UnitTestResult executionId="cf9d27fb-8626-4e96-a03c-fae27275f621" testId="1a026f35-fc1c-7df8-925b-44c2c1828454" testName="TestInitializeLabyrinthMap_PlayerPositionRowOutOfRange_ArgumnetExceptionThrown" computerName="SVETLIO-PC" duration="00:00:00.0022156" startTime="2012-07-08T18:42:05.3149658+03:00" endTime="2012-07-08T18:42:05.3305659+03:00" testType="13cdc9d9-ddb5-4fa4-a97d-d965ccfc6d4b" outcome="Passed" testListId="8c84fa94-04c1-424b-9868-57a2d4851a1d" relativeResultsDirectory="cf9d27fb-8626-4e96-a03c-fae27275f621">
    </UnitTestResult>
    <UnitTestResult executionId="2738ab7a-4138-42aa-92c1-d64983399cf5" testId="1b5e868f-3fea-98ce-3e7a-e41f41680cf4" testName="TestInitializeLabyrinthMap_CreateGame7x7_LabyrinthSizeIs7Rows" computerName="SVETLIO-PC" duration="00:00:00.0201111" startTime="2012-07-08T18:42:05.3305659+03:00" endTime="2012-07-08T18:42:05.3617659+03:00" testType="13cdc9d9-ddb5-4fa4-a97d-d965ccfc6d4b" outcome="Passed" testListId="8c84fa94-04c1-424b-9868-57a2d4851a1d" relativeResultsDirectory="2738ab7a-4138-42aa-92c1-d64983399cf5">
      <Output>
        <StdOut>Welcome to “Labirinth” game. Please try to escape. Use 'top' to view the top scoreboard, 'restart' to start a new game and 'exit' to quit the game.
X X - - X - X 
X - X - X X - 
X X - X - - - 
X X - * X - X 
X - - X - - X 
- X - - - X - 
- - X - X - -</StdOut>
      </Output>
    </UnitTestResult>
    <UnitTestResult executionId="38e32897-aad8-41ac-9201-c097a1bce4a1" testId="1e67ba9b-2562-4cf1-1e55-50e120511ade" testName="TestPlay_MoveRightSmallLetter_PayerPositionMoved" computerName="SVETLIO-PC" duration="00:00:00.0150655" startTime="2012-07-08T18:42:05.3617659+03:00" endTime="2012-07-08T18:42:05.3773660+03:00" testType="13cdc9d9-ddb5-4fa4-a97d-d965ccfc6d4b" outcome="Passed" testListId="8c84fa94-04c1-424b-9868-57a2d4851a1d" relativeResultsDirectory="38e32897-aad8-41ac-9201-c097a1bce4a1">
      <Output>
        <StdOut>Welcome to “Labirinth” game. Please try to escape. Use 'top' to view the top scoreboard, 'restart' to start a new game and 'exit' to quit the game.
X X - - X - X 
X - X - X X - 
X X - X - - - 
X X - * X - X 
X - - X - - X 
- X - - - X - 
- - X - X - -</StdOut>
      </Output>
    </UnitTestResult>
    <UnitTestResult executionId="1dac09b3-a337-4ef1-bdbe-b8923135abde" testId="214b1927-d52b-e8ac-841d-c1e6bd4ae076" testName="TestPlay_EnterExitCommand_ExitMessagePrinted" computerName="SVETLIO-PC" duration="00:00:00.0004559" startTime="2012-07-08T18:42:05.3773660+03:00" endTime="2012-07-08T18:42:05.3773660+03:00" testType="13cdc9d9-ddb5-4fa4-a97d-d965ccfc6d4b" outcome="Passed" testListId="8c84fa94-04c1-424b-9868-57a2d4851a1d" relativeResultsDirectory="1dac09b3-a337-4ef1-bdbe-b8923135abde">
      <Output>
        <StdOut>Welcome to “Labirinth” game. Please try to escape. Use 'top' to view the top scoreboard, 'restart' to start a new game and 'exit' to quit the game.
X - - - X - X 
X - X - - X X 
X X X X X - - 
X - X * - - - 
- - - - X - - 
X - X - - - X 
- - - - - - X</StdOut>
      </Output>
    </UnitTestResult>
    <UnitTestResult executionId="f9f0978f-9df3-4655-ac4d-2753c966c560" testId="22e6bd7c-3b55-4448-1199-9cac5a3b0180" testName="TestPlay_MoveUpToBlockedCell_InvalidMoveMEssagePrinted" computerName="SVETLIO-PC" duration="00:00:00.0144389" startTime="2012-07-08T18:42:05.3773660+03:00" endTime="2012-07-08T18:42:05.4085660+03:00" testType="13cdc9d9-ddb5-4fa4-a97d-d965ccfc6d4b" outcome="Passed" testListId="8c84fa94-04c1-424b-9868-57a2d4851a1d" relativeResultsDirectory="f9f0978f-9df3-4655-ac4d-2753c966c560">
      <Output>
        <StdOut>Welcome to “Labirinth” game. Please try to escape. Use 'top' to view the top scoreboard, 'restart' to start a new game and 'exit' to quit the game.
- - - - X - X 
- - - X - - X 
X - X X X - X 
- - X * X X X 
X - X - - - X 
- X - X X - - 
- X X X X X X</StdOut>
      </Output>
    </UnitTestResult>
    <UnitTestResult executionId="eff93a8b-72c3-4801-bf47-4e440f47a144" testId="2b2dfcb2-51e3-58fb-dca8-89ce5a6eaef6" testName="TestIsPlayerPositionAtLabyrintBorder_PlayerPositionAtBottomBorder_ReturnsTrue" computerName="SVETLIO-PC" duration="00:00:00.0002587" startTime="2012-07-08T18:42:05.4085660+03:00" endTime="2012-07-08T18:42:05.4085660+03:00" testType="13cdc9d9-ddb5-4fa4-a97d-d965ccfc6d4b" outcome="Passed" testListId="8c84fa94-04c1-424b-9868-57a2d4851a1d" relativeResultsDirectory="eff93a8b-72c3-4801-bf47-4e440f47a144">
    </UnitTestResult>
    <UnitTestResult executionId="94bd0aa5-0689-4357-8304-ccfd6ef90037" testId="3838e69d-00fd-0ea4-fd73-6bfd1af3afea" testName="TestPlay_MoveUpSmallLetter_PayerPositionMoved" computerName="SVETLIO-PC" duration="00:00:00.0005599" startTime="2012-07-08T18:42:05.4085660+03:00" endTime="2012-07-08T18:42:05.4085660+03:00" testType="13cdc9d9-ddb5-4fa4-a97d-d965ccfc6d4b" outcome="Passed" testListId="8c84fa94-04c1-424b-9868-57a2d4851a1d" relativeResultsDirectory="94bd0aa5-0689-4357-8304-ccfd6ef90037">
      <Output>
        <StdOut>Welcome to “Labirinth” game. Please try to escape. Use 'top' to view the top scoreboard, 'restart' to start a new game and 'exit' to quit the game.
- - - - X - X 
- - - X - - X 
X - X X X - X 
- - X * X X X 
X - X - - - X 
- X - X X - - 
- X X X X X X</StdOut>
      </Output>
    </UnitTestResult>
    <UnitTestResult executionId="69bb6393-d808-4858-909a-cc8fd970bf8f" testId="38af1b83-75c4-e3d1-f2a9-b8a273fc1f22" testName="TestCheckLabyrinthMapValidity_InvalidLabyrinthMapObject_ThrownException" computerName="SVETLIO-PC" duration="00:00:00.0017909" startTime="2012-07-08T18:42:05.4085660+03:00" endTime="2012-07-08T18:42:05.4241660+03:00" testType="13cdc9d9-ddb5-4fa4-a97d-d965ccfc6d4b" outcome="Passed" testListId="8c84fa94-04c1-424b-9868-57a2d4851a1d" relativeResultsDirectory="69bb6393-d808-4858-909a-cc8fd970bf8f">
    </UnitTestResult>
    <UnitTestResult executionId="a764d285-6c30-44cc-965d-c334d4370806" testId="3992ca63-7130-c847-b7ae-3b5960738672" testName="TestInitializeLabyrinthMap_CreateGame7x7_LabyrinthSizeIs7Columns" computerName="SVETLIO-PC" duration="00:00:00.0004474" startTime="2012-07-08T18:42:05.4241660+03:00" endTime="2012-07-08T18:42:05.4241660+03:00" testType="13cdc9d9-ddb5-4fa4-a97d-d965ccfc6d4b" outcome="Passed" testListId="8c84fa94-04c1-424b-9868-57a2d4851a1d" relativeResultsDirectory="a764d285-6c30-44cc-965d-c334d4370806">
      <Output>
        <StdOut>Welcome to “Labirinth” game. Please try to escape. Use 'top' to view the top scoreboard, 'restart' to start a new game and 'exit' to quit the game.
- - - X - - X 
- - - X X - - 
X - X X X X X 
- - - * - X X 
- X X X - X X 
- - X - X - X 
- X - X - - -</StdOut>
      </Output>
    </UnitTestResult>
    <UnitTestResult executionId="771a04e8-da28-4a9a-877d-973af5d54ab1" testId="41052ae3-bffd-1771-c8af-1d3cf4791f6d" testName="TestIsPlayerPositionAtLabyrintBorder_PlayerPositionAtTopBorder_ReturnsTrue" computerName="SVETLIO-PC" duration="00:00:00.0002519" startTime="2012-07-08T18:42:05.4241660+03:00" endTime="2012-07-08T18:42:05.4241660+03:00" testType="13cdc9d9-ddb5-4fa4-a97d-d965ccfc6d4b" outcome="Passed" testListId="8c84fa94-04c1-424b-9868-57a2d4851a1d" relativeResultsDirectory="771a04e8-da28-4a9a-877d-973af5d54ab1">
    </UnitTestResult>
    <UnitTestResult executionId="60f9044d-274f-4108-ad70-944a842b0bf0" testId="41c5269a-914a-486a-861a-7b2ef5cbc794" testName="TestIsHightScore_StoredRecordIs10MaxRecords1_15IsNotNewHighScore" computerName="SVETLIO-PC" duration="00:00:00.0029996" startTime="2012-07-08T18:42:05.4397661+03:00" endTime="2012-07-08T18:42:05.4397661+03:00" testType="13cdc9d9-ddb5-4fa4-a97d-d965ccfc6d4b" outcome="Passed" testListId="8c84fa94-04c1-424b-9868-57a2d4851a1d" relativeResultsDirectory="60f9044d-274f-4108-ad70-944a842b0bf0">
    </UnitTestResult>
    <UnitTestResult executionId="0e3cc2b3-9a4a-4406-af90-5ddb3523c1fb" testId="4333c246-846f-87ec-8f79-1aea6138bf74" testName="TestInitializeLabyrinthMap_PlayerPositionColumnInvalid_ArgumnetExceptionThrown" computerName="SVETLIO-PC" duration="00:00:00.0015389" startTime="2012-07-08T18:42:05.4397661+03:00" endTime="2012-07-08T18:42:05.4553661+03:00" testType="13cdc9d9-ddb5-4fa4-a97d-d965ccfc6d4b" outcome="Passed" testListId="8c84fa94-04c1-424b-9868-57a2d4851a1d" relativeResultsDirectory="0e3cc2b3-9a4a-4406-af90-5ddb3523c1fb">
    </UnitTestResult>
    <UnitTestResult executionId="7cc14efd-464a-4cac-939b-68879754c4d6" testId="45b63241-e670-5726-7da5-4fb968c126f9" testName="TestPlay_MoveDownToBlockedCell_InvalidMoveMEssagePrinted" computerName="SVETLIO-PC" duration="00:00:00.0010795" startTime="2012-07-08T18:42:05.4553661+03:00" endTime="2012-07-08T18:42:05.4553661+03:00" testType="13cdc9d9-ddb5-4fa4-a97d-d965ccfc6d4b" outcome="Passed" testListId="8c84fa94-04c1-424b-9868-57a2d4851a1d" relativeResultsDirectory="7cc14efd-464a-4cac-939b-68879754c4d6">
      <Output>
        <StdOut>Welcome to “Labirinth” game. Please try to escape. Use 'top' to view the top scoreboard, 'restart' to start a new game and 'exit' to quit the game.
X - X - - - X 
X - X X - X - 
- - X - X X X 
X - X * - - X 
X X X X X - - 
- X - X - - - 
X - - - X X -</StdOut>
      </Output>
    </UnitTestResult>
    <UnitTestResult executionId="6a340d81-2415-431d-823d-ab6c33aa973a" testId="46104fa5-2c46-cc7c-6a2e-bd156e922eb2" testName="TestIsPlayerPositionAtLabyrintBorder_PlayerPositionAtLeftBorder_ReturnsTrue" computerName="SVETLIO-PC" duration="00:00:00.0002823" startTime="2012-07-08T18:42:05.4553661+03:00" endTime="2012-07-08T18:42:05.4553661+03:00" testType="13cdc9d9-ddb5-4fa4-a97d-d965ccfc6d4b" outcome="Passed" testListId="8c84fa94-04c1-424b-9868-57a2d4851a1d" relativeResultsDirectory="6a340d81-2415-431d-823d-ab6c33aa973a">
    </UnitTestResult>
    <UnitTestResult executionId="841322f9-76c4-402b-9fd4-174f9a5d6a19" testId="49468e04-4e1f-fa29-efc0-2ae57ca03016" testName="TestCompareTo_CompareWrongObject_ExpectedExcetion" computerName="SVETLIO-PC" duration="00:00:00.0011206" startTime="2012-07-08T18:42:05.4709661+03:00" endTime="2012-07-08T18:42:05.4709661+03:00" testType="13cdc9d9-ddb5-4fa4-a97d-d965ccfc6d4b" outcome="Passed" testListId="8c84fa94-04c1-424b-9868-57a2d4851a1d" relativeResultsDirectory="841322f9-76c4-402b-9fd4-174f9a5d6a19">
    </UnitTestResult>
    <UnitTestResult executionId="69ec1c3f-c210-4160-8f1f-5ed8bd3eee6a" testId="4c9dc7f2-a279-06b2-af66-246e213a7d9e" testName="TestPlay_MoveDownBigLetter_PayerPositionMoved" computerName="SVETLIO-PC" duration="00:00:00.0005628" startTime="2012-07-08T18:42:05.4709661+03:00" endTime="2012-07-08T18:42:05.4709661+03:00" testType="13cdc9d9-ddb5-4fa4-a97d-d965ccfc6d4b" outcome="Passed" testListId="8c84fa94-04c1-424b-9868-57a2d4851a1d" relativeResultsDirectory="69ec1c3f-c210-4160-8f1f-5ed8bd3eee6a">
      <Output>
        <StdOut>Welcome to “Labirinth” game. Please try to escape. Use 'top' to view the top scoreboard, 'restart' to start a new game and 'exit' to quit the game.
X X - X - - X 
- - - - X X X 
X - - X - X X 
X - X * - X X 
- X X X - X X 
- X - - - - X 
- X X - - X X</StdOut>
      </Output>
    </UnitTestResult>
    <UnitTestResult executionId="a41471c6-379d-4025-ae73-ea4c26d9b8c2" testId="50512e4a-ed0e-d15e-0591-0c76b418b206" testName="TestIsPlayerPositionInLabyrinthRange_PlayerPositionAtTopBorder_ReturnsTrue" computerName="SVETLIO-PC" duration="00:00:00.0003567" startTime="2012-07-08T18:42:05.4709661+03:00" endTime="2012-07-08T18:42:05.4865661+03:00" testType="13cdc9d9-ddb5-4fa4-a97d-d965ccfc6d4b" outcome="Passed" testListId="8c84fa94-04c1-424b-9868-57a2d4851a1d" relativeResultsDirectory="a41471c6-379d-4025-ae73-ea4c26d9b8c2">
    </UnitTestResult>
    <UnitTestResult executionId="a05b51be-7ddc-4f95-b0c7-9fdc425132e0" testId="5a2d4e63-b2f8-1e5d-0e55-70225364168d" testName="TestCheckPlayerPositionValidityInLabyrinthMap_InvalidPlayerPositionObject_ThrownException" computerName="SVETLIO-PC" duration="00:00:00.0015975" startTime="2012-07-08T18:42:05.4865661+03:00" endTime="2012-07-08T18:42:05.4865661+03:00" testType="13cdc9d9-ddb5-4fa4-a97d-d965ccfc6d4b" outcome="Passed" testListId="8c84fa94-04c1-424b-9868-57a2d4851a1d" relativeResultsDirectory="a05b51be-7ddc-4f95-b0c7-9fdc425132e0">
    </UnitTestResult>
    <UnitTestResult executionId="d2fb0ff0-badd-4ab2-b24a-52251c655ca4" testId="5be0be29-c1eb-c1b7-0e66-de3c28db121d" testName="TestGetResourceValue_ReadValidResource_ResourceValueReturned" computerName="SVETLIO-PC" duration="00:00:00.0003259" startTime="2012-07-08T18:42:05.4865661+03:00" endTime="2012-07-08T18:42:05.4865661+03:00" testType="13cdc9d9-ddb5-4fa4-a97d-d965ccfc6d4b" outcome="Passed" testListId="8c84fa94-04c1-424b-9868-57a2d4851a1d" relativeResultsDirectory="d2fb0ff0-badd-4ab2-b24a-52251c655ca4">
    </UnitTestResult>
    <UnitTestResult executionId="4bcb7e8f-a37f-43ba-8557-6f465c180033" testId="5c706ee3-0f90-4e95-151d-c3fe84b27731" testName="TestCompareTo_Compare10to9_SecondIsHigher" computerName="SVETLIO-PC" duration="00:00:00.0002686" startTime="2012-07-08T18:42:05.5021662+03:00" endTime="2012-07-08T18:42:05.5021662+03:00" testType="13cdc9d9-ddb5-4fa4-a97d-d965ccfc6d4b" outcome="Passed" testListId="8c84fa94-04c1-424b-9868-57a2d4851a1d" relativeResultsDirectory="4bcb7e8f-a37f-43ba-8557-6f465c180033">
    </UnitTestResult>
    <UnitTestResult executionId="d2a027b1-271a-4efb-a7d1-e91b8b11412a" testId="5f1ada45-18a8-d38f-7cb1-bf4f0651b576" testName="TestPrintLabyrinth_CreateGame7x7_DisplayLabyrinthMap" computerName="SVETLIO-PC" duration="00:00:00.0007596" startTime="2012-07-08T18:42:05.5021662+03:00" endTime="2012-07-08T18:42:05.5021662+03:00" testType="13cdc9d9-ddb5-4fa4-a97d-d965ccfc6d4b" outcome="Passed" testListId="8c84fa94-04c1-424b-9868-57a2d4851a1d" relativeResultsDirectory="d2a027b1-271a-4efb-a7d1-e91b8b11412a">
      <Output>
        <StdOut>Welcome to “Labirinth” game. Please try to escape. Use 'top' to view the top scoreboard, 'restart' to start a new game and 'exit' to quit the game.
- X X - - X X 
X X X - X X X 
- X - - - X - 
- - - * - X X 
X X - - X X X 
- X - X - - - 
X - - X X - X</StdOut>
      </Output>
    </UnitTestResult>
    <UnitTestResult executionId="1abcbc89-0617-4aff-be1c-a2bab26f2344" testId="602cdad9-a0a6-ef94-4303-f62a00bdf1df" testName="TestCompareTo_Compare10to9_FirstIsHigher" computerName="SVETLIO-PC" duration="00:00:00.0002549" startTime="2012-07-08T18:42:05.5021662+03:00" endTime="2012-07-08T18:42:05.5021662+03:00" testType="13cdc9d9-ddb5-4fa4-a97d-d965ccfc6d4b" outcome="Passed" testListId="8c84fa94-04c1-424b-9868-57a2d4851a1d" relativeResultsDirectory="1abcbc89-0617-4aff-be1c-a2bab26f2344">
    </UnitTestResult>
    <UnitTestResult executionId="9fcc845b-ed53-4093-922a-829ecdf25f11" testId="65ee67f2-dd58-4060-142c-c0be749d9b16" testName="TestIsPlayerPositionAtLabyrintBorder_PlayerPositionAtRightBorder_ReturnsTrue" computerName="SVETLIO-PC" duration="00:00:00.0002459" startTime="2012-07-08T18:42:05.5021662+03:00" endTime="2012-07-08T18:42:05.5177662+03:00" testType="13cdc9d9-ddb5-4fa4-a97d-d965ccfc6d4b" outcome="Passed" testListId="8c84fa94-04c1-424b-9868-57a2d4851a1d" relativeResultsDirectory="9fcc845b-ed53-4093-922a-829ecdf25f11">
    </UnitTestResult>
    <UnitTestResult executionId="d841d861-6ff6-4563-8886-2dad7b854e1d" testId="6715a518-e19f-1202-bfcf-9b3ed2c7764c" testName="TestCompareTo_Compare9to10_AreEqual" computerName="SVETLIO-PC" duration="00:00:00.0002549" startTime="2012-07-08T18:42:05.5177662+03:00" endTime="2012-07-08T18:42:05.5177662+03:00" testType="13cdc9d9-ddb5-4fa4-a97d-d965ccfc6d4b" outcome="Passed" testListId="8c84fa94-04c1-424b-9868-57a2d4851a1d" relativeResultsDirectory="d841d861-6ff6-4563-8886-2dad7b854e1d">
    </UnitTestResult>
    <UnitTestResult executionId="e5396cec-a0a2-474c-adbd-68a72bdbe175" testId="6aad3772-bac8-73c5-bfcf-1ee6dbdf9735" testName="TestPlay_MoveLeftSmallLetter_PayerPositionMoved" computerName="SVETLIO-PC" duration="00:00:00.0009183" startTime="2012-07-08T18:42:05.5177662+03:00" endTime="2012-07-08T18:42:05.5177662+03:00" testType="13cdc9d9-ddb5-4fa4-a97d-d965ccfc6d4b" outcome="Passed" testListId="8c84fa94-04c1-424b-9868-57a2d4851a1d" relativeResultsDirectory="e5396cec-a0a2-474c-adbd-68a72bdbe175">
      <Output>
        <StdOut>Welcome to “Labirinth” game. Please try to escape. Use 'top' to view the top scoreboard, 'restart' to start a new game and 'exit' to quit the game.
- - - - - X - 
- X - - X - X 
X - X X - X - 
- X X * - X - 
X X X - X X - 
- - - - X X - 
- - - X X - -</StdOut>
      </Output>
    </UnitTestResult>
    <UnitTestResult executionId="1f26ab2f-2b8c-4995-9c35-bfd122cad787" testId="6e039a8b-4981-3cf9-2aa0-81d781c42dcc" testName="TestPlay_MoveDownSmallLetter_PayerPositionMoved" computerName="SVETLIO-PC" duration="00:00:00.0006099" startTime="2012-07-08T18:42:05.5177662+03:00" endTime="2012-07-08T18:42:05.5333662+03:00" testType="13cdc9d9-ddb5-4fa4-a97d-d965ccfc6d4b" outcome="Passed" testListId="8c84fa94-04c1-424b-9868-57a2d4851a1d" relativeResultsDirectory="1f26ab2f-2b8c-4995-9c35-bfd122cad787">
      <Output>
        <StdOut>Welcome to “Labirinth” game. Please try to escape. Use 'top' to view the top scoreboard, 'restart' to start a new game and 'exit' to quit the game.
- - - X - X X 
- X - - - - X 
- - - - X X - 
X X - * - - - 
- X X - - - X 
X - - X X - X 
X X X X - X X</StdOut>
      </Output>
    </UnitTestResult>
    <UnitTestResult executionId="d7a95898-c713-48e4-be3c-bc1eba4ae4bb" testId="70f41788-cb88-e265-0243-3d7ee945f00f" testName="TestGetLowestScore_InvalidListPassed_ThrownException" computerName="SVETLIO-PC" duration="00:00:00.0023486" startTime="2012-07-08T18:42:05.5333662+03:00" endTime="2012-07-08T18:42:05.5333662+03:00" testType="13cdc9d9-ddb5-4fa4-a97d-d965ccfc6d4b" outcome="Passed" testListId="8c84fa94-04c1-424b-9868-57a2d4851a1d" relativeResultsDirectory="d7a95898-c713-48e4-be3c-bc1eba4ae4bb">
    </UnitTestResult>
    <UnitTestResult executionId="82fe8bb0-ad4d-4405-a569-17723d8e62fc" testId="713c0b70-0cfd-93d0-3ea7-5f2214f3234c" testName="TestIsPlayerPositionInLabyrinthRange_PlayerPositionInRange_ReturnsTrue" computerName="SVETLIO-PC" duration="00:00:00.0002523" startTime="2012-07-08T18:42:05.5333662+03:00" endTime="2012-07-08T18:42:05.5333662+03:00" testType="13cdc9d9-ddb5-4fa4-a97d-d965ccfc6d4b" outcome="Passed" testListId="8c84fa94-04c1-424b-9868-57a2d4851a1d" relativeResultsDirectory="82fe8bb0-ad4d-4405-a569-17723d8e62fc">
    </UnitTestResult>
    <UnitTestResult executionId="0cf773ab-6b2d-4b7b-917d-725b8441f1d4" testId="721ec0ac-a8d8-43f2-8a8a-bbcc23886663" testName="TestIsHightScore_StoredRecordIs2MaxRecords5_5IsNewHighScore" computerName="SVETLIO-PC" duration="00:00:00.0003327" startTime="2012-07-08T18:42:05.5489663+03:00" endTime="2012-07-08T18:42:05.5489663+03:00" testType="13cdc9d9-ddb5-4fa4-a97d-d965ccfc6d4b" outcome="Passed" testListId="8c84fa94-04c1-424b-9868-57a2d4851a1d" relativeResultsDirectory="0cf773ab-6b2d-4b7b-917d-725b8441f1d4">
    </UnitTestResult>
    <UnitTestResult executionId="8ce1f34e-7f93-40bc-aa6c-99725115506f" testId="7499c3f7-c48f-22d3-cca5-f3e3b40a8316" testName="TestAddScore_Store3Rrecords_RecordsSortedAscending" computerName="SVETLIO-PC" duration="00:00:00.0006694" startTime="2012-07-08T18:42:05.5489663+03:00" endTime="2012-07-08T18:42:05.5489663+03:00" testType="13cdc9d9-ddb5-4fa4-a97d-d965ccfc6d4b" outcome="Passed" testListId="8c84fa94-04c1-424b-9868-57a2d4851a1d" relativeResultsDirectory="8ce1f34e-7f93-40bc-aa6c-99725115506f">
    </UnitTestResult>
    <UnitTestResult executionId="99efdbc6-570e-42d2-9c28-b9b7e4b35e94" testId="76066b81-f82d-1d12-397c-496e6f1d8345" testName="TestIsPlayerPositionAtLabyrintBorder_PlayerPositionNotAtBorder_ReturnsFalse" computerName="SVETLIO-PC" duration="00:00:00.0002617" startTime="2012-07-08T18:42:05.5489663+03:00" endTime="2012-07-08T18:42:05.5489663+03:00" testType="13cdc9d9-ddb5-4fa4-a97d-d965ccfc6d4b" outcome="Passed" testListId="8c84fa94-04c1-424b-9868-57a2d4851a1d" relativeResultsDirectory="99efdbc6-570e-42d2-9c28-b9b7e4b35e94">
    </UnitTestResult>
    <UnitTestResult executionId="f82e0fe6-f8be-4597-a037-ffc5e1a9af93" testId="7b13643f-7b3e-fa2b-b615-a889ea0f11c0" testName="TestInitializeLabyrinthMapInitial_CreateGame7x7_PlayerPositionIsAt3x3" computerName="SVETLIO-PC" duration="00:00:00.0004563" startTime="2012-07-08T18:42:05.5645663+03:00" endTime="2012-07-08T18:42:05.5645663+03:00" testType="13cdc9d9-ddb5-4fa4-a97d-d965ccfc6d4b" outcome="Passed" testListId="8c84fa94-04c1-424b-9868-57a2d4851a1d" relativeResultsDirectory="f82e0fe6-f8be-4597-a037-ffc5e1a9af93">
      <Output>
        <StdOut>Welcome to “Labirinth” game. Please try to escape. Use 'top' to view the top scoreboard, 'restart' to start a new game and 'exit' to quit the game.
X - - - - X X 
X X X X - X - 
X X - X X X - 
X X - * - X - 
X X - - X - - 
- - - - - X - 
- - X - X - -</StdOut>
      </Output>
    </UnitTestResult>
    <UnitTestResult executionId="01e7799b-a662-4e4e-88e3-53ab61874959" testId="8528c068-c927-8fcd-3fda-5720146fa10e" testName="TestPlay_MoveRightBigLetter_PayerPositionMoved" computerName="SVETLIO-PC" duration="00:00:00.0005671" startTime="2012-07-08T18:42:05.5645663+03:00" endTime="2012-07-08T18:42:05.5645663+03:00" testType="13cdc9d9-ddb5-4fa4-a97d-d965ccfc6d4b" outcome="Passed" testListId="8c84fa94-04c1-424b-9868-57a2d4851a1d" relativeResultsDirectory="01e7799b-a662-4e4e-88e3-53ab61874959">
      <Output>
        <StdOut>Welcome to “Labirinth” game. Please try to escape. Use 'top' to view the top scoreboard, 'restart' to start a new game and 'exit' to quit the game.
X - - - - X X 
X X X X - X - 
X X - X X X - 
X X - * - X - 
X X - - X - - 
- - - - - X - 
- - X - X - -</StdOut>
      </Output>
    </UnitTestResult>
    <UnitTestResult executionId="2b76609c-a5cb-4587-b067-08b639a6a875" testId="8e3f5a43-bfe8-046c-4082-39ae6c4c9a1e" testName="TestInitializeLabyrinthMap_PlayerPositionRowInvalid_ArgumnetExceptionThrown" computerName="SVETLIO-PC" duration="00:00:00.0013465" startTime="2012-07-08T18:42:05.5645663+03:00" endTime="2012-07-08T18:42:05.5645663+03:00" testType="13cdc9d9-ddb5-4fa4-a97d-d965ccfc6d4b" outcome="Passed" testListId="8c84fa94-04c1-424b-9868-57a2d4851a1d" relativeResultsDirectory="2b76609c-a5cb-4587-b067-08b639a6a875">
    </UnitTestResult>
    <UnitTestResult executionId="60b6e0cc-2e44-4bc0-8c9d-efe3ad5f9c75" testId="8f4ee49a-65f2-5f91-2221-6d2060b3ff56" testName="TestPlay_MoveRightToBlockedCell_InvalidMoveMEssagePrinted" computerName="SVETLIO-PC" duration="00:00:00.0267961" startTime="2012-07-08T18:42:05.5801663+03:00" endTime="2012-07-08T18:42:05.6113664+03:00" testType="13cdc9d9-ddb5-4fa4-a97d-d965ccfc6d4b" outcome="Passed" testListId="8c84fa94-04c1-424b-9868-57a2d4851a1d" relativeResultsDirectory="60b6e0cc-2e44-4bc0-8c9d-efe3ad5f9c75">
      <Output>
        <StdOut>Welcome to “Labirinth” game. Please try to escape. Use 'top' to view the top scoreboard, 'restart' to start a new game and 'exit' to quit the game.
- X X - X X X 
- - - - X X - 
X X - X - X X 
- X - * X - - 
X X X X X - X 
- X - - X X X 
- X X - X X X</StdOut>
      </Output>
    </UnitTestResult>
    <UnitTestResult executionId="29086174-60ae-422c-ad3b-1470360f3361" testId="90e9871f-9d88-a960-bbfa-8030c3138bc6" testName="TestIsLabyrinthSolvable_LabitynthWithManyExits_ReturnsTrue" computerName="SVETLIO-PC" duration="00:00:00.0002711" startTime="2012-07-08T18:42:05.6113664+03:00" endTime="2012-07-08T18:42:05.6113664+03:00" testType="13cdc9d9-ddb5-4fa4-a97d-d965ccfc6d4b" outcome="Passed" testListId="8c84fa94-04c1-424b-9868-57a2d4851a1d" relativeResultsDirectory="29086174-60ae-422c-ad3b-1470360f3361">
    </UnitTestResult>
    <UnitTestResult executionId="22116ba5-e9c2-4716-86ac-39dc8a5a6eef" testId="913d29b6-05df-d113-ab41-2d9218eac454" testName="TestIsLabyrinthSolvable_LabitynthWithOneExit_ReturnsTrue" computerName="SVETLIO-PC" duration="00:00:00.0002908" startTime="2012-07-08T18:42:05.6113664+03:00" endTime="2012-07-08T18:42:05.6113664+03:00" testType="13cdc9d9-ddb5-4fa4-a97d-d965ccfc6d4b" outcome="Passed" testListId="8c84fa94-04c1-424b-9868-57a2d4851a1d" relativeResultsDirectory="22116ba5-e9c2-4716-86ac-39dc8a5a6eef">
    </UnitTestResult>
    <UnitTestResult executionId="20f3e85b-e0f7-4e16-9cd2-f3ac2f7b07ed" testId="92e921a1-7413-b8fd-1053-474e571c6556" testName="TestScoreRecordConstructor_CreateInvalidRecord_ExpectedExcetion" computerName="SVETLIO-PC" duration="00:00:00.0005795" startTime="2012-07-08T18:42:05.6113664+03:00" endTime="2012-07-08T18:42:05.6269664+03:00" testType="13cdc9d9-ddb5-4fa4-a97d-d965ccfc6d4b" outcome="Passed" testListId="8c84fa94-04c1-424b-9868-57a2d4851a1d" relativeResultsDirectory="20f3e85b-e0f7-4e16-9cd2-f3ac2f7b07ed">
    </UnitTestResult>
    <UnitTestResult executionId="00e38a64-aa31-4b35-830c-f04d49d265f5" testId="954a9507-71f0-1157-5fe6-92b68099bc6a" testName="TestPrintScoreboard_EmptyList_EmptyScoreboardPrinted" computerName="SVETLIO-PC" duration="00:00:00.0015479" startTime="2012-07-08T18:42:05.6269664+03:00" endTime="2012-07-08T18:42:05.6269664+03:00" testType="13cdc9d9-ddb5-4fa4-a97d-d965ccfc6d4b" outcome="Passed" testListId="8c84fa94-04c1-424b-9868-57a2d4851a1d" relativeResultsDirectory="00e38a64-aa31-4b35-830c-f04d49d265f5">
    </UnitTestResult>
    <UnitTestResult executionId="e1073402-61e9-41fa-991e-e87258e43c8a" testId="966d9dd0-4f82-7bc2-0df0-7ab39e7e8329" testName="TestPlay_MoveLeftBigLetter_PayerPositionMoved" computerName="SVETLIO-PC" duration="00:00:00.0007113" startTime="2012-07-08T18:42:05.6269664+03:00" endTime="2012-07-08T18:42:05.6425664+03:00" testType="13cdc9d9-ddb5-4fa4-a97d-d965ccfc6d4b" outcome="Passed" testListId="8c84fa94-04c1-424b-9868-57a2d4851a1d" relativeResultsDirectory="e1073402-61e9-41fa-991e-e87258e43c8a">
      <Output>
        <StdOut>Welcome to “Labirinth” game. Please try to escape. Use 'top' to view the top scoreboard, 'restart' to start a new game and 'exit' to quit the game.
- X - X X X X 
- - - - - X X 
X X X X - - X 
- - - * X - - 
- - - - - X - 
X - - - - - - 
- - - X - - -</StdOut>
      </Output>
    </UnitTestResult>
    <UnitTestResult executionId="db5356d3-41f2-46e8-bd29-72942ff855b5" testId="9fa44a34-8ea2-08ba-581a-954033668b64" testName="TestIsHightScore_StoredRecordIs20MaxRecords1_15IsNewHighScore" computerName="SVETLIO-PC" duration="00:00:00.0003879" startTime="2012-07-08T18:42:05.6425664+03:00" endTime="2012-07-08T18:42:05.6425664+03:00" testType="13cdc9d9-ddb5-4fa4-a97d-d965ccfc6d4b" outcome="Passed" testListId="8c84fa94-04c1-424b-9868-57a2d4851a1d" relativeResultsDirectory="db5356d3-41f2-46e8-bd29-72942ff855b5">
    </UnitTestResult>
    <UnitTestResult executionId="2dd7df59-32cd-4305-85b9-adafa6d09870" testId="a9d92305-d679-5d67-6ce0-01309c8ee541" testName="TestCheckPlayerPositionValidityInLabyrinthMap_PlayerPositionOutOfRange_ThrownException" computerName="SVETLIO-PC" duration="00:00:00.0017378" startTime="2012-07-08T18:42:05.6425664+03:00" endTime="2012-07-08T18:42:05.6425664+03:00" testType="13cdc9d9-ddb5-4fa4-a97d-d965ccfc6d4b" outcome="Passed" testListId="8c84fa94-04c1-424b-9868-57a2d4851a1d" relativeResultsDirectory="2dd7df59-32cd-4305-85b9-adafa6d09870">
    </UnitTestResult>
    <UnitTestResult executionId="c482ea2c-5883-40f0-86ba-49e39a1f4c2d" testId="ab9469e7-e138-e0e3-4eaf-6e2e5c2ae4e7" testName="TestIsPlayerPositionInLabyrinthRange_PlayerPositionOutRange_ReturnsFalse" computerName="SVETLIO-PC" duration="00:00:00.0002750" startTime="2012-07-08T18:42:05.6581664+03:00" endTime="2012-07-08T18:42:05.6581664+03:00" testType="13cdc9d9-ddb5-4fa4-a97d-d965ccfc6d4b" outcome="Passed" testListId="8c84fa94-04c1-424b-9868-57a2d4851a1d" relativeResultsDirectory="c482ea2c-5883-40f0-86ba-49e39a1f4c2d">
    </UnitTestResult>
    <UnitTestResult executionId="66003952-cef7-4c62-b601-4865ef99498b" testId="b302e319-930b-d780-f9c5-e92823bcd7b4" testName="TestIsPlayerPositionInLabyrinthRange_PlayerPositionAtLeftBorder_ReturnsTrue" computerName="SVETLIO-PC" duration="00:00:00.0002698" startTime="2012-07-08T18:42:05.6581664+03:00" endTime="2012-07-08T18:42:05.6581664+03:00" testType="13cdc9d9-ddb5-4fa4-a97d-d965ccfc6d4b" outcome="Passed" testListId="8c84fa94-04c1-424b-9868-57a2d4851a1d" relativeResultsDirectory="66003952-cef7-4c62-b601-4865ef99498b">
    </UnitTestResult>
    <UnitTestResult executionId="5770ef16-e348-491d-b26e-8cba72c002f5" testId="b7cc83bd-7d8b-0de1-e188-083382990dd7" testName="TestInitializeLabyrinthMap_PlayerPositionColumnOutOfRange_ArgumnetExceptionThrown" computerName="SVETLIO-PC" duration="00:00:00.0017361" startTime="2012-07-08T18:42:05.6581664+03:00" endTime="2012-07-08T18:42:05.6737665+03:00" testType="13cdc9d9-ddb5-4fa4-a97d-d965ccfc6d4b" outcome="Passed" testListId="8c84fa94-04c1-424b-9868-57a2d4851a1d" relativeResultsDirectory="5770ef16-e348-491d-b26e-8cba72c002f5">
    </UnitTestResult>
    <UnitTestResult executionId="6efa2363-3571-4c68-af0b-71b8354a9296" testId="baf3de5e-87bd-fb43-3072-3eb4c32230b2" testName="TestScoreboardConstructor_InvalidCound_ThrowException" computerName="SVETLIO-PC" duration="00:00:00.0005090" startTime="2012-07-08T18:42:05.6737665+03:00" endTime="2012-07-08T18:42:05.6737665+03:00" testType="13cdc9d9-ddb5-4fa4-a97d-d965ccfc6d4b" outcome="Passed" testListId="8c84fa94-04c1-424b-9868-57a2d4851a1d" relativeResultsDirectory="6efa2363-3571-4c68-af0b-71b8354a9296">
    </UnitTestResult>
    <UnitTestResult executionId="4ca5ebfa-8772-408e-92b5-a633021c94cc" testId="bff97ae2-eee3-ba3f-ec4d-63d8822cb76d" testName="CopyToTest" computerName="SVETLIO-PC" duration="00:00:00.0007121" startTime="2012-07-08T18:42:05.6737665+03:00" endTime="2012-07-08T18:42:05.6737665+03:00" testType="13cdc9d9-ddb5-4fa4-a97d-d965ccfc6d4b" outcome="Passed" testListId="8c84fa94-04c1-424b-9868-57a2d4851a1d" relativeResultsDirectory="4ca5ebfa-8772-408e-92b5-a633021c94cc">
    </UnitTestResult>
    <UnitTestResult executionId="adab66d9-fc24-4519-82d1-b2b77adf4d73" testId="c23de7cf-f106-1f98-a5a7-8301c63e027b" testName="TestAddScore_3Record_NumberOfStoredREcordsIs3" computerName="SVETLIO-PC" duration="00:00:00.0005320" startTime="2012-07-08T18:42:05.6893665+03:00" endTime="2012-07-08T18:42:05.6893665+03:00" testType="13cdc9d9-ddb5-4fa4-a97d-d965ccfc6d4b" outcome="Passed" testListId="8c84fa94-04c1-424b-9868-57a2d4851a1d" relativeResultsDirectory="adab66d9-fc24-4519-82d1-b2b77adf4d73">
    </UnitTestResult>
    <UnitTestResult executionId="d7a8ecc1-b7ef-41e5-a02d-bf9b130d9275" testId="c97585c0-8f71-f85d-3b53-0549e1f574eb" testName="TestMain_StartNewGame_WelcomeMessagePrinted" computerName="SVETLIO-PC" duration="00:00:00.0012536" startTime="2012-07-08T18:42:05.6893665+03:00" endTime="2012-07-08T18:42:05.6893665+03:00" testType="13cdc9d9-ddb5-4fa4-a97d-d965ccfc6d4b" outcome="Passed" testListId="8c84fa94-04c1-424b-9868-57a2d4851a1d" relativeResultsDirectory="d7a8ecc1-b7ef-41e5-a02d-bf9b130d9275">
    </UnitTestResult>
    <UnitTestResult executionId="fbaff3a0-f9a2-4b64-bc93-ff04f3e6a579" testId="c9b26c2e-297c-e8a8-a0e5-1696f280362f" testName="TestAddScore_1Record_NumberOfStoredREcordsIs1" computerName="SVETLIO-PC" duration="00:00:00.0004786" startTime="2012-07-08T18:42:05.6893665+03:00" endTime="2012-07-08T18:42:05.7049665+03:00" testType="13cdc9d9-ddb5-4fa4-a97d-d965ccfc6d4b" outcome="Passed" testListId="8c84fa94-04c1-424b-9868-57a2d4851a1d" relativeResultsDirectory="fbaff3a0-f9a2-4b64-bc93-ff04f3e6a579">
    </UnitTestResult>
    <UnitTestResult executionId="9b40018d-d46c-4393-b946-8dff9bbfc355" testId="cae6fde2-188b-3999-9c92-fb92695dfff5" testName="TestPlay_MoveUpBigLetter_PayerPositionMoved" computerName="SVETLIO-PC" duration="00:00:00.0006313" startTime="2012-07-08T18:42:05.7049665+03:00" endTime="2012-07-08T18:42:05.7049665+03:00" testType="13cdc9d9-ddb5-4fa4-a97d-d965ccfc6d4b" outcome="Passed" testListId="8c84fa94-04c1-424b-9868-57a2d4851a1d" relativeResultsDirectory="9b40018d-d46c-4393-b946-8dff9bbfc355">
      <Output>
        <StdOut>Welcome to “Labirinth” game. Please try to escape. Use 'top' to view the top scoreboard, 'restart' to start a new game and 'exit' to quit the game.
- X X X - X X 
- - X X - - - 
- X X - X - - 
- X - * X - X 
X - - X - X X 
- X - - - - X 
X - - - X - X</StdOut>
      </Output>
    </UnitTestResult>
    <UnitTestResult executionId="b56cb6e2-0131-46b9-b2b8-786ca6cc07dd" testId="d1808c95-76b5-27c8-3321-e375fedeaaa9" testName="TestPlay_SolveTheGameFiveMoves_ScoreRecordedScoreboeadPrinted" computerName="SVETLIO-PC" duration="00:00:00.0014637" startTime="2012-07-08T18:42:05.7049665+03:00" endTime="2012-07-08T18:42:05.7049665+03:00" testType="13cdc9d9-ddb5-4fa4-a97d-d965ccfc6d4b" outcome="Passed" testListId="8c84fa94-04c1-424b-9868-57a2d4851a1d" relativeResultsDirectory="b56cb6e2-0131-46b9-b2b8-786ca6cc07dd">
      <Output>
        <StdOut>Welcome to “Labirinth” game. Please try to escape. Use 'top' to view the top scoreboard, 'restart' to start a new game and 'exit' to quit the game.
- X X X - X X 
- - X X - - - 
- X X - X - - 
- X - * X - X 
X - - X - X X 
- X - - - - X 
X - - - X - X</StdOut>
      </Output>
    </UnitTestResult>
    <UnitTestResult executionId="7fdccaba-9058-4220-b411-01a14f488c2a" testId="d2c408e5-b397-bc11-f07c-053ca0d03e3a" testName="TestCompareTo_CompareNullObject_ExpectedExcetion" computerName="SVETLIO-PC" duration="00:00:00.0006283" startTime="2012-07-08T18:42:05.7205666+03:00" endTime="2012-07-08T18:42:05.7205666+03:00" testType="13cdc9d9-ddb5-4fa4-a97d-d965ccfc6d4b" outcome="Passed" testListId="8c84fa94-04c1-424b-9868-57a2d4851a1d" relativeResultsDirectory="7fdccaba-9058-4220-b411-01a14f488c2a">
    </UnitTestResult>
    <UnitTestResult executionId="c8f028e8-b2e9-4102-8cff-c710023daf1b" testId="d95cc6e9-2b09-0d04-e7ba-8c61df679392" testName="TestIsPlayerPositionInLabyrinthRange_PlayerPositionAtBottomBorder_ReturnsTrue" computerName="SVETLIO-PC" duration="00:00:00.0002716" startTime="2012-07-08T18:42:05.7205666+03:00" endTime="2012-07-08T18:42:05.7205666+03:00" testType="13cdc9d9-ddb5-4fa4-a97d-d965ccfc6d4b" outcome="Passed" testListId="8c84fa94-04c1-424b-9868-57a2d4851a1d" relativeResultsDirectory="c8f028e8-b2e9-4102-8cff-c710023daf1b">
    </UnitTestResult>
    <UnitTestResult executionId="09bd5ec5-fc39-49ad-bf13-0291889b3193" testId="dace1836-b1d4-fe0f-9298-ebe2c84c7f98" testName="TestPlay_EnterShowScoreboadCommand_MessageScoreBoardIsEmpty" computerName="SVETLIO-PC" duration="00:00:00.0006056" startTime="2012-07-08T18:42:05.7205666+03:00" endTime="2012-07-08T18:42:05.7361666+03:00" testType="13cdc9d9-ddb5-4fa4-a97d-d965ccfc6d4b" outcome="Passed" testListId="8c84fa94-04c1-424b-9868-57a2d4851a1d" relativeResultsDirectory="09bd5ec5-fc39-49ad-bf13-0291889b3193">
      <Output>
        <StdOut>Welcome to “Labirinth” game. Please try to escape. Use 'top' to view the top scoreboard, 'restart' to start a new game and 'exit' to quit the game.
- X - - - X X 
X X - X X X X 
- X X - - - - 
X X - * X X X 
- - X X X - - 
X X X X X X - 
X X X X - X X</StdOut>
      </Output>
    </UnitTestResult>
    <UnitTestResult executionId="ca871217-b322-4a4b-87fd-6123ed62ed71" testId="db909cf8-1248-5bd3-9f5e-220316039a9a" testName="TestAddScore_StoreRecords10and5and15_LowestRecordIs15" computerName="SVETLIO-PC" duration="00:00:00.0004508" startTime="2012-07-08T18:42:05.7361666+03:00" endTime="2012-07-08T18:42:05.7361666+03:00" testType="13cdc9d9-ddb5-4fa4-a97d-d965ccfc6d4b" outcome="Passed" testListId="8c84fa94-04c1-424b-9868-57a2d4851a1d" relativeResultsDirectory="ca871217-b322-4a4b-87fd-6123ed62ed71">
    </UnitTestResult>
    <UnitTestResult executionId="1319296e-d2a3-4059-bda6-44c9351b9d7b" testId="ddf84eeb-6e95-7732-7ac8-25baf1256761" testName="TestPlay_SolveTheGameOneMove_ScoreRecordedScoreboeadPrinted" computerName="SVETLIO-PC" duration="00:00:00.0173565" startTime="2012-07-08T18:42:05.7361666+03:00" endTime="2012-07-08T18:42:05.7673666+03:00" testType="13cdc9d9-ddb5-4fa4-a97d-d965ccfc6d4b" outcome="Passed" testListId="8c84fa94-04c1-424b-9868-57a2d4851a1d" relativeResultsDirectory="1319296e-d2a3-4059-bda6-44c9351b9d7b">
      <Output>
        <StdOut>Welcome to “Labirinth” game. Please try to escape. Use 'top' to view the top scoreboard, 'restart' to start a new game and 'exit' to quit the game.
X X - X - - - 
X X X - X * X 
X - X X - - - 
- - X - X - - 
X - - X - - - 
X - X X X X X 
- - X X - - X</StdOut>
      </Output>
    </UnitTestResult>
    <UnitTestResult executionId="b02556a4-e2dd-4547-ae87-564a1d3acd78" testId="e0db3463-627c-8ea7-e859-145dd1cf9ba0" testName="TestPrintScoreboard_Store1Record_1LinePrinted" computerName="SVETLIO-PC" duration="00:00:00.0004563" startTime="2012-07-08T18:42:05.7673666+03:00" endTime="2012-07-08T18:42:05.7673666+03:00" testType="13cdc9d9-ddb5-4fa4-a97d-d965ccfc6d4b" outcome="Passed" testListId="8c84fa94-04c1-424b-9868-57a2d4851a1d" relativeResultsDirectory="b02556a4-e2dd-4547-ae87-564a1d3acd78">
    </UnitTestResult>
    <UnitTestResult executionId="ba05be56-c78f-47b3-9d27-2fd919e48b48" testId="e6ac9817-db14-9457-ce43-eb9adaf9a694" testName="TestPlay_MoveLeftToBlockedCell_InvalidMoveMEssagePrinted" computerName="SVETLIO-PC" duration="00:00:00.0039898" startTime="2012-07-08T18:42:05.7673666+03:00" endTime="2012-07-08T18:42:05.7829667+03:00" testType="13cdc9d9-ddb5-4fa4-a97d-d965ccfc6d4b" outcome="Passed" testListId="8c84fa94-04c1-424b-9868-57a2d4851a1d" relativeResultsDirectory="ba05be56-c78f-47b3-9d27-2fd919e48b48">
      <Output>
        <StdOut>Welcome to “Labirinth” game. Please try to escape. Use 'top' to view the top scoreboard, 'restart' to start a new game and 'exit' to quit the game.
X - - - - - X 
X X X - - - X 
- - - - X X - 
- X X * - - - 
- - - - X X X 
X - X X X X - 
X - - X - X -</StdOut>
      </Output>
    </UnitTestResult>
    <UnitTestResult executionId="745f7cc0-3626-4103-a276-cf6109371eb9" testId="eb63cee3-8d56-4837-8866-0932734f8d54" testName="TestIsPlayerPositionInLabyrinthRange_PlayerPositionAtRightBorder_ReturnsTrue" computerName="SVETLIO-PC" duration="00:00:00.0002793" startTime="2012-07-08T18:42:05.7829667+03:00" endTime="2012-07-08T18:42:05.7829667+03:00" testType="13cdc9d9-ddb5-4fa4-a97d-d965ccfc6d4b" outcome="Passed" testListId="8c84fa94-04c1-424b-9868-57a2d4851a1d" relativeResultsDirectory="745f7cc0-3626-4103-a276-cf6109371eb9">
    </UnitTestResult>
    <UnitTestResult executionId="af7a33db-2637-465d-8fb5-64669694035c" testId="eccffd02-9604-343d-9995-6c981b22e840" testName="TestGetResourceValue_ReadValidResource_ThrownException" computerName="SVETLIO-PC" duration="00:00:00.0007532" startTime="2012-07-08T18:42:05.7829667+03:00" endTime="2012-07-08T18:42:05.7829667+03:00" testType="13cdc9d9-ddb5-4fa4-a97d-d965ccfc6d4b" outcome="Passed" testListId="8c84fa94-04c1-424b-9868-57a2d4851a1d" relativeResultsDirectory="af7a33db-2637-465d-8fb5-64669694035c">
    </UnitTestResult>
    <UnitTestResult executionId="b41ebcff-5e39-4393-9459-8fd826d357d6" testId="ed5d8d77-c5e9-1de2-8093-76d5b9840371" testName="TestInitializeLabyrinthMap_CreateGame0x7_ArgumnetExceptionThrown" computerName="SVETLIO-PC" duration="00:00:00.0015359" startTime="2012-07-08T18:42:05.7829667+03:00" endTime="2012-07-08T18:42:05.7985667+03:00" testType="13cdc9d9-ddb5-4fa4-a97d-d965ccfc6d4b" outcome="Passed" testListId="8c84fa94-04c1-424b-9868-57a2d4851a1d" relativeResultsDirectory="b41ebcff-5e39-4393-9459-8fd826d357d6">
    </UnitTestResult>
    <UnitTestResult executionId="3dbdf19a-706b-4df6-9bf9-2c5045263a98" testId="f1ec6272-3070-b419-512b-a1e4a8fe4e2d" testName="TestPlay_EnterInvalidCommand_InvalidMoveMessagePrinted" computerName="SVETLIO-PC" duration="00:00:00.0005906" startTime="2012-07-08T18:42:05.7985667+03:00" endTime="2012-07-08T18:42:05.7985667+03:00" testType="13cdc9d9-ddb5-4fa4-a97d-d965ccfc6d4b" outcome="Passed" testListId="8c84fa94-04c1-424b-9868-57a2d4851a1d" relativeResultsDirectory="3dbdf19a-706b-4df6-9bf9-2c5045263a98">
      <Output>
        <StdOut>Welcome to “Labirinth” game. Please try to escape. Use 'top' to view the top scoreboard, 'restart' to start a new game and 'exit' to quit the game.
X X X - - - - 
- X - - X - X 
X X X X - - - 
X - X * X - - 
X - X - X - - 
- X X - - - X 
- X - - X X X</StdOut>
      </Output>
    </UnitTestResult>
    <UnitTestResult executionId="dd5a6e77-3142-4c19-b12e-3214c351a84a" testId="f8fa6a08-ce3d-ce5f-703b-e05dd9cc971a" testName="TestInitializeLabyrinthMapInitial_CreateGame7x7_LabyrinthIsSolvable" computerName="SVETLIO-PC" duration="00:00:00.0010646" startTime="2012-07-08T18:42:05.7985667+03:00" endTime="2012-07-08T18:42:05.8141667+03:00" testType="13cdc9d9-ddb5-4fa4-a97d-d965ccfc6d4b" outcome="Passed" testListId="8c84fa94-04c1-424b-9868-57a2d4851a1d" relativeResultsDirectory="dd5a6e77-3142-4c19-b12e-3214c351a84a">
      <Output>
        <StdOut>Welcome to “Labirinth” game. Please try to escape. Use 'top' to view the top scoreboard, 'restart' to start a new game and 'exit' to quit the game.
- - X X - - X 
- X X - - - - 
X X - X X X X 
X - - * - X - 
X - X - - - X 
X - X - - X X 
- X X - - - -</StdOut>
      </Output>
    </UnitTestResult>
    <UnitTestResult executionId="32450763-4918-4e47-a6d7-c9805ba05e33" testId="fead4f5b-fc2a-7f9e-fcf8-dbb28f04f839" testName="TestCheckLabyrinthMapValidity_InvalidLabyrinthMapSize_ThrownException" computerName="SVETLIO-PC" duration="00:00:00.0013216" startTime="2012-07-08T18:42:05.8141667+03:00" endTime="2012-07-08T18:42:05.8141667+03:00" testType="13cdc9d9-ddb5-4fa4-a97d-d965ccfc6d4b" outcome="Passed" testListId="8c84fa94-04c1-424b-9868-57a2d4851a1d" relativeResultsDirectory="32450763-4918-4e47-a6d7-c9805ba05e33">
    </UnitTestResult>
    <UnitTestResult executionId="2e3b0608-4f96-45e6-90f9-02185d68fc6f" testId="ff5c0ab6-c317-decd-6cbf-441a801dab6f" testName="TestScoreboardConstructor_SetMaximumRecords5_ScoreRecordsCountIs5" computerName="SVETLIO-PC" duration="00:00:00.0004747" startTime="2012-07-08T18:42:05.8141667+03:00" endTime="2012-07-08T18:42:05.8297667+03:00" testType="13cdc9d9-ddb5-4fa4-a97d-d965ccfc6d4b" outcome="Passed" testListId="8c84fa94-04c1-424b-9868-57a2d4851a1d" relativeResultsDirectory="2e3b0608-4f96-45e6-90f9-02185d68fc6f">
    </UnitTestResult>
  </Results>
</TestRun>