<?xml version="1.0" encoding="UTF-8"?>
<TestRun id="8b84bf0d-4250-4632-97a6-b6a6b7456e6b" name="Svetlio@SVETLIO-PC 2012-07-08 18:03:23" runUser="Svetlio-PC\Svetlio" xmlns="http://microsoft.com/schemas/VisualStudio/TeamTest/2010">
  <TestSettings name="Local" id="0c38ce2e-d144-41c6-92b6-74c9f9895c29">
    <Description>These are default test settings for a local test run.</Description>
    <Deployment runDeploymentRoot="Svetlio_SVETLIO-PC 2012-07-08 18_03_23">
      <DeploymentItem filename="D:\Work\Courses\HQ Code\Homework\07 - Final Project - Labyrinth\Project\Labyrinth - Refactored\Labyrinth\bin\Debug\LabyrinthGame.exe" />
    </Deployment>
    <Execution>
      <TestTypeSpecific>
        <UnitTestRunConfig testTypeId="13cdc9d9-ddb5-4fa4-a97d-d965ccfc6d4b">
          <AssemblyResolution>
            <TestDirectory useLoadContext="true" />
          </AssemblyResolution>
        </UnitTestRunConfig>
        <WebTestRunConfiguration testTypeId="4e7599fa-5ecb-43e9-a887-cd63cf72d207">
          <Browser name="Internet Explorer 7.0">
            <Headers>
              <Header name="User-Agent" value="Mozilla/4.0 (compatible; MSIE 7.0; Windows NT 5.1)" />
              <Header name="Accept" value="*/*" />
              <Header name="Accept-Language" value="{{$IEAcceptLanguage}}" />
              <Header name="Accept-Encoding" value="GZIP" />
            </Headers>
          </Browser>
        </WebTestRunConfiguration>
      </TestTypeSpecific>
      <AgentRule name="LocalMachineDefaultRole">
        <DataCollectors>
          <DataCollector uri="datacollector://microsoft/CodeCoverage/1.0" assemblyQualifiedName="Microsoft.VisualStudio.TestTools.CodeCoverage.CoveragePlugIn, Microsoft.VisualStudio.QualityTools.Plugins.CodeCoverage, Version=10.0.0.0, Culture=neutral, PublicKeyToken=b03f5f7f11d50a3a" friendlyName="Code Coverage">
            <Configuration>
              <CodeCoverage xmlns="">
                <Regular>
                  <CodeCoverageItem binaryFile="D:\Work\Courses\HQ Code\Homework\07 - Final Project - Labyrinth\Project\Labyrinth - Refactored\Labyrinth\bin\Debug\LabyrinthGame.exe" pdbFile="D:\Work\Courses\HQ Code\Homework\07 - Final Project - Labyrinth\Project\Labyrinth - Refactored\Labyrinth\bin\Debug\LabyrinthGame.instr.pdb" instrumentInPlace="true" />
                </Regular>
              </CodeCoverage>
            </Configuration>
          </DataCollector>
        </DataCollectors>
      </AgentRule>
    </Execution>
  </TestSettings>
  <Times creation="2012-07-08T18:03:23.8511891+03:00" queuing="2012-07-08T18:03:24.9119910+03:00" start="2012-07-08T18:03:25.0367912+03:00" finish="2012-07-08T18:03:29.3032026+03:00" />
  <ResultSummary outcome="Completed">
    <Counters total="69" executed="69" passed="69" error="0" failed="0" timeout="0" aborted="0" inconclusive="0" passedButRunAborted="0" notRunnable="0" notExecuted="0" disconnected="0" warning="0" completed="0" inProgress="0" pending="0" />
    <ResultFiles>
      <ResultFile path="SVETLIO-PC\data.coverage" />
    </ResultFiles>
  </ResultSummary>
  <TestDefinitions>
    <UnitTest name="TestInitializeLabyrinthMap_CreateGame0x7_ArgumnetExceptionThrown" storage="d:\work\courses\hq code\homework\07 - final project - labyrinth\project\labyrinth - refactored\labyrinthgametests\bin\debug\labyrinthgametests.dll" id="ed5d8d77-c5e9-1de2-8093-76d5b9840371">
      <DeploymentItems>
        <DeploymentItem filename="LabyrinthGame.exe" />
      </DeploymentItems>
      <Execution id="46619170-0cc4-4067-9ed6-3b237bb4b194" />
      <TestMethod codeBase="D:/Work/Courses/HQ Code/Homework/07 - Final Project - Labyrinth/Project/Labyrinth - Refactored/LabyrinthGameTests/bin/Debug/LabyrinthGameTests.DLL" adapterTypeName="Microsoft.VisualStudio.TestTools.TestTypes.Unit.UnitTestAdapter, Microsoft.VisualStudio.QualityTools.Tips.UnitTest.Adapter, Version=10.0.0.0, Culture=neutral, PublicKeyToken=b03f5f7f11d50a3a" className="LabyrinthGameTests.GameTests.LabyrinthTest, LabyrinthGameTests, Version=1.0.0.0, Culture=neutral, PublicKeyToken=null" name="TestInitializeLabyrinthMap_CreateGame0x7_ArgumnetExceptionThrown" />
    </UnitTest>
    <UnitTest name="TestInitializeLabyrinthMap_PlayerPositionColumnOutOfRange_ArgumnetExceptionThrown" storage="d:\work\courses\hq code\homework\07 - final project - labyrinth\project\labyrinth - refactored\labyrinthgametests\bin\debug\labyrinthgametests.dll" id="b7cc83bd-7d8b-0de1-e188-083382990dd7">
      <DeploymentItems>
        <DeploymentItem filename="LabyrinthGame.exe" />
      </DeploymentItems>
      <Execution id="5f1d954b-313b-4ad4-8edb-20b3918d4ca4" />
      <TestMethod codeBase="D:/Work/Courses/HQ Code/Homework/07 - Final Project - Labyrinth/Project/Labyrinth - Refactored/LabyrinthGameTests/bin/Debug/LabyrinthGameTests.DLL" adapterTypeName="Microsoft.VisualStudio.TestTools.TestTypes.Unit.UnitTestAdapter, Microsoft.VisualStudio.QualityTools.Tips.UnitTest.Adapter, Version=10.0.0.0, Culture=neutral, PublicKeyToken=b03f5f7f11d50a3a" className="LabyrinthGameTests.GameTests.LabyrinthTest, LabyrinthGameTests, Version=1.0.0.0, Culture=neutral, PublicKeyToken=null" name="TestInitializeLabyrinthMap_PlayerPositionColumnOutOfRange_ArgumnetExceptionThrown" />
    </UnitTest>
    <UnitTest name="TestPlay_MoveLeftBigLetter_PayerPositionMoved" storage="d:\work\courses\hq code\homework\07 - final project - labyrinth\project\labyrinth - refactored\labyrinthgametests\bin\debug\labyrinthgametests.dll" id="966d9dd0-4f82-7bc2-0df0-7ab39e7e8329">
      <DeploymentItems>
        <DeploymentItem filename="LabyrinthGame.exe" />
      </DeploymentItems>
      <Execution id="f6843931-e56c-4607-a861-7b7a43193e86" />
      <TestMethod codeBase="D:/Work/Courses/HQ Code/Homework/07 - Final Project - Labyrinth/Project/Labyrinth - Refactored/LabyrinthGameTests/bin/Debug/LabyrinthGameTests.DLL" adapterTypeName="Microsoft.VisualStudio.TestTools.TestTypes.Unit.UnitTestAdapter, Microsoft.VisualStudio.QualityTools.Tips.UnitTest.Adapter, Version=10.0.0.0, Culture=neutral, PublicKeyToken=b03f5f7f11d50a3a" className="LabyrinthGameTests.GameTests.LabyrinthTest, LabyrinthGameTests, Version=1.0.0.0, Culture=neutral, PublicKeyToken=null" name="TestPlay_MoveLeftBigLetter_PayerPositionMoved" />
    </UnitTest>
    <UnitTest name="TestScoreRecordConstructor_CreateInvalidRecord_ExpectedExcetion" storage="d:\work\courses\hq code\homework\07 - final project - labyrinth\project\labyrinth - refactored\labyrinthgametests\bin\debug\labyrinthgametests.dll" id="92e921a1-7413-b8fd-1053-474e571c6556">
      <Execution id="a4392682-fafa-4abc-92af-cfa7b9b362de" />
      <TestMethod codeBase="D:/Work/Courses/HQ Code/Homework/07 - Final Project - Labyrinth/Project/Labyrinth - Refactored/LabyrinthGameTests/bin/Debug/LabyrinthGameTests.DLL" adapterTypeName="Microsoft.VisualStudio.TestTools.TestTypes.Unit.UnitTestAdapter, Microsoft.VisualStudio.QualityTools.Tips.UnitTest.Adapter, Version=10.0.0.0, Culture=neutral, PublicKeyToken=b03f5f7f11d50a3a" className="LabyrinthGameTests.UtilitiesTests.ScoreRecordTest, LabyrinthGameTests, Version=1.0.0.0, Culture=neutral, PublicKeyToken=null" name="TestScoreRecordConstructor_CreateInvalidRecord_ExpectedExcetion" />
    </UnitTest>
    <UnitTest name="TestPlay_MoveRightBigLetter_PayerPositionMoved" storage="d:\work\courses\hq code\homework\07 - final project - labyrinth\project\labyrinth - refactored\labyrinthgametests\bin\debug\labyrinthgametests.dll" id="8528c068-c927-8fcd-3fda-5720146fa10e">
      <DeploymentItems>
        <DeploymentItem filename="LabyrinthGame.exe" />
      </DeploymentItems>
      <Execution id="f287c5e6-4f6f-4ac6-920c-5bd2051035a8" />
      <TestMethod codeBase="D:/Work/Courses/HQ Code/Homework/07 - Final Project - Labyrinth/Project/Labyrinth - Refactored/LabyrinthGameTests/bin/Debug/LabyrinthGameTests.DLL" adapterTypeName="Microsoft.VisualStudio.TestTools.TestTypes.Unit.UnitTestAdapter, Microsoft.VisualStudio.QualityTools.Tips.UnitTest.Adapter, Version=10.0.0.0, Culture=neutral, PublicKeyToken=b03f5f7f11d50a3a" className="LabyrinthGameTests.GameTests.LabyrinthTest, LabyrinthGameTests, Version=1.0.0.0, Culture=neutral, PublicKeyToken=null" name="TestPlay_MoveRightBigLetter_PayerPositionMoved" />
    </UnitTest>
    <UnitTest name="TestCheckLabyrinthMapValidity_InvalidLabyrinthMapObject_ThrownException" storage="d:\work\courses\hq code\homework\07 - final project - labyrinth\project\labyrinth - refactored\labyrinthgametests\bin\debug\labyrinthgametests.dll" id="38af1b83-75c4-e3d1-f2a9-b8a273fc1f22">
      <Execution id="f1023eb3-b32a-469c-ab63-4cf05841691c" />
      <TestMethod codeBase="D:/Work/Courses/HQ Code/Homework/07 - Final Project - Labyrinth/Project/Labyrinth - Refactored/LabyrinthGameTests/bin/Debug/LabyrinthGameTests.DLL" adapterTypeName="Microsoft.VisualStudio.TestTools.TestTypes.Unit.UnitTestAdapter, Microsoft.VisualStudio.QualityTools.Tips.UnitTest.Adapter, Version=10.0.0.0, Culture=neutral, PublicKeyToken=b03f5f7f11d50a3a" className="LabyrinthGameTests.UtilitiesTests.GameUtilitiesTest, LabyrinthGameTests, Version=1.0.0.0, Culture=neutral, PublicKeyToken=null" name="TestCheckLabyrinthMapValidity_InvalidLabyrinthMapObject_ThrownException" />
    </UnitTest>
    <UnitTest name="TestIsHightScore_StoredRecordIs2MaxRecords5_5IsNewHighScore" storage="d:\work\courses\hq code\homework\07 - final project - labyrinth\project\labyrinth - refactored\labyrinthgametests\bin\debug\labyrinthgametests.dll" id="721ec0ac-a8d8-43f2-8a8a-bbcc23886663">
      <DeploymentItems>
        <DeploymentItem filename="LabyrinthGame.exe" />
      </DeploymentItems>
      <Execution id="db6c5a19-0b7e-49dc-8327-50a653dd4efa" />
      <TestMethod codeBase="D:/Work/Courses/HQ Code/Homework/07 - Final Project - Labyrinth/Project/Labyrinth - Refactored/LabyrinthGameTests/bin/Debug/LabyrinthGameTests.DLL" adapterTypeName="Microsoft.VisualStudio.TestTools.TestTypes.Unit.UnitTestAdapter, Microsoft.VisualStudio.QualityTools.Tips.UnitTest.Adapter, Version=10.0.0.0, Culture=neutral, PublicKeyToken=b03f5f7f11d50a3a" className="LabyrinthGameTests.UtilitiesTests.ScoreboardTest, LabyrinthGameTests, Version=1.0.0.0, Culture=neutral, PublicKeyToken=null" name="TestIsHightScore_StoredRecordIs2MaxRecords5_5IsNewHighScore" />
    </UnitTest>
    <UnitTest name="TestInitializeLabyrinthMap_CreateGameInvalidColumnsCount_ArgumnetExceptionThrown" storage="d:\work\courses\hq code\homework\07 - final project - labyrinth\project\labyrinth - refactored\labyrinthgametests\bin\debug\labyrinthgametests.dll" id="064f0193-c1d8-2e8b-b130-79f0caf49c6e">
      <DeploymentItems>
        <DeploymentItem filename="LabyrinthGame.exe" />
      </DeploymentItems>
      <Execution id="be40fea2-ef1c-4834-9acc-60abe82702e8" />
      <TestMethod codeBase="D:/Work/Courses/HQ Code/Homework/07 - Final Project - Labyrinth/Project/Labyrinth - Refactored/LabyrinthGameTests/bin/Debug/LabyrinthGameTests.DLL" adapterTypeName="Microsoft.VisualStudio.TestTools.TestTypes.Unit.UnitTestAdapter, Microsoft.VisualStudio.QualityTools.Tips.UnitTest.Adapter, Version=10.0.0.0, Culture=neutral, PublicKeyToken=b03f5f7f11d50a3a" className="LabyrinthGameTests.GameTests.LabyrinthTest, LabyrinthGameTests, Version=1.0.0.0, Culture=neutral, PublicKeyToken=null" name="TestInitializeLabyrinthMap_CreateGameInvalidColumnsCount_ArgumnetExceptionThrown" />
    </UnitTest>
    <UnitTest name="TestInitializeLabyrinthMap_CreateGame7x7_LabyrinthSizeIs7Columns" storage="d:\work\courses\hq code\homework\07 - final project - labyrinth\project\labyrinth - refactored\labyrinthgametests\bin\debug\labyrinthgametests.dll" id="3992ca63-7130-c847-b7ae-3b5960738672">
      <DeploymentItems>
        <DeploymentItem filename="LabyrinthGame.exe" />
      </DeploymentItems>
      <Execution id="a6f2ac45-8bce-4efb-8ccb-5e4760514a3c" />
      <TestMethod codeBase="D:/Work/Courses/HQ Code/Homework/07 - Final Project - Labyrinth/Project/Labyrinth - Refactored/LabyrinthGameTests/bin/Debug/LabyrinthGameTests.DLL" adapterTypeName="Microsoft.VisualStudio.TestTools.TestTypes.Unit.UnitTestAdapter, Microsoft.VisualStudio.QualityTools.Tips.UnitTest.Adapter, Version=10.0.0.0, Culture=neutral, PublicKeyToken=b03f5f7f11d50a3a" className="LabyrinthGameTests.GameTests.LabyrinthTest, LabyrinthGameTests, Version=1.0.0.0, Culture=neutral, PublicKeyToken=null" name="TestInitializeLabyrinthMap_CreateGame7x7_LabyrinthSizeIs7Columns" />
    </UnitTest>
    <UnitTest name="TestCompareTo_CompareNullObject_ExpectedExcetion" storage="d:\work\courses\hq code\homework\07 - final project - labyrinth\project\labyrinth - refactored\labyrinthgametests\bin\debug\labyrinthgametests.dll" id="d2c408e5-b397-bc11-f07c-053ca0d03e3a">
      <Execution id="c1eca327-f110-413d-a8ad-d6a1635fb7b2" />
      <TestMethod codeBase="D:/Work/Courses/HQ Code/Homework/07 - Final Project - Labyrinth/Project/Labyrinth - Refactored/LabyrinthGameTests/bin/Debug/LabyrinthGameTests.DLL" adapterTypeName="Microsoft.VisualStudio.TestTools.TestTypes.Unit.UnitTestAdapter, Microsoft.VisualStudio.QualityTools.Tips.UnitTest.Adapter, Version=10.0.0.0, Culture=neutral, PublicKeyToken=b03f5f7f11d50a3a" className="LabyrinthGameTests.UtilitiesTests.ScoreRecordTest, LabyrinthGameTests, Version=1.0.0.0, Culture=neutral, PublicKeyToken=null" name="TestCompareTo_CompareNullObject_ExpectedExcetion" />
    </UnitTest>
    <UnitTest name="TestCompareTo_Compare10to9_FirstIsHigher" storage="d:\work\courses\hq code\homework\07 - final project - labyrinth\project\labyrinth - refactored\labyrinthgametests\bin\debug\labyrinthgametests.dll" id="602cdad9-a0a6-ef94-4303-f62a00bdf1df">
      <Execution id="19b7895b-5dec-4331-9a66-da660c299704" />
      <TestMethod codeBase="D:/Work/Courses/HQ Code/Homework/07 - Final Project - Labyrinth/Project/Labyrinth - Refactored/LabyrinthGameTests/bin/Debug/LabyrinthGameTests.DLL" adapterTypeName="Microsoft.VisualStudio.TestTools.TestTypes.Unit.UnitTestAdapter, Microsoft.VisualStudio.QualityTools.Tips.UnitTest.Adapter, Version=10.0.0.0, Culture=neutral, PublicKeyToken=b03f5f7f11d50a3a" className="LabyrinthGameTests.UtilitiesTests.ScoreRecordTest, LabyrinthGameTests, Version=1.0.0.0, Culture=neutral, PublicKeyToken=null" name="TestCompareTo_Compare10to9_FirstIsHigher" />
    </UnitTest>
    <UnitTest name="TestPrintLabyrinth_CreateGame7x7_DisplayLabyrinthMap" storage="d:\work\courses\hq code\homework\07 - final project - labyrinth\project\labyrinth - refactored\labyrinthgametests\bin\debug\labyrinthgametests.dll" id="5f1ada45-18a8-d38f-7cb1-bf4f0651b576">
      <DeploymentItems>
        <DeploymentItem filename="LabyrinthGame.exe" />
      </DeploymentItems>
      <Execution id="fb06ff95-f511-4dfd-b546-1deeb6e257e4" />
      <TestMethod codeBase="D:/Work/Courses/HQ Code/Homework/07 - Final Project - Labyrinth/Project/Labyrinth - Refactored/LabyrinthGameTests/bin/Debug/LabyrinthGameTests.DLL" adapterTypeName="Microsoft.VisualStudio.TestTools.TestTypes.Unit.UnitTestAdapter, Microsoft.VisualStudio.QualityTools.Tips.UnitTest.Adapter, Version=10.0.0.0, Culture=neutral, PublicKeyToken=b03f5f7f11d50a3a" className="LabyrinthGameTests.GameTests.LabyrinthTest, LabyrinthGameTests, Version=1.0.0.0, Culture=neutral, PublicKeyToken=null" name="TestPrintLabyrinth_CreateGame7x7_DisplayLabyrinthMap" />
    </UnitTest>
    <UnitTest name="TestPrintScoreboard_Store1Record_1LinePrinted" storage="d:\work\courses\hq code\homework\07 - final project - labyrinth\project\labyrinth - refactored\labyrinthgametests\bin\debug\labyrinthgametests.dll" id="e0db3463-627c-8ea7-e859-145dd1cf9ba0">
      <DeploymentItems>
        <DeploymentItem filename="LabyrinthGame.exe" />
      </DeploymentItems>
      <Execution id="cb967dd5-1c87-447c-97bf-e388ab1a860c" />
      <TestMethod codeBase="D:/Work/Courses/HQ Code/Homework/07 - Final Project - Labyrinth/Project/Labyrinth - Refactored/LabyrinthGameTests/bin/Debug/LabyrinthGameTests.DLL" adapterTypeName="Microsoft.VisualStudio.TestTools.TestTypes.Unit.UnitTestAdapter, Microsoft.VisualStudio.QualityTools.Tips.UnitTest.Adapter, Version=10.0.0.0, Culture=neutral, PublicKeyToken=b03f5f7f11d50a3a" className="LabyrinthGameTests.UtilitiesTests.ScoreboardTest, LabyrinthGameTests, Version=1.0.0.0, Culture=neutral, PublicKeyToken=null" name="TestPrintScoreboard_Store1Record_1LinePrinted" />
    </UnitTest>
    <UnitTest name="TestScoreboardConstructor_InvalidCound_ThrowException" storage="d:\work\courses\hq code\homework\07 - final project - labyrinth\project\labyrinth - refactored\labyrinthgametests\bin\debug\labyrinthgametests.dll" id="baf3de5e-87bd-fb43-3072-3eb4c32230b2">
      <DeploymentItems>
        <DeploymentItem filename="LabyrinthGame.exe" />
      </DeploymentItems>
      <Execution id="b971e461-c9b7-4039-8d2e-6e4cdd0a16d2" />
      <TestMethod codeBase="D:/Work/Courses/HQ Code/Homework/07 - Final Project - Labyrinth/Project/Labyrinth - Refactored/LabyrinthGameTests/bin/Debug/LabyrinthGameTests.DLL" adapterTypeName="Microsoft.VisualStudio.TestTools.TestTypes.Unit.UnitTestAdapter, Microsoft.VisualStudio.QualityTools.Tips.UnitTest.Adapter, Version=10.0.0.0, Culture=neutral, PublicKeyToken=b03f5f7f11d50a3a" className="LabyrinthGameTests.UtilitiesTests.ScoreboardTest, LabyrinthGameTests, Version=1.0.0.0, Culture=neutral, PublicKeyToken=null" name="TestScoreboardConstructor_InvalidCound_ThrowException" />
    </UnitTest>
    <UnitTest name="TestGetLowestScore_InvalidListPassed_ThrownException" storage="d:\work\courses\hq code\homework\07 - final project - labyrinth\project\labyrinth - refactored\labyrinthgametests\bin\debug\labyrinthgametests.dll" id="70f41788-cb88-e265-0243-3d7ee945f00f">
      <DeploymentItems>
        <DeploymentItem filename="LabyrinthGame.exe" />
      </DeploymentItems>
      <Execution id="f2f16c16-3b2a-4319-b91a-d0c84c8f8e89" />
      <TestMethod codeBase="D:/Work/Courses/HQ Code/Homework/07 - Final Project - Labyrinth/Project/Labyrinth - Refactored/LabyrinthGameTests/bin/Debug/LabyrinthGameTests.DLL" adapterTypeName="Microsoft.VisualStudio.TestTools.TestTypes.Unit.UnitTestAdapter, Microsoft.VisualStudio.QualityTools.Tips.UnitTest.Adapter, Version=10.0.0.0, Culture=neutral, PublicKeyToken=b03f5f7f11d50a3a" className="LabyrinthGameTests.UtilitiesTests.ScoreboardTest, LabyrinthGameTests, Version=1.0.0.0, Culture=neutral, PublicKeyToken=null" name="TestGetLowestScore_InvalidListPassed_ThrownException" />
    </UnitTest>
    <UnitTest name="TestPlay_MoveLeftToBlockedCell_InvalidMoveMEssagePrinted" storage="d:\work\courses\hq code\homework\07 - final project - labyrinth\project\labyrinth - refactored\labyrinthgametests\bin\debug\labyrinthgametests.dll" id="e6ac9817-db14-9457-ce43-eb9adaf9a694">
      <DeploymentItems>
        <DeploymentItem filename="LabyrinthGame.exe" />
      </DeploymentItems>
      <Execution id="3ff4c09c-d78d-47e3-aea1-f60ea3b7e499" />
      <TestMethod codeBase="D:/Work/Courses/HQ Code/Homework/07 - Final Project - Labyrinth/Project/Labyrinth - Refactored/LabyrinthGameTests/bin/Debug/LabyrinthGameTests.DLL" adapterTypeName="Microsoft.VisualStudio.TestTools.TestTypes.Unit.UnitTestAdapter, Microsoft.VisualStudio.QualityTools.Tips.UnitTest.Adapter, Version=10.0.0.0, Culture=neutral, PublicKeyToken=b03f5f7f11d50a3a" className="LabyrinthGameTests.GameTests.LabyrinthTest, LabyrinthGameTests, Version=1.0.0.0, Culture=neutral, PublicKeyToken=null" name="TestPlay_MoveLeftToBlockedCell_InvalidMoveMEssagePrinted" />
    </UnitTest>
    <UnitTest name="TestPlay_MoveUpSmallLetter_PayerPositionMoved" storage="d:\work\courses\hq code\homework\07 - final project - labyrinth\project\labyrinth - refactored\labyrinthgametests\bin\debug\labyrinthgametests.dll" id="3838e69d-00fd-0ea4-fd73-6bfd1af3afea">
      <DeploymentItems>
        <DeploymentItem filename="LabyrinthGame.exe" />
      </DeploymentItems>
      <Execution id="21ca7ea6-d1ca-410d-becc-d3d93910b499" />
      <TestMethod codeBase="D:/Work/Courses/HQ Code/Homework/07 - Final Project - Labyrinth/Project/Labyrinth - Refactored/LabyrinthGameTests/bin/Debug/LabyrinthGameTests.DLL" adapterTypeName="Microsoft.VisualStudio.TestTools.TestTypes.Unit.UnitTestAdapter, Microsoft.VisualStudio.QualityTools.Tips.UnitTest.Adapter, Version=10.0.0.0, Culture=neutral, PublicKeyToken=b03f5f7f11d50a3a" className="LabyrinthGameTests.GameTests.LabyrinthTest, LabyrinthGameTests, Version=1.0.0.0, Culture=neutral, PublicKeyToken=null" name="TestPlay_MoveUpSmallLetter_PayerPositionMoved" />
    </UnitTest>
    <UnitTest name="TestScoreboardConstructor_SetMaximumRecords5_ScoreRecordsCountIs5" storage="d:\work\courses\hq code\homework\07 - final project - labyrinth\project\labyrinth - refactored\labyrinthgametests\bin\debug\labyrinthgametests.dll" id="ff5c0ab6-c317-decd-6cbf-441a801dab6f">
      <DeploymentItems>
        <DeploymentItem filename="LabyrinthGame.exe" />
      </DeploymentItems>
      <Execution id="02c2e838-95a0-42ed-b2f5-5205826731de" />
      <TestMethod codeBase="D:/Work/Courses/HQ Code/Homework/07 - Final Project - Labyrinth/Project/Labyrinth - Refactored/LabyrinthGameTests/bin/Debug/LabyrinthGameTests.DLL" adapterTypeName="Microsoft.VisualStudio.TestTools.TestTypes.Unit.UnitTestAdapter, Microsoft.VisualStudio.QualityTools.Tips.UnitTest.Adapter, Version=10.0.0.0, Culture=neutral, PublicKeyToken=b03f5f7f11d50a3a" className="LabyrinthGameTests.UtilitiesTests.ScoreboardTest, LabyrinthGameTests, Version=1.0.0.0, Culture=neutral, PublicKeyToken=null" name="TestScoreboardConstructor_SetMaximumRecords5_ScoreRecordsCountIs5" />
    </UnitTest>
    <UnitTest name="TestIsPlayerPositionAtLabyrintBorder_PlayerPositionAtLeftBorder_ReturnsTrue" storage="d:\work\courses\hq code\homework\07 - final project - labyrinth\project\labyrinth - refactored\labyrinthgametests\bin\debug\labyrinthgametests.dll" id="46104fa5-2c46-cc7c-6a2e-bd156e922eb2">
      <Execution id="a9942e1a-ca31-4a8f-8b32-a521306ee5f5" />
      <TestMethod codeBase="D:/Work/Courses/HQ Code/Homework/07 - Final Project - Labyrinth/Project/Labyrinth - Refactored/LabyrinthGameTests/bin/Debug/LabyrinthGameTests.DLL" adapterTypeName="Microsoft.VisualStudio.TestTools.TestTypes.Unit.UnitTestAdapter, Microsoft.VisualStudio.QualityTools.Tips.UnitTest.Adapter, Version=10.0.0.0, Culture=neutral, PublicKeyToken=b03f5f7f11d50a3a" className="LabyrinthGameTests.UtilitiesTests.GameUtilitiesTest, LabyrinthGameTests, Version=1.0.0.0, Culture=neutral, PublicKeyToken=null" name="TestIsPlayerPositionAtLabyrintBorder_PlayerPositionAtLeftBorder_ReturnsTrue" />
    </UnitTest>
    <UnitTest name="TestPlay_SolveTheGameOneMove_ScoreRecordedScoreboeadPrinted" storage="d:\work\courses\hq code\homework\07 - final project - labyrinth\project\labyrinth - refactored\labyrinthgametests\bin\debug\labyrinthgametests.dll" id="ddf84eeb-6e95-7732-7ac8-25baf1256761">
      <DeploymentItems>
        <DeploymentItem filename="LabyrinthGame.exe" />
      </DeploymentItems>
      <Execution id="a5eaca1f-798d-4201-b93b-f7f169baa210" />
      <TestMethod codeBase="D:/Work/Courses/HQ Code/Homework/07 - Final Project - Labyrinth/Project/Labyrinth - Refactored/LabyrinthGameTests/bin/Debug/LabyrinthGameTests.DLL" adapterTypeName="Microsoft.VisualStudio.TestTools.TestTypes.Unit.UnitTestAdapter, Microsoft.VisualStudio.QualityTools.Tips.UnitTest.Adapter, Version=10.0.0.0, Culture=neutral, PublicKeyToken=b03f5f7f11d50a3a" className="LabyrinthGameTests.GameTests.LabyrinthTest, LabyrinthGameTests, Version=1.0.0.0, Culture=neutral, PublicKeyToken=null" name="TestPlay_SolveTheGameOneMove_ScoreRecordedScoreboeadPrinted" />
    </UnitTest>
    <UnitTest name="TestIsPlayerPositionInLabyrinthRange_PlayerPositionAtLeftBorder_ReturnsTrue" storage="d:\work\courses\hq code\homework\07 - final project - labyrinth\project\labyrinth - refactored\labyrinthgametests\bin\debug\labyrinthgametests.dll" id="b302e319-930b-d780-f9c5-e92823bcd7b4">
      <Execution id="35a71e3f-cf47-4af6-83fd-47bc4c55e58c" />
      <TestMethod codeBase="D:/Work/Courses/HQ Code/Homework/07 - Final Project - Labyrinth/Project/Labyrinth - Refactored/LabyrinthGameTests/bin/Debug/LabyrinthGameTests.DLL" adapterTypeName="Microsoft.VisualStudio.TestTools.TestTypes.Unit.UnitTestAdapter, Microsoft.VisualStudio.QualityTools.Tips.UnitTest.Adapter, Version=10.0.0.0, Culture=neutral, PublicKeyToken=b03f5f7f11d50a3a" className="LabyrinthGameTests.UtilitiesTests.GameUtilitiesTest, LabyrinthGameTests, Version=1.0.0.0, Culture=neutral, PublicKeyToken=null" name="TestIsPlayerPositionInLabyrinthRange_PlayerPositionAtLeftBorder_ReturnsTrue" />
    </UnitTest>
    <UnitTest name="TestPlay_MoveRightSmallLetter_PayerPositionMoved" storage="d:\work\courses\hq code\homework\07 - final project - labyrinth\project\labyrinth - refactored\labyrinthgametests\bin\debug\labyrinthgametests.dll" id="1e67ba9b-2562-4cf1-1e55-50e120511ade">
      <DeploymentItems>
        <DeploymentItem filename="LabyrinthGame.exe" />
      </DeploymentItems>
      <Execution id="1bd813a0-f52d-4593-9ecd-fb9e85fe4df6" />
      <TestMethod codeBase="D:/Work/Courses/HQ Code/Homework/07 - Final Project - Labyrinth/Project/Labyrinth - Refactored/LabyrinthGameTests/bin/Debug/LabyrinthGameTests.DLL" adapterTypeName="Microsoft.VisualStudio.TestTools.TestTypes.Unit.UnitTestAdapter, Microsoft.VisualStudio.QualityTools.Tips.UnitTest.Adapter, Version=10.0.0.0, Culture=neutral, PublicKeyToken=b03f5f7f11d50a3a" className="LabyrinthGameTests.GameTests.LabyrinthTest, LabyrinthGameTests, Version=1.0.0.0, Culture=neutral, PublicKeyToken=null" name="TestPlay_MoveRightSmallLetter_PayerPositionMoved" />
    </UnitTest>
    <UnitTest name="TestInitializeLabyrinthMap_PlayerPositionRowInvalid_ArgumnetExceptionThrown" storage="d:\work\courses\hq code\homework\07 - final project - labyrinth\project\labyrinth - refactored\labyrinthgametests\bin\debug\labyrinthgametests.dll" id="8e3f5a43-bfe8-046c-4082-39ae6c4c9a1e">
      <DeploymentItems>
        <DeploymentItem filename="LabyrinthGame.exe" />
      </DeploymentItems>
      <Execution id="540597ae-0f3e-475a-a37b-e622edc11ecc" />
      <TestMethod codeBase="D:/Work/Courses/HQ Code/Homework/07 - Final Project - Labyrinth/Project/Labyrinth - Refactored/LabyrinthGameTests/bin/Debug/LabyrinthGameTests.DLL" adapterTypeName="Microsoft.VisualStudio.TestTools.TestTypes.Unit.UnitTestAdapter, Microsoft.VisualStudio.QualityTools.Tips.UnitTest.Adapter, Version=10.0.0.0, Culture=neutral, PublicKeyToken=b03f5f7f11d50a3a" className="LabyrinthGameTests.GameTests.LabyrinthTest, LabyrinthGameTests, Version=1.0.0.0, Culture=neutral, PublicKeyToken=null" name="TestInitializeLabyrinthMap_PlayerPositionRowInvalid_ArgumnetExceptionThrown" />
    </UnitTest>
    <UnitTest name="TestInitializeLabyrinthMapInitial_CreateGame7x7_LabyrinthIsSolvable" storage="d:\work\courses\hq code\homework\07 - final project - labyrinth\project\labyrinth - refactored\labyrinthgametests\bin\debug\labyrinthgametests.dll" id="f8fa6a08-ce3d-ce5f-703b-e05dd9cc971a">
      <DeploymentItems>
        <DeploymentItem filename="LabyrinthGame.exe" />
      </DeploymentItems>
      <Execution id="7caee62f-f400-40d5-832d-c593ba77f4ec" />
      <TestMethod codeBase="D:/Work/Courses/HQ Code/Homework/07 - Final Project - Labyrinth/Project/Labyrinth - Refactored/LabyrinthGameTests/bin/Debug/LabyrinthGameTests.DLL" adapterTypeName="Microsoft.VisualStudio.TestTools.TestTypes.Unit.UnitTestAdapter, Microsoft.VisualStudio.QualityTools.Tips.UnitTest.Adapter, Version=10.0.0.0, Culture=neutral, PublicKeyToken=b03f5f7f11d50a3a" className="LabyrinthGameTests.GameTests.LabyrinthTest, LabyrinthGameTests, Version=1.0.0.0, Culture=neutral, PublicKeyToken=null" name="TestInitializeLabyrinthMapInitial_CreateGame7x7_LabyrinthIsSolvable" />
    </UnitTest>
    <UnitTest name="TestCompareTo_CompareWrongObject_ExpectedExcetion" storage="d:\work\courses\hq code\homework\07 - final project - labyrinth\project\labyrinth - refactored\labyrinthgametests\bin\debug\labyrinthgametests.dll" id="49468e04-4e1f-fa29-efc0-2ae57ca03016">
      <Execution id="8034519d-f6a5-48ef-992d-3c62a4d95392" />
      <TestMethod codeBase="D:/Work/Courses/HQ Code/Homework/07 - Final Project - Labyrinth/Project/Labyrinth - Refactored/LabyrinthGameTests/bin/Debug/LabyrinthGameTests.DLL" adapterTypeName="Microsoft.VisualStudio.TestTools.TestTypes.Unit.UnitTestAdapter, Microsoft.VisualStudio.QualityTools.Tips.UnitTest.Adapter, Version=10.0.0.0, Culture=neutral, PublicKeyToken=b03f5f7f11d50a3a" className="LabyrinthGameTests.UtilitiesTests.ScoreRecordTest, LabyrinthGameTests, Version=1.0.0.0, Culture=neutral, PublicKeyToken=null" name="TestCompareTo_CompareWrongObject_ExpectedExcetion" />
    </UnitTest>
    <UnitTest name="TestIsLabyrinthSolvable_LabitynthWithManyExits_ReturnsTrue" storage="d:\work\courses\hq code\homework\07 - final project - labyrinth\project\labyrinth - refactored\labyrinthgametests\bin\debug\labyrinthgametests.dll" id="90e9871f-9d88-a960-bbfa-8030c3138bc6">
      <Execution id="6db01c6a-a089-4775-9950-b0ca945c6c1d" />
      <TestMethod codeBase="D:/Work/Courses/HQ Code/Homework/07 - Final Project - Labyrinth/Project/Labyrinth - Refactored/LabyrinthGameTests/bin/Debug/LabyrinthGameTests.DLL" adapterTypeName="Microsoft.VisualStudio.TestTools.TestTypes.Unit.UnitTestAdapter, Microsoft.VisualStudio.QualityTools.Tips.UnitTest.Adapter, Version=10.0.0.0, Culture=neutral, PublicKeyToken=b03f5f7f11d50a3a" className="LabyrinthGameTests.UtilitiesTests.GameUtilitiesTest, LabyrinthGameTests, Version=1.0.0.0, Culture=neutral, PublicKeyToken=null" name="TestIsLabyrinthSolvable_LabitynthWithManyExits_ReturnsTrue" />
    </UnitTest>
    <UnitTest name="TestInitializeLabyrinthMap_CreateGame7x7_LabyrinthSizeIs7Rows" storage="d:\work\courses\hq code\homework\07 - final project - labyrinth\project\labyrinth - refactored\labyrinthgametests\bin\debug\labyrinthgametests.dll" id="1b5e868f-3fea-98ce-3e7a-e41f41680cf4">
      <DeploymentItems>
        <DeploymentItem filename="LabyrinthGame.exe" />
      </DeploymentItems>
      <Execution id="e68c3198-8cab-4d1a-998e-c38821c6aff4" />
      <TestMethod codeBase="D:/Work/Courses/HQ Code/Homework/07 - Final Project - Labyrinth/Project/Labyrinth - Refactored/LabyrinthGameTests/bin/Debug/LabyrinthGameTests.DLL" adapterTypeName="Microsoft.VisualStudio.TestTools.TestTypes.Unit.UnitTestAdapter, Microsoft.VisualStudio.QualityTools.Tips.UnitTest.Adapter, Version=10.0.0.0, Culture=neutral, PublicKeyToken=b03f5f7f11d50a3a" className="LabyrinthGameTests.GameTests.LabyrinthTest, LabyrinthGameTests, Version=1.0.0.0, Culture=neutral, PublicKeyToken=null" name="TestInitializeLabyrinthMap_CreateGame7x7_LabyrinthSizeIs7Rows" />
    </UnitTest>
    <UnitTest name="TestIsPlayerPositionInLabyrinthRange_PlayerPositionOutRange_ReturnsFalse" storage="d:\work\courses\hq code\homework\07 - final project - labyrinth\project\labyrinth - refactored\labyrinthgametests\bin\debug\labyrinthgametests.dll" id="ab9469e7-e138-e0e3-4eaf-6e2e5c2ae4e7">
      <Execution id="c96ba1e6-5d6a-4cd4-b05c-27af56d4a7d7" />
      <TestMethod codeBase="D:/Work/Courses/HQ Code/Homework/07 - Final Project - Labyrinth/Project/Labyrinth - Refactored/LabyrinthGameTests/bin/Debug/LabyrinthGameTests.DLL" adapterTypeName="Microsoft.VisualStudio.TestTools.TestTypes.Unit.UnitTestAdapter, Microsoft.VisualStudio.QualityTools.Tips.UnitTest.Adapter, Version=10.0.0.0, Culture=neutral, PublicKeyToken=b03f5f7f11d50a3a" className="LabyrinthGameTests.UtilitiesTests.GameUtilitiesTest, LabyrinthGameTests, Version=1.0.0.0, Culture=neutral, PublicKeyToken=null" name="TestIsPlayerPositionInLabyrinthRange_PlayerPositionOutRange_ReturnsFalse" />
    </UnitTest>
    <UnitTest name="TestAddScore_3Record_NumberOfStoredREcordsIs3" storage="d:\work\courses\hq code\homework\07 - final project - labyrinth\project\labyrinth - refactored\labyrinthgametests\bin\debug\labyrinthgametests.dll" id="c23de7cf-f106-1f98-a5a7-8301c63e027b">
      <DeploymentItems>
        <DeploymentItem filename="LabyrinthGame.exe" />
      </DeploymentItems>
      <Execution id="70d7fa1a-74ac-4563-b1f7-57455aa3824e" />
      <TestMethod codeBase="D:/Work/Courses/HQ Code/Homework/07 - Final Project - Labyrinth/Project/Labyrinth - Refactored/LabyrinthGameTests/bin/Debug/LabyrinthGameTests.DLL" adapterTypeName="Microsoft.VisualStudio.TestTools.TestTypes.Unit.UnitTestAdapter, Microsoft.VisualStudio.QualityTools.Tips.UnitTest.Adapter, Version=10.0.0.0, Culture=neutral, PublicKeyToken=b03f5f7f11d50a3a" className="LabyrinthGameTests.UtilitiesTests.ScoreboardTest, LabyrinthGameTests, Version=1.0.0.0, Culture=neutral, PublicKeyToken=null" name="TestAddScore_3Record_NumberOfStoredREcordsIs3" />
    </UnitTest>
    <UnitTest name="TestPlay_MoveUpToBlockedCell_InvalidMoveMEssagePrinted" storage="d:\work\courses\hq code\homework\07 - final project - labyrinth\project\labyrinth - refactored\labyrinthgametests\bin\debug\labyrinthgametests.dll" id="22e6bd7c-3b55-4448-1199-9cac5a3b0180">
      <DeploymentItems>
        <DeploymentItem filename="LabyrinthGame.exe" />
      </DeploymentItems>
      <Execution id="6c7b7855-64ba-4e86-a99b-3ac1dc5f36b6" />
      <TestMethod codeBase="D:/Work/Courses/HQ Code/Homework/07 - Final Project - Labyrinth/Project/Labyrinth - Refactored/LabyrinthGameTests/bin/Debug/LabyrinthGameTests.DLL" adapterTypeName="Microsoft.VisualStudio.TestTools.TestTypes.Unit.UnitTestAdapter, Microsoft.VisualStudio.QualityTools.Tips.UnitTest.Adapter, Version=10.0.0.0, Culture=neutral, PublicKeyToken=b03f5f7f11d50a3a" className="LabyrinthGameTests.GameTests.LabyrinthTest, LabyrinthGameTests, Version=1.0.0.0, Culture=neutral, PublicKeyToken=null" name="TestPlay_MoveUpToBlockedCell_InvalidMoveMEssagePrinted" />
    </UnitTest>
    <UnitTest name="TestIsLabyrinthSolvable_LabitynthWithOneExit_ReturnsTrue" storage="d:\work\courses\hq code\homework\07 - final project - labyrinth\project\labyrinth - refactored\labyrinthgametests\bin\debug\labyrinthgametests.dll" id="913d29b6-05df-d113-ab41-2d9218eac454">
      <Execution id="01bafcb0-c538-4a9b-a99e-2959296b27e0" />
      <TestMethod codeBase="D:/Work/Courses/HQ Code/Homework/07 - Final Project - Labyrinth/Project/Labyrinth - Refactored/LabyrinthGameTests/bin/Debug/LabyrinthGameTests.DLL" adapterTypeName="Microsoft.VisualStudio.TestTools.TestTypes.Unit.UnitTestAdapter, Microsoft.VisualStudio.QualityTools.Tips.UnitTest.Adapter, Version=10.0.0.0, Culture=neutral, PublicKeyToken=b03f5f7f11d50a3a" className="LabyrinthGameTests.UtilitiesTests.GameUtilitiesTest, LabyrinthGameTests, Version=1.0.0.0, Culture=neutral, PublicKeyToken=null" name="TestIsLabyrinthSolvable_LabitynthWithOneExit_ReturnsTrue" />
    </UnitTest>
    <UnitTest name="TestGetResourceValue_ReadValidResource_ThrownException" storage="d:\work\courses\hq code\homework\07 - final project - labyrinth\project\labyrinth - refactored\labyrinthgametests\bin\debug\labyrinthgametests.dll" id="eccffd02-9604-343d-9995-6c981b22e840">
      <Execution id="f03182ff-0dac-4b60-bf9a-1436091fb32e" />
      <TestMethod codeBase="D:/Work/Courses/HQ Code/Homework/07 - Final Project - Labyrinth/Project/Labyrinth - Refactored/LabyrinthGameTests/bin/Debug/LabyrinthGameTests.DLL" adapterTypeName="Microsoft.VisualStudio.TestTools.TestTypes.Unit.UnitTestAdapter, Microsoft.VisualStudio.QualityTools.Tips.UnitTest.Adapter, Version=10.0.0.0, Culture=neutral, PublicKeyToken=b03f5f7f11d50a3a" className="LabyrinthGameTests.UtilitiesTests.GameResourcesCollectionTest, LabyrinthGameTests, Version=1.0.0.0, Culture=neutral, PublicKeyToken=null" name="TestGetResourceValue_ReadValidResource_ThrownException" />
    </UnitTest>
    <UnitTest name="TestCompareTo_Compare10to9_SecondIsHigher" storage="d:\work\courses\hq code\homework\07 - final project - labyrinth\project\labyrinth - refactored\labyrinthgametests\bin\debug\labyrinthgametests.dll" id="5c706ee3-0f90-4e95-151d-c3fe84b27731">
      <Execution id="297a450b-3bd1-4c92-b277-1c2855d4de04" />
      <TestMethod codeBase="D:/Work/Courses/HQ Code/Homework/07 - Final Project - Labyrinth/Project/Labyrinth - Refactored/LabyrinthGameTests/bin/Debug/LabyrinthGameTests.DLL" adapterTypeName="Microsoft.VisualStudio.TestTools.TestTypes.Unit.UnitTestAdapter, Microsoft.VisualStudio.QualityTools.Tips.UnitTest.Adapter, Version=10.0.0.0, Culture=neutral, PublicKeyToken=b03f5f7f11d50a3a" className="LabyrinthGameTests.UtilitiesTests.ScoreRecordTest, LabyrinthGameTests, Version=1.0.0.0, Culture=neutral, PublicKeyToken=null" name="TestCompareTo_Compare10to9_SecondIsHigher" />
    </UnitTest>
    <UnitTest name="TestIsPlayerPositionInLabyrinthRange_PlayerPositionAtBottomBorder_ReturnsTrue" storage="d:\work\courses\hq code\homework\07 - final project - labyrinth\project\labyrinth - refactored\labyrinthgametests\bin\debug\labyrinthgametests.dll" id="d95cc6e9-2b09-0d04-e7ba-8c61df679392">
      <Execution id="d2cab45a-f213-4b4c-b7a3-18c5bb6f9ae5" />
      <TestMethod codeBase="D:/Work/Courses/HQ Code/Homework/07 - Final Project - Labyrinth/Project/Labyrinth - Refactored/LabyrinthGameTests/bin/Debug/LabyrinthGameTests.DLL" adapterTypeName="Microsoft.VisualStudio.TestTools.TestTypes.Unit.UnitTestAdapter, Microsoft.VisualStudio.QualityTools.Tips.UnitTest.Adapter, Version=10.0.0.0, Culture=neutral, PublicKeyToken=b03f5f7f11d50a3a" className="LabyrinthGameTests.UtilitiesTests.GameUtilitiesTest, LabyrinthGameTests, Version=1.0.0.0, Culture=neutral, PublicKeyToken=null" name="TestIsPlayerPositionInLabyrinthRange_PlayerPositionAtBottomBorder_ReturnsTrue" />
    </UnitTest>
    <UnitTest name="TestCheckLabyrinthMapValidity_InvalidLabyrinthMapSize_ThrownException" storage="d:\work\courses\hq code\homework\07 - final project - labyrinth\project\labyrinth - refactored\labyrinthgametests\bin\debug\labyrinthgametests.dll" id="fead4f5b-fc2a-7f9e-fcf8-dbb28f04f839">
      <Execution id="fff01221-ab36-4270-9357-bb6c0244f5b7" />
      <TestMethod codeBase="D:/Work/Courses/HQ Code/Homework/07 - Final Project - Labyrinth/Project/Labyrinth - Refactored/LabyrinthGameTests/bin/Debug/LabyrinthGameTests.DLL" adapterTypeName="Microsoft.VisualStudio.TestTools.TestTypes.Unit.UnitTestAdapter, Microsoft.VisualStudio.QualityTools.Tips.UnitTest.Adapter, Version=10.0.0.0, Culture=neutral, PublicKeyToken=b03f5f7f11d50a3a" className="LabyrinthGameTests.UtilitiesTests.GameUtilitiesTest, LabyrinthGameTests, Version=1.0.0.0, Culture=neutral, PublicKeyToken=null" name="TestCheckLabyrinthMapValidity_InvalidLabyrinthMapSize_ThrownException" />
    </UnitTest>
    <UnitTest name="TestIsLabyrinthSolvable_LabitynthIsNotSolvable_ReturnsFalse" storage="d:\work\courses\hq code\homework\07 - final project - labyrinth\project\labyrinth - refactored\labyrinthgametests\bin\debug\labyrinthgametests.dll" id="00bd6a54-0c67-50ad-3aa8-0ca50676d62e">
      <Execution id="0e213df0-be85-435d-ae9c-d424e3206225" />
      <TestMethod codeBase="D:/Work/Courses/HQ Code/Homework/07 - Final Project - Labyrinth/Project/Labyrinth - Refactored/LabyrinthGameTests/bin/Debug/LabyrinthGameTests.DLL" adapterTypeName="Microsoft.VisualStudio.TestTools.TestTypes.Unit.UnitTestAdapter, Microsoft.VisualStudio.QualityTools.Tips.UnitTest.Adapter, Version=10.0.0.0, Culture=neutral, PublicKeyToken=b03f5f7f11d50a3a" className="LabyrinthGameTests.UtilitiesTests.GameUtilitiesTest, LabyrinthGameTests, Version=1.0.0.0, Culture=neutral, PublicKeyToken=null" name="TestIsLabyrinthSolvable_LabitynthIsNotSolvable_ReturnsFalse" />
    </UnitTest>
    <UnitTest name="TestIsPlayerPositionAtLabyrintBorder_PlayerPositionAtTopBorder_ReturnsTrue" storage="d:\work\courses\hq code\homework\07 - final project - labyrinth\project\labyrinth - refactored\labyrinthgametests\bin\debug\labyrinthgametests.dll" id="41052ae3-bffd-1771-c8af-1d3cf4791f6d">
      <Execution id="358cc9f5-9862-4bd2-8cec-7005245a5f26" />
      <TestMethod codeBase="D:/Work/Courses/HQ Code/Homework/07 - Final Project - Labyrinth/Project/Labyrinth - Refactored/LabyrinthGameTests/bin/Debug/LabyrinthGameTests.DLL" adapterTypeName="Microsoft.VisualStudio.TestTools.TestTypes.Unit.UnitTestAdapter, Microsoft.VisualStudio.QualityTools.Tips.UnitTest.Adapter, Version=10.0.0.0, Culture=neutral, PublicKeyToken=b03f5f7f11d50a3a" className="LabyrinthGameTests.UtilitiesTests.GameUtilitiesTest, LabyrinthGameTests, Version=1.0.0.0, Culture=neutral, PublicKeyToken=null" name="TestIsPlayerPositionAtLabyrintBorder_PlayerPositionAtTopBorder_ReturnsTrue" />
    </UnitTest>
    <UnitTest name="CopyToTest" storage="d:\work\courses\hq code\homework\07 - final project - labyrinth\project\labyrinth - refactored\labyrinthgametests\bin\debug\labyrinthgametests.dll" id="bff97ae2-eee3-ba3f-ec4d-63d8822cb76d">
      <Execution id="78b5d0bd-f891-423d-bd44-41518d0ea81f" />
      <TestMethod codeBase="D:/Work/Courses/HQ Code/Homework/07 - Final Project - Labyrinth/Project/Labyrinth - Refactored/LabyrinthGameTests/bin/Debug/LabyrinthGameTests.DLL" adapterTypeName="Microsoft.VisualStudio.TestTools.TestTypes.Unit.UnitTestAdapter, Microsoft.VisualStudio.QualityTools.Tips.UnitTest.Adapter, Version=10.0.0.0, Culture=neutral, PublicKeyToken=b03f5f7f11d50a3a" className="LabyrinthGameTests.UtilitiesTests.PlayerPositionTest, LabyrinthGameTests, Version=1.0.0.0, Culture=neutral, PublicKeyToken=null" name="CopyToTest" />
    </UnitTest>
    <UnitTest name="TestIsPlayerPositionInLabyrinthRange_PlayerPositionAtRightBorder_ReturnsTrue" storage="d:\work\courses\hq code\homework\07 - final project - labyrinth\project\labyrinth - refactored\labyrinthgametests\bin\debug\labyrinthgametests.dll" id="eb63cee3-8d56-4837-8866-0932734f8d54">
      <Execution id="696f884f-c62b-4a96-96f6-d76839161334" />
      <TestMethod codeBase="D:/Work/Courses/HQ Code/Homework/07 - Final Project - Labyrinth/Project/Labyrinth - Refactored/LabyrinthGameTests/bin/Debug/LabyrinthGameTests.DLL" adapterTypeName="Microsoft.VisualStudio.TestTools.TestTypes.Unit.UnitTestAdapter, Microsoft.VisualStudio.QualityTools.Tips.UnitTest.Adapter, Version=10.0.0.0, Culture=neutral, PublicKeyToken=b03f5f7f11d50a3a" className="LabyrinthGameTests.UtilitiesTests.GameUtilitiesTest, LabyrinthGameTests, Version=1.0.0.0, Culture=neutral, PublicKeyToken=null" name="TestIsPlayerPositionInLabyrinthRange_PlayerPositionAtRightBorder_ReturnsTrue" />
    </UnitTest>
    <UnitTest name="TestMain_StartNewGame_WelcomeMessagePrinted" storage="d:\work\courses\hq code\homework\07 - final project - labyrinth\project\labyrinth - refactored\labyrinthgametests\bin\debug\labyrinthgametests.dll" id="c97585c0-8f71-f85d-3b53-0549e1f574eb">
      <Execution id="45a0113e-0989-4352-8719-ddabf513bf6d" />
      <TestMethod codeBase="D:/Work/Courses/HQ Code/Homework/07 - Final Project - Labyrinth/Project/Labyrinth - Refactored/LabyrinthGameTests/bin/Debug/LabyrinthGameTests.DLL" adapterTypeName="Microsoft.VisualStudio.TestTools.TestTypes.Unit.UnitTestAdapter, Microsoft.VisualStudio.QualityTools.Tips.UnitTest.Adapter, Version=10.0.0.0, Culture=neutral, PublicKeyToken=b03f5f7f11d50a3a" className="LabyrinthGameTests.GameTests.GameTest, LabyrinthGameTests, Version=1.0.0.0, Culture=neutral, PublicKeyToken=null" name="TestMain_StartNewGame_WelcomeMessagePrinted" />
    </UnitTest>
    <UnitTest name="TestIsPlayerPositionAtLabyrintBorder_PlayerPositionAtBottomBorder_ReturnsTrue" storage="d:\work\courses\hq code\homework\07 - final project - labyrinth\project\labyrinth - refactored\labyrinthgametests\bin\debug\labyrinthgametests.dll" id="2b2dfcb2-51e3-58fb-dca8-89ce5a6eaef6">
      <Execution id="27737612-ad6f-4e52-9d8a-fa073ba827b4" />
      <TestMethod codeBase="D:/Work/Courses/HQ Code/Homework/07 - Final Project - Labyrinth/Project/Labyrinth - Refactored/LabyrinthGameTests/bin/Debug/LabyrinthGameTests.DLL" adapterTypeName="Microsoft.VisualStudio.TestTools.TestTypes.Unit.UnitTestAdapter, Microsoft.VisualStudio.QualityTools.Tips.UnitTest.Adapter, Version=10.0.0.0, Culture=neutral, PublicKeyToken=b03f5f7f11d50a3a" className="LabyrinthGameTests.UtilitiesTests.GameUtilitiesTest, LabyrinthGameTests, Version=1.0.0.0, Culture=neutral, PublicKeyToken=null" name="TestIsPlayerPositionAtLabyrintBorder_PlayerPositionAtBottomBorder_ReturnsTrue" />
    </UnitTest>
    <UnitTest name="TestInitializeLabyrinthMap_PlayerPositionRowOutOfRange_ArgumnetExceptionThrown" storage="d:\work\courses\hq code\homework\07 - final project - labyrinth\project\labyrinth - refactored\labyrinthgametests\bin\debug\labyrinthgametests.dll" id="1a026f35-fc1c-7df8-925b-44c2c1828454">
      <DeploymentItems>
        <DeploymentItem filename="LabyrinthGame.exe" />
      </DeploymentItems>
      <Execution id="2e3dd0d1-bea3-4fb8-a001-e64b922d2983" />
      <TestMethod codeBase="D:/Work/Courses/HQ Code/Homework/07 - Final Project - Labyrinth/Project/Labyrinth - Refactored/LabyrinthGameTests/bin/Debug/LabyrinthGameTests.DLL" adapterTypeName="Microsoft.VisualStudio.TestTools.TestTypes.Unit.UnitTestAdapter, Microsoft.VisualStudio.QualityTools.Tips.UnitTest.Adapter, Version=10.0.0.0, Culture=neutral, PublicKeyToken=b03f5f7f11d50a3a" className="LabyrinthGameTests.GameTests.LabyrinthTest, LabyrinthGameTests, Version=1.0.0.0, Culture=neutral, PublicKeyToken=null" name="TestInitializeLabyrinthMap_PlayerPositionRowOutOfRange_ArgumnetExceptionThrown" />
    </UnitTest>
    <UnitTest name="TestCheckPlayerPositionValidityInLabyrinthMap_InvalidPlayerPositionObject_ThrownException" storage="d:\work\courses\hq code\homework\07 - final project - labyrinth\project\labyrinth - refactored\labyrinthgametests\bin\debug\labyrinthgametests.dll" id="5a2d4e63-b2f8-1e5d-0e55-70225364168d">
      <Execution id="373a58e1-4a8e-4b60-babc-4c42729a432b" />
      <TestMethod codeBase="D:/Work/Courses/HQ Code/Homework/07 - Final Project - Labyrinth/Project/Labyrinth - Refactored/LabyrinthGameTests/bin/Debug/LabyrinthGameTests.DLL" adapterTypeName="Microsoft.VisualStudio.TestTools.TestTypes.Unit.UnitTestAdapter, Microsoft.VisualStudio.QualityTools.Tips.UnitTest.Adapter, Version=10.0.0.0, Culture=neutral, PublicKeyToken=b03f5f7f11d50a3a" className="LabyrinthGameTests.UtilitiesTests.GameUtilitiesTest, LabyrinthGameTests, Version=1.0.0.0, Culture=neutral, PublicKeyToken=null" name="TestCheckPlayerPositionValidityInLabyrinthMap_InvalidPlayerPositionObject_ThrownException" />
    </UnitTest>
    <UnitTest name="TestPrintScoreboard_EmptyList_EmptyScoreboardPrinted" storage="d:\work\courses\hq code\homework\07 - final project - labyrinth\project\labyrinth - refactored\labyrinthgametests\bin\debug\labyrinthgametests.dll" id="954a9507-71f0-1157-5fe6-92b68099bc6a">
      <DeploymentItems>
        <DeploymentItem filename="LabyrinthGame.exe" />
      </DeploymentItems>
      <Execution id="eca91cfb-e8e4-404a-ab1f-bc4ed6a4b281" />
      <TestMethod codeBase="D:/Work/Courses/HQ Code/Homework/07 - Final Project - Labyrinth/Project/Labyrinth - Refactored/LabyrinthGameTests/bin/Debug/LabyrinthGameTests.DLL" adapterTypeName="Microsoft.VisualStudio.TestTools.TestTypes.Unit.UnitTestAdapter, Microsoft.VisualStudio.QualityTools.Tips.UnitTest.Adapter, Version=10.0.0.0, Culture=neutral, PublicKeyToken=b03f5f7f11d50a3a" className="LabyrinthGameTests.UtilitiesTests.ScoreboardTest, LabyrinthGameTests, Version=1.0.0.0, Culture=neutral, PublicKeyToken=null" name="TestPrintScoreboard_EmptyList_EmptyScoreboardPrinted" />
    </UnitTest>
    <UnitTest name="TestAddScore_1Record_NumberOfStoredREcordsIs1" storage="d:\work\courses\hq code\homework\07 - final project - labyrinth\project\labyrinth - refactored\labyrinthgametests\bin\debug\labyrinthgametests.dll" id="c9b26c2e-297c-e8a8-a0e5-1696f280362f">
      <DeploymentItems>
        <DeploymentItem filename="LabyrinthGame.exe" />
      </DeploymentItems>
      <Execution id="330499c1-0b01-4111-aec4-514c346195fd" />
      <TestMethod codeBase="D:/Work/Courses/HQ Code/Homework/07 - Final Project - Labyrinth/Project/Labyrinth - Refactored/LabyrinthGameTests/bin/Debug/LabyrinthGameTests.DLL" adapterTypeName="Microsoft.VisualStudio.TestTools.TestTypes.Unit.UnitTestAdapter, Microsoft.VisualStudio.QualityTools.Tips.UnitTest.Adapter, Version=10.0.0.0, Culture=neutral, PublicKeyToken=b03f5f7f11d50a3a" className="LabyrinthGameTests.UtilitiesTests.ScoreboardTest, LabyrinthGameTests, Version=1.0.0.0, Culture=neutral, PublicKeyToken=null" name="TestAddScore_1Record_NumberOfStoredREcordsIs1" />
    </UnitTest>
    <UnitTest name="TestPlay_MoveUpBigLetter_PayerPositionMoved" storage="d:\work\courses\hq code\homework\07 - final project - labyrinth\project\labyrinth - refactored\labyrinthgametests\bin\debug\labyrinthgametests.dll" id="cae6fde2-188b-3999-9c92-fb92695dfff5">
      <DeploymentItems>
        <DeploymentItem filename="LabyrinthGame.exe" />
      </DeploymentItems>
      <Execution id="c98eae9f-d6fd-42d4-84aa-85495aa19a6f" />
      <TestMethod codeBase="D:/Work/Courses/HQ Code/Homework/07 - Final Project - Labyrinth/Project/Labyrinth - Refactored/LabyrinthGameTests/bin/Debug/LabyrinthGameTests.DLL" adapterTypeName="Microsoft.VisualStudio.TestTools.TestTypes.Unit.UnitTestAdapter, Microsoft.VisualStudio.QualityTools.Tips.UnitTest.Adapter, Version=10.0.0.0, Culture=neutral, PublicKeyToken=b03f5f7f11d50a3a" className="LabyrinthGameTests.GameTests.LabyrinthTest, LabyrinthGameTests, Version=1.0.0.0, Culture=neutral, PublicKeyToken=null" name="TestPlay_MoveUpBigLetter_PayerPositionMoved" />
    </UnitTest>
    <UnitTest name="TestGetResourceValue_ReadValidResource_ResourceValueReturned" storage="d:\work\courses\hq code\homework\07 - final project - labyrinth\project\labyrinth - refactored\labyrinthgametests\bin\debug\labyrinthgametests.dll" id="5be0be29-c1eb-c1b7-0e66-de3c28db121d">
      <Execution id="b4b7c792-0614-4ac7-bba1-f059f323f724" />
      <TestMethod codeBase="D:/Work/Courses/HQ Code/Homework/07 - Final Project - Labyrinth/Project/Labyrinth - Refactored/LabyrinthGameTests/bin/Debug/LabyrinthGameTests.DLL" adapterTypeName="Microsoft.VisualStudio.TestTools.TestTypes.Unit.UnitTestAdapter, Microsoft.VisualStudio.QualityTools.Tips.UnitTest.Adapter, Version=10.0.0.0, Culture=neutral, PublicKeyToken=b03f5f7f11d50a3a" className="LabyrinthGameTests.UtilitiesTests.GameResourcesCollectionTest, LabyrinthGameTests, Version=1.0.0.0, Culture=neutral, PublicKeyToken=null" name="TestGetResourceValue_ReadValidResource_ResourceValueReturned" />
    </UnitTest>
    <UnitTest name="TestPlay_MoveDownToBlockedCell_InvalidMoveMEssagePrinted" storage="d:\work\courses\hq code\homework\07 - final project - labyrinth\project\labyrinth - refactored\labyrinthgametests\bin\debug\labyrinthgametests.dll" id="45b63241-e670-5726-7da5-4fb968c126f9">
      <DeploymentItems>
        <DeploymentItem filename="LabyrinthGame.exe" />
      </DeploymentItems>
      <Execution id="cd5e2bd3-7cca-438b-9c47-772dceef1f3b" />
      <TestMethod codeBase="D:/Work/Courses/HQ Code/Homework/07 - Final Project - Labyrinth/Project/Labyrinth - Refactored/LabyrinthGameTests/bin/Debug/LabyrinthGameTests.DLL" adapterTypeName="Microsoft.VisualStudio.TestTools.TestTypes.Unit.UnitTestAdapter, Microsoft.VisualStudio.QualityTools.Tips.UnitTest.Adapter, Version=10.0.0.0, Culture=neutral, PublicKeyToken=b03f5f7f11d50a3a" className="LabyrinthGameTests.GameTests.LabyrinthTest, LabyrinthGameTests, Version=1.0.0.0, Culture=neutral, PublicKeyToken=null" name="TestPlay_MoveDownToBlockedCell_InvalidMoveMEssagePrinted" />
    </UnitTest>
    <UnitTest name="TestCheckPlayerPositionValidityInLabyrinthMap_PlayerPositionOutOfRange_ThrownException" storage="d:\work\courses\hq code\homework\07 - final project - labyrinth\project\labyrinth - refactored\labyrinthgametests\bin\debug\labyrinthgametests.dll" id="a9d92305-d679-5d67-6ce0-01309c8ee541">
      <Execution id="2b76efae-0571-42a2-9fe5-8161555331b0" />
      <TestMethod codeBase="D:/Work/Courses/HQ Code/Homework/07 - Final Project - Labyrinth/Project/Labyrinth - Refactored/LabyrinthGameTests/bin/Debug/LabyrinthGameTests.DLL" adapterTypeName="Microsoft.VisualStudio.TestTools.TestTypes.Unit.UnitTestAdapter, Microsoft.VisualStudio.QualityTools.Tips.UnitTest.Adapter, Version=10.0.0.0, Culture=neutral, PublicKeyToken=b03f5f7f11d50a3a" className="LabyrinthGameTests.UtilitiesTests.GameUtilitiesTest, LabyrinthGameTests, Version=1.0.0.0, Culture=neutral, PublicKeyToken=null" name="TestCheckPlayerPositionValidityInLabyrinthMap_PlayerPositionOutOfRange_ThrownException" />
    </UnitTest>
    <UnitTest name="TestPlay_MoveLeftSmallLetter_PayerPositionMoved" storage="d:\work\courses\hq code\homework\07 - final project - labyrinth\project\labyrinth - refactored\labyrinthgametests\bin\debug\labyrinthgametests.dll" id="6aad3772-bac8-73c5-bfcf-1ee6dbdf9735">
      <DeploymentItems>
        <DeploymentItem filename="LabyrinthGame.exe" />
      </DeploymentItems>
      <Execution id="445f8d3f-9f84-4bd5-8f4b-2c2767e4f6ab" />
      <TestMethod codeBase="D:/Work/Courses/HQ Code/Homework/07 - Final Project - Labyrinth/Project/Labyrinth - Refactored/LabyrinthGameTests/bin/Debug/LabyrinthGameTests.DLL" adapterTypeName="Microsoft.VisualStudio.TestTools.TestTypes.Unit.UnitTestAdapter, Microsoft.VisualStudio.QualityTools.Tips.UnitTest.Adapter, Version=10.0.0.0, Culture=neutral, PublicKeyToken=b03f5f7f11d50a3a" className="LabyrinthGameTests.GameTests.LabyrinthTest, LabyrinthGameTests, Version=1.0.0.0, Culture=neutral, PublicKeyToken=null" name="TestPlay_MoveLeftSmallLetter_PayerPositionMoved" />
    </UnitTest>
    <UnitTest name="TestAddScore_StoreRecords10and5and15_LowestRecordIs15" storage="d:\work\courses\hq code\homework\07 - final project - labyrinth\project\labyrinth - refactored\labyrinthgametests\bin\debug\labyrinthgametests.dll" id="db909cf8-1248-5bd3-9f5e-220316039a9a">
      <DeploymentItems>
        <DeploymentItem filename="LabyrinthGame.exe" />
      </DeploymentItems>
      <Execution id="8b97f800-a5f3-4608-9bb3-88292546f380" />
      <TestMethod codeBase="D:/Work/Courses/HQ Code/Homework/07 - Final Project - Labyrinth/Project/Labyrinth - Refactored/LabyrinthGameTests/bin/Debug/LabyrinthGameTests.DLL" adapterTypeName="Microsoft.VisualStudio.TestTools.TestTypes.Unit.UnitTestAdapter, Microsoft.VisualStudio.QualityTools.Tips.UnitTest.Adapter, Version=10.0.0.0, Culture=neutral, PublicKeyToken=b03f5f7f11d50a3a" className="LabyrinthGameTests.UtilitiesTests.ScoreboardTest, LabyrinthGameTests, Version=1.0.0.0, Culture=neutral, PublicKeyToken=null" name="TestAddScore_StoreRecords10and5and15_LowestRecordIs15" />
    </UnitTest>
    <UnitTest name="TestIsPlayerPositionAtLabyrintBorder_PlayerPositionAtRightBorder_ReturnsTrue" storage="d:\work\courses\hq code\homework\07 - final project - labyrinth\project\labyrinth - refactored\labyrinthgametests\bin\debug\labyrinthgametests.dll" id="65ee67f2-dd58-4060-142c-c0be749d9b16">
      <Execution id="badfb2f9-8948-49a2-8875-c0864323f7e2" />
      <TestMethod codeBase="D:/Work/Courses/HQ Code/Homework/07 - Final Project - Labyrinth/Project/Labyrinth - Refactored/LabyrinthGameTests/bin/Debug/LabyrinthGameTests.DLL" adapterTypeName="Microsoft.VisualStudio.TestTools.TestTypes.Unit.UnitTestAdapter, Microsoft.VisualStudio.QualityTools.Tips.UnitTest.Adapter, Version=10.0.0.0, Culture=neutral, PublicKeyToken=b03f5f7f11d50a3a" className="LabyrinthGameTests.UtilitiesTests.GameUtilitiesTest, LabyrinthGameTests, Version=1.0.0.0, Culture=neutral, PublicKeyToken=null" name="TestIsPlayerPositionAtLabyrintBorder_PlayerPositionAtRightBorder_ReturnsTrue" />
    </UnitTest>
    <UnitTest name="TestInitializeLabyrinthMap_CreateGameInvalidRowsCount_ArgumnetExceptionThrown" storage="d:\work\courses\hq code\homework\07 - final project - labyrinth\project\labyrinth - refactored\labyrinthgametests\bin\debug\labyrinthgametests.dll" id="0b667cbd-7239-05d6-1b37-50841bc3cd9f">
      <DeploymentItems>
        <DeploymentItem filename="LabyrinthGame.exe" />
      </DeploymentItems>
      <Execution id="d381e37c-4a97-447d-b900-013710fd84ad" />
      <TestMethod codeBase="D:/Work/Courses/HQ Code/Homework/07 - Final Project - Labyrinth/Project/Labyrinth - Refactored/LabyrinthGameTests/bin/Debug/LabyrinthGameTests.DLL" adapterTypeName="Microsoft.VisualStudio.TestTools.TestTypes.Unit.UnitTestAdapter, Microsoft.VisualStudio.QualityTools.Tips.UnitTest.Adapter, Version=10.0.0.0, Culture=neutral, PublicKeyToken=b03f5f7f11d50a3a" className="LabyrinthGameTests.GameTests.LabyrinthTest, LabyrinthGameTests, Version=1.0.0.0, Culture=neutral, PublicKeyToken=null" name="TestInitializeLabyrinthMap_CreateGameInvalidRowsCount_ArgumnetExceptionThrown" />
    </UnitTest>
    <UnitTest name="TestIsPlayerPositionInLabyrinthRange_PlayerPositionAtTopBorder_ReturnsTrue" storage="d:\work\courses\hq code\homework\07 - final project - labyrinth\project\labyrinth - refactored\labyrinthgametests\bin\debug\labyrinthgametests.dll" id="50512e4a-ed0e-d15e-0591-0c76b418b206">
      <Execution id="7e239b16-3ada-46f0-802c-d44f8944fd22" />
      <TestMethod codeBase="D:/Work/Courses/HQ Code/Homework/07 - Final Project - Labyrinth/Project/Labyrinth - Refactored/LabyrinthGameTests/bin/Debug/LabyrinthGameTests.DLL" adapterTypeName="Microsoft.VisualStudio.TestTools.TestTypes.Unit.UnitTestAdapter, Microsoft.VisualStudio.QualityTools.Tips.UnitTest.Adapter, Version=10.0.0.0, Culture=neutral, PublicKeyToken=b03f5f7f11d50a3a" className="LabyrinthGameTests.UtilitiesTests.GameUtilitiesTest, LabyrinthGameTests, Version=1.0.0.0, Culture=neutral, PublicKeyToken=null" name="TestIsPlayerPositionInLabyrinthRange_PlayerPositionAtTopBorder_ReturnsTrue" />
    </UnitTest>
    <UnitTest name="TestPlay_SolveTheGameFiveMoves_ScoreRecordedScoreboeadPrinted" storage="d:\work\courses\hq code\homework\07 - final project - labyrinth\project\labyrinth - refactored\labyrinthgametests\bin\debug\labyrinthgametests.dll" id="d1808c95-76b5-27c8-3321-e375fedeaaa9">
      <DeploymentItems>
        <DeploymentItem filename="LabyrinthGame.exe" />
      </DeploymentItems>
      <Execution id="2cb5a9b4-1a72-4493-a439-ac4c1fe39fc6" />
      <TestMethod codeBase="D:/Work/Courses/HQ Code/Homework/07 - Final Project - Labyrinth/Project/Labyrinth - Refactored/LabyrinthGameTests/bin/Debug/LabyrinthGameTests.DLL" adapterTypeName="Microsoft.VisualStudio.TestTools.TestTypes.Unit.UnitTestAdapter, Microsoft.VisualStudio.QualityTools.Tips.UnitTest.Adapter, Version=10.0.0.0, Culture=neutral, PublicKeyToken=b03f5f7f11d50a3a" className="LabyrinthGameTests.GameTests.LabyrinthTest, LabyrinthGameTests, Version=1.0.0.0, Culture=neutral, PublicKeyToken=null" name="TestPlay_SolveTheGameFiveMoves_ScoreRecordedScoreboeadPrinted" />
    </UnitTest>
    <UnitTest name="TestIsHightScore_StoredRecordIs10MaxRecords1_15IsNotNewHighScore" storage="d:\work\courses\hq code\homework\07 - final project - labyrinth\project\labyrinth - refactored\labyrinthgametests\bin\debug\labyrinthgametests.dll" id="41c5269a-914a-486a-861a-7b2ef5cbc794">
      <DeploymentItems>
        <DeploymentItem filename="LabyrinthGame.exe" />
      </DeploymentItems>
      <Execution id="8164095d-123d-490b-a647-ea4f5252c02f" />
      <TestMethod codeBase="D:/Work/Courses/HQ Code/Homework/07 - Final Project - Labyrinth/Project/Labyrinth - Refactored/LabyrinthGameTests/bin/Debug/LabyrinthGameTests.DLL" adapterTypeName="Microsoft.VisualStudio.TestTools.TestTypes.Unit.UnitTestAdapter, Microsoft.VisualStudio.QualityTools.Tips.UnitTest.Adapter, Version=10.0.0.0, Culture=neutral, PublicKeyToken=b03f5f7f11d50a3a" className="LabyrinthGameTests.UtilitiesTests.ScoreboardTest, LabyrinthGameTests, Version=1.0.0.0, Culture=neutral, PublicKeyToken=null" name="TestIsHightScore_StoredRecordIs10MaxRecords1_15IsNotNewHighScore" />
    </UnitTest>
    <UnitTest name="TestPlay_MoveRightToBlockedCell_InvalidMoveMEssagePrinted" storage="d:\work\courses\hq code\homework\07 - final project - labyrinth\project\labyrinth - refactored\labyrinthgametests\bin\debug\labyrinthgametests.dll" id="8f4ee49a-65f2-5f91-2221-6d2060b3ff56">
      <DeploymentItems>
        <DeploymentItem filename="LabyrinthGame.exe" />
      </DeploymentItems>
      <Execution id="820461d6-01a1-4b62-93f3-34b78b181b2d" />
      <TestMethod codeBase="D:/Work/Courses/HQ Code/Homework/07 - Final Project - Labyrinth/Project/Labyrinth - Refactored/LabyrinthGameTests/bin/Debug/LabyrinthGameTests.DLL" adapterTypeName="Microsoft.VisualStudio.TestTools.TestTypes.Unit.UnitTestAdapter, Microsoft.VisualStudio.QualityTools.Tips.UnitTest.Adapter, Version=10.0.0.0, Culture=neutral, PublicKeyToken=b03f5f7f11d50a3a" className="LabyrinthGameTests.GameTests.LabyrinthTest, LabyrinthGameTests, Version=1.0.0.0, Culture=neutral, PublicKeyToken=null" name="TestPlay_MoveRightToBlockedCell_InvalidMoveMEssagePrinted" />
    </UnitTest>
    <UnitTest name="TestCompareTo_Compare9to10_AreEqual" storage="d:\work\courses\hq code\homework\07 - final project - labyrinth\project\labyrinth - refactored\labyrinthgametests\bin\debug\labyrinthgametests.dll" id="6715a518-e19f-1202-bfcf-9b3ed2c7764c">
      <Execution id="8ba2430f-7d1d-4bcd-a8af-ca5401afa0e8" />
      <TestMethod codeBase="D:/Work/Courses/HQ Code/Homework/07 - Final Project - Labyrinth/Project/Labyrinth - Refactored/LabyrinthGameTests/bin/Debug/LabyrinthGameTests.DLL" adapterTypeName="Microsoft.VisualStudio.TestTools.TestTypes.Unit.UnitTestAdapter, Microsoft.VisualStudio.QualityTools.Tips.UnitTest.Adapter, Version=10.0.0.0, Culture=neutral, PublicKeyToken=b03f5f7f11d50a3a" className="LabyrinthGameTests.UtilitiesTests.ScoreRecordTest, LabyrinthGameTests, Version=1.0.0.0, Culture=neutral, PublicKeyToken=null" name="TestCompareTo_Compare9to10_AreEqual" />
    </UnitTest>
    <UnitTest name="TestIsPlayerPositionInLabyrinthRange_PlayerPositionInRange_ReturnsTrue" storage="d:\work\courses\hq code\homework\07 - final project - labyrinth\project\labyrinth - refactored\labyrinthgametests\bin\debug\labyrinthgametests.dll" id="713c0b70-0cfd-93d0-3ea7-5f2214f3234c">
      <Execution id="c3658c86-fdc7-48d6-91e1-1e8879ec0e3b" />
      <TestMethod codeBase="D:/Work/Courses/HQ Code/Homework/07 - Final Project - Labyrinth/Project/Labyrinth - Refactored/LabyrinthGameTests/bin/Debug/LabyrinthGameTests.DLL" adapterTypeName="Microsoft.VisualStudio.TestTools.TestTypes.Unit.UnitTestAdapter, Microsoft.VisualStudio.QualityTools.Tips.UnitTest.Adapter, Version=10.0.0.0, Culture=neutral, PublicKeyToken=b03f5f7f11d50a3a" className="LabyrinthGameTests.UtilitiesTests.GameUtilitiesTest, LabyrinthGameTests, Version=1.0.0.0, Culture=neutral, PublicKeyToken=null" name="TestIsPlayerPositionInLabyrinthRange_PlayerPositionInRange_ReturnsTrue" />
    </UnitTest>
    <UnitTest name="TestPlay_MoveDownBigLetter_PayerPositionMoved" storage="d:\work\courses\hq code\homework\07 - final project - labyrinth\project\labyrinth - refactored\labyrinthgametests\bin\debug\labyrinthgametests.dll" id="4c9dc7f2-a279-06b2-af66-246e213a7d9e">
      <DeploymentItems>
        <DeploymentItem filename="LabyrinthGame.exe" />
      </DeploymentItems>
      <Execution id="9ae921fd-8636-423b-a0c8-9c71f390c5f8" />
      <TestMethod codeBase="D:/Work/Courses/HQ Code/Homework/07 - Final Project - Labyrinth/Project/Labyrinth - Refactored/LabyrinthGameTests/bin/Debug/LabyrinthGameTests.DLL" adapterTypeName="Microsoft.VisualStudio.TestTools.TestTypes.Unit.UnitTestAdapter, Microsoft.VisualStudio.QualityTools.Tips.UnitTest.Adapter, Version=10.0.0.0, Culture=neutral, PublicKeyToken=b03f5f7f11d50a3a" className="LabyrinthGameTests.GameTests.LabyrinthTest, LabyrinthGameTests, Version=1.0.0.0, Culture=neutral, PublicKeyToken=null" name="TestPlay_MoveDownBigLetter_PayerPositionMoved" />
    </UnitTest>
    <UnitTest name="TestPlay_EnterShowScoreboadCommand_MessageScoreBoardIsEmpty" storage="d:\work\courses\hq code\homework\07 - final project - labyrinth\project\labyrinth - refactored\labyrinthgametests\bin\debug\labyrinthgametests.dll" id="dace1836-b1d4-fe0f-9298-ebe2c84c7f98">
      <DeploymentItems>
        <DeploymentItem filename="LabyrinthGame.exe" />
      </DeploymentItems>
      <Execution id="3375dc17-12ef-4d7e-ac71-3aa6c72bc5f7" />
      <TestMethod codeBase="D:/Work/Courses/HQ Code/Homework/07 - Final Project - Labyrinth/Project/Labyrinth - Refactored/LabyrinthGameTests/bin/Debug/LabyrinthGameTests.DLL" adapterTypeName="Microsoft.VisualStudio.TestTools.TestTypes.Unit.UnitTestAdapter, Microsoft.VisualStudio.QualityTools.Tips.UnitTest.Adapter, Version=10.0.0.0, Culture=neutral, PublicKeyToken=b03f5f7f11d50a3a" className="LabyrinthGameTests.GameTests.LabyrinthTest, LabyrinthGameTests, Version=1.0.0.0, Culture=neutral, PublicKeyToken=null" name="TestPlay_EnterShowScoreboadCommand_MessageScoreBoardIsEmpty" />
    </UnitTest>
    <UnitTest name="TestInitializeLabyrinthMapInitial_CreateGame7x7_PlayerPositionIsAt3x3" storage="d:\work\courses\hq code\homework\07 - final project - labyrinth\project\labyrinth - refactored\labyrinthgametests\bin\debug\labyrinthgametests.dll" id="7b13643f-7b3e-fa2b-b615-a889ea0f11c0">
      <DeploymentItems>
        <DeploymentItem filename="LabyrinthGame.exe" />
      </DeploymentItems>
      <Execution id="5488270b-786a-47b0-acba-d76f8b3266a3" />
      <TestMethod codeBase="D:/Work/Courses/HQ Code/Homework/07 - Final Project - Labyrinth/Project/Labyrinth - Refactored/LabyrinthGameTests/bin/Debug/LabyrinthGameTests.DLL" adapterTypeName="Microsoft.VisualStudio.TestTools.TestTypes.Unit.UnitTestAdapter, Microsoft.VisualStudio.QualityTools.Tips.UnitTest.Adapter, Version=10.0.0.0, Culture=neutral, PublicKeyToken=b03f5f7f11d50a3a" className="LabyrinthGameTests.GameTests.LabyrinthTest, LabyrinthGameTests, Version=1.0.0.0, Culture=neutral, PublicKeyToken=null" name="TestInitializeLabyrinthMapInitial_CreateGame7x7_PlayerPositionIsAt3x3" />
    </UnitTest>
    <UnitTest name="TestIsHightScore_StoredRecordIs20MaxRecords1_15IsNewHighScore" storage="d:\work\courses\hq code\homework\07 - final project - labyrinth\project\labyrinth - refactored\labyrinthgametests\bin\debug\labyrinthgametests.dll" id="9fa44a34-8ea2-08ba-581a-954033668b64">
      <DeploymentItems>
        <DeploymentItem filename="LabyrinthGame.exe" />
      </DeploymentItems>
      <Execution id="f642be63-71a0-4098-89b3-62152387f788" />
      <TestMethod codeBase="D:/Work/Courses/HQ Code/Homework/07 - Final Project - Labyrinth/Project/Labyrinth - Refactored/LabyrinthGameTests/bin/Debug/LabyrinthGameTests.DLL" adapterTypeName="Microsoft.VisualStudio.TestTools.TestTypes.Unit.UnitTestAdapter, Microsoft.VisualStudio.QualityTools.Tips.UnitTest.Adapter, Version=10.0.0.0, Culture=neutral, PublicKeyToken=b03f5f7f11d50a3a" className="LabyrinthGameTests.UtilitiesTests.ScoreboardTest, LabyrinthGameTests, Version=1.0.0.0, Culture=neutral, PublicKeyToken=null" name="TestIsHightScore_StoredRecordIs20MaxRecords1_15IsNewHighScore" />
    </UnitTest>
    <UnitTest name="TestAddScore_Store3Rrecords_RecordsSortedAscending" storage="d:\work\courses\hq code\homework\07 - final project - labyrinth\project\labyrinth - refactored\labyrinthgametests\bin\debug\labyrinthgametests.dll" id="7499c3f7-c48f-22d3-cca5-f3e3b40a8316">
      <Execution id="15278553-929d-412e-a2c4-4515412f0369" />
      <TestMethod codeBase="D:/Work/Courses/HQ Code/Homework/07 - Final Project - Labyrinth/Project/Labyrinth - Refactored/LabyrinthGameTests/bin/Debug/LabyrinthGameTests.DLL" adapterTypeName="Microsoft.VisualStudio.TestTools.TestTypes.Unit.UnitTestAdapter, Microsoft.VisualStudio.QualityTools.Tips.UnitTest.Adapter, Version=10.0.0.0, Culture=neutral, PublicKeyToken=b03f5f7f11d50a3a" className="LabyrinthGameTests.UtilitiesTests.ScoreboardTest, LabyrinthGameTests, Version=1.0.0.0, Culture=neutral, PublicKeyToken=null" name="TestAddScore_Store3Rrecords_RecordsSortedAscending" />
    </UnitTest>
    <UnitTest name="TestIsPlayerPositionAtLabyrintBorder_PlayerPositionNotAtBorder_ReturnsFalse" storage="d:\work\courses\hq code\homework\07 - final project - labyrinth\project\labyrinth - refactored\labyrinthgametests\bin\debug\labyrinthgametests.dll" id="76066b81-f82d-1d12-397c-496e6f1d8345">
      <Execution id="b48aab63-824a-45f5-bcc1-84d6ec36de65" />
      <TestMethod codeBase="D:/Work/Courses/HQ Code/Homework/07 - Final Project - Labyrinth/Project/Labyrinth - Refactored/LabyrinthGameTests/bin/Debug/LabyrinthGameTests.DLL" adapterTypeName="Microsoft.VisualStudio.TestTools.TestTypes.Unit.UnitTestAdapter, Microsoft.VisualStudio.QualityTools.Tips.UnitTest.Adapter, Version=10.0.0.0, Culture=neutral, PublicKeyToken=b03f5f7f11d50a3a" className="LabyrinthGameTests.UtilitiesTests.GameUtilitiesTest, LabyrinthGameTests, Version=1.0.0.0, Culture=neutral, PublicKeyToken=null" name="TestIsPlayerPositionAtLabyrintBorder_PlayerPositionNotAtBorder_ReturnsFalse" />
    </UnitTest>
    <UnitTest name="TestPlay_EnterInvalidCommand_InvalidMoveMessagePrinted" storage="d:\work\courses\hq code\homework\07 - final project - labyrinth\project\labyrinth - refactored\labyrinthgametests\bin\debug\labyrinthgametests.dll" id="f1ec6272-3070-b419-512b-a1e4a8fe4e2d">
      <DeploymentItems>
        <DeploymentItem filename="LabyrinthGame.exe" />
      </DeploymentItems>
      <Execution id="18f3dc89-1119-45b1-a768-206f167b5425" />
      <TestMethod codeBase="D:/Work/Courses/HQ Code/Homework/07 - Final Project - Labyrinth/Project/Labyrinth - Refactored/LabyrinthGameTests/bin/Debug/LabyrinthGameTests.DLL" adapterTypeName="Microsoft.VisualStudio.TestTools.TestTypes.Unit.UnitTestAdapter, Microsoft.VisualStudio.QualityTools.Tips.UnitTest.Adapter, Version=10.0.0.0, Culture=neutral, PublicKeyToken=b03f5f7f11d50a3a" className="LabyrinthGameTests.GameTests.LabyrinthTest, LabyrinthGameTests, Version=1.0.0.0, Culture=neutral, PublicKeyToken=null" name="TestPlay_EnterInvalidCommand_InvalidMoveMessagePrinted" />
    </UnitTest>
    <UnitTest name="TestPlay_MoveDownSmallLetter_PayerPositionMoved" storage="d:\work\courses\hq code\homework\07 - final project - labyrinth\project\labyrinth - refactored\labyrinthgametests\bin\debug\labyrinthgametests.dll" id="6e039a8b-4981-3cf9-2aa0-81d781c42dcc">
      <DeploymentItems>
        <DeploymentItem filename="LabyrinthGame.exe" />
      </DeploymentItems>
      <Execution id="2aea9bcf-7015-4da6-9192-be702e29a033" />
      <TestMethod codeBase="D:/Work/Courses/HQ Code/Homework/07 - Final Project - Labyrinth/Project/Labyrinth - Refactored/LabyrinthGameTests/bin/Debug/LabyrinthGameTests.DLL" adapterTypeName="Microsoft.VisualStudio.TestTools.TestTypes.Unit.UnitTestAdapter, Microsoft.VisualStudio.QualityTools.Tips.UnitTest.Adapter, Version=10.0.0.0, Culture=neutral, PublicKeyToken=b03f5f7f11d50a3a" className="LabyrinthGameTests.GameTests.LabyrinthTest, LabyrinthGameTests, Version=1.0.0.0, Culture=neutral, PublicKeyToken=null" name="TestPlay_MoveDownSmallLetter_PayerPositionMoved" />
    </UnitTest>
    <UnitTest name="TestPlay_EnterExitCommand_ExitMessagePrinted" storage="d:\work\courses\hq code\homework\07 - final project - labyrinth\project\labyrinth - refactored\labyrinthgametests\bin\debug\labyrinthgametests.dll" id="214b1927-d52b-e8ac-841d-c1e6bd4ae076">
      <DeploymentItems>
        <DeploymentItem filename="LabyrinthGame.exe" />
      </DeploymentItems>
      <Execution id="b25a4754-0667-4cd1-ae4e-9ea1803fbb9f" />
      <TestMethod codeBase="D:/Work/Courses/HQ Code/Homework/07 - Final Project - Labyrinth/Project/Labyrinth - Refactored/LabyrinthGameTests/bin/Debug/LabyrinthGameTests.DLL" adapterTypeName="Microsoft.VisualStudio.TestTools.TestTypes.Unit.UnitTestAdapter, Microsoft.VisualStudio.QualityTools.Tips.UnitTest.Adapter, Version=10.0.0.0, Culture=neutral, PublicKeyToken=b03f5f7f11d50a3a" className="LabyrinthGameTests.GameTests.LabyrinthTest, LabyrinthGameTests, Version=1.0.0.0, Culture=neutral, PublicKeyToken=null" name="TestPlay_EnterExitCommand_ExitMessagePrinted" />
    </UnitTest>
    <UnitTest name="TestInitializeLabyrinthMap_PlayerPositionColumnInvalid_ArgumnetExceptionThrown" storage="d:\work\courses\hq code\homework\07 - final project - labyrinth\project\labyrinth - refactored\labyrinthgametests\bin\debug\labyrinthgametests.dll" id="4333c246-846f-87ec-8f79-1aea6138bf74">
      <DeploymentItems>
        <DeploymentItem filename="LabyrinthGame.exe" />
      </DeploymentItems>
      <Execution id="12a09781-7db2-40d7-ab3d-d49fe721c309" />
      <TestMethod codeBase="D:/Work/Courses/HQ Code/Homework/07 - Final Project - Labyrinth/Project/Labyrinth - Refactored/LabyrinthGameTests/bin/Debug/LabyrinthGameTests.DLL" adapterTypeName="Microsoft.VisualStudio.TestTools.TestTypes.Unit.UnitTestAdapter, Microsoft.VisualStudio.QualityTools.Tips.UnitTest.Adapter, Version=10.0.0.0, Culture=neutral, PublicKeyToken=b03f5f7f11d50a3a" className="LabyrinthGameTests.GameTests.LabyrinthTest, LabyrinthGameTests, Version=1.0.0.0, Culture=neutral, PublicKeyToken=null" name="TestInitializeLabyrinthMap_PlayerPositionColumnInvalid_ArgumnetExceptionThrown" />
    </UnitTest>
  </TestDefinitions>
  <TestLists>
    <TestList name="Results Not in a List" id="8c84fa94-04c1-424b-9868-57a2d4851a1d" />
    <TestList name="All Loaded Results" id="19431567-8539-422a-85d7-44ee4e166bda" />
  </TestLists>
  <TestEntries>
    <TestEntry testId="00bd6a54-0c67-50ad-3aa8-0ca50676d62e" executionId="0e213df0-be85-435d-ae9c-d424e3206225" testListId="8c84fa94-04c1-424b-9868-57a2d4851a1d" />
    <TestEntry testId="064f0193-c1d8-2e8b-b130-79f0caf49c6e" executionId="be40fea2-ef1c-4834-9acc-60abe82702e8" testListId="8c84fa94-04c1-424b-9868-57a2d4851a1d" />
    <TestEntry testId="0b667cbd-7239-05d6-1b37-50841bc3cd9f" executionId="d381e37c-4a97-447d-b900-013710fd84ad" testListId="8c84fa94-04c1-424b-9868-57a2d4851a1d" />
    <TestEntry testId="1a026f35-fc1c-7df8-925b-44c2c1828454" executionId="2e3dd0d1-bea3-4fb8-a001-e64b922d2983" testListId="8c84fa94-04c1-424b-9868-57a2d4851a1d" />
    <TestEntry testId="1b5e868f-3fea-98ce-3e7a-e41f41680cf4" executionId="e68c3198-8cab-4d1a-998e-c38821c6aff4" testListId="8c84fa94-04c1-424b-9868-57a2d4851a1d" />
    <TestEntry testId="1e67ba9b-2562-4cf1-1e55-50e120511ade" executionId="1bd813a0-f52d-4593-9ecd-fb9e85fe4df6" testListId="8c84fa94-04c1-424b-9868-57a2d4851a1d" />
    <TestEntry testId="214b1927-d52b-e8ac-841d-c1e6bd4ae076" executionId="b25a4754-0667-4cd1-ae4e-9ea1803fbb9f" testListId="8c84fa94-04c1-424b-9868-57a2d4851a1d" />
    <TestEntry testId="22e6bd7c-3b55-4448-1199-9cac5a3b0180" executionId="6c7b7855-64ba-4e86-a99b-3ac1dc5f36b6" testListId="8c84fa94-04c1-424b-9868-57a2d4851a1d" />
    <TestEntry testId="2b2dfcb2-51e3-58fb-dca8-89ce5a6eaef6" executionId="27737612-ad6f-4e52-9d8a-fa073ba827b4" testListId="8c84fa94-04c1-424b-9868-57a2d4851a1d" />
    <TestEntry testId="3838e69d-00fd-0ea4-fd73-6bfd1af3afea" executionId="21ca7ea6-d1ca-410d-becc-d3d93910b499" testListId="8c84fa94-04c1-424b-9868-57a2d4851a1d" />
    <TestEntry testId="38af1b83-75c4-e3d1-f2a9-b8a273fc1f22" executionId="f1023eb3-b32a-469c-ab63-4cf05841691c" testListId="8c84fa94-04c1-424b-9868-57a2d4851a1d" />
    <TestEntry testId="3992ca63-7130-c847-b7ae-3b5960738672" executionId="a6f2ac45-8bce-4efb-8ccb-5e4760514a3c" testListId="8c84fa94-04c1-424b-9868-57a2d4851a1d" />
    <TestEntry testId="41052ae3-bffd-1771-c8af-1d3cf4791f6d" executionId="358cc9f5-9862-4bd2-8cec-7005245a5f26" testListId="8c84fa94-04c1-424b-9868-57a2d4851a1d" />
    <TestEntry testId="41c5269a-914a-486a-861a-7b2ef5cbc794" executionId="8164095d-123d-490b-a647-ea4f5252c02f" testListId="8c84fa94-04c1-424b-9868-57a2d4851a1d" />
    <TestEntry testId="4333c246-846f-87ec-8f79-1aea6138bf74" executionId="12a09781-7db2-40d7-ab3d-d49fe721c309" testListId="8c84fa94-04c1-424b-9868-57a2d4851a1d" />
    <TestEntry testId="45b63241-e670-5726-7da5-4fb968c126f9" executionId="cd5e2bd3-7cca-438b-9c47-772dceef1f3b" testListId="8c84fa94-04c1-424b-9868-57a2d4851a1d" />
    <TestEntry testId="46104fa5-2c46-cc7c-6a2e-bd156e922eb2" executionId="a9942e1a-ca31-4a8f-8b32-a521306ee5f5" testListId="8c84fa94-04c1-424b-9868-57a2d4851a1d" />
    <TestEntry testId="49468e04-4e1f-fa29-efc0-2ae57ca03016" executionId="8034519d-f6a5-48ef-992d-3c62a4d95392" testListId="8c84fa94-04c1-424b-9868-57a2d4851a1d" />
    <TestEntry testId="4c9dc7f2-a279-06b2-af66-246e213a7d9e" executionId="9ae921fd-8636-423b-a0c8-9c71f390c5f8" testListId="8c84fa94-04c1-424b-9868-57a2d4851a1d" />
    <TestEntry testId="50512e4a-ed0e-d15e-0591-0c76b418b206" executionId="7e239b16-3ada-46f0-802c-d44f8944fd22" testListId="8c84fa94-04c1-424b-9868-57a2d4851a1d" />
    <TestEntry testId="5a2d4e63-b2f8-1e5d-0e55-70225364168d" executionId="373a58e1-4a8e-4b60-babc-4c42729a432b" testListId="8c84fa94-04c1-424b-9868-57a2d4851a1d" />
    <TestEntry testId="5be0be29-c1eb-c1b7-0e66-de3c28db121d" executionId="b4b7c792-0614-4ac7-bba1-f059f323f724" testListId="8c84fa94-04c1-424b-9868-57a2d4851a1d" />
    <TestEntry testId="5c706ee3-0f90-4e95-151d-c3fe84b27731" executionId="297a450b-3bd1-4c92-b277-1c2855d4de04" testListId="8c84fa94-04c1-424b-9868-57a2d4851a1d" />
    <TestEntry testId="5f1ada45-18a8-d38f-7cb1-bf4f0651b576" executionId="fb06ff95-f511-4dfd-b546-1deeb6e257e4" testListId="8c84fa94-04c1-424b-9868-57a2d4851a1d" />
    <TestEntry testId="602cdad9-a0a6-ef94-4303-f62a00bdf1df" executionId="19b7895b-5dec-4331-9a66-da660c299704" testListId="8c84fa94-04c1-424b-9868-57a2d4851a1d" />
    <TestEntry testId="65ee67f2-dd58-4060-142c-c0be749d9b16" executionId="badfb2f9-8948-49a2-8875-c0864323f7e2" testListId="8c84fa94-04c1-424b-9868-57a2d4851a1d" />
    <TestEntry testId="6715a518-e19f-1202-bfcf-9b3ed2c7764c" executionId="8ba2430f-7d1d-4bcd-a8af-ca5401afa0e8" testListId="8c84fa94-04c1-424b-9868-57a2d4851a1d" />
    <TestEntry testId="6aad3772-bac8-73c5-bfcf-1ee6dbdf9735" executionId="445f8d3f-9f84-4bd5-8f4b-2c2767e4f6ab" testListId="8c84fa94-04c1-424b-9868-57a2d4851a1d" />
    <TestEntry testId="6e039a8b-4981-3cf9-2aa0-81d781c42dcc" executionId="2aea9bcf-7015-4da6-9192-be702e29a033" testListId="8c84fa94-04c1-424b-9868-57a2d4851a1d" />
    <TestEntry testId="70f41788-cb88-e265-0243-3d7ee945f00f" executionId="f2f16c16-3b2a-4319-b91a-d0c84c8f8e89" testListId="8c84fa94-04c1-424b-9868-57a2d4851a1d" />
    <TestEntry testId="713c0b70-0cfd-93d0-3ea7-5f2214f3234c" executionId="c3658c86-fdc7-48d6-91e1-1e8879ec0e3b" testListId="8c84fa94-04c1-424b-9868-57a2d4851a1d" />
    <TestEntry testId="721ec0ac-a8d8-43f2-8a8a-bbcc23886663" executionId="db6c5a19-0b7e-49dc-8327-50a653dd4efa" testListId="8c84fa94-04c1-424b-9868-57a2d4851a1d" />
    <TestEntry testId="7499c3f7-c48f-22d3-cca5-f3e3b40a8316" executionId="15278553-929d-412e-a2c4-4515412f0369" testListId="8c84fa94-04c1-424b-9868-57a2d4851a1d" />
    <TestEntry testId="76066b81-f82d-1d12-397c-496e6f1d8345" executionId="b48aab63-824a-45f5-bcc1-84d6ec36de65" testListId="8c84fa94-04c1-424b-9868-57a2d4851a1d" />
    <TestEntry testId="7b13643f-7b3e-fa2b-b615-a889ea0f11c0" executionId="5488270b-786a-47b0-acba-d76f8b3266a3" testListId="8c84fa94-04c1-424b-9868-57a2d4851a1d" />
    <TestEntry testId="8528c068-c927-8fcd-3fda-5720146fa10e" executionId="f287c5e6-4f6f-4ac6-920c-5bd2051035a8" testListId="8c84fa94-04c1-424b-9868-57a2d4851a1d" />
    <TestEntry testId="8e3f5a43-bfe8-046c-4082-39ae6c4c9a1e" executionId="540597ae-0f3e-475a-a37b-e622edc11ecc" testListId="8c84fa94-04c1-424b-9868-57a2d4851a1d" />
    <TestEntry testId="8f4ee49a-65f2-5f91-2221-6d2060b3ff56" executionId="820461d6-01a1-4b62-93f3-34b78b181b2d" testListId="8c84fa94-04c1-424b-9868-57a2d4851a1d" />
    <TestEntry testId="90e9871f-9d88-a960-bbfa-8030c3138bc6" executionId="6db01c6a-a089-4775-9950-b0ca945c6c1d" testListId="8c84fa94-04c1-424b-9868-57a2d4851a1d" />
    <TestEntry testId="913d29b6-05df-d113-ab41-2d9218eac454" executionId="01bafcb0-c538-4a9b-a99e-2959296b27e0" testListId="8c84fa94-04c1-424b-9868-57a2d4851a1d" />
    <TestEntry testId="92e921a1-7413-b8fd-1053-474e571c6556" executionId="a4392682-fafa-4abc-92af-cfa7b9b362de" testListId="8c84fa94-04c1-424b-9868-57a2d4851a1d" />
    <TestEntry testId="954a9507-71f0-1157-5fe6-92b68099bc6a" executionId="eca91cfb-e8e4-404a-ab1f-bc4ed6a4b281" testListId="8c84fa94-04c1-424b-9868-57a2d4851a1d" />
    <TestEntry testId="966d9dd0-4f82-7bc2-0df0-7ab39e7e8329" executionId="f6843931-e56c-4607-a861-7b7a43193e86" testListId="8c84fa94-04c1-424b-9868-57a2d4851a1d" />
    <TestEntry testId="9fa44a34-8ea2-08ba-581a-954033668b64" executionId="f642be63-71a0-4098-89b3-62152387f788" testListId="8c84fa94-04c1-424b-9868-57a2d4851a1d" />
    <TestEntry testId="a9d92305-d679-5d67-6ce0-01309c8ee541" executionId="2b76efae-0571-42a2-9fe5-8161555331b0" testListId="8c84fa94-04c1-424b-9868-57a2d4851a1d" />
    <TestEntry testId="ab9469e7-e138-e0e3-4eaf-6e2e5c2ae4e7" executionId="c96ba1e6-5d6a-4cd4-b05c-27af56d4a7d7" testListId="8c84fa94-04c1-424b-9868-57a2d4851a1d" />
    <TestEntry testId="b302e319-930b-d780-f9c5-e92823bcd7b4" executionId="35a71e3f-cf47-4af6-83fd-47bc4c55e58c" testListId="8c84fa94-04c1-424b-9868-57a2d4851a1d" />
    <TestEntry testId="b7cc83bd-7d8b-0de1-e188-083382990dd7" executionId="5f1d954b-313b-4ad4-8edb-20b3918d4ca4" testListId="8c84fa94-04c1-424b-9868-57a2d4851a1d" />
    <TestEntry testId="baf3de5e-87bd-fb43-3072-3eb4c32230b2" executionId="b971e461-c9b7-4039-8d2e-6e4cdd0a16d2" testListId="8c84fa94-04c1-424b-9868-57a2d4851a1d" />
    <TestEntry testId="bff97ae2-eee3-ba3f-ec4d-63d8822cb76d" executionId="78b5d0bd-f891-423d-bd44-41518d0ea81f" testListId="8c84fa94-04c1-424b-9868-57a2d4851a1d" />
    <TestEntry testId="c23de7cf-f106-1f98-a5a7-8301c63e027b" executionId="70d7fa1a-74ac-4563-b1f7-57455aa3824e" testListId="8c84fa94-04c1-424b-9868-57a2d4851a1d" />
    <TestEntry testId="c97585c0-8f71-f85d-3b53-0549e1f574eb" executionId="45a0113e-0989-4352-8719-ddabf513bf6d" testListId="8c84fa94-04c1-424b-9868-57a2d4851a1d" />
    <TestEntry testId="c9b26c2e-297c-e8a8-a0e5-1696f280362f" executionId="330499c1-0b01-4111-aec4-514c346195fd" testListId="8c84fa94-04c1-424b-9868-57a2d4851a1d" />
    <TestEntry testId="cae6fde2-188b-3999-9c92-fb92695dfff5" executionId="c98eae9f-d6fd-42d4-84aa-85495aa19a6f" testListId="8c84fa94-04c1-424b-9868-57a2d4851a1d" />
    <TestEntry testId="d1808c95-76b5-27c8-3321-e375fedeaaa9" executionId="2cb5a9b4-1a72-4493-a439-ac4c1fe39fc6" testListId="8c84fa94-04c1-424b-9868-57a2d4851a1d" />
    <TestEntry testId="d2c408e5-b397-bc11-f07c-053ca0d03e3a" executionId="c1eca327-f110-413d-a8ad-d6a1635fb7b2" testListId="8c84fa94-04c1-424b-9868-57a2d4851a1d" />
    <TestEntry testId="d95cc6e9-2b09-0d04-e7ba-8c61df679392" executionId="d2cab45a-f213-4b4c-b7a3-18c5bb6f9ae5" testListId="8c84fa94-04c1-424b-9868-57a2d4851a1d" />
    <TestEntry testId="dace1836-b1d4-fe0f-9298-ebe2c84c7f98" executionId="3375dc17-12ef-4d7e-ac71-3aa6c72bc5f7" testListId="8c84fa94-04c1-424b-9868-57a2d4851a1d" />
    <TestEntry testId="db909cf8-1248-5bd3-9f5e-220316039a9a" executionId="8b97f800-a5f3-4608-9bb3-88292546f380" testListId="8c84fa94-04c1-424b-9868-57a2d4851a1d" />
    <TestEntry testId="ddf84eeb-6e95-7732-7ac8-25baf1256761" executionId="a5eaca1f-798d-4201-b93b-f7f169baa210" testListId="8c84fa94-04c1-424b-9868-57a2d4851a1d" />
    <TestEntry testId="e0db3463-627c-8ea7-e859-145dd1cf9ba0" executionId="cb967dd5-1c87-447c-97bf-e388ab1a860c" testListId="8c84fa94-04c1-424b-9868-57a2d4851a1d" />
    <TestEntry testId="e6ac9817-db14-9457-ce43-eb9adaf9a694" executionId="3ff4c09c-d78d-47e3-aea1-f60ea3b7e499" testListId="8c84fa94-04c1-424b-9868-57a2d4851a1d" />
    <TestEntry testId="eb63cee3-8d56-4837-8866-0932734f8d54" executionId="696f884f-c62b-4a96-96f6-d76839161334" testListId="8c84fa94-04c1-424b-9868-57a2d4851a1d" />
    <TestEntry testId="eccffd02-9604-343d-9995-6c981b22e840" executionId="f03182ff-0dac-4b60-bf9a-1436091fb32e" testListId="8c84fa94-04c1-424b-9868-57a2d4851a1d" />
    <TestEntry testId="ed5d8d77-c5e9-1de2-8093-76d5b9840371" executionId="46619170-0cc4-4067-9ed6-3b237bb4b194" testListId="8c84fa94-04c1-424b-9868-57a2d4851a1d" />
    <TestEntry testId="f1ec6272-3070-b419-512b-a1e4a8fe4e2d" executionId="18f3dc89-1119-45b1-a768-206f167b5425" testListId="8c84fa94-04c1-424b-9868-57a2d4851a1d" />
    <TestEntry testId="f8fa6a08-ce3d-ce5f-703b-e05dd9cc971a" executionId="7caee62f-f400-40d5-832d-c593ba77f4ec" testListId="8c84fa94-04c1-424b-9868-57a2d4851a1d" />
    <TestEntry testId="fead4f5b-fc2a-7f9e-fcf8-dbb28f04f839" executionId="fff01221-ab36-4270-9357-bb6c0244f5b7" testListId="8c84fa94-04c1-424b-9868-57a2d4851a1d" />
    <TestEntry testId="ff5c0ab6-c317-decd-6cbf-441a801dab6f" executionId="02c2e838-95a0-42ed-b2f5-5205826731de" testListId="8c84fa94-04c1-424b-9868-57a2d4851a1d" />
  </TestEntries>
  <Results>
    <UnitTestResult executionId="0e213df0-be85-435d-ae9c-d424e3206225" testId="00bd6a54-0c67-50ad-3aa8-0ca50676d62e" testName="TestIsLabyrinthSolvable_LabitynthIsNotSolvable_ReturnsFalse" computerName="SVETLIO-PC" duration="00:00:00.0470240" startTime="2012-07-08T18:03:26.2691933+03:00" endTime="2012-07-08T18:03:26.7683942+03:00" testType="13cdc9d9-ddb5-4fa4-a97d-d965ccfc6d4b" outcome="Passed" testListId="8c84fa94-04c1-424b-9868-57a2d4851a1d" relativeResultsDirectory="0e213df0-be85-435d-ae9c-d424e3206225">
    </UnitTestResult>
    <UnitTestResult executionId="be40fea2-ef1c-4834-9acc-60abe82702e8" testId="064f0193-c1d8-2e8b-b130-79f0caf49c6e" testName="TestInitializeLabyrinthMap_CreateGameInvalidColumnsCount_ArgumnetExceptionThrown" computerName="SVETLIO-PC" duration="00:00:00.0242789" startTime="2012-07-08T18:03:26.7683942+03:00" endTime="2012-07-08T18:03:26.8151943+03:00" testType="13cdc9d9-ddb5-4fa4-a97d-d965ccfc6d4b" outcome="Passed" testListId="8c84fa94-04c1-424b-9868-57a2d4851a1d" relativeResultsDirectory="be40fea2-ef1c-4834-9acc-60abe82702e8">
    </UnitTestResult>
    <UnitTestResult executionId="d381e37c-4a97-447d-b900-013710fd84ad" testId="0b667cbd-7239-05d6-1b37-50841bc3cd9f" testName="TestInitializeLabyrinthMap_CreateGameInvalidRowsCount_ArgumnetExceptionThrown" computerName="SVETLIO-PC" duration="00:00:00.0035480" startTime="2012-07-08T18:03:26.8463944+03:00" endTime="2012-07-08T18:03:26.8463944+03:00" testType="13cdc9d9-ddb5-4fa4-a97d-d965ccfc6d4b" outcome="Passed" testListId="8c84fa94-04c1-424b-9868-57a2d4851a1d" relativeResultsDirectory="d381e37c-4a97-447d-b900-013710fd84ad">
    </UnitTestResult>
    <UnitTestResult executionId="2e3dd0d1-bea3-4fb8-a001-e64b922d2983" testId="1a026f35-fc1c-7df8-925b-44c2c1828454" testName="TestInitializeLabyrinthMap_PlayerPositionRowOutOfRange_ArgumnetExceptionThrown" computerName="SVETLIO-PC" duration="00:00:00.0025390" startTime="2012-07-08T18:03:26.8619944+03:00" endTime="2012-07-08T18:03:26.8619944+03:00" testType="13cdc9d9-ddb5-4fa4-a97d-d965ccfc6d4b" outcome="Passed" testListId="8c84fa94-04c1-424b-9868-57a2d4851a1d" relativeResultsDirectory="2e3dd0d1-bea3-4fb8-a001-e64b922d2983">
    </UnitTestResult>
    <UnitTestResult executionId="e68c3198-8cab-4d1a-998e-c38821c6aff4" testId="1b5e868f-3fea-98ce-3e7a-e41f41680cf4" testName="TestInitializeLabyrinthMap_CreateGame7x7_LabyrinthSizeIs7Rows" computerName="SVETLIO-PC" duration="00:00:00.0450936" startTime="2012-07-08T18:03:26.8775944+03:00" endTime="2012-07-08T18:03:26.9243945+03:00" testType="13cdc9d9-ddb5-4fa4-a97d-d965ccfc6d4b" outcome="Passed" testListId="8c84fa94-04c1-424b-9868-57a2d4851a1d" relativeResultsDirectory="e68c3198-8cab-4d1a-998e-c38821c6aff4">
      <Output>
        <StdOut>Welcome to “Labirinth” game. Please try to escape. Use 'top' to view the top scoreboard, 'restart' to start a new game and 'exit' to quit the game.
X X - - - X - 
- X - X - X X 
- - - - X - - 
X - - * X - - 
- - - - X X X 
- - X X - - - 
X X - - - - X</StdOut>
      </Output>
    </UnitTestResult>
    <UnitTestResult executionId="1bd813a0-f52d-4593-9ecd-fb9e85fe4df6" testId="1e67ba9b-2562-4cf1-1e55-50e120511ade" testName="TestPlay_MoveRightSmallLetter_PayerPositionMoved" computerName="SVETLIO-PC" duration="00:00:00.0353683" startTime="2012-07-08T18:03:26.9243945+03:00" endTime="2012-07-08T18:03:26.9867946+03:00" testType="13cdc9d9-ddb5-4fa4-a97d-d965ccfc6d4b" outcome="Passed" testListId="8c84fa94-04c1-424b-9868-57a2d4851a1d" relativeResultsDirectory="1bd813a0-f52d-4593-9ecd-fb9e85fe4df6">
      <Output>
        <StdOut>Welcome to “Labirinth” game. Please try to escape. Use 'top' to view the top scoreboard, 'restart' to start a new game and 'exit' to quit the game.
- X X - X X - 
X X - - - X - 
- X - - - - - 
- X X * - - X 
- - X X X - - 
- - X X X X - 
X - X X - - - 
Welcome to “Labirinth” game. Please try to escape. Use 'top' to view the top scoreboard, 'restart' to start a new game and 'exit' to quit the game.
- X X - X X - 
X X - - - X - 
- X - - - - - 
- X X * - - X 
- - X X X - - 
- - X X X X - 
X - X X - - -</StdOut>
      </Output>
    </UnitTestResult>
    <UnitTestResult executionId="b25a4754-0667-4cd1-ae4e-9ea1803fbb9f" testId="214b1927-d52b-e8ac-841d-c1e6bd4ae076" testName="TestPlay_EnterExitCommand_ExitMessagePrinted" computerName="SVETLIO-PC" duration="00:00:00.0281122" startTime="2012-07-08T18:03:26.9867946+03:00" endTime="2012-07-08T18:03:27.0335947+03:00" testType="13cdc9d9-ddb5-4fa4-a97d-d965ccfc6d4b" outcome="Passed" testListId="8c84fa94-04c1-424b-9868-57a2d4851a1d" relativeResultsDirectory="b25a4754-0667-4cd1-ae4e-9ea1803fbb9f">
      <Output>
        <StdOut>Welcome to “Labirinth” game. Please try to escape. Use 'top' to view the top scoreboard, 'restart' to start a new game and 'exit' to quit the game.
- - - X X X - 
X - - X - X - 
X - X X - - X 
- - - * - X X 
X X - - - - - 
- X X - - - X 
- X X - X - X</StdOut>
      </Output>
    </UnitTestResult>
    <UnitTestResult executionId="6c7b7855-64ba-4e86-a99b-3ac1dc5f36b6" testId="22e6bd7c-3b55-4448-1199-9cac5a3b0180" testName="TestPlay_MoveUpToBlockedCell_InvalidMoveMEssagePrinted" computerName="SVETLIO-PC" duration="00:00:00.0023858" startTime="2012-07-08T18:03:27.0335947+03:00" endTime="2012-07-08T18:03:27.0335947+03:00" testType="13cdc9d9-ddb5-4fa4-a97d-d965ccfc6d4b" outcome="Passed" testListId="8c84fa94-04c1-424b-9868-57a2d4851a1d" relativeResultsDirectory="6c7b7855-64ba-4e86-a99b-3ac1dc5f36b6">
      <Output>
        <StdOut>Welcome to “Labirinth” game. Please try to escape. Use 'top' to view the top scoreboard, 'restart' to start a new game and 'exit' to quit the game.
- - - X X X - 
X - - X - X - 
X - X X - - X 
- - - * - X X 
X X - - - - - 
- X X - - - X 
- X X - X - X</StdOut>
      </Output>
    </UnitTestResult>
    <UnitTestResult executionId="27737612-ad6f-4e52-9d8a-fa073ba827b4" testId="2b2dfcb2-51e3-58fb-dca8-89ce5a6eaef6" testName="TestIsPlayerPositionAtLabyrintBorder_PlayerPositionAtBottomBorder_ReturnsTrue" computerName="SVETLIO-PC" duration="00:00:00.0004255" startTime="2012-07-08T18:03:27.0491947+03:00" endTime="2012-07-08T18:03:27.0491947+03:00" testType="13cdc9d9-ddb5-4fa4-a97d-d965ccfc6d4b" outcome="Passed" testListId="8c84fa94-04c1-424b-9868-57a2d4851a1d" relativeResultsDirectory="27737612-ad6f-4e52-9d8a-fa073ba827b4">
    </UnitTestResult>
    <UnitTestResult executionId="21ca7ea6-d1ca-410d-becc-d3d93910b499" testId="3838e69d-00fd-0ea4-fd73-6bfd1af3afea" testName="TestPlay_MoveUpSmallLetter_PayerPositionMoved" computerName="SVETLIO-PC" duration="00:00:00.0012541" startTime="2012-07-08T18:03:27.0647947+03:00" endTime="2012-07-08T18:03:27.0647947+03:00" testType="13cdc9d9-ddb5-4fa4-a97d-d965ccfc6d4b" outcome="Passed" testListId="8c84fa94-04c1-424b-9868-57a2d4851a1d" relativeResultsDirectory="21ca7ea6-d1ca-410d-becc-d3d93910b499">
      <Output>
        <StdOut>Welcome to “Labirinth” game. Please try to escape. Use 'top' to view the top scoreboard, 'restart' to start a new game and 'exit' to quit the game.
- - - X X X - 
- - X X - X - 
X X - X - - X 
X - X * - - - 
X X X - X X - 
X X - - X - - 
- - - X - X X 
Welcome to “Labirinth” game. Please try to escape. Use 'top' to view the top scoreboard, 'restart' to start a new game and 'exit' to quit the game.
- - - X X X - 
- - X X - X - 
X X - X - - X 
X - X * - - - 
X X X - X X - 
X X - - X - - 
- - - X - X X</StdOut>
      </Output>
    </UnitTestResult>
    <UnitTestResult executionId="f1023eb3-b32a-469c-ab63-4cf05841691c" testId="38af1b83-75c4-e3d1-f2a9-b8a273fc1f22" testName="TestCheckLabyrinthMapValidity_InvalidLabyrinthMapObject_ThrownException" computerName="SVETLIO-PC" duration="00:00:00.0039954" startTime="2012-07-08T18:03:27.0647947+03:00" endTime="2012-07-08T18:03:27.0803948+03:00" testType="13cdc9d9-ddb5-4fa4-a97d-d965ccfc6d4b" outcome="Passed" testListId="8c84fa94-04c1-424b-9868-57a2d4851a1d" relativeResultsDirectory="f1023eb3-b32a-469c-ab63-4cf05841691c">
    </UnitTestResult>
    <UnitTestResult executionId="a6f2ac45-8bce-4efb-8ccb-5e4760514a3c" testId="3992ca63-7130-c847-b7ae-3b5960738672" testName="TestInitializeLabyrinthMap_CreateGame7x7_LabyrinthSizeIs7Columns" computerName="SVETLIO-PC" duration="00:00:00.0012096" startTime="2012-07-08T18:03:27.0803948+03:00" endTime="2012-07-08T18:03:27.0959948+03:00" testType="13cdc9d9-ddb5-4fa4-a97d-d965ccfc6d4b" outcome="Passed" testListId="8c84fa94-04c1-424b-9868-57a2d4851a1d" relativeResultsDirectory="a6f2ac45-8bce-4efb-8ccb-5e4760514a3c">
      <Output>
        <StdOut>Welcome to “Labirinth” game. Please try to escape. Use 'top' to view the top scoreboard, 'restart' to start a new game and 'exit' to quit the game.
X X X - X X - 
X - - - - - - 
- X - - X - X 
X X X * - X - 
- X - - X X X 
- - - X - - X 
X X X X X - X</StdOut>
      </Output>
    </UnitTestResult>
    <UnitTestResult executionId="358cc9f5-9862-4bd2-8cec-7005245a5f26" testId="41052ae3-bffd-1771-c8af-1d3cf4791f6d" testName="TestIsPlayerPositionAtLabyrintBorder_PlayerPositionAtTopBorder_ReturnsTrue" computerName="SVETLIO-PC" duration="00:00:00.0005551" startTime="2012-07-08T18:03:27.0959948+03:00" endTime="2012-07-08T18:03:27.1115948+03:00" testType="13cdc9d9-ddb5-4fa4-a97d-d965ccfc6d4b" outcome="Passed" testListId="8c84fa94-04c1-424b-9868-57a2d4851a1d" relativeResultsDirectory="358cc9f5-9862-4bd2-8cec-7005245a5f26">
    </UnitTestResult>
    <UnitTestResult executionId="8164095d-123d-490b-a647-ea4f5252c02f" testId="41c5269a-914a-486a-861a-7b2ef5cbc794" testName="TestIsHightScore_StoredRecordIs10MaxRecords1_15IsNotNewHighScore" computerName="SVETLIO-PC" duration="00:00:00.0065289" startTime="2012-07-08T18:03:27.1115948+03:00" endTime="2012-07-08T18:03:27.1271949+03:00" testType="13cdc9d9-ddb5-4fa4-a97d-d965ccfc6d4b" outcome="Passed" testListId="8c84fa94-04c1-424b-9868-57a2d4851a1d" relativeResultsDirectory="8164095d-123d-490b-a647-ea4f5252c02f">
    </UnitTestResult>
    <UnitTestResult executionId="12a09781-7db2-40d7-ab3d-d49fe721c309" testId="4333c246-846f-87ec-8f79-1aea6138bf74" testName="TestInitializeLabyrinthMap_PlayerPositionColumnInvalid_ArgumnetExceptionThrown" computerName="SVETLIO-PC" duration="00:00:00.0027391" startTime="2012-07-08T18:03:27.1271949+03:00" endTime="2012-07-08T18:03:27.1427949+03:00" testType="13cdc9d9-ddb5-4fa4-a97d-d965ccfc6d4b" outcome="Passed" testListId="8c84fa94-04c1-424b-9868-57a2d4851a1d" relativeResultsDirectory="12a09781-7db2-40d7-ab3d-d49fe721c309">
    </UnitTestResult>
    <UnitTestResult executionId="cd5e2bd3-7cca-438b-9c47-772dceef1f3b" testId="45b63241-e670-5726-7da5-4fb968c126f9" testName="TestPlay_MoveDownToBlockedCell_InvalidMoveMEssagePrinted" computerName="SVETLIO-PC" duration="00:00:00.0026382" startTime="2012-07-08T18:03:27.1427949+03:00" endTime="2012-07-08T18:03:27.1427949+03:00" testType="13cdc9d9-ddb5-4fa4-a97d-d965ccfc6d4b" outcome="Passed" testListId="8c84fa94-04c1-424b-9868-57a2d4851a1d" relativeResultsDirectory="cd5e2bd3-7cca-438b-9c47-772dceef1f3b">
      <Output>
        <StdOut>Welcome to “Labirinth” game. Please try to escape. Use 'top' to view the top scoreboard, 'restart' to start a new game and 'exit' to quit the game.
- - X - X - - 
X X - - - - X 
- - X - - X - 
- X - * - - - 
- X X X X X - 
- - - X - - - 
X - - - X - X</StdOut>
      </Output>
    </UnitTestResult>
    <UnitTestResult executionId="a9942e1a-ca31-4a8f-8b32-a521306ee5f5" testId="46104fa5-2c46-cc7c-6a2e-bd156e922eb2" testName="TestIsPlayerPositionAtLabyrintBorder_PlayerPositionAtLeftBorder_ReturnsTrue" computerName="SVETLIO-PC" duration="00:00:00.0004080" startTime="2012-07-08T18:03:27.1583949+03:00" endTime="2012-07-08T18:03:27.1583949+03:00" testType="13cdc9d9-ddb5-4fa4-a97d-d965ccfc6d4b" outcome="Passed" testListId="8c84fa94-04c1-424b-9868-57a2d4851a1d" relativeResultsDirectory="a9942e1a-ca31-4a8f-8b32-a521306ee5f5">
    </UnitTestResult>
    <UnitTestResult executionId="8034519d-f6a5-48ef-992d-3c62a4d95392" testId="49468e04-4e1f-fa29-efc0-2ae57ca03016" testName="TestCompareTo_CompareWrongObject_ExpectedExcetion" computerName="SVETLIO-PC" duration="00:00:00.0018786" startTime="2012-07-08T18:03:27.1583949+03:00" endTime="2012-07-08T18:03:27.1739949+03:00" testType="13cdc9d9-ddb5-4fa4-a97d-d965ccfc6d4b" outcome="Passed" testListId="8c84fa94-04c1-424b-9868-57a2d4851a1d" relativeResultsDirectory="8034519d-f6a5-48ef-992d-3c62a4d95392">
    </UnitTestResult>
    <UnitTestResult executionId="9ae921fd-8636-423b-a0c8-9c71f390c5f8" testId="4c9dc7f2-a279-06b2-af66-246e213a7d9e" testName="TestPlay_MoveDownBigLetter_PayerPositionMoved" computerName="SVETLIO-PC" duration="00:00:00.0016480" startTime="2012-07-08T18:03:27.1739949+03:00" endTime="2012-07-08T18:03:27.1895950+03:00" testType="13cdc9d9-ddb5-4fa4-a97d-d965ccfc6d4b" outcome="Passed" testListId="8c84fa94-04c1-424b-9868-57a2d4851a1d" relativeResultsDirectory="9ae921fd-8636-423b-a0c8-9c71f390c5f8">
      <Output>
        <StdOut>Welcome to “Labirinth” game. Please try to escape. Use 'top' to view the top scoreboard, 'restart' to start a new game and 'exit' to quit the game.
X - - - - - - 
- X X X X X - 
- X X - - X - 
X X X * X X - 
- X - - X - X 
- - - X X - - 
X X - X X X - 
Welcome to “Labirinth” game. Please try to escape. Use 'top' to view the top scoreboard, 'restart' to start a new game and 'exit' to quit the game.
X - - - - - - 
- X X X X X - 
- X X - - X - 
X X X * X X - 
- X - - X - X 
- - - X X - - 
X X - X X X -</StdOut>
      </Output>
    </UnitTestResult>
    <UnitTestResult executionId="7e239b16-3ada-46f0-802c-d44f8944fd22" testId="50512e4a-ed0e-d15e-0591-0c76b418b206" testName="TestIsPlayerPositionInLabyrinthRange_PlayerPositionAtTopBorder_ReturnsTrue" computerName="SVETLIO-PC" duration="00:00:00.0004208" startTime="2012-07-08T18:03:27.1895950+03:00" endTime="2012-07-08T18:03:27.1895950+03:00" testType="13cdc9d9-ddb5-4fa4-a97d-d965ccfc6d4b" outcome="Passed" testListId="8c84fa94-04c1-424b-9868-57a2d4851a1d" relativeResultsDirectory="7e239b16-3ada-46f0-802c-d44f8944fd22">
    </UnitTestResult>
    <UnitTestResult executionId="373a58e1-4a8e-4b60-babc-4c42729a432b" testId="5a2d4e63-b2f8-1e5d-0e55-70225364168d" testName="TestCheckPlayerPositionValidityInLabyrinthMap_InvalidPlayerPositionObject_ThrownException" computerName="SVETLIO-PC" duration="00:00:00.0029132" startTime="2012-07-08T18:03:27.2051950+03:00" endTime="2012-07-08T18:03:27.2051950+03:00" testType="13cdc9d9-ddb5-4fa4-a97d-d965ccfc6d4b" outcome="Passed" testListId="8c84fa94-04c1-424b-9868-57a2d4851a1d" relativeResultsDirectory="373a58e1-4a8e-4b60-babc-4c42729a432b">
    </UnitTestResult>
    <UnitTestResult executionId="b4b7c792-0614-4ac7-bba1-f059f323f724" testId="5be0be29-c1eb-c1b7-0e66-de3c28db121d" testName="TestGetResourceValue_ReadValidResource_ResourceValueReturned" computerName="SVETLIO-PC" duration="00:00:00.0005966" startTime="2012-07-08T18:03:27.2207950+03:00" endTime="2012-07-08T18:03:27.2207950+03:00" testType="13cdc9d9-ddb5-4fa4-a97d-d965ccfc6d4b" outcome="Passed" testListId="8c84fa94-04c1-424b-9868-57a2d4851a1d" relativeResultsDirectory="b4b7c792-0614-4ac7-bba1-f059f323f724">
    </UnitTestResult>
    <UnitTestResult executionId="297a450b-3bd1-4c92-b277-1c2855d4de04" testId="5c706ee3-0f90-4e95-151d-c3fe84b27731" testName="TestCompareTo_Compare10to9_SecondIsHigher" computerName="SVETLIO-PC" duration="00:00:00.0004367" startTime="2012-07-08T18:03:27.2207950+03:00" endTime="2012-07-08T18:03:27.2363950+03:00" testType="13cdc9d9-ddb5-4fa4-a97d-d965ccfc6d4b" outcome="Passed" testListId="8c84fa94-04c1-424b-9868-57a2d4851a1d" relativeResultsDirectory="297a450b-3bd1-4c92-b277-1c2855d4de04">
    </UnitTestResult>
    <UnitTestResult executionId="fb06ff95-f511-4dfd-b546-1deeb6e257e4" testId="5f1ada45-18a8-d38f-7cb1-bf4f0651b576" testName="TestPrintLabyrinth_CreateGame7x7_DisplayLabyrinthMap" computerName="SVETLIO-PC" duration="00:00:00.0040219" startTime="2012-07-08T18:03:27.2363950+03:00" endTime="2012-07-08T18:03:27.2519951+03:00" testType="13cdc9d9-ddb5-4fa4-a97d-d965ccfc6d4b" outcome="Passed" testListId="8c84fa94-04c1-424b-9868-57a2d4851a1d" relativeResultsDirectory="fb06ff95-f511-4dfd-b546-1deeb6e257e4">
      <Output>
        <StdOut>Welcome to “Labirinth” game. Please try to escape. Use 'top' to view the top scoreboard, 'restart' to start a new game and 'exit' to quit the game.
- - X - - - X 
- - X - - - - 
- - X X - X X 
X X - * - X X 
- X X - X X - 
X - - - X X - 
- X X - X X -</StdOut>
      </Output>
    </UnitTestResult>
    <UnitTestResult executionId="19b7895b-5dec-4331-9a66-da660c299704" testId="602cdad9-a0a6-ef94-4303-f62a00bdf1df" testName="TestCompareTo_Compare10to9_FirstIsHigher" computerName="SVETLIO-PC" duration="00:00:00.0004640" startTime="2012-07-08T18:03:27.2519951+03:00" endTime="2012-07-08T18:03:27.2519951+03:00" testType="13cdc9d9-ddb5-4fa4-a97d-d965ccfc6d4b" outcome="Passed" testListId="8c84fa94-04c1-424b-9868-57a2d4851a1d" relativeResultsDirectory="19b7895b-5dec-4331-9a66-da660c299704">
    </UnitTestResult>
    <UnitTestResult executionId="badfb2f9-8948-49a2-8875-c0864323f7e2" testId="65ee67f2-dd58-4060-142c-c0be749d9b16" testName="TestIsPlayerPositionAtLabyrintBorder_PlayerPositionAtRightBorder_ReturnsTrue" computerName="SVETLIO-PC" duration="00:00:00.0005577" startTime="2012-07-08T18:03:27.2519951+03:00" endTime="2012-07-08T18:03:27.2675951+03:00" testType="13cdc9d9-ddb5-4fa4-a97d-d965ccfc6d4b" outcome="Passed" testListId="8c84fa94-04c1-424b-9868-57a2d4851a1d" relativeResultsDirectory="badfb2f9-8948-49a2-8875-c0864323f7e2">
    </UnitTestResult>
    <UnitTestResult executionId="8ba2430f-7d1d-4bcd-a8af-ca5401afa0e8" testId="6715a518-e19f-1202-bfcf-9b3ed2c7764c" testName="TestCompareTo_Compare9to10_AreEqual" computerName="SVETLIO-PC" duration="00:00:00.0004238" startTime="2012-07-08T18:03:27.2831951+03:00" endTime="2012-07-08T18:03:27.2987952+03:00" testType="13cdc9d9-ddb5-4fa4-a97d-d965ccfc6d4b" outcome="Passed" testListId="8c84fa94-04c1-424b-9868-57a2d4851a1d" relativeResultsDirectory="8ba2430f-7d1d-4bcd-a8af-ca5401afa0e8">
    </UnitTestResult>
    <UnitTestResult executionId="445f8d3f-9f84-4bd5-8f4b-2c2767e4f6ab" testId="6aad3772-bac8-73c5-bfcf-1ee6dbdf9735" testName="TestPlay_MoveLeftSmallLetter_PayerPositionMoved" computerName="SVETLIO-PC" duration="00:00:00.0020180" startTime="2012-07-08T18:03:27.2987952+03:00" endTime="2012-07-08T18:03:27.2987952+03:00" testType="13cdc9d9-ddb5-4fa4-a97d-d965ccfc6d4b" outcome="Passed" testListId="8c84fa94-04c1-424b-9868-57a2d4851a1d" relativeResultsDirectory="445f8d3f-9f84-4bd5-8f4b-2c2767e4f6ab">
      <Output>
        <StdOut>Welcome to “Labirinth” game. Please try to escape. Use 'top' to view the top scoreboard, 'restart' to start a new game and 'exit' to quit the game.
X - X - - - - 
X - X - X X X 
- X - - - - X 
- X X * X - - 
- - - X X X X 
X - X - X X - 
X X X X X - X 
Welcome to “Labirinth” game. Please try to escape. Use 'top' to view the top scoreboard, 'restart' to start a new game and 'exit' to quit the game.
X - X - - - - 
X - X - X X X 
- X - - - - X 
- X X * X - - 
- - - X X X X 
X - X - X X - 
X X X X X - X</StdOut>
      </Output>
    </UnitTestResult>
    <UnitTestResult executionId="2aea9bcf-7015-4da6-9192-be702e29a033" testId="6e039a8b-4981-3cf9-2aa0-81d781c42dcc" testName="TestPlay_MoveDownSmallLetter_PayerPositionMoved" computerName="SVETLIO-PC" duration="00:00:00.0012237" startTime="2012-07-08T18:03:27.3143952+03:00" endTime="2012-07-08T18:03:27.3143952+03:00" testType="13cdc9d9-ddb5-4fa4-a97d-d965ccfc6d4b" outcome="Passed" testListId="8c84fa94-04c1-424b-9868-57a2d4851a1d" relativeResultsDirectory="2aea9bcf-7015-4da6-9192-be702e29a033">
      <Output>
        <StdOut>Welcome to “Labirinth” game. Please try to escape. Use 'top' to view the top scoreboard, 'restart' to start a new game and 'exit' to quit the game.
X X - X - - X 
- X - - X - X 
X - X - X X X 
- - X * - - - 
- - X X X - - 
X X X X - - X 
X X X X X X - 
Welcome to “Labirinth” game. Please try to escape. Use 'top' to view the top scoreboard, 'restart' to start a new game and 'exit' to quit the game.
X X - X - - X 
- X - - X - X 
X - X - X X X 
- - X * - - - 
- - X X X - - 
X X X X - - X 
X X X X X X -</StdOut>
      </Output>
    </UnitTestResult>
    <UnitTestResult executionId="f2f16c16-3b2a-4319-b91a-d0c84c8f8e89" testId="70f41788-cb88-e265-0243-3d7ee945f00f" testName="TestGetLowestScore_InvalidListPassed_ThrownException" computerName="SVETLIO-PC" duration="00:00:00.0036365" startTime="2012-07-08T18:03:27.3143952+03:00" endTime="2012-07-08T18:03:27.3299952+03:00" testType="13cdc9d9-ddb5-4fa4-a97d-d965ccfc6d4b" outcome="Passed" testListId="8c84fa94-04c1-424b-9868-57a2d4851a1d" relativeResultsDirectory="f2f16c16-3b2a-4319-b91a-d0c84c8f8e89">
    </UnitTestResult>
    <UnitTestResult executionId="c3658c86-fdc7-48d6-91e1-1e8879ec0e3b" testId="713c0b70-0cfd-93d0-3ea7-5f2214f3234c" testName="TestIsPlayerPositionInLabyrinthRange_PlayerPositionInRange_ReturnsTrue" computerName="SVETLIO-PC" duration="00:00:00.0004238" startTime="2012-07-08T18:03:27.3299952+03:00" endTime="2012-07-08T18:03:27.3455952+03:00" testType="13cdc9d9-ddb5-4fa4-a97d-d965ccfc6d4b" outcome="Passed" testListId="8c84fa94-04c1-424b-9868-57a2d4851a1d" relativeResultsDirectory="c3658c86-fdc7-48d6-91e1-1e8879ec0e3b">
    </UnitTestResult>
    <UnitTestResult executionId="db6c5a19-0b7e-49dc-8327-50a653dd4efa" testId="721ec0ac-a8d8-43f2-8a8a-bbcc23886663" testName="TestIsHightScore_StoredRecordIs2MaxRecords5_5IsNewHighScore" computerName="SVETLIO-PC" duration="00:00:00.0005817" startTime="2012-07-08T18:03:27.3455952+03:00" endTime="2012-07-08T18:03:27.3455952+03:00" testType="13cdc9d9-ddb5-4fa4-a97d-d965ccfc6d4b" outcome="Passed" testListId="8c84fa94-04c1-424b-9868-57a2d4851a1d" relativeResultsDirectory="db6c5a19-0b7e-49dc-8327-50a653dd4efa">
    </UnitTestResult>
    <UnitTestResult executionId="15278553-929d-412e-a2c4-4515412f0369" testId="7499c3f7-c48f-22d3-cca5-f3e3b40a8316" testName="TestAddScore_Store3Rrecords_RecordsSortedAscending" computerName="SVETLIO-PC" duration="00:00:00.0014085" startTime="2012-07-08T18:03:27.3611953+03:00" endTime="2012-07-08T18:03:27.3611953+03:00" testType="13cdc9d9-ddb5-4fa4-a97d-d965ccfc6d4b" outcome="Passed" testListId="8c84fa94-04c1-424b-9868-57a2d4851a1d" relativeResultsDirectory="15278553-929d-412e-a2c4-4515412f0369">
    </UnitTestResult>
    <UnitTestResult executionId="b48aab63-824a-45f5-bcc1-84d6ec36de65" testId="76066b81-f82d-1d12-397c-496e6f1d8345" testName="TestIsPlayerPositionAtLabyrintBorder_PlayerPositionNotAtBorder_ReturnsFalse" computerName="SVETLIO-PC" duration="00:00:00.0004320" startTime="2012-07-08T18:03:27.3767953+03:00" endTime="2012-07-08T18:03:27.3767953+03:00" testType="13cdc9d9-ddb5-4fa4-a97d-d965ccfc6d4b" outcome="Passed" testListId="8c84fa94-04c1-424b-9868-57a2d4851a1d" relativeResultsDirectory="b48aab63-824a-45f5-bcc1-84d6ec36de65">
    </UnitTestResult>
    <UnitTestResult executionId="5488270b-786a-47b0-acba-d76f8b3266a3" testId="7b13643f-7b3e-fa2b-b615-a889ea0f11c0" testName="TestInitializeLabyrinthMapInitial_CreateGame7x7_PlayerPositionIsAt3x3" computerName="SVETLIO-PC" duration="00:00:00.0011360" startTime="2012-07-08T18:03:27.3767953+03:00" endTime="2012-07-08T18:03:27.3923953+03:00" testType="13cdc9d9-ddb5-4fa4-a97d-d965ccfc6d4b" outcome="Passed" testListId="8c84fa94-04c1-424b-9868-57a2d4851a1d" relativeResultsDirectory="5488270b-786a-47b0-acba-d76f8b3266a3">
      <Output>
        <StdOut>Welcome to “Labirinth” game. Please try to escape. Use 'top' to view the top scoreboard, 'restart' to start a new game and 'exit' to quit the game.
- - X - - X X 
- X - X X X - 
- X - X X - - 
- X - * X - X 
X - X - - - - 
X - X - - - - 
- - X X - X X</StdOut>
      </Output>
    </UnitTestResult>
    <UnitTestResult executionId="f287c5e6-4f6f-4ac6-920c-5bd2051035a8" testId="8528c068-c927-8fcd-3fda-5720146fa10e" testName="TestPlay_MoveRightBigLetter_PayerPositionMoved" computerName="SVETLIO-PC" duration="00:00:00.0032819" startTime="2012-07-08T18:03:27.4079953+03:00" endTime="2012-07-08T18:03:27.4235954+03:00" testType="13cdc9d9-ddb5-4fa4-a97d-d965ccfc6d4b" outcome="Passed" testListId="8c84fa94-04c1-424b-9868-57a2d4851a1d" relativeResultsDirectory="f287c5e6-4f6f-4ac6-920c-5bd2051035a8">
      <Output>
        <StdOut>Welcome to “Labirinth” game. Please try to escape. Use 'top' to view the top scoreboard, 'restart' to start a new game and 'exit' to quit the game.
X X - - X X - 
- X - - - X X 
X X X X X - - 
- - - * - X - 
X - - X X X - 
- X X X X X - 
- - X X - - - 
Welcome to “Labirinth” game. Please try to escape. Use 'top' to view the top scoreboard, 'restart' to start a new game and 'exit' to quit the game.
X X - - X X - 
- X - - - X X 
X X X X X - - 
- - - * - X - 
X - - X X X - 
- X X X X X - 
- - X X - - -</StdOut>
      </Output>
    </UnitTestResult>
    <UnitTestResult executionId="540597ae-0f3e-475a-a37b-e622edc11ecc" testId="8e3f5a43-bfe8-046c-4082-39ae6c4c9a1e" testName="TestInitializeLabyrinthMap_PlayerPositionRowInvalid_ArgumnetExceptionThrown" computerName="SVETLIO-PC" duration="00:00:00.0029984" startTime="2012-07-08T18:03:27.4235954+03:00" endTime="2012-07-08T18:03:27.4391954+03:00" testType="13cdc9d9-ddb5-4fa4-a97d-d965ccfc6d4b" outcome="Passed" testListId="8c84fa94-04c1-424b-9868-57a2d4851a1d" relativeResultsDirectory="540597ae-0f3e-475a-a37b-e622edc11ecc">
    </UnitTestResult>
    <UnitTestResult executionId="820461d6-01a1-4b62-93f3-34b78b181b2d" testId="8f4ee49a-65f2-5f91-2221-6d2060b3ff56" testName="TestPlay_MoveRightToBlockedCell_InvalidMoveMEssagePrinted" computerName="SVETLIO-PC" duration="00:00:00.0041263" startTime="2012-07-08T18:03:27.4391954+03:00" endTime="2012-07-08T18:03:27.4547954+03:00" testType="13cdc9d9-ddb5-4fa4-a97d-d965ccfc6d4b" outcome="Passed" testListId="8c84fa94-04c1-424b-9868-57a2d4851a1d" relativeResultsDirectory="820461d6-01a1-4b62-93f3-34b78b181b2d">
      <Output>
        <StdOut>Welcome to “Labirinth” game. Please try to escape. Use 'top' to view the top scoreboard, 'restart' to start a new game and 'exit' to quit the game.
- X X X X X X 
- - - X X X - 
X - X X X - X 
X - - * - - X 
- X X X - X - 
X X X - - X X 
- X X - X X -</StdOut>
      </Output>
    </UnitTestResult>
    <UnitTestResult executionId="6db01c6a-a089-4775-9950-b0ca945c6c1d" testId="90e9871f-9d88-a960-bbfa-8030c3138bc6" testName="TestIsLabyrinthSolvable_LabitynthWithManyExits_ReturnsTrue" computerName="SVETLIO-PC" duration="00:00:00.0004427" startTime="2012-07-08T18:03:27.4547954+03:00" endTime="2012-07-08T18:03:27.4547954+03:00" testType="13cdc9d9-ddb5-4fa4-a97d-d965ccfc6d4b" outcome="Passed" testListId="8c84fa94-04c1-424b-9868-57a2d4851a1d" relativeResultsDirectory="6db01c6a-a089-4775-9950-b0ca945c6c1d">
    </UnitTestResult>
    <UnitTestResult executionId="01bafcb0-c538-4a9b-a99e-2959296b27e0" testId="913d29b6-05df-d113-ab41-2d9218eac454" testName="TestIsLabyrinthSolvable_LabitynthWithOneExit_ReturnsTrue" computerName="SVETLIO-PC" duration="00:00:00.0004953" startTime="2012-07-08T18:03:27.4703955+03:00" endTime="2012-07-08T18:03:27.4703955+03:00" testType="13cdc9d9-ddb5-4fa4-a97d-d965ccfc6d4b" outcome="Passed" testListId="8c84fa94-04c1-424b-9868-57a2d4851a1d" relativeResultsDirectory="01bafcb0-c538-4a9b-a99e-2959296b27e0">
    </UnitTestResult>
    <UnitTestResult executionId="a4392682-fafa-4abc-92af-cfa7b9b362de" testId="92e921a1-7413-b8fd-1053-474e571c6556" testName="TestScoreRecordConstructor_CreateInvalidRecord_ExpectedExcetion" computerName="SVETLIO-PC" duration="00:00:00.0009303" startTime="2012-07-08T18:03:27.4859955+03:00" endTime="2012-07-08T18:03:27.5015955+03:00" testType="13cdc9d9-ddb5-4fa4-a97d-d965ccfc6d4b" outcome="Passed" testListId="8c84fa94-04c1-424b-9868-57a2d4851a1d" relativeResultsDirectory="a4392682-fafa-4abc-92af-cfa7b9b362de">
    </UnitTestResult>
    <UnitTestResult executionId="eca91cfb-e8e4-404a-ab1f-bc4ed6a4b281" testId="954a9507-71f0-1157-5fe6-92b68099bc6a" testName="TestPrintScoreboard_EmptyList_EmptyScoreboardPrinted" computerName="SVETLIO-PC" duration="00:00:00.0031506" startTime="2012-07-08T18:03:27.5015955+03:00" endTime="2012-07-08T18:03:27.5171955+03:00" testType="13cdc9d9-ddb5-4fa4-a97d-d965ccfc6d4b" outcome="Passed" testListId="8c84fa94-04c1-424b-9868-57a2d4851a1d" relativeResultsDirectory="eca91cfb-e8e4-404a-ab1f-bc4ed6a4b281">
    </UnitTestResult>
    <UnitTestResult executionId="f6843931-e56c-4607-a861-7b7a43193e86" testId="966d9dd0-4f82-7bc2-0df0-7ab39e7e8329" testName="TestPlay_MoveLeftBigLetter_PayerPositionMoved" computerName="SVETLIO-PC" duration="00:00:00.0012335" startTime="2012-07-08T18:03:27.5171955+03:00" endTime="2012-07-08T18:03:27.5327956+03:00" testType="13cdc9d9-ddb5-4fa4-a97d-d965ccfc6d4b" outcome="Passed" testListId="8c84fa94-04c1-424b-9868-57a2d4851a1d" relativeResultsDirectory="f6843931-e56c-4607-a861-7b7a43193e86">
      <Output>
        <StdOut>Welcome to “Labirinth” game. Please try to escape. Use 'top' to view the top scoreboard, 'restart' to start a new game and 'exit' to quit the game.
X - - - X X X 
- - - X - X - 
X X - - - - X 
X X X * X X - 
- X X - - - X 
- X - X - - X 
X X X X X X - 
Welcome to “Labirinth” game. Please try to escape. Use 'top' to view the top scoreboard, 'restart' to start a new game and 'exit' to quit the game.
X - - - X X X 
- - - X - X - 
X X - - - - X 
X X X * X X - 
- X X - - - X 
- X - X - - X 
X X X X X X -</StdOut>
      </Output>
    </UnitTestResult>
    <UnitTestResult executionId="f642be63-71a0-4098-89b3-62152387f788" testId="9fa44a34-8ea2-08ba-581a-954033668b64" testName="TestIsHightScore_StoredRecordIs20MaxRecords1_15IsNewHighScore" computerName="SVETLIO-PC" duration="00:00:00.0006180" startTime="2012-07-08T18:03:27.5327956+03:00" endTime="2012-07-08T18:03:27.5327956+03:00" testType="13cdc9d9-ddb5-4fa4-a97d-d965ccfc6d4b" outcome="Passed" testListId="8c84fa94-04c1-424b-9868-57a2d4851a1d" relativeResultsDirectory="f642be63-71a0-4098-89b3-62152387f788">
    </UnitTestResult>
    <UnitTestResult executionId="2b76efae-0571-42a2-9fe5-8161555331b0" testId="a9d92305-d679-5d67-6ce0-01309c8ee541" testName="TestCheckPlayerPositionValidityInLabyrinthMap_PlayerPositionOutOfRange_ThrownException" computerName="SVETLIO-PC" duration="00:00:00.0025989" startTime="2012-07-08T18:03:27.5483956+03:00" endTime="2012-07-08T18:03:27.5483956+03:00" testType="13cdc9d9-ddb5-4fa4-a97d-d965ccfc6d4b" outcome="Passed" testListId="8c84fa94-04c1-424b-9868-57a2d4851a1d" relativeResultsDirectory="2b76efae-0571-42a2-9fe5-8161555331b0">
    </UnitTestResult>
    <UnitTestResult executionId="c96ba1e6-5d6a-4cd4-b05c-27af56d4a7d7" testId="ab9469e7-e138-e0e3-4eaf-6e2e5c2ae4e7" testName="TestIsPlayerPositionInLabyrinthRange_PlayerPositionOutRange_ReturnsFalse" computerName="SVETLIO-PC" duration="00:00:00.0004345" startTime="2012-07-08T18:03:27.5483956+03:00" endTime="2012-07-08T18:03:27.5639956+03:00" testType="13cdc9d9-ddb5-4fa4-a97d-d965ccfc6d4b" outcome="Passed" testListId="8c84fa94-04c1-424b-9868-57a2d4851a1d" relativeResultsDirectory="c96ba1e6-5d6a-4cd4-b05c-27af56d4a7d7">
    </UnitTestResult>
    <UnitTestResult executionId="35a71e3f-cf47-4af6-83fd-47bc4c55e58c" testId="b302e319-930b-d780-f9c5-e92823bcd7b4" testName="TestIsPlayerPositionInLabyrinthRange_PlayerPositionAtLeftBorder_ReturnsTrue" computerName="SVETLIO-PC" duration="00:00:00.0004739" startTime="2012-07-08T18:03:27.5639956+03:00" endTime="2012-07-08T18:03:27.5795956+03:00" testType="13cdc9d9-ddb5-4fa4-a97d-d965ccfc6d4b" outcome="Passed" testListId="8c84fa94-04c1-424b-9868-57a2d4851a1d" relativeResultsDirectory="35a71e3f-cf47-4af6-83fd-47bc4c55e58c">
    </UnitTestResult>
    <UnitTestResult executionId="5f1d954b-313b-4ad4-8edb-20b3918d4ca4" testId="b7cc83bd-7d8b-0de1-e188-083382990dd7" testName="TestInitializeLabyrinthMap_PlayerPositionColumnOutOfRange_ArgumnetExceptionThrown" computerName="SVETLIO-PC" duration="00:00:00.0024547" startTime="2012-07-08T18:03:27.5795956+03:00" endTime="2012-07-08T18:03:27.5795956+03:00" testType="13cdc9d9-ddb5-4fa4-a97d-d965ccfc6d4b" outcome="Passed" testListId="8c84fa94-04c1-424b-9868-57a2d4851a1d" relativeResultsDirectory="5f1d954b-313b-4ad4-8edb-20b3918d4ca4">
    </UnitTestResult>
    <UnitTestResult executionId="b971e461-c9b7-4039-8d2e-6e4cdd0a16d2" testId="baf3de5e-87bd-fb43-3072-3eb4c32230b2" testName="TestScoreboardConstructor_InvalidCound_ThrowException" computerName="SVETLIO-PC" duration="00:00:00.0010038" startTime="2012-07-08T18:03:27.5951957+03:00" endTime="2012-07-08T18:03:27.5951957+03:00" testType="13cdc9d9-ddb5-4fa4-a97d-d965ccfc6d4b" outcome="Passed" testListId="8c84fa94-04c1-424b-9868-57a2d4851a1d" relativeResultsDirectory="b971e461-c9b7-4039-8d2e-6e4cdd0a16d2">
    </UnitTestResult>
    <UnitTestResult executionId="78b5d0bd-f891-423d-bd44-41518d0ea81f" testId="bff97ae2-eee3-ba3f-ec4d-63d8822cb76d" testName="CopyToTest" computerName="SVETLIO-PC" duration="00:00:00.0013216" startTime="2012-07-08T18:03:27.5951957+03:00" endTime="2012-07-08T18:03:27.6107957+03:00" testType="13cdc9d9-ddb5-4fa4-a97d-d965ccfc6d4b" outcome="Passed" testListId="8c84fa94-04c1-424b-9868-57a2d4851a1d" relativeResultsDirectory="78b5d0bd-f891-423d-bd44-41518d0ea81f">
    </UnitTestResult>
    <UnitTestResult executionId="70d7fa1a-74ac-4563-b1f7-57455aa3824e" testId="c23de7cf-f106-1f98-a5a7-8301c63e027b" testName="TestAddScore_3Record_NumberOfStoredREcordsIs3" computerName="SVETLIO-PC" duration="00:00:00.0007716" startTime="2012-07-08T18:03:27.6107957+03:00" endTime="2012-07-08T18:03:27.6263957+03:00" testType="13cdc9d9-ddb5-4fa4-a97d-d965ccfc6d4b" outcome="Passed" testListId="8c84fa94-04c1-424b-9868-57a2d4851a1d" relativeResultsDirectory="70d7fa1a-74ac-4563-b1f7-57455aa3824e">
    </UnitTestResult>
    <UnitTestResult executionId="45a0113e-0989-4352-8719-ddabf513bf6d" testId="c97585c0-8f71-f85d-3b53-0549e1f574eb" testName="TestMain_StartNewGame_WelcomeMessagePrinted" computerName="SVETLIO-PC" duration="00:00:00.0018542" startTime="2012-07-08T18:03:27.6263957+03:00" endTime="2012-07-08T18:03:27.6419958+03:00" testType="13cdc9d9-ddb5-4fa4-a97d-d965ccfc6d4b" outcome="Passed" testListId="8c84fa94-04c1-424b-9868-57a2d4851a1d" relativeResultsDirectory="45a0113e-0989-4352-8719-ddabf513bf6d">
    </UnitTestResult>
    <UnitTestResult executionId="330499c1-0b01-4111-aec4-514c346195fd" testId="c9b26c2e-297c-e8a8-a0e5-1696f280362f" testName="TestAddScore_1Record_NumberOfStoredREcordsIs1" computerName="SVETLIO-PC" duration="00:00:00.0008670" startTime="2012-07-08T18:03:27.6419958+03:00" endTime="2012-07-08T18:03:27.6419958+03:00" testType="13cdc9d9-ddb5-4fa4-a97d-d965ccfc6d4b" outcome="Passed" testListId="8c84fa94-04c1-424b-9868-57a2d4851a1d" relativeResultsDirectory="330499c1-0b01-4111-aec4-514c346195fd">
    </UnitTestResult>
    <UnitTestResult executionId="c98eae9f-d6fd-42d4-84aa-85495aa19a6f" testId="cae6fde2-188b-3999-9c92-fb92695dfff5" testName="TestPlay_MoveUpBigLetter_PayerPositionMoved" computerName="SVETLIO-PC" duration="00:00:00.0061490" startTime="2012-07-08T18:03:27.6575958+03:00" endTime="2012-07-08T18:03:27.6731958+03:00" testType="13cdc9d9-ddb5-4fa4-a97d-d965ccfc6d4b" outcome="Passed" testListId="8c84fa94-04c1-424b-9868-57a2d4851a1d" relativeResultsDirectory="c98eae9f-d6fd-42d4-84aa-85495aa19a6f">
      <Output>
        <StdOut>Welcome to “Labirinth” game. Please try to escape. Use 'top' to view the top scoreboard, 'restart' to start a new game and 'exit' to quit the game.
- X - - - - X 
- - X X X X - 
- - X X - X X 
- - - * - X X 
- X - - - - - 
- - - - X X - 
X - X - X - - 
Welcome to “Labirinth” game. Please try to escape. Use 'top' to view the top scoreboard, 'restart' to start a new game and 'exit' to quit the game.
- X - - - - X 
- - X X X X - 
- - X X - X X 
- - - * - X X 
- X - - - - - 
- - - - X X - 
X - X - X - -</StdOut>
      </Output>
    </UnitTestResult>
    <UnitTestResult executionId="2cb5a9b4-1a72-4493-a439-ac4c1fe39fc6" testId="d1808c95-76b5-27c8-3321-e375fedeaaa9" testName="TestPlay_SolveTheGameFiveMoves_ScoreRecordedScoreboeadPrinted" computerName="SVETLIO-PC" duration="00:00:00.0029286" startTime="2012-07-08T18:03:27.6731958+03:00" endTime="2012-07-08T18:03:27.6887958+03:00" testType="13cdc9d9-ddb5-4fa4-a97d-d965ccfc6d4b" outcome="Passed" testListId="8c84fa94-04c1-424b-9868-57a2d4851a1d" relativeResultsDirectory="2cb5a9b4-1a72-4493-a439-ac4c1fe39fc6">
      <Output>
        <StdOut>Welcome to “Labirinth” game. Please try to escape. Use 'top' to view the top scoreboard, 'restart' to start a new game and 'exit' to quit the game.
- X - - - - X 
- - X X X X - 
- - X X - X X 
- - - * - X X 
- X - - - - - 
- - - - X X - 
X - X - X - - 
Welcome to “Labirinth” game. Please try to escape. Use 'top' to view the top scoreboard, 'restart' to start a new game and 'exit' to quit the game.
- X - - - - X 
- - X X X X - 
- - X X - X X 
- - - * - X X 
- X - - - - - 
- - - - X X - 
X - X - X - -</StdOut>
      </Output>
    </UnitTestResult>
    <UnitTestResult executionId="c1eca327-f110-413d-a8ad-d6a1635fb7b2" testId="d2c408e5-b397-bc11-f07c-053ca0d03e3a" testName="TestCompareTo_CompareNullObject_ExpectedExcetion" computerName="SVETLIO-PC" duration="00:00:00.0011005" startTime="2012-07-08T18:03:27.6887958+03:00" endTime="2012-07-08T18:03:27.6887958+03:00" testType="13cdc9d9-ddb5-4fa4-a97d-d965ccfc6d4b" outcome="Passed" testListId="8c84fa94-04c1-424b-9868-57a2d4851a1d" relativeResultsDirectory="c1eca327-f110-413d-a8ad-d6a1635fb7b2">
    </UnitTestResult>
    <UnitTestResult executionId="d2cab45a-f213-4b4c-b7a3-18c5bb6f9ae5" testId="d95cc6e9-2b09-0d04-e7ba-8c61df679392" testName="TestIsPlayerPositionInLabyrinthRange_PlayerPositionAtBottomBorder_ReturnsTrue" computerName="SVETLIO-PC" duration="00:00:00.0005449" startTime="2012-07-08T18:03:27.6887958+03:00" endTime="2012-07-08T18:03:27.7043959+03:00" testType="13cdc9d9-ddb5-4fa4-a97d-d965ccfc6d4b" outcome="Passed" testListId="8c84fa94-04c1-424b-9868-57a2d4851a1d" relativeResultsDirectory="d2cab45a-f213-4b4c-b7a3-18c5bb6f9ae5">
    </UnitTestResult>
    <UnitTestResult executionId="3375dc17-12ef-4d7e-ac71-3aa6c72bc5f7" testId="dace1836-b1d4-fe0f-9298-ebe2c84c7f98" testName="TestPlay_EnterShowScoreboadCommand_MessageScoreBoardIsEmpty" computerName="SVETLIO-PC" duration="00:00:00.0013182" startTime="2012-07-08T18:03:27.7043959+03:00" endTime="2012-07-08T18:03:27.7199959+03:00" testType="13cdc9d9-ddb5-4fa4-a97d-d965ccfc6d4b" outcome="Passed" testListId="8c84fa94-04c1-424b-9868-57a2d4851a1d" relativeResultsDirectory="3375dc17-12ef-4d7e-ac71-3aa6c72bc5f7">
      <Output>
        <StdOut>Welcome to “Labirinth” game. Please try to escape. Use 'top' to view the top scoreboard, 'restart' to start a new game and 'exit' to quit the game.
X X X - - - X 
X - - - X - X 
- X - - X - X 
X - X * - - X 
- - X X X - X 
- - - X X - - 
X X X - X - X</StdOut>
      </Output>
    </UnitTestResult>
    <UnitTestResult executionId="8b97f800-a5f3-4608-9bb3-88292546f380" testId="db909cf8-1248-5bd3-9f5e-220316039a9a" testName="TestAddScore_StoreRecords10and5and15_LowestRecordIs15" computerName="SVETLIO-PC" duration="00:00:00.0007528" startTime="2012-07-08T18:03:27.7199959+03:00" endTime="2012-07-08T18:03:27.7355959+03:00" testType="13cdc9d9-ddb5-4fa4-a97d-d965ccfc6d4b" outcome="Passed" testListId="8c84fa94-04c1-424b-9868-57a2d4851a1d" relativeResultsDirectory="8b97f800-a5f3-4608-9bb3-88292546f380">
    </UnitTestResult>
    <UnitTestResult executionId="a5eaca1f-798d-4201-b93b-f7f169baa210" testId="ddf84eeb-6e95-7732-7ac8-25baf1256761" testName="TestPlay_SolveTheGameOneMove_ScoreRecordedScoreboeadPrinted" computerName="SVETLIO-PC" duration="00:00:00.0162063" startTime="2012-07-08T18:03:27.7355959+03:00" endTime="2012-07-08T18:03:27.7667960+03:00" testType="13cdc9d9-ddb5-4fa4-a97d-d965ccfc6d4b" outcome="Passed" testListId="8c84fa94-04c1-424b-9868-57a2d4851a1d" relativeResultsDirectory="a5eaca1f-798d-4201-b93b-f7f169baa210">
      <Output>
        <StdOut>Welcome to “Labirinth” game. Please try to escape. Use 'top' to view the top scoreboard, 'restart' to start a new game and 'exit' to quit the game.
- - X - X - X 
X - - X - * - 
X - - - - - - 
- - - - X X - 
- - - - X - - 
- - - X - - - 
X X - X X X X 
Welcome to “Labirinth” game. Please try to escape. Use 'top' to view the top scoreboard, 'restart' to start a new game and 'exit' to quit the game.
- - X - X - X 
X - - X - * - 
X - - - - - - 
- - - - X X - 
- - - - X - - 
- - - X - - - 
X X - X X X X</StdOut>
      </Output>
    </UnitTestResult>
    <UnitTestResult executionId="cb967dd5-1c87-447c-97bf-e388ab1a860c" testId="e0db3463-627c-8ea7-e859-145dd1cf9ba0" testName="TestPrintScoreboard_Store1Record_1LinePrinted" computerName="SVETLIO-PC" duration="00:00:00.0007587" startTime="2012-07-08T18:03:27.7667960+03:00" endTime="2012-07-08T18:03:27.7667960+03:00" testType="13cdc9d9-ddb5-4fa4-a97d-d965ccfc6d4b" outcome="Passed" testListId="8c84fa94-04c1-424b-9868-57a2d4851a1d" relativeResultsDirectory="cb967dd5-1c87-447c-97bf-e388ab1a860c">
    </UnitTestResult>
    <UnitTestResult executionId="3ff4c09c-d78d-47e3-aea1-f60ea3b7e499" testId="e6ac9817-db14-9457-ce43-eb9adaf9a694" testName="TestPlay_MoveLeftToBlockedCell_InvalidMoveMEssagePrinted" computerName="SVETLIO-PC" duration="00:00:00.0011689" startTime="2012-07-08T18:03:27.7823960+03:00" endTime="2012-07-08T18:03:27.7823960+03:00" testType="13cdc9d9-ddb5-4fa4-a97d-d965ccfc6d4b" outcome="Passed" testListId="8c84fa94-04c1-424b-9868-57a2d4851a1d" relativeResultsDirectory="3ff4c09c-d78d-47e3-aea1-f60ea3b7e499">
      <Output>
        <StdOut>Welcome to “Labirinth” game. Please try to escape. Use 'top' to view the top scoreboard, 'restart' to start a new game and 'exit' to quit the game.
- X - X - - - 
- X - X X X - 
- - - X - - - 
X X - * - X - 
X - X - X X - 
X - X - X X X 
- X - - - - X</StdOut>
      </Output>
    </UnitTestResult>
    <UnitTestResult executionId="696f884f-c62b-4a96-96f6-d76839161334" testId="eb63cee3-8d56-4837-8866-0932734f8d54" testName="TestIsPlayerPositionInLabyrinthRange_PlayerPositionAtRightBorder_ReturnsTrue" computerName="SVETLIO-PC" duration="00:00:00.0004119" startTime="2012-07-08T18:03:27.7823960+03:00" endTime="2012-07-08T18:03:27.7979960+03:00" testType="13cdc9d9-ddb5-4fa4-a97d-d965ccfc6d4b" outcome="Passed" testListId="8c84fa94-04c1-424b-9868-57a2d4851a1d" relativeResultsDirectory="696f884f-c62b-4a96-96f6-d76839161334">
    </UnitTestResult>
    <UnitTestResult executionId="f03182ff-0dac-4b60-bf9a-1436091fb32e" testId="eccffd02-9604-343d-9995-6c981b22e840" testName="TestGetResourceValue_ReadValidResource_ThrownException" computerName="SVETLIO-PC" duration="00:00:00.0011189" startTime="2012-07-08T18:03:27.7979960+03:00" endTime="2012-07-08T18:03:27.8135961+03:00" testType="13cdc9d9-ddb5-4fa4-a97d-d965ccfc6d4b" outcome="Passed" testListId="8c84fa94-04c1-424b-9868-57a2d4851a1d" relativeResultsDirectory="f03182ff-0dac-4b60-bf9a-1436091fb32e">
    </UnitTestResult>
    <UnitTestResult executionId="46619170-0cc4-4067-9ed6-3b237bb4b194" testId="ed5d8d77-c5e9-1de2-8093-76d5b9840371" testName="TestInitializeLabyrinthMap_CreateGame0x7_ArgumnetExceptionThrown" computerName="SVETLIO-PC" duration="00:00:00.0027815" startTime="2012-07-08T18:03:27.8135961+03:00" endTime="2012-07-08T18:03:27.8291961+03:00" testType="13cdc9d9-ddb5-4fa4-a97d-d965ccfc6d4b" outcome="Passed" testListId="8c84fa94-04c1-424b-9868-57a2d4851a1d" relativeResultsDirectory="46619170-0cc4-4067-9ed6-3b237bb4b194">
    </UnitTestResult>
    <UnitTestResult executionId="18f3dc89-1119-45b1-a768-206f167b5425" testId="f1ec6272-3070-b419-512b-a1e4a8fe4e2d" testName="TestPlay_EnterInvalidCommand_InvalidMoveMessagePrinted" computerName="SVETLIO-PC" duration="00:00:00.0009508" startTime="2012-07-08T18:03:27.8291961+03:00" endTime="2012-07-08T18:03:27.8291961+03:00" testType="13cdc9d9-ddb5-4fa4-a97d-d965ccfc6d4b" outcome="Passed" testListId="8c84fa94-04c1-424b-9868-57a2d4851a1d" relativeResultsDirectory="18f3dc89-1119-45b1-a768-206f167b5425">
      <Output>
        <StdOut>Welcome to “Labirinth” game. Please try to escape. Use 'top' to view the top scoreboard, 'restart' to start a new game and 'exit' to quit the game.
X X - X X X - 
X X - X X - X 
- X - X X - - 
- X X * X - - 
X - X - X - X 
X - X - X X X 
- X - - - X X</StdOut>
      </Output>
    </UnitTestResult>
    <UnitTestResult executionId="7caee62f-f400-40d5-832d-c593ba77f4ec" testId="f8fa6a08-ce3d-ce5f-703b-e05dd9cc971a" testName="TestInitializeLabyrinthMapInitial_CreateGame7x7_LabyrinthIsSolvable" computerName="SVETLIO-PC" duration="00:00:00.0016095" startTime="2012-07-08T18:03:27.8447961+03:00" endTime="2012-07-08T18:03:27.8447961+03:00" testType="13cdc9d9-ddb5-4fa4-a97d-d965ccfc6d4b" outcome="Passed" testListId="8c84fa94-04c1-424b-9868-57a2d4851a1d" relativeResultsDirectory="7caee62f-f400-40d5-832d-c593ba77f4ec">
      <Output>
        <StdOut>Welcome to “Labirinth” game. Please try to escape. Use 'top' to view the top scoreboard, 'restart' to start a new game and 'exit' to quit the game.
X - - - X X X 
X X - - - - X 
X X X X - - - 
- - - * X X - 
X - X X - - - 
X X X X X - - 
- X X X - - -</StdOut>
      </Output>
    </UnitTestResult>
    <UnitTestResult executionId="fff01221-ab36-4270-9357-bb6c0244f5b7" testId="fead4f5b-fc2a-7f9e-fcf8-dbb28f04f839" testName="TestCheckLabyrinthMapValidity_InvalidLabyrinthMapSize_ThrownException" computerName="SVETLIO-PC" duration="00:00:00.0028803" startTime="2012-07-08T18:03:27.8447961+03:00" endTime="2012-07-08T18:03:27.8603961+03:00" testType="13cdc9d9-ddb5-4fa4-a97d-d965ccfc6d4b" outcome="Passed" testListId="8c84fa94-04c1-424b-9868-57a2d4851a1d" relativeResultsDirectory="fff01221-ab36-4270-9357-bb6c0244f5b7">
    </UnitTestResult>
    <UnitTestResult executionId="02c2e838-95a0-42ed-b2f5-5205826731de" testId="ff5c0ab6-c317-decd-6cbf-441a801dab6f" testName="TestScoreboardConstructor_SetMaximumRecords5_ScoreRecordsCountIs5" computerName="SVETLIO-PC" duration="00:00:00.0007925" startTime="2012-07-08T18:03:27.8759962+03:00" endTime="2012-07-08T18:03:27.8759962+03:00" testType="13cdc9d9-ddb5-4fa4-a97d-d965ccfc6d4b" outcome="Passed" testListId="8c84fa94-04c1-424b-9868-57a2d4851a1d" relativeResultsDirectory="02c2e838-95a0-42ed-b2f5-5205826731de">
    </UnitTestResult>
  </Results>
</TestRun>